[2021-02-06 10:12:21.176] [puff::index::jointLog] [info] Running fixFasta
[2021-02-06 10:12:21.182] [puff::index::jointLog] [info] Replaced 0 non-ATCG nucleotides
[2021-02-06 10:12:21.182] [puff::index::jointLog] [info] Clipped poly-A tails from 25 transcripts
[2021-02-06 10:12:21.182] [puff::index::jointLog] [info] Filter size not provided; estimating from number of distinct k-mers
[2021-02-06 10:12:21.184] [puff::index::jointLog] [info] ntHll estimated 59755 distinct k-mers, setting filter size to 2^20
[2021-02-06 10:12:21.259] [puff::index::jointLog] [info] Starting the Pufferfish indexing by reading the GFA binary file.
[2021-02-06 10:12:21.260] [puff::index::jointLog] [info] Setting the index/BinaryGfa directory salmon_output/SRR1942956.salmon.index
[2021-02-06 10:12:21.260] [puff::index::jointLog] [info] Done wrapping the rank vector with a rank9sel structure.
[2021-02-06 10:12:21.260] [puff::index::jointLog] [info] contig count for validation: 69
[2021-02-06 10:12:21.260] [puff::index::jointLog] [info] Total # of Contigs : 69
[2021-02-06 10:12:21.260] [puff::index::jointLog] [info] Total # of numerical Contigs : 69
[2021-02-06 10:12:21.260] [puff::index::jointLog] [info] Total # of contig vec entries: 569
[2021-02-06 10:12:21.260] [puff::index::jointLog] [info] bits per offset entry 10
[2021-02-06 10:12:21.260] [puff::index::jointLog] [info] Done constructing the contig vector. 70
[2021-02-06 10:12:21.260] [puff::index::jointLog] [info] # segments = 69
[2021-02-06 10:12:21.260] [puff::index::jointLog] [info] total length = 32,338
[2021-02-06 10:12:21.260] [puff::index::jointLog] [info] Reading the reference files ...
[2021-02-06 10:12:21.261] [puff::index::jointLog] [info] positional integer width = 15
[2021-02-06 10:12:21.261] [puff::index::jointLog] [info] seqSize = 32,338
[2021-02-06 10:12:21.261] [puff::index::jointLog] [info] rankSize = 32,338
[2021-02-06 10:12:21.261] [puff::index::jointLog] [info] edgeVecSize = 0
[2021-02-06 10:12:21.261] [puff::index::jointLog] [info] num keys = 30,268
[2021-02-06 10:12:21.286] [puff::index::jointLog] [info] mphf size = 0.0196304 MB
[2021-02-06 10:12:21.286] [puff::index::jointLog] [info] chunk size = 16,169
[2021-02-06 10:12:21.286] [puff::index::jointLog] [info] chunk 0 = [0, 16,169)
[2021-02-06 10:12:21.286] [puff::index::jointLog] [info] chunk 1 = [16,169, 32,308)
[2021-02-06 10:12:21.289] [puff::index::jointLog] [info] finished populating pos vector
[2021-02-06 10:12:21.289] [puff::index::jointLog] [info] writing index components
[2021-02-06 10:12:21.289] [puff::index::jointLog] [info] finished writing dense pufferfish index
