>Path_0:0.02555804481347734
[start,52]	[52,54]	C
[52,54]	[54,56]	T
[54,56]	[56,57]	G
[56,57]	[57,58]	A
[57,58]	[58,60]	T
[58,60]	[60,61]	T
[60,61]	[61,62]	T
[61,62]	[62,63]	A
[62,63]	[63,64]	A
[63,64]	[64,66]	C
[64,66]	[66,677]	A
[66,677]	[677,679]	C
[677,679]	[679,990]	T
[679,990]	[990,1014]	G
[990,1014]	[1014,1053]	A
[1014,1053]	[1053,1070]	G
[1053,1070]	[1070,1296]	G
[1070,1296]	[1296,1316]	A
[1296,1316]	[1316,1726]	G
[1316,1726]	[1726,1753]	C
[1726,1753]	[1753,2332]	T
[1753,2332]	[2332,2342]	T
[2332,2342]	[2342,7119]	A
[2342,7119]	[7119,21401]	T
[7119,21401]	[21401,24102]	A
[21401,24102]	[24102,24103]	A
[24102,24103]	[24103,25517]	G
[24103,25517]	[25517,25791]	A
[25517,25791]	[25791,25839]	C
[25791,25839]	[25839,26825]	A
[25839,26825]	[26825,27225]	G
[26825,27225]	[27225,27246]	G
[27225,27246]	[27246,27581]	G
[27246,27581]	[27581,27832]	A
[27581,27832]	[27832,27833]	G
[27832,27833]	[27833,27937]	G
[27833,27937]	[27937,28535]	T
[27937,28535]	[28535,28625]	A
[28535,28625]	[28625,28663]	T
[28625,28663]	[28663,28690]	C
[28663,28690]	[28690,28724]	C
[28690,28724]	[28724,28755]	C
[28724,28755]	[28755,28856]	C
[28755,28856]	[28856,28978]	G
[28856,28978]	[28978,28982]	G
[28978,28982]	[28982,29104]	C
[28982,29104]	[29104,29105]	G
[29104,29105]	[29105,29149]	A
[29105,29149]	[29149,29203]	C
[29149,29203]	[29203,29210]	T
[29203,29210]	[29210,29285]	C
[29210,29285]	[29285,29384]	G
[29285,29384]	[29384,29502]	C
[29384,29502]	[29502,29581]	A
[29502,29581]	[29581,29584]	C
[29581,29584]	[29584,29599]	A
[29584,29599]	[29599,end]	A
>Path_2:0.2252717665914682
[start,52]	[28535,28625]	splice
[28535,28625]	[28625,28663]	T
[28625,28663]	[28663,28690]	C
[28663,28690]	[28690,28724]	C
[28690,28724]	[28724,28755]	C
[28724,28755]	[28755,28856]	C
[28755,28856]	[28856,28978]	G
[28856,28978]	[28978,28982]	G
[28978,28982]	[28982,29104]	C
[28982,29104]	[29104,29105]	G
[29104,29105]	[29105,29149]	A
[29105,29149]	[29149,29203]	C
[29149,29203]	[29203,29210]	T
[29203,29210]	[29210,29285]	C
[29210,29285]	[29285,29384]	G
[29285,29384]	[29384,29502]	C
[29384,29502]	[29502,29581]	A
[29502,29581]	[29581,29584]	C
[29581,29584]	[29584,29599]	A
[29584,29599]	[29599,end]	A
>Path_4:0.11461185721043744
[start,52]	[52,54]	C
[52,54]	[54,56]	T
[54,56]	[56,57]	G
[56,57]	[57,58]	A
[57,58]	[25517,25791]	splice
[25517,25791]	[25791,25839]	C
[25791,25839]	[25839,26825]	A
[25839,26825]	[26825,27225]	G
[26825,27225]	[27225,27246]	G
[27225,27246]	[27246,27581]	G
[27246,27581]	[27581,27832]	A
[27581,27832]	[27832,27833]	G
[27832,27833]	[27833,27937]	G
[27833,27937]	[27937,28535]	T
[27937,28535]	[28535,28625]	A
[28535,28625]	[28625,28663]	T
[28625,28663]	[28663,28690]	C
[28663,28690]	[28690,28724]	C
[28690,28724]	[28724,28755]	C
[28724,28755]	[28755,28856]	C
[28755,28856]	[28856,28978]	G
[28856,28978]	[28978,28982]	G
[28978,28982]	[28982,29104]	C
[28982,29104]	[29104,29105]	G
[29104,29105]	[29105,29149]	A
[29105,29149]	[29149,29203]	C
[29149,29203]	[29203,29210]	T
[29203,29210]	[29210,29285]	C
[29210,29285]	[29285,29384]	G
[29285,29384]	[29384,29502]	C
[29384,29502]	[29502,29581]	A
[29502,29581]	[29581,29584]	C
[29581,29584]	[29584,29599]	A
[29584,29599]	[29599,end]	A
>Path_8:0.17131876914034028
[start,52]	[52,54]	C
[52,54]	[54,56]	T
[54,56]	[56,57]	G
[56,57]	[27833,27937]	splice
[27833,27937]	[27937,28535]	T
[27937,28535]	[28535,28625]	A
[28535,28625]	[28625,28663]	T
[28625,28663]	[28663,28690]	C
[28663,28690]	[28690,28724]	C
[28690,28724]	[28724,28755]	C
[28724,28755]	[28755,28856]	C
[28755,28856]	[28856,28978]	G
[28856,28978]	[28978,28982]	G
[28978,28982]	[28982,29104]	C
[28982,29104]	[29104,29105]	G
[29104,29105]	[29105,29149]	A
[29105,29149]	[29149,29203]	C
[29149,29203]	[29203,29210]	T
[29203,29210]	[29210,29285]	C
[29210,29285]	[29285,29384]	G
[29285,29384]	[29384,29502]	C
[29384,29502]	[29502,29581]	A
[29502,29581]	[29581,29584]	C
[29581,29584]	[29584,29599]	A
[29584,29599]	[29599,end]	A
>Path_16:0.02555804481347734
[start,52]	[52,54]	C
[52,54]	[26825,27225]	splice
[26825,27225]	[27225,27246]	G
[27225,27246]	[27246,27581]	G
[27246,27581]	[27581,27832]	A
[27581,27832]	[27832,27833]	G
[27832,27833]	[27833,27937]	G
[27833,27937]	[27937,28535]	T
[27937,28535]	[28535,28625]	A
[28535,28625]	[28625,28663]	T
[28625,28663]	[28663,28690]	C
[28663,28690]	[28690,28724]	C
[28690,28724]	[28724,28755]	C
[28724,28755]	[28755,28856]	C
[28755,28856]	[28856,28978]	G
[28856,28978]	[28978,28982]	G
[28978,28982]	[28982,29104]	C
[28982,29104]	[29104,29105]	G
[29104,29105]	[29105,29149]	A
[29105,29149]	[29149,29203]	C
[29149,29203]	[29203,29210]	T
[29203,29210]	[29210,29285]	C
[29210,29285]	[29285,29384]	G
[29285,29384]	[29384,29502]	C
[29384,29502]	[29502,29581]	A
[29502,29581]	[29581,29584]	C
[29581,29584]	[29584,29599]	A
[29584,29599]	[29599,end]	A
>Path_32:0.01277902240673867
[start,52]	[52,54]	C
[52,54]	[54,56]	T
[54,56]	[56,57]	G
[56,57]	[57,58]	A
[57,58]	[25839,26825]	splice
[25839,26825]	[26825,27225]	G
[26825,27225]	[27225,27246]	G
[27225,27246]	[27246,27581]	G
[27246,27581]	[27581,27832]	A
[27581,27832]	[27832,27833]	G
[27832,27833]	[27833,27937]	G
[27833,27937]	[27937,28535]	T
[27937,28535]	[28535,28625]	A
[28535,28625]	[28625,28663]	T
[28625,28663]	[28663,28690]	C
[28663,28690]	[28690,28724]	C
[28690,28724]	[28724,28755]	C
[28724,28755]	[28755,28856]	C
[28755,28856]	[28856,28978]	G
[28856,28978]	[28978,28982]	G
[28978,28982]	[28982,29104]	C
[28982,29104]	[29104,29105]	G
[29104,29105]	[29105,29149]	A
[29105,29149]	[29149,29203]	C
[29149,29203]	[29203,29210]	T
[29203,29210]	[29210,29285]	C
[29210,29285]	[29285,29384]	G
[29285,29384]	[29384,29502]	C
[29384,29502]	[29502,29581]	A
[29502,29581]	[29581,29584]	C
[29581,29584]	[29584,29599]	A
[29584,29599]	[29599,end]	A
>Path_64:0.02555804481347734
[start,52]	[52,54]	C
[52,54]	[54,56]	T
[54,56]	[56,57]	G
[56,57]	[57,58]	A
[57,58]	[21401,24102]	splice
[21401,24102]	[24102,24103]	A
[24102,24103]	[24103,25517]	G
[24103,25517]	[25517,25791]	A
[25517,25791]	[25791,25839]	C
[25791,25839]	[25839,26825]	A
[25839,26825]	[26825,27225]	G
[26825,27225]	[27225,27246]	G
[27225,27246]	[27246,27581]	G
[27246,27581]	[27581,27832]	A
[27581,27832]	[27832,27833]	G
[27832,27833]	[27833,27937]	G
[27833,27937]	[27937,28535]	T
[27937,28535]	[28535,28625]	A
[28535,28625]	[28625,28663]	T
[28625,28663]	[28663,28690]	C
[28663,28690]	[28690,28724]	C
[28690,28724]	[28724,28755]	C
[28724,28755]	[28755,28856]	C
[28755,28856]	[28856,28978]	G
[28856,28978]	[28978,28982]	G
[28978,28982]	[28982,29104]	C
[28982,29104]	[29104,29105]	G
[29104,29105]	[29105,29149]	A
[29105,29149]	[29149,29203]	C
[29149,29203]	[29203,29210]	T
[29203,29210]	[29210,29285]	C
[29210,29285]	[29285,29384]	G
[29285,29384]	[29384,29502]	C
[29384,29502]	[29502,29581]	A
[29502,29581]	[29581,29584]	C
[29581,29584]	[29584,29599]	A
[29584,29599]	[29599,end]	A
>Path_128:0.006389511203369335
[start,52]	[52,54]	C
[52,54]	[54,56]	T
[54,56]	[56,57]	G
[56,57]	[57,58]	A
[57,58]	[58,60]	T
[58,60]	[27581,27832]	splice
[27581,27832]	[27832,27833]	G
[27832,27833]	[27833,27937]	G
[27833,27937]	[27937,28535]	T
[27937,28535]	[28535,28625]	A
[28535,28625]	[28625,28663]	T
[28625,28663]	[28663,28690]	C
[28663,28690]	[28690,28724]	C
[28690,28724]	[28724,28755]	C
[28724,28755]	[28755,28856]	C
[28755,28856]	[28856,28978]	G
[28856,28978]	[28978,28982]	G
[28978,28982]	[28982,29104]	C
[28982,29104]	[29104,29105]	G
[29104,29105]	[29105,29149]	A
[29105,29149]	[29149,29203]	C
[29149,29203]	[29203,29210]	T
[29203,29210]	[29210,29285]	C
[29210,29285]	[29285,29384]	G
[29285,29384]	[29384,29502]	C
[29384,29502]	[29502,29581]	A
[29502,29581]	[29581,29584]	C
[29581,29584]	[29584,29599]	A
[29584,29599]	[29599,end]	A
>Path_256:0.02555804481347734
[start,52]	[52,54]	C
[52,54]	[54,56]	T
[54,56]	[56,57]	G
[56,57]	[57,58]	A
[57,58]	[58,60]	T
[58,60]	[60,61]	T
[60,61]	[61,62]	T
[61,62]	[62,63]	A
[62,63]	[63,64]	A
[63,64]	[64,66]	C
[64,66]	[66,677]	A
[66,677]	[677,679]	C
[677,679]	[679,990]	T
[679,990]	[990,1014]	G
[990,1014]	[1014,1053]	A
[1014,1053]	[1053,1070]	G
[1053,1070]	[1070,1296]	G
[1070,1296]	[1296,1316]	A
[1296,1316]	[1316,1726]	G
[1316,1726]	[1726,1753]	C
[1726,1753]	[1753,2332]	T
[1753,2332]	[2332,2342]	T
[2332,2342]	[2342,7119]	A
[2342,7119]	[24103,25517]	splice
[24103,25517]	[25517,25791]	A
[25517,25791]	[25791,25839]	C
[25791,25839]	[25839,26825]	A
[25839,26825]	[26825,27225]	G
[26825,27225]	[27225,27246]	G
[27225,27246]	[27246,27581]	G
[27246,27581]	[27581,27832]	A
[27581,27832]	[27832,27833]	G
[27832,27833]	[27833,27937]	G
[27833,27937]	[27937,28535]	T
[27937,28535]	[28535,28625]	A
[28535,28625]	[28625,28663]	T
[28625,28663]	[28663,28690]	C
[28663,28690]	[28690,28724]	C
[28690,28724]	[28724,28755]	C
[28724,28755]	[28755,28856]	C
[28755,28856]	[28856,28978]	G
[28856,28978]	[28978,28982]	G
[28978,28982]	[28982,29104]	C
[28982,29104]	[29104,29105]	G
[29104,29105]	[29105,29149]	A
[29105,29149]	[29149,29203]	C
[29149,29203]	[29203,29210]	T
[29203,29210]	[29210,29285]	C
[29210,29285]	[29285,29384]	G
[29285,29384]	[29384,29502]	C
[29384,29502]	[29502,29581]	A
[29502,29581]	[29581,29584]	C
[29581,29584]	[29584,29599]	A
[29584,29599]	[29599,end]	A
>Path_1024:0.0007986889004211669
[start,52]	[52,54]	C
[52,54]	[54,56]	T
[54,56]	[56,57]	G
[56,57]	[57,58]	A
[57,58]	[58,60]	T
[58,60]	[29581,29584]	splice
[29581,29584]	[29584,29599]	A
[29584,29599]	[29599,end]	A
>Path_4096:0.15254957998044286
[start,52]	[52,54]	C
[52,54]	[54,56]	T
[54,56]	[56,57]	G
[56,57]	[57,58]	A
[57,58]	[58,60]	T
[58,60]	[60,61]	T
[60,61]	[61,62]	T
[61,62]	[62,63]	A
[62,63]	[63,64]	A
[63,64]	[64,66]	C
[64,66]	[66,677]	A
[66,677]	[677,679]	C
[677,679]	[679,990]	T
[679,990]	[990,1014]	G
[990,1014]	[1014,1053]	A
[1014,1053]	[1053,1070]	G
[1053,1070]	[1070,1296]	G
[1070,1296]	[1296,1316]	A
[1296,1316]	[1316,1726]	G
[1316,1726]	[28982,29104]	splice
[28982,29104]	[29104,29105]	G
[29104,29105]	[29105,29149]	A
[29105,29149]	[29149,29203]	C
[29149,29203]	[29203,29210]	T
[29203,29210]	[29210,29285]	C
[29210,29285]	[29285,29384]	G
[29285,29384]	[29384,29502]	C
[29384,29502]	[29502,29581]	A
[29502,29581]	[29581,29584]	C
[29581,29584]	[29584,29599]	A
[29584,29599]	[29599,end]	A
>Path_4608:0.00039934445021058343
[start,52]	[52,54]	C
[52,54]	[54,56]	T
[54,56]	[56,57]	G
[56,57]	[57,58]	A
[57,58]	[58,60]	T
[58,60]	[60,61]	T
[60,61]	[61,62]	T
[61,62]	[679,990]	splice
[679,990]	[990,1014]	G
[990,1014]	[1014,1053]	A
[1014,1053]	[1053,1070]	G
[1053,1070]	[1070,1296]	G
[1070,1296]	[1296,1316]	A
[1296,1316]	[1316,1726]	G
[1316,1726]	[28982,29104]	splice
[28982,29104]	[29104,29105]	G
[29104,29105]	[29105,29149]	A
[29105,29149]	[29149,29203]	C
[29149,29203]	[29203,29210]	T
[29203,29210]	[29210,29285]	C
[29210,29285]	[29285,29384]	G
[29285,29384]	[29384,29502]	C
[29384,29502]	[29502,29581]	A
[29502,29581]	[29581,29584]	C
[29581,29584]	[29584,29599]	A
[29584,29599]	[29599,end]	A
>Path_6144:0.00039934445021058343
[start,52]	[52,54]	C
[52,54]	[54,56]	T
[54,56]	[56,57]	G
[56,57]	[57,58]	A
[57,58]	[58,60]	T
[58,60]	[677,679]	splice
[677,679]	[679,990]	T
[679,990]	[990,1014]	G
[990,1014]	[1014,1053]	A
[1014,1053]	[1053,1070]	G
[1053,1070]	[1070,1296]	G
[1070,1296]	[1296,1316]	A
[1296,1316]	[1316,1726]	G
[1316,1726]	[28982,29104]	splice
[28982,29104]	[29104,29105]	G
[29104,29105]	[29105,29149]	A
[29105,29149]	[29149,29203]	C
[29149,29203]	[29203,29210]	T
[29203,29210]	[29210,29285]	C
[29210,29285]	[29285,29384]	G
[29285,29384]	[29384,29502]	C
[29384,29502]	[29502,29581]	A
[29502,29581]	[29581,29584]	C
[29581,29584]	[29584,29599]	A
[29584,29599]	[29599,end]	A
>Path_8192:0.0007986889004211669
[start,52]	[52,54]	C
[52,54]	[54,56]	T
[54,56]	[56,57]	G
[56,57]	[57,58]	A
[57,58]	[58,60]	T
[58,60]	[60,61]	T
[60,61]	[28625,28663]	splice
[28625,28663]	[28663,28690]	C
[28663,28690]	[28690,28724]	C
[28690,28724]	[28724,28755]	C
[28724,28755]	[28755,28856]	C
[28755,28856]	[28856,28978]	G
[28856,28978]	[28978,28982]	G
[28978,28982]	[28982,29104]	C
[28982,29104]	[29104,29105]	G
[29104,29105]	[29105,29149]	A
[29105,29149]	[29149,29203]	C
[29149,29203]	[29203,29210]	T
[29203,29210]	[29210,29285]	C
[29210,29285]	[29285,29384]	G
[29285,29384]	[29384,29502]	C
[29384,29502]	[29502,29581]	A
[29502,29581]	[29581,29584]	C
[29581,29584]	[29584,29599]	A
[29584,29599]	[29599,end]	A
>Path_16384:0.00039934445021058343
[start,52]	[52,54]	C
[52,54]	[54,56]	T
[54,56]	[56,57]	G
[56,57]	[57,58]	A
[57,58]	[58,60]	T
[58,60]	[60,61]	T
[60,61]	[61,62]	T
[61,62]	[62,63]	A
[62,63]	[63,64]	A
[63,64]	[29105,29149]	splice
[29105,29149]	[29149,29203]	C
[29149,29203]	[29203,29210]	T
[29203,29210]	[29210,29285]	C
[29210,29285]	[29285,29384]	G
[29285,29384]	[29384,29502]	C
[29384,29502]	[29502,29581]	A
[29502,29581]	[29581,29584]	C
[29581,29584]	[29584,29599]	A
[29584,29599]	[29599,end]	A
>Path_65536:0.00039934445021058343
[start,52]	[52,54]	C
[52,54]	[54,56]	T
[54,56]	[56,57]	G
[56,57]	[57,58]	A
[57,58]	[58,60]	T
[58,60]	[60,61]	T
[60,61]	[28663,28690]	splice
[28663,28690]	[28690,28724]	C
[28690,28724]	[28724,28755]	C
[28724,28755]	[28755,28856]	C
[28755,28856]	[28856,28978]	G
[28856,28978]	[28978,28982]	G
[28978,28982]	[28982,29104]	C
[28982,29104]	[29104,29105]	G
[29104,29105]	[29105,29149]	A
[29105,29149]	[29149,29203]	C
[29149,29203]	[29203,29210]	T
[29203,29210]	[29210,29285]	C
[29210,29285]	[29285,29384]	G
[29285,29384]	[29384,29502]	C
[29384,29502]	[29502,29581]	A
[29502,29581]	[29581,29584]	C
[29581,29584]	[29584,29599]	A
[29584,29599]	[29599,end]	A
>Path_131074:0.00039934445021058343
[start,52]	[28535,28625]	splice
[28535,28625]	[28625,28663]	T
[28625,28663]	[28663,28690]	C
[28663,28690]	[28690,28724]	C
[28690,28724]	[28755,28856]	splice
[28755,28856]	[28856,28978]	G
[28856,28978]	[28978,28982]	G
[28978,28982]	[28982,29104]	C
[28982,29104]	[29104,29105]	G
[29104,29105]	[29105,29149]	A
[29105,29149]	[29149,29203]	C
[29149,29203]	[29203,29210]	T
[29203,29210]	[29210,29285]	C
[29210,29285]	[29285,29384]	G
[29285,29384]	[29384,29502]	C
[29384,29502]	[29502,29581]	A
[29502,29581]	[29581,29584]	C
[29581,29584]	[29584,29599]	A
[29584,29599]	[29599,end]	A
>Path_524352:0.00039934445021058343
[start,52]	[52,54]	C
[52,54]	[54,56]	T
[54,56]	[56,57]	G
[56,57]	[57,58]	A
[57,58]	[21401,24102]	splice
[21401,24102]	[27937,28535]	splice
[27937,28535]	[28535,28625]	A
[28535,28625]	[28625,28663]	T
[28625,28663]	[28663,28690]	C
[28663,28690]	[28690,28724]	C
[28690,28724]	[28724,28755]	C
[28724,28755]	[28755,28856]	C
[28755,28856]	[28856,28978]	G
[28856,28978]	[28978,28982]	G
[28978,28982]	[28982,29104]	C
[28982,29104]	[29104,29105]	G
[29104,29105]	[29105,29149]	A
[29105,29149]	[29149,29203]	C
[29149,29203]	[29203,29210]	T
[29203,29210]	[29210,29285]	C
[29210,29285]	[29285,29384]	G
[29285,29384]	[29384,29502]	C
[29384,29502]	[29502,29581]	A
[29502,29581]	[29581,29584]	C
[29581,29584]	[29584,29599]	A
[29584,29599]	[29599,end]	A
>Path_1048576:0.0007986889004211669
[start,52]	[52,54]	C
[52,54]	[54,56]	T
[54,56]	[27832,27833]	splice
[27832,27833]	[27833,27937]	G
[27833,27937]	[27937,28535]	T
[27937,28535]	[28535,28625]	A
[28535,28625]	[28625,28663]	T
[28625,28663]	[28663,28690]	C
[28663,28690]	[28690,28724]	C
[28690,28724]	[28724,28755]	C
[28724,28755]	[28755,28856]	C
[28755,28856]	[28856,28978]	G
[28856,28978]	[28978,28982]	G
[28978,28982]	[28982,29104]	C
[28982,29104]	[29104,29105]	G
[29104,29105]	[29105,29149]	A
[29105,29149]	[29149,29203]	C
[29149,29203]	[29203,29210]	T
[29203,29210]	[29210,29285]	C
[29210,29285]	[29285,29384]	G
[29285,29384]	[29384,29502]	C
[29384,29502]	[29502,29581]	A
[29502,29581]	[29581,29584]	C
[29581,29584]	[29584,29599]	A
[29584,29599]	[29599,end]	A
>Path_2097664:0.0011980333506317502
[start,52]	[52,54]	C
[52,54]	[54,56]	T
[54,56]	[56,57]	G
[56,57]	[57,58]	A
[57,58]	[58,60]	T
[58,60]	[60,61]	T
[60,61]	[61,62]	T
[61,62]	[679,990]	splice
[679,990]	[990,1014]	G
[990,1014]	[1014,1053]	A
[1014,1053]	[1053,1070]	G
[1053,1070]	[1070,1296]	G
[1070,1296]	[29599,end]	splice
>Path_2099200:0.00039934445021058343
[start,52]	[52,54]	C
[52,54]	[54,56]	T
[54,56]	[56,57]	G
[56,57]	[57,58]	A
[57,58]	[58,60]	T
[58,60]	[677,679]	splice
[677,679]	[679,990]	T
[679,990]	[990,1014]	G
[990,1014]	[1014,1053]	A
[1014,1053]	[1053,1070]	G
[1053,1070]	[1070,1296]	G
[1070,1296]	[29599,end]	splice
>Path_4194304:0.00039934445021058343
[start,52]	[52,54]	C
[52,54]	[54,56]	T
[54,56]	[56,57]	G
[56,57]	[57,58]	A
[57,58]	[58,60]	T
[58,60]	[60,61]	T
[60,61]	[61,62]	T
[61,62]	[62,63]	A
[62,63]	[29104,29105]	splice
[29104,29105]	[29105,29149]	A
[29105,29149]	[29149,29203]	C
[29149,29203]	[29203,29210]	T
[29203,29210]	[29210,29285]	C
[29210,29285]	[29285,29384]	G
[29285,29384]	[29384,29502]	C
[29384,29502]	[29502,29581]	A
[29502,29581]	[29581,29584]	C
[29581,29584]	[29584,29599]	A
[29584,29599]	[29599,end]	A
>Path_8388608:0.00039934445021058343
[start,52]	[52,54]	C
[52,54]	[54,56]	T
[54,56]	[56,57]	G
[56,57]	[57,58]	A
[57,58]	[58,60]	T
[58,60]	[29502,29581]	splice
[29502,29581]	[29581,29584]	C
[29581,29584]	[29584,29599]	A
[29584,29599]	[29599,end]	A
>Path_33554432:0.00039934445021058343
[start,52]	[52,54]	C
[52,54]	[54,56]	T
[54,56]	[56,57]	G
[56,57]	[57,58]	A
[57,58]	[58,60]	T
[58,60]	[60,61]	T
[60,61]	[61,62]	T
[61,62]	[62,63]	A
[62,63]	[29584,29599]	splice
[29584,29599]	[29599,end]	A
>Path_67141632:0.00039934445021058343
[start,52]	[52,54]	C
[52,54]	[54,56]	T
[54,56]	[56,57]	G
[56,57]	[57,58]	A
[57,58]	[58,60]	T
[58,60]	[60,61]	T
[60,61]	[1053,1070]	splice
[1053,1070]	[1070,1296]	G
[1070,1296]	[1296,1316]	A
[1296,1316]	[1316,1726]	G
[1316,1726]	[29210,29285]	splice
[29210,29285]	[29285,29384]	G
[29285,29384]	[29384,29502]	C
[29384,29502]	[29502,29581]	A
[29502,29581]	[29581,29584]	C
[29581,29584]	[29584,29599]	A
[29584,29599]	[29599,end]	A
>Path_268435456:0.00039934445021058343
[start,52]	[52,54]	C
[52,54]	[54,56]	T
[54,56]	[56,57]	G
[56,57]	[57,58]	A
[57,58]	[58,60]	T
[58,60]	[60,61]	T
[60,61]	[61,62]	T
[61,62]	[62,63]	A
[62,63]	[28978,28982]	splice
[28978,28982]	[28982,29104]	C
[28982,29104]	[29104,29105]	G
[29104,29105]	[29105,29149]	A
[29105,29149]	[29149,29203]	C
[29149,29203]	[29203,29210]	T
[29203,29210]	[29210,29285]	C
[29210,29285]	[29285,29384]	G
[29285,29384]	[29384,29502]	C
[29384,29502]	[29502,29581]	A
[29502,29581]	[29581,29584]	C
[29581,29584]	[29584,29599]	A
[29584,29599]	[29599,end]	A
>Path_536870912:0.15254957998044286
[start,52]	[52,54]	C
[52,54]	[54,56]	T
[54,56]	[56,57]	G
[56,57]	[57,58]	A
[57,58]	[58,60]	T
[58,60]	[60,61]	T
[60,61]	[61,62]	T
[61,62]	[62,63]	A
[62,63]	[63,64]	A
[63,64]	[64,66]	C
[64,66]	[66,677]	A
[66,677]	[677,679]	C
[677,679]	[679,990]	T
[679,990]	[990,1014]	G
[990,1014]	[1014,1053]	A
[1014,1053]	[1053,1070]	G
[1053,1070]	[1070,1296]	G
[1070,1296]	[1296,1316]	A
[1296,1316]	[1316,1726]	G
[1316,1726]	[1726,1753]	C
[1726,1753]	[1753,2332]	T
[1753,2332]	[2332,2342]	T
[2332,2342]	[29203,29210]	splice
[29203,29210]	[29210,29285]	C
[29210,29285]	[29285,29384]	G
[29285,29384]	[29384,29502]	C
[29384,29502]	[29502,29581]	A
[29502,29581]	[29581,29584]	C
[29581,29584]	[29584,29599]	A
[29584,29599]	[29599,end]	A
>Path_1074003968:0.00039934445021058343
[start,52]	[52,54]	C
[52,54]	[54,56]	T
[54,56]	[56,57]	G
[56,57]	[57,58]	A
[57,58]	[58,60]	T
[58,60]	[60,61]	T
[60,61]	[61,62]	T
[61,62]	[62,63]	A
[62,63]	[63,64]	A
[63,64]	[64,66]	C
[64,66]	[66,677]	A
[66,677]	[677,679]	C
[677,679]	[679,990]	T
[679,990]	[990,1014]	G
[990,1014]	[1070,1296]	splice
[1070,1296]	[1296,1316]	A
[1296,1316]	[1316,1726]	G
[1316,1726]	[1726,1753]	C
[1726,1753]	[29285,29384]	splice
[29285,29384]	[29384,29502]	C
[29384,29502]	[29502,29581]	A
[29502,29581]	[29581,29584]	C
[29581,29584]	[29584,29599]	A
[29584,29599]	[29599,end]	A
>Path_4294967296:0.0015973778008423337
[start,52]	[52,54]	C
[52,54]	[54,56]	T
[54,56]	[56,57]	G
[56,57]	[57,58]	A
[57,58]	[58,60]	T
[58,60]	[60,61]	T
[60,61]	[61,62]	T
[61,62]	[62,63]	A
[62,63]	[63,64]	A
[63,64]	[64,66]	C
[64,66]	[66,677]	A
[66,677]	[677,679]	C
[677,679]	[679,990]	T
[679,990]	[990,1014]	G
[990,1014]	[1014,1053]	A
[1014,1053]	[1053,1070]	G
[1053,1070]	[1070,1296]	G
[1070,1296]	[1296,1316]	A
[1296,1316]	[29599,end]	splice
>Path_8589934592:0.05071674517674409
[start,52]	[52,54]	C
[52,54]	[54,56]	T
[54,56]	[56,57]	G
[56,57]	[57,58]	A
[57,58]	[58,60]	T
[58,60]	[60,61]	T
[60,61]	[61,62]	T
[61,62]	[62,63]	A
[62,63]	[63,64]	A
[63,64]	[64,66]	C
[64,66]	[66,677]	A
[66,677]	[677,679]	C
[677,679]	[679,990]	T
[679,990]	[990,1014]	G
[990,1014]	[1014,1053]	A
[1014,1053]	[1053,1070]	G
[1053,1070]	[1070,1296]	G
[1070,1296]	[1296,1316]	A
[1296,1316]	[1316,1726]	G
[1316,1726]	[1726,1753]	C
[1726,1753]	[1753,2332]	T
[1753,2332]	[29149,29203]	splice
[29149,29203]	[29203,29210]	T
[29203,29210]	[29210,29285]	C
[29210,29285]	[29285,29384]	G
[29285,29384]	[29384,29502]	C
[29384,29502]	[29502,29581]	A
[29502,29581]	[29581,29584]	C
[29581,29584]	[29584,29599]	A
[29584,29599]	[29599,end]	A
>Path_8606711808:0.00039934445021058343
[start,52]	[52,54]	C
[52,54]	[54,56]	T
[54,56]	[56,57]	G
[56,57]	[57,58]	A
[57,58]	[58,60]	T
[58,60]	[60,61]	T
[60,61]	[990,1014]	splice
[990,1014]	[1014,1053]	A
[1014,1053]	[1053,1070]	G
[1053,1070]	[1070,1296]	G
[1070,1296]	[1296,1316]	A
[1296,1316]	[1316,1726]	G
[1316,1726]	[1726,1753]	C
[1726,1753]	[1753,2332]	T
[1753,2332]	[29149,29203]	splice
[29149,29203]	[29203,29210]	T
[29203,29210]	[29210,29285]	C
[29210,29285]	[29285,29384]	G
[29285,29384]	[29384,29502]	C
[29384,29502]	[29502,29581]	A
[29502,29581]	[29581,29584]	C
[29581,29584]	[29584,29599]	A
[29584,29599]	[29599,end]	A
>Path_17314086912:0.00039934445021058343
[start,52]	[52,54]	C
[52,54]	[54,56]	T
[54,56]	[56,57]	G
[56,57]	[57,58]	A
[57,58]	[58,60]	T
[58,60]	[60,61]	T
[60,61]	[61,62]	T
[61,62]	[25791,25839]	splice
[25791,25839]	[25839,26825]	A
[25839,26825]	[26825,27225]	G
[26825,27225]	[27246,27581]	splice
[27246,27581]	[27581,27832]	A
[27581,27832]	[27832,27833]	G
[27832,27833]	[27833,27937]	G
[27833,27937]	[27937,28535]	T
[27937,28535]	[28535,28625]	A
[28535,28625]	[28625,28663]	T
[28625,28663]	[28663,28690]	C
[28663,28690]	[28690,28724]	C
[28690,28724]	[28724,28755]	C
[28724,28755]	[28755,28856]	C
[28755,28856]	[28856,28978]	G
[28856,28978]	[28978,28982]	G
[28978,28982]	[28982,29104]	C
[28982,29104]	[29104,29105]	G
[29104,29105]	[29105,29149]	A
[29105,29149]	[29149,29203]	C
[29149,29203]	[29203,29210]	T
[29203,29210]	[29210,29285]	C
[29210,29285]	[29285,29384]	G
[29285,29384]	[29384,29502]	C
[29384,29502]	[29502,29581]	A
[29502,29581]	[29581,29584]	C
[29581,29584]	[29584,29599]	A
[29584,29599]	[29599,end]	A
>Path_34359738368:0.00039934445021058343
[start,52]	[52,54]	C
[52,54]	[54,56]	T
[54,56]	[56,57]	G
[56,57]	[57,58]	A
[57,58]	[58,60]	T
[58,60]	[60,61]	T
[60,61]	[61,62]	T
[61,62]	[62,63]	A
[62,63]	[63,64]	A
[63,64]	[64,66]	C
[64,66]	[29384,29502]	splice
[29384,29502]	[29502,29581]	A
[29502,29581]	[29581,29584]	C
[29581,29584]	[29584,29599]	A
[29584,29599]	[29599,end]	A
