>Path_0:0.02563987474933463
[start,52]	[52,54]	C
[52,54]	[54,56]	T
[54,56]	[56,57]	G
[56,57]	[57,58]	A
[57,58]	[58,60]	T
[58,60]	[60,61]	T
[60,61]	[61,62]	T
[61,62]	[62,63]	A
[62,63]	[63,64]	A
[63,64]	[64,66]	C
[64,66]	[66,677]	A
[66,677]	[677,679]	C
[677,679]	[679,990]	T
[679,990]	[990,1014]	G
[990,1014]	[1014,1053]	A
[1014,1053]	[1053,1070]	G
[1053,1070]	[1070,1296]	G
[1070,1296]	[1296,1316]	A
[1296,1316]	[1316,1726]	G
[1316,1726]	[1726,1753]	C
[1726,1753]	[1753,2332]	T
[1753,2332]	[2332,2342]	T
[2332,2342]	[2342,7119]	A
[2342,7119]	[7119,21401]	T
[7119,21401]	[21401,24102]	A
[21401,24102]	[24102,24103]	A
[24102,24103]	[24103,24305]	G
[24103,24305]	[24305,24358]	T
[24305,24358]	[24358,25517]	C
[24358,25517]	[25517,25791]	A
[25517,25791]	[25791,25839]	C
[25791,25839]	[25839,26825]	A
[25839,26825]	[26825,27225]	G
[26825,27225]	[27225,27246]	G
[27225,27246]	[27246,27581]	G
[27246,27581]	[27581,27832]	A
[27581,27832]	[27832,27833]	G
[27832,27833]	[27833,27937]	G
[27833,27937]	[27937,28535]	T
[27937,28535]	[28535,28625]	A
[28535,28625]	[28625,28663]	T
[28625,28663]	[28663,28724]	C
[28663,28724]	[28724,28755]	C
[28724,28755]	[28755,28982]	C
[28755,28982]	[28982,29104]	C
[28982,29104]	[29104,29105]	G
[29104,29105]	[29105,29202]	A
[29105,29202]	[29202,29203]	C
[29202,29203]	[29203,29210]	T
[29203,29210]	[29210,29285]	C
[29210,29285]	[29285,29384]	G
[29285,29384]	[29384,29502]	C
[29384,29502]	[29502,29581]	A
[29502,29581]	[29581,29584]	C
[29581,29584]	[29584,29599]	A
[29584,29599]	[29599,end]	A
>Path_2:0.21167559699267974
[start,52]	[28535,28625]	splice
[28535,28625]	[28625,28663]	T
[28625,28663]	[28663,28724]	C
[28663,28724]	[28724,28755]	C
[28724,28755]	[28755,28982]	C
[28755,28982]	[28982,29104]	C
[28982,29104]	[29104,29105]	G
[29104,29105]	[29105,29202]	A
[29105,29202]	[29202,29203]	C
[29202,29203]	[29203,29210]	T
[29203,29210]	[29210,29285]	C
[29210,29285]	[29285,29384]	G
[29285,29384]	[29384,29502]	C
[29384,29502]	[29502,29581]	A
[29502,29581]	[29581,29584]	C
[29581,29584]	[29584,29599]	A
[29584,29599]	[29599,end]	A
>Path_4:0.10418742755285182
[start,52]	[52,54]	C
[52,54]	[54,56]	T
[54,56]	[56,57]	G
[56,57]	[57,58]	A
[57,58]	[25517,25791]	splice
[25517,25791]	[25791,25839]	C
[25791,25839]	[25839,26825]	A
[25839,26825]	[26825,27225]	G
[26825,27225]	[27225,27246]	G
[27225,27246]	[27246,27581]	G
[27246,27581]	[27581,27832]	A
[27581,27832]	[27832,27833]	G
[27832,27833]	[27833,27937]	G
[27833,27937]	[27937,28535]	T
[27937,28535]	[28535,28625]	A
[28535,28625]	[28625,28663]	T
[28625,28663]	[28663,28724]	C
[28663,28724]	[28724,28755]	C
[28724,28755]	[28755,28982]	C
[28755,28982]	[28982,29104]	C
[28982,29104]	[29104,29105]	G
[29104,29105]	[29105,29202]	A
[29105,29202]	[29202,29203]	C
[29202,29203]	[29203,29210]	T
[29203,29210]	[29210,29285]	C
[29210,29285]	[29285,29384]	G
[29285,29384]	[29384,29502]	C
[29384,29502]	[29502,29581]	A
[29502,29581]	[29581,29584]	C
[29581,29584]	[29584,29599]	A
[29584,29599]	[29599,end]	A
>Path_8:0.17459533757880247
[start,52]	[52,54]	C
[52,54]	[54,56]	T
[54,56]	[56,57]	G
[56,57]	[27833,27937]	splice
[27833,27937]	[27937,28535]	T
[27937,28535]	[28535,28625]	A
[28535,28625]	[28625,28663]	T
[28625,28663]	[28663,28724]	C
[28663,28724]	[28724,28755]	C
[28724,28755]	[28755,28982]	C
[28755,28982]	[28982,29104]	C
[28982,29104]	[29104,29105]	G
[29104,29105]	[29105,29202]	A
[29105,29202]	[29202,29203]	C
[29202,29203]	[29203,29210]	T
[29203,29210]	[29210,29285]	C
[29210,29285]	[29285,29384]	G
[29285,29384]	[29384,29502]	C
[29384,29502]	[29502,29581]	A
[29502,29581]	[29581,29584]	C
[29581,29584]	[29584,29599]	A
[29584,29599]	[29599,end]	A
>Path_16:0.026046856888212955
[start,52]	[52,54]	C
[52,54]	[26825,27225]	splice
[26825,27225]	[27225,27246]	G
[27225,27246]	[27246,27581]	G
[27246,27581]	[27581,27832]	A
[27581,27832]	[27832,27833]	G
[27832,27833]	[27833,27937]	G
[27833,27937]	[27937,28535]	T
[27937,28535]	[28535,28625]	A
[28535,28625]	[28625,28663]	T
[28625,28663]	[28663,28724]	C
[28663,28724]	[28724,28755]	C
[28724,28755]	[28755,28982]	C
[28755,28982]	[28982,29104]	C
[28982,29104]	[29104,29105]	G
[29104,29105]	[29105,29202]	A
[29105,29202]	[29202,29203]	C
[29202,29203]	[29203,29210]	T
[29203,29210]	[29210,29285]	C
[29210,29285]	[29285,29384]	G
[29285,29384]	[29384,29502]	C
[29384,29502]	[29502,29581]	A
[29502,29581]	[29581,29584]	C
[29581,29584]	[29584,29599]	A
[29584,29599]	[29599,end]	A
>Path_32:0.013023428444106477
[start,52]	[52,54]	C
[52,54]	[54,56]	T
[54,56]	[56,57]	G
[56,57]	[57,58]	A
[57,58]	[25839,26825]	splice
[25839,26825]	[26825,27225]	G
[26825,27225]	[27225,27246]	G
[27225,27246]	[27246,27581]	G
[27246,27581]	[27581,27832]	A
[27581,27832]	[27832,27833]	G
[27832,27833]	[27833,27937]	G
[27833,27937]	[27937,28535]	T
[27937,28535]	[28535,28625]	A
[28535,28625]	[28625,28663]	T
[28625,28663]	[28663,28724]	C
[28663,28724]	[28724,28755]	C
[28724,28755]	[28755,28982]	C
[28755,28982]	[28982,29104]	C
[28982,29104]	[29104,29105]	G
[29104,29105]	[29105,29202]	A
[29105,29202]	[29202,29203]	C
[29202,29203]	[29203,29210]	T
[29203,29210]	[29210,29285]	C
[29210,29285]	[29285,29384]	G
[29285,29384]	[29384,29502]	C
[29384,29502]	[29502,29581]	A
[29502,29581]	[29581,29584]	C
[29581,29584]	[29584,29599]	A
[29584,29599]	[29599,end]	A
>Path_64:0.038663303193441106
[start,52]	[52,54]	C
[52,54]	[54,56]	T
[54,56]	[56,57]	G
[56,57]	[57,58]	A
[57,58]	[21401,24102]	splice
[21401,24102]	[24102,24103]	A
[24102,24103]	[24103,24305]	G
[24103,24305]	[24305,24358]	T
[24305,24358]	[24358,25517]	C
[24358,25517]	[25517,25791]	A
[25517,25791]	[25791,25839]	C
[25791,25839]	[25839,26825]	A
[25839,26825]	[26825,27225]	G
[26825,27225]	[27225,27246]	G
[27225,27246]	[27246,27581]	G
[27246,27581]	[27581,27832]	A
[27581,27832]	[27832,27833]	G
[27832,27833]	[27833,27937]	G
[27833,27937]	[27937,28535]	T
[27937,28535]	[28535,28625]	A
[28535,28625]	[28625,28663]	T
[28625,28663]	[28663,28724]	C
[28663,28724]	[28724,28755]	C
[28724,28755]	[28755,28982]	C
[28755,28982]	[28982,29104]	C
[28982,29104]	[29104,29105]	G
[29104,29105]	[29105,29202]	A
[29105,29202]	[29202,29203]	C
[29202,29203]	[29203,29210]	T
[29203,29210]	[29210,29285]	C
[29210,29285]	[29285,29384]	G
[29285,29384]	[29384,29502]	C
[29384,29502]	[29502,29581]	A
[29502,29581]	[29581,29584]	C
[29581,29584]	[29584,29599]	A
[29584,29599]	[29599,end]	A
>Path_128:0.006511714222053239
[start,52]	[52,54]	C
[52,54]	[54,56]	T
[54,56]	[56,57]	G
[56,57]	[57,58]	A
[57,58]	[58,60]	T
[58,60]	[27581,27832]	splice
[27581,27832]	[27832,27833]	G
[27832,27833]	[27833,27937]	G
[27833,27937]	[27937,28535]	T
[27937,28535]	[28535,28625]	A
[28535,28625]	[28625,28663]	T
[28625,28663]	[28663,28724]	C
[28663,28724]	[28724,28755]	C
[28724,28755]	[28755,28982]	C
[28755,28982]	[28982,29104]	C
[28982,29104]	[29104,29105]	G
[29104,29105]	[29105,29202]	A
[29105,29202]	[29202,29203]	C
[29202,29203]	[29203,29210]	T
[29203,29210]	[29210,29285]	C
[29210,29285]	[29285,29384]	G
[29285,29384]	[29384,29502]	C
[29384,29502]	[29502,29581]	A
[29502,29581]	[29581,29584]	C
[29581,29584]	[29584,29599]	A
[29584,29599]	[29599,end]	A
>Path_256:0.02563987474933463
[start,52]	[52,54]	C
[52,54]	[54,56]	T
[54,56]	[56,57]	G
[56,57]	[57,58]	A
[57,58]	[58,60]	T
[58,60]	[60,61]	T
[60,61]	[61,62]	T
[61,62]	[62,63]	A
[62,63]	[63,64]	A
[63,64]	[64,66]	C
[64,66]	[66,677]	A
[66,677]	[677,679]	C
[677,679]	[679,990]	T
[679,990]	[990,1014]	G
[990,1014]	[1014,1053]	A
[1014,1053]	[1053,1070]	G
[1053,1070]	[1070,1296]	G
[1070,1296]	[1296,1316]	A
[1296,1316]	[1316,1726]	G
[1316,1726]	[1726,1753]	C
[1726,1753]	[1753,2332]	T
[1753,2332]	[2332,2342]	T
[2332,2342]	[2342,7119]	A
[2342,7119]	[24103,24305]	splice
[24103,24305]	[24305,24358]	T
[24305,24358]	[24358,25517]	C
[24358,25517]	[25517,25791]	A
[25517,25791]	[25791,25839]	C
[25791,25839]	[25839,26825]	A
[25839,26825]	[26825,27225]	G
[26825,27225]	[27225,27246]	G
[27225,27246]	[27246,27581]	G
[27246,27581]	[27581,27832]	A
[27581,27832]	[27832,27833]	G
[27832,27833]	[27833,27937]	G
[27833,27937]	[27937,28535]	T
[27937,28535]	[28535,28625]	A
[28535,28625]	[28625,28663]	T
[28625,28663]	[28663,28724]	C
[28663,28724]	[28724,28755]	C
[28724,28755]	[28755,28982]	C
[28755,28982]	[28982,29104]	C
[28982,29104]	[29104,29105]	G
[29104,29105]	[29105,29202]	A
[29105,29202]	[29202,29203]	C
[29202,29203]	[29203,29210]	T
[29203,29210]	[29210,29285]	C
[29210,29285]	[29285,29384]	G
[29285,29384]	[29384,29502]	C
[29384,29502]	[29502,29581]	A
[29502,29581]	[29581,29584]	C
[29581,29584]	[29584,29599]	A
[29584,29599]	[29599,end]	A
>Path_1024:0.0008139642777566548
[start,52]	[52,54]	C
[52,54]	[54,56]	T
[54,56]	[56,57]	G
[56,57]	[57,58]	A
[57,58]	[58,60]	T
[58,60]	[29581,29584]	splice
[29581,29584]	[29584,29599]	A
[29584,29599]	[29599,end]	A
>Path_4096:0.20222523824657926
[start,52]	[52,54]	C
[52,54]	[54,56]	T
[54,56]	[56,57]	G
[56,57]	[57,58]	A
[57,58]	[58,60]	T
[58,60]	[60,61]	T
[60,61]	[61,62]	T
[61,62]	[62,63]	A
[62,63]	[63,64]	A
[63,64]	[64,66]	C
[64,66]	[66,677]	A
[66,677]	[677,679]	C
[677,679]	[679,990]	T
[679,990]	[990,1014]	G
[990,1014]	[1014,1053]	A
[1014,1053]	[1053,1070]	G
[1053,1070]	[1070,1296]	G
[1070,1296]	[1296,1316]	A
[1296,1316]	[1316,1726]	G
[1316,1726]	[28982,29104]	splice
[28982,29104]	[29104,29105]	G
[29104,29105]	[29105,29202]	A
[29105,29202]	[29202,29203]	C
[29202,29203]	[29203,29210]	T
[29203,29210]	[29210,29285]	C
[29210,29285]	[29285,29384]	G
[29285,29384]	[29384,29502]	C
[29384,29502]	[29502,29581]	A
[29502,29581]	[29581,29584]	C
[29581,29584]	[29584,29599]	A
[29584,29599]	[29599,end]	A
>Path_4608:0.0004069821388783274
[start,52]	[52,54]	C
[52,54]	[54,56]	T
[54,56]	[56,57]	G
[56,57]	[57,58]	A
[57,58]	[58,60]	T
[58,60]	[60,61]	T
[60,61]	[61,62]	T
[61,62]	[679,990]	splice
[679,990]	[990,1014]	G
[990,1014]	[1014,1053]	A
[1014,1053]	[1053,1070]	G
[1053,1070]	[1070,1296]	G
[1070,1296]	[1296,1316]	A
[1296,1316]	[1316,1726]	G
[1316,1726]	[28982,29104]	splice
[28982,29104]	[29104,29105]	G
[29104,29105]	[29105,29202]	A
[29105,29202]	[29202,29203]	C
[29202,29203]	[29203,29210]	T
[29203,29210]	[29210,29285]	C
[29210,29285]	[29285,29384]	G
[29285,29384]	[29384,29502]	C
[29384,29502]	[29502,29581]	A
[29502,29581]	[29581,29584]	C
[29581,29584]	[29584,29599]	A
[29584,29599]	[29599,end]	A
>Path_8192:0.0008139642777566548
[start,52]	[52,54]	C
[52,54]	[54,56]	T
[54,56]	[56,57]	G
[56,57]	[57,58]	A
[57,58]	[58,60]	T
[58,60]	[60,61]	T
[60,61]	[28625,28663]	splice
[28625,28663]	[28663,28724]	C
[28663,28724]	[28724,28755]	C
[28724,28755]	[28755,28982]	C
[28755,28982]	[28982,29104]	C
[28982,29104]	[29104,29105]	G
[29104,29105]	[29105,29202]	A
[29105,29202]	[29202,29203]	C
[29202,29203]	[29203,29210]	T
[29203,29210]	[29210,29285]	C
[29210,29285]	[29285,29384]	G
[29285,29384]	[29384,29502]	C
[29384,29502]	[29502,29581]	A
[29502,29581]	[29581,29584]	C
[29581,29584]	[29584,29599]	A
[29584,29599]	[29599,end]	A
>Path_16384:0.0004069821388783274
[start,52]	[52,54]	C
[52,54]	[54,56]	T
[54,56]	[56,57]	G
[56,57]	[57,58]	A
[57,58]	[58,60]	T
[58,60]	[60,61]	T
[60,61]	[61,62]	T
[61,62]	[62,63]	A
[62,63]	[63,64]	A
[63,64]	[29105,29202]	splice
[29105,29202]	[29202,29203]	C
[29202,29203]	[29203,29210]	T
[29203,29210]	[29210,29285]	C
[29210,29285]	[29285,29384]	G
[29285,29384]	[29384,29502]	C
[29384,29502]	[29502,29581]	A
[29502,29581]	[29581,29584]	C
[29581,29584]	[29584,29599]	A
[29584,29599]	[29599,end]	A
>Path_36864:0.0004069821388783274
[start,52]	[52,54]	C
[52,54]	[54,56]	T
[54,56]	[56,57]	G
[56,57]	[57,58]	A
[57,58]	[58,60]	T
[58,60]	[60,61]	T
[60,61]	[1053,1070]	splice
[1053,1070]	[1070,1296]	G
[1070,1296]	[1296,1316]	A
[1296,1316]	[1316,1726]	G
[1316,1726]	[28982,29104]	splice
[28982,29104]	[29104,29105]	G
[29104,29105]	[29105,29202]	A
[29105,29202]	[29202,29203]	C
[29202,29203]	[29203,29210]	T
[29203,29210]	[29210,29285]	C
[29210,29285]	[29285,29384]	G
[29285,29384]	[29384,29502]	C
[29384,29502]	[29502,29581]	A
[29502,29581]	[29581,29584]	C
[29581,29584]	[29584,29599]	A
[29584,29599]	[29599,end]	A
>Path_131136:0.0004069821388783274
[start,52]	[52,54]	C
[52,54]	[54,56]	T
[54,56]	[56,57]	G
[56,57]	[57,58]	A
[57,58]	[21401,24102]	splice
[21401,24102]	[27937,28535]	splice
[27937,28535]	[28535,28625]	A
[28535,28625]	[28625,28663]	T
[28625,28663]	[28663,28724]	C
[28663,28724]	[28724,28755]	C
[28724,28755]	[28755,28982]	C
[28755,28982]	[28982,29104]	C
[28982,29104]	[29104,29105]	G
[29104,29105]	[29105,29202]	A
[29105,29202]	[29202,29203]	C
[29202,29203]	[29203,29210]	T
[29203,29210]	[29210,29285]	C
[29210,29285]	[29285,29384]	G
[29285,29384]	[29384,29502]	C
[29384,29502]	[29502,29581]	A
[29502,29581]	[29581,29584]	C
[29581,29584]	[29584,29599]	A
[29584,29599]	[29599,end]	A
>Path_262144:0.0004069821388783274
[start,52]	[52,54]	C
[52,54]	[54,56]	T
[54,56]	[56,57]	G
[56,57]	[57,58]	A
[57,58]	[58,60]	T
[58,60]	[60,61]	T
[60,61]	[61,62]	T
[61,62]	[62,63]	A
[62,63]	[63,64]	A
[63,64]	[64,66]	C
[64,66]	[66,677]	A
[66,677]	[677,679]	C
[677,679]	[679,990]	T
[679,990]	[990,1014]	G
[990,1014]	[1014,1053]	A
[1014,1053]	[1053,1070]	G
[1053,1070]	[1070,1296]	G
[1070,1296]	[29599,end]	splice
>Path_262656:0.0012209464166349823
[start,52]	[52,54]	C
[52,54]	[54,56]	T
[54,56]	[56,57]	G
[56,57]	[57,58]	A
[57,58]	[58,60]	T
[58,60]	[60,61]	T
[60,61]	[61,62]	T
[61,62]	[679,990]	splice
[679,990]	[990,1014]	G
[990,1014]	[1014,1053]	A
[1014,1053]	[1053,1070]	G
[1053,1070]	[1070,1296]	G
[1070,1296]	[29599,end]	splice
>Path_524288:0.0004069821388783274
[start,52]	[52,54]	C
[52,54]	[54,56]	T
[54,56]	[56,57]	G
[56,57]	[57,58]	A
[57,58]	[58,60]	T
[58,60]	[60,61]	T
[60,61]	[28663,28724]	splice
[28663,28724]	[28724,28755]	C
[28724,28755]	[28755,28982]	C
[28755,28982]	[28982,29104]	C
[28982,29104]	[29104,29105]	G
[29104,29105]	[29105,29202]	A
[29105,29202]	[29202,29203]	C
[29202,29203]	[29203,29210]	T
[29203,29210]	[29210,29285]	C
[29210,29285]	[29285,29384]	G
[29285,29384]	[29384,29502]	C
[29384,29502]	[29502,29581]	A
[29502,29581]	[29581,29584]	C
[29581,29584]	[29584,29599]	A
[29584,29599]	[29599,end]	A
>Path_1048576:0.0008139642777566548
[start,52]	[52,54]	C
[52,54]	[54,56]	T
[54,56]	[27832,27833]	splice
[27832,27833]	[27833,27937]	G
[27833,27937]	[27937,28535]	T
[27937,28535]	[28535,28625]	A
[28535,28625]	[28625,28663]	T
[28625,28663]	[28663,28724]	C
[28663,28724]	[28724,28755]	C
[28724,28755]	[28755,28982]	C
[28755,28982]	[28982,29104]	C
[28982,29104]	[29104,29105]	G
[29104,29105]	[29105,29202]	A
[29105,29202]	[29202,29203]	C
[29202,29203]	[29203,29210]	T
[29203,29210]	[29210,29285]	C
[29210,29285]	[29285,29384]	G
[29285,29384]	[29384,29502]	C
[29384,29502]	[29502,29581]	A
[29502,29581]	[29581,29584]	C
[29581,29584]	[29584,29599]	A
[29584,29599]	[29599,end]	A
>Path_4194304:0.0004069821388783274
[start,52]	[52,54]	C
[52,54]	[54,56]	T
[54,56]	[56,57]	G
[56,57]	[57,58]	A
[57,58]	[58,60]	T
[58,60]	[60,61]	T
[60,61]	[61,62]	T
[61,62]	[62,63]	A
[62,63]	[29104,29105]	splice
[29104,29105]	[29105,29202]	A
[29105,29202]	[29202,29203]	C
[29202,29203]	[29203,29210]	T
[29203,29210]	[29210,29285]	C
[29210,29285]	[29285,29384]	G
[29285,29384]	[29384,29502]	C
[29384,29502]	[29502,29581]	A
[29502,29581]	[29581,29584]	C
[29581,29584]	[29584,29599]	A
[29584,29599]	[29599,end]	A
>Path_10551296:0.0004069821388783274
[start,52]	[52,54]	C
[52,54]	[54,56]	T
[54,56]	[56,57]	G
[56,57]	[57,58]	A
[57,58]	[58,60]	T
[58,60]	[60,61]	T
[60,61]	[61,62]	T
[61,62]	[62,63]	A
[62,63]	[63,64]	A
[63,64]	[64,66]	C
[64,66]	[66,677]	A
[66,677]	[677,679]	C
[677,679]	[679,990]	T
[679,990]	[990,1014]	G
[990,1014]	[1070,1296]	splice
[1070,1296]	[1296,1316]	A
[1296,1316]	[1316,1726]	G
[1316,1726]	[1726,1753]	C
[1726,1753]	[1753,2332]	T
[1753,2332]	[2332,2342]	T
[2332,2342]	[2342,7119]	A
[2342,7119]	[7119,21401]	T
[7119,21401]	[21401,24102]	A
[21401,24102]	[24102,24103]	A
[24102,24103]	[24103,24305]	G
[24103,24305]	[24358,25517]	splice
[24358,25517]	[25517,25791]	A
[25517,25791]	[25791,25839]	C
[25791,25839]	[25839,26825]	A
[25839,26825]	[26825,27225]	G
[26825,27225]	[27225,27246]	G
[27225,27246]	[27246,27581]	G
[27246,27581]	[27581,27832]	A
[27581,27832]	[27832,27833]	G
[27832,27833]	[27833,27937]	G
[27833,27937]	[27937,28535]	T
[27937,28535]	[28535,28625]	A
[28535,28625]	[28625,28663]	T
[28625,28663]	[28663,28724]	C
[28663,28724]	[28755,28982]	splice
[28755,28982]	[28982,29104]	C
[28982,29104]	[29104,29105]	G
[29104,29105]	[29105,29202]	A
[29105,29202]	[29202,29203]	C
[29202,29203]	[29203,29210]	T
[29203,29210]	[29210,29285]	C
[29210,29285]	[29285,29384]	G
[29285,29384]	[29384,29502]	C
[29384,29502]	[29502,29581]	A
[29502,29581]	[29581,29584]	C
[29581,29584]	[29584,29599]	A
[29584,29599]	[29599,end]	A
>Path_16777216:0.0004069821388783274
[start,52]	[52,54]	C
[52,54]	[54,56]	T
[54,56]	[56,57]	G
[56,57]	[57,58]	A
[57,58]	[58,60]	T
[58,60]	[29502,29581]	splice
[29502,29581]	[29581,29584]	C
[29581,29584]	[29584,29599]	A
[29584,29599]	[29599,end]	A
>Path_33554432:0.0004069821388783274
[start,52]	[52,54]	C
[52,54]	[54,56]	T
[54,56]	[56,57]	G
[56,57]	[57,58]	A
[57,58]	[58,60]	T
[58,60]	[60,61]	T
[60,61]	[61,62]	T
[61,62]	[62,63]	A
[62,63]	[29584,29599]	splice
[29584,29599]	[29599,end]	A
>Path_67108864:0.0004069821388783274
[start,52]	[52,54]	C
[52,54]	[54,56]	T
[54,56]	[56,57]	G
[56,57]	[57,58]	A
[57,58]	[58,60]	T
[58,60]	[60,61]	T
[60,61]	[61,62]	T
[61,62]	[62,63]	A
[62,63]	[63,64]	A
[63,64]	[64,66]	C
[64,66]	[29384,29502]	splice
[29384,29502]	[29502,29581]	A
[29502,29581]	[29581,29584]	C
[29581,29584]	[29584,29599]	A
[29584,29599]	[29599,end]	A
>Path_134217728:0.004114706164732757
[start,52]	[52,54]	C
[52,54]	[54,56]	T
[54,56]	[56,57]	G
[56,57]	[57,58]	A
[57,58]	[58,60]	T
[58,60]	[60,61]	T
[60,61]	[61,62]	T
[61,62]	[62,63]	A
[62,63]	[63,64]	A
[63,64]	[64,66]	C
[64,66]	[66,677]	A
[66,677]	[677,679]	C
[677,679]	[679,990]	T
[679,990]	[990,1014]	G
[990,1014]	[1014,1053]	A
[1014,1053]	[1053,1070]	G
[1053,1070]	[1070,1296]	G
[1070,1296]	[1296,1316]	A
[1296,1316]	[1316,1726]	G
[1316,1726]	[1726,1753]	C
[1726,1753]	[1753,2332]	T
[1753,2332]	[29202,29203]	splice
[29202,29203]	[29203,29210]	T
[29203,29210]	[29210,29285]	C
[29210,29285]	[29285,29384]	G
[29285,29384]	[29384,29502]	C
[29384,29502]	[29502,29581]	A
[29502,29581]	[29581,29584]	C
[29581,29584]	[29584,29599]	A
[29584,29599]	[29599,end]	A
>Path_268437760:0.0004069821388783274
[start,52]	[52,54]	C
[52,54]	[54,56]	T
[54,56]	[56,57]	G
[56,57]	[57,58]	A
[57,58]	[58,60]	T
[58,60]	[677,679]	splice
[677,679]	[679,990]	T
[679,990]	[990,1014]	G
[990,1014]	[1014,1053]	A
[1014,1053]	[1053,1070]	G
[1053,1070]	[1070,1296]	G
[1070,1296]	[1296,1316]	A
[1296,1316]	[1316,1726]	G
[1316,1726]	[1726,1753]	C
[1726,1753]	[1753,2332]	T
[1753,2332]	[2332,2342]	T
[2332,2342]	[2342,7119]	A
[2342,7119]	[24103,24305]	splice
[24103,24305]	[24305,24358]	T
[24305,24358]	[24358,25517]	C
[24358,25517]	[25517,25791]	A
[25517,25791]	[25791,25839]	C
[25791,25839]	[25839,26825]	A
[25839,26825]	[26825,27225]	G
[26825,27225]	[27246,27581]	splice
[27246,27581]	[27581,27832]	A
[27581,27832]	[27832,27833]	G
[27832,27833]	[27833,27937]	G
[27833,27937]	[27937,28535]	T
[27937,28535]	[28535,28625]	A
[28535,28625]	[28625,28663]	T
[28625,28663]	[28663,28724]	C
[28663,28724]	[28724,28755]	C
[28724,28755]	[28755,28982]	C
[28755,28982]	[28982,29104]	C
[28982,29104]	[29104,29105]	G
[29104,29105]	[29105,29202]	A
[29105,29202]	[29202,29203]	C
[29202,29203]	[29203,29210]	T
[29203,29210]	[29210,29285]	C
[29210,29285]	[29285,29384]	G
[29285,29384]	[29384,29502]	C
[29384,29502]	[29502,29581]	A
[29502,29581]	[29581,29584]	C
[29581,29584]	[29584,29599]	A
[29584,29599]	[29599,end]	A
>Path_1073741824:0.0004069821388783274
[start,52]	[52,54]	C
[52,54]	[54,56]	T
[54,56]	[56,57]	G
[56,57]	[57,58]	A
[57,58]	[58,60]	T
[58,60]	[60,61]	T
[60,61]	[61,62]	T
[61,62]	[62,63]	A
[62,63]	[63,64]	A
[63,64]	[64,66]	C
[64,66]	[66,677]	A
[66,677]	[677,679]	C
[677,679]	[679,990]	T
[679,990]	[990,1014]	G
[990,1014]	[1014,1053]	A
[1014,1053]	[1053,1070]	G
[1053,1070]	[1070,1296]	G
[1070,1296]	[1296,1316]	A
[1296,1316]	[1316,1726]	G
[1316,1726]	[29210,29285]	splice
[29210,29285]	[29285,29384]	G
[29285,29384]	[29384,29502]	C
[29384,29502]	[29502,29581]	A
[29502,29581]	[29581,29584]	C
[29581,29584]	[29584,29599]	A
[29584,29599]	[29599,end]	A
>Path_2684354560:0.0004069821388783274
[start,52]	[52,54]	C
[52,54]	[54,56]	T
[54,56]	[56,57]	G
[56,57]	[57,58]	A
[57,58]	[58,60]	T
[58,60]	[60,61]	T
[60,61]	[990,1014]	splice
[990,1014]	[1014,1053]	A
[1014,1053]	[1053,1070]	G
[1053,1070]	[1070,1296]	G
[1070,1296]	[1296,1316]	A
[1296,1316]	[1316,1726]	G
[1316,1726]	[1726,1753]	C
[1726,1753]	[29285,29384]	splice
[29285,29384]	[29384,29502]	C
[29384,29502]	[29502,29581]	A
[29502,29581]	[29581,29584]	C
[29581,29584]	[29584,29599]	A
[29584,29599]	[29599,end]	A
>Path_4294967296:0.15628114132927773
[start,52]	[52,54]	C
[52,54]	[54,56]	T
[54,56]	[56,57]	G
[56,57]	[57,58]	A
[57,58]	[58,60]	T
[58,60]	[60,61]	T
[60,61]	[61,62]	T
[61,62]	[62,63]	A
[62,63]	[63,64]	A
[63,64]	[64,66]	C
[64,66]	[66,677]	A
[66,677]	[677,679]	C
[677,679]	[679,990]	T
[679,990]	[990,1014]	G
[990,1014]	[1014,1053]	A
[1014,1053]	[1053,1070]	G
[1053,1070]	[1070,1296]	G
[1070,1296]	[1296,1316]	A
[1296,1316]	[1316,1726]	G
[1316,1726]	[1726,1753]	C
[1726,1753]	[1753,2332]	T
[1753,2332]	[2332,2342]	T
[2332,2342]	[29203,29210]	splice
[29203,29210]	[29210,29285]	C
[29210,29285]	[29285,29384]	G
[29285,29384]	[29384,29502]	C
[29384,29502]	[29502,29581]	A
[29502,29581]	[29581,29584]	C
[29581,29584]	[29584,29599]	A
[29584,29599]	[29599,end]	A
>Path_8589934592:0.0004069821388783274
[start,52]	[52,54]	C
[52,54]	[54,56]	T
[54,56]	[56,57]	G
[56,57]	[57,58]	A
[57,58]	[58,60]	T
[58,60]	[60,61]	T
[60,61]	[61,62]	T
[61,62]	[62,63]	A
[62,63]	[63,64]	A
[63,64]	[64,66]	C
[64,66]	[66,677]	A
[66,677]	[677,679]	C
[677,679]	[679,990]	T
[679,990]	[990,1014]	G
[990,1014]	[1014,1053]	A
[1014,1053]	[1053,1070]	G
[1053,1070]	[1070,1296]	G
[1070,1296]	[1296,1316]	A
[1296,1316]	[1316,1726]	G
[1316,1726]	[1726,1753]	C
[1726,1753]	[1753,2332]	T
[1753,2332]	[29599,end]	splice
>Path_17179869184:0.0004069821388783274
[start,52]	[52,54]	C
[52,54]	[54,56]	T
[54,56]	[56,57]	G
[56,57]	[57,58]	A
[57,58]	[58,60]	T
[58,60]	[60,61]	T
[60,61]	[61,62]	T
[61,62]	[25791,25839]	splice
[25791,25839]	[25839,26825]	A
[25839,26825]	[26825,27225]	G
[26825,27225]	[27225,27246]	G
[27225,27246]	[27246,27581]	G
[27246,27581]	[27581,27832]	A
[27581,27832]	[27832,27833]	G
[27832,27833]	[27833,27937]	G
[27833,27937]	[27937,28535]	T
[27937,28535]	[28535,28625]	A
[28535,28625]	[28625,28663]	T
[28625,28663]	[28663,28724]	C
[28663,28724]	[28724,28755]	C
[28724,28755]	[28755,28982]	C
[28755,28982]	[28982,29104]	C
[28982,29104]	[29104,29105]	G
[29104,29105]	[29105,29202]	A
[29105,29202]	[29202,29203]	C
[29202,29203]	[29203,29210]	T
[29203,29210]	[29210,29285]	C
[29210,29285]	[29285,29384]	G
[29285,29384]	[29384,29502]	C
[29384,29502]	[29502,29581]	A
[29502,29581]	[29581,29584]	C
[29581,29584]	[29584,29599]	A
[29584,29599]	[29599,end]	A
>Path_34359738368:0.0012209464166349823
[start,52]	[52,54]	C
[52,54]	[54,56]	T
[54,56]	[56,57]	G
[56,57]	[57,58]	A
[57,58]	[58,60]	T
[58,60]	[60,61]	T
[60,61]	[61,62]	T
[61,62]	[62,63]	A
[62,63]	[63,64]	A
[63,64]	[64,66]	C
[64,66]	[66,677]	A
[66,677]	[677,679]	C
[677,679]	[679,990]	T
[679,990]	[990,1014]	G
[990,1014]	[1014,1053]	A
[1014,1053]	[1053,1070]	G
[1053,1070]	[1070,1296]	G
[1070,1296]	[1296,1316]	A
[1296,1316]	[29599,end]	splice
