[2021-02-06 10:16:07.337] [jointLog] [info] setting maxHashResizeThreads to 4
[2021-02-06 10:16:07.338] [jointLog] [info] Fragment incompatibility prior below threshold.  Incompatible fragments will be ignored.
[2021-02-06 10:16:07.338] [jointLog] [info] Usage of --validateMappings implies use of minScoreFraction. Since not explicitly specified, it is being set to 0.65
[2021-02-06 10:16:07.338] [jointLog] [info] Setting consensusSlack to selective-alignment default of 0.35.
[2021-02-06 10:16:07.338] [jointLog] [info] parsing read library format
[2021-02-06 10:16:07.338] [jointLog] [info] There is 1 library.
[2021-02-06 10:16:07.453] [jointLog] [info] Loading pufferfish index
[2021-02-06 10:16:07.453] [jointLog] [info] Loading dense pufferfish index.
[2021-02-06 10:16:07.454] [jointLog] [info] done
[2021-02-06 10:16:07.454] [jointLog] [info] Index contained 33 targets
[2021-02-06 10:16:07.454] [jointLog] [info] Number of decoys : 0
[2021-02-06 10:16:07.865] [jointLog] [info] Automatically detected most likely library type as IU

[2021-02-06 10:19:18.277] [jointLog] [info] Computed 1,817 rich equivalence classes for further processing
[2021-02-06 10:19:18.277] [jointLog] [info] Counted 16,854,775 total reads in the equivalence classes 
[2021-02-06 10:19:18.283] [jointLog] [info] Number of mappings discarded because of alignment score : 16,773,070
[2021-02-06 10:19:18.283] [jointLog] [info] Number of fragments entirely discarded because of alignment score : 859,584
[2021-02-06 10:19:18.283] [jointLog] [info] Number of fragments discarded because they are best-mapped to decoys : 0
[2021-02-06 10:19:18.283] [jointLog] [info] Number of fragments discarded because they have only dovetail (discordant) mappings to valid targets : 560,612
[2021-02-06 10:19:18.283] [jointLog] [info] Mapping rate = 73.6161%

[2021-02-06 10:19:18.283] [jointLog] [info] finished quantifyLibrary()
[2021-02-06 10:19:18.283] [jointLog] [info] Starting optimizer
[2021-02-06 10:19:18.285] [jointLog] [info] Marked 0 weighted equivalence classes as degenerate
[2021-02-06 10:19:18.287] [jointLog] [info] iteration = 0 | max rel diff. = 2.78304
[2021-02-06 10:19:18.402] [jointLog] [info] iteration = 100 | max rel diff. = 0.0547594
[2021-02-06 10:19:18.467] [jointLog] [info] iteration = 160 | max rel diff. = 0.00963245
[2021-02-06 10:19:18.468] [jointLog] [info] Finished optimizer
[2021-02-06 10:19:18.468] [jointLog] [info] writing output 

[2021-02-06 10:19:18.278] [fileLog] [info] 
At end of round 0
==================
Observed 22895502 total fragments (22895502 in most recent round)

