55	27876	splice	1741
55	28249	splice	11459
61	26464	splice	162
61	27037	splice	591
61	27378	splice	1311
61	27883	splice	6156
61	28249	splice	7154
61	28261	splice	14559
66	27754	splice	1509
66	28260	splice	300
67	28261	splice	70317
26774	26811	splice	159
28519	28571	splice	1478
29061	29089	splice	7418
29705	29791	splice	817
66	66	C	0
67	67	T	0
29061	29061	C	0
29705	29705	G	0
26774	26774	G	0
28249	28249	A	0
28571	28571	A	0
27037	27037	C	0
29791	29791	T	0
26464	26464	C	0
29089	29089	A	0
27876	27876	T	0
28261	28261	C	0
28260	28260	A	0
28519	28519	C	0
27754	27754	G	0
27883	27883	C	0
27378	27378	G	0
55	55	A	0
26811	26811	A	0
61	61	G	0
