>Path_0:0.0002837188851661105
[start,55]	[55,61]	A
[55,61]	[61,66]	G
[61,66]	[66,67]	C
[66,67]	[67,26464]	T
[67,26464]	[26464,26774]	C
[26464,26774]	[26774,26811]	G
[26774,26811]	[26811,27037]	A
[26811,27037]	[27037,27378]	C
[27037,27378]	[27378,27754]	G
[27378,27754]	[27754,27876]	G
[27754,27876]	[27876,27883]	T
[27876,27883]	[27883,28249]	C
[27883,28249]	[28249,28260]	A
[28249,28260]	[28260,28261]	A
[28260,28261]	[28261,28519]	C
[28261,28519]	[28519,28571]	C
[28519,28571]	[28571,29061]	A
[28571,29061]	[29061,29089]	C
[29061,29089]	[29089,29705]	A
[29089,29705]	[29705,29791]	G
[29705,29791]	[29791,end]	T
>Path_1:0.01759057088029885
[start,55]	[27876,27883]	splice
[27876,27883]	[27883,28249]	C
[27883,28249]	[28249,28260]	A
[28249,28260]	[28260,28261]	A
[28260,28261]	[28261,28519]	C
[28261,28519]	[28519,28571]	C
[28519,28571]	[28571,29061]	A
[28571,29061]	[29061,29089]	C
[29061,29089]	[29089,29705]	A
[29089,29705]	[29705,29791]	G
[29705,29791]	[29791,end]	T
>Path_2:0.05844609034421877
[start,55]	[28249,28260]	splice
[28249,28260]	[28260,28261]	A
[28260,28261]	[28261,28519]	C
[28261,28519]	[28519,28571]	C
[28519,28571]	[28571,29061]	A
[28571,29061]	[29061,29089]	C
[29061,29089]	[29089,29705]	A
[29089,29705]	[29705,29791]	G
[29705,29791]	[29791,end]	T
>Path_3:0.0019860321961627735
[start,55]	[55,61]	A
[55,61]	[26464,26774]	splice
[26464,26774]	[26774,26811]	G
[26774,26811]	[26811,27037]	A
[26811,27037]	[27037,27378]	C
[27037,27378]	[27378,27754]	G
[27378,27754]	[27754,27876]	G
[27754,27876]	[27876,27883]	T
[27876,27883]	[27883,28249]	C
[27883,28249]	[28249,28260]	A
[28249,28260]	[28260,28261]	A
[28260,28261]	[28261,28519]	C
[28261,28519]	[28519,28571]	C
[28519,28571]	[28571,29061]	A
[28571,29061]	[29061,29089]	C
[29061,29089]	[29089,29705]	A
[29089,29705]	[29705,29791]	G
[29705,29791]	[29791,end]	T
>Path_4:0.008795285440149425
[start,55]	[55,61]	A
[55,61]	[27037,27378]	splice
[27037,27378]	[27378,27754]	G
[27378,27754]	[27754,27876]	G
[27754,27876]	[27876,27883]	T
[27876,27883]	[27883,28249]	C
[27883,28249]	[28249,28260]	A
[28249,28260]	[28260,28261]	A
[28260,28261]	[28261,28519]	C
[28261,28519]	[28519,28571]	C
[28519,28571]	[28571,29061]	A
[28571,29061]	[29061,29089]	C
[29061,29089]	[29089,29705]	A
[29089,29705]	[29705,29791]	G
[29705,29791]	[29791,end]	T
>Path_5:0.006525534358820542
[start,55]	[55,61]	A
[55,61]	[27378,27754]	splice
[27378,27754]	[27754,27876]	G
[27754,27876]	[27876,27883]	T
[27876,27883]	[27883,28249]	C
[27883,28249]	[28249,28260]	A
[28249,28260]	[28260,28261]	A
[28260,28261]	[28261,28519]	C
[28261,28519]	[28519,28571]	C
[28519,28571]	[28571,29061]	A
[28571,29061]	[29061,29089]	C
[29061,29089]	[29089,29705]	A
[29089,29705]	[29705,29791]	G
[29705,29791]	[29791,end]	T
>Path_6:0.07110436996615414
[start,55]	[55,61]	A
[55,61]	[27883,28249]	splice
[27883,28249]	[28249,28260]	A
[28249,28260]	[28260,28261]	A
[28260,28261]	[28261,28519]	C
[28261,28519]	[28519,28571]	C
[28519,28571]	[28571,29061]	A
[28571,29061]	[29061,29089]	C
[29061,29089]	[29089,29705]	A
[29089,29705]	[29705,29791]	G
[29705,29791]	[29791,end]	T
>Path_7:0.07234831571735818
[start,55]	[55,61]	A
[55,61]	[28249,28260]	splice
[28249,28260]	[28260,28261]	A
[28260,28261]	[28261,28519]	C
[28261,28519]	[28519,28571]	C
[28519,28571]	[28571,29061]	A
[28571,29061]	[29061,29089]	C
[29061,29089]	[29089,29705]	A
[29089,29705]	[29705,29791]	G
[29705,29791]	[29791,end]	T
>Path_8:0.1424268803533875
[start,55]	[55,61]	A
[55,61]	[28261,28519]	splice
[28261,28519]	[28519,28571]	C
[28519,28571]	[28571,29061]	A
[28571,29061]	[29061,29089]	C
[29061,29089]	[29089,29705]	A
[29089,29705]	[29705,29791]	G
[29705,29791]	[29791,end]	T
>Path_9:0.018158008650631073
[start,55]	[55,61]	A
[55,61]	[61,66]	G
[61,66]	[27754,27876]	splice
[27754,27876]	[27876,27883]	T
[27876,27883]	[27883,28249]	C
[27883,28249]	[28249,28260]	A
[28249,28260]	[28260,28261]	A
[28260,28261]	[28261,28519]	C
[28261,28519]	[28519,28571]	C
[28519,28571]	[28571,29061]	A
[28571,29061]	[29061,29089]	C
[29061,29089]	[29089,29705]	A
[29089,29705]	[29705,29791]	G
[29705,29791]	[29791,end]	T
>Path_11:0.5787865257388655
[start,55]	[55,61]	A
[55,61]	[61,66]	G
[61,66]	[66,67]	C
[66,67]	[28261,28519]	splice
[28261,28519]	[28519,28571]	C
[28519,28571]	[28571,29061]	A
[28571,29061]	[29061,29089]	C
[29061,29089]	[29089,29705]	A
[29089,29705]	[29705,29791]	G
[29705,29791]	[29791,end]	T
>Path_24:0.0002837188851661105
[start,55]	[55,61]	A
[55,61]	[61,66]	G
[61,66]	[66,67]	C
[66,67]	[67,26464]	T
[67,26464]	[26464,26774]	C
[26464,26774]	[26811,27037]	splice
[26811,27037]	[27037,27378]	C
[27037,27378]	[27378,27754]	G
[27378,27754]	[27754,27876]	G
[27754,27876]	[27876,27883]	T
[27876,27883]	[27883,28249]	C
[27883,28249]	[28249,28260]	A
[28249,28260]	[28260,28261]	A
[28260,28261]	[28261,28519]	C
[28261,28519]	[28519,28571]	C
[28519,28571]	[28571,29061]	A
[28571,29061]	[29061,29089]	C
[29061,29089]	[29089,29705]	A
[29089,29705]	[29705,29791]	G
[29705,29791]	[29791,end]	T
>Path_56:0.0008511566554983316
[start,55]	[55,61]	A
[55,61]	[28261,28519]	splice
[28261,28519]	[28571,29061]	splice
[28571,29061]	[29061,29089]	C
[29061,29089]	[29089,29705]	A
[29089,29705]	[29705,29791]	G
[29705,29791]	[29791,end]	T
>Path_59:0.002269751081328884
[start,55]	[55,61]	A
[55,61]	[61,66]	G
[61,66]	[66,67]	C
[66,67]	[28261,28519]	splice
[28261,28519]	[28571,29061]	splice
[28571,29061]	[29061,29089]	C
[29061,29089]	[29089,29705]	A
[29089,29705]	[29705,29791]	G
[29705,29791]	[29791,end]	T
>Path_98:0.014185944258305525
[start,55]	[28249,28260]	splice
[28249,28260]	[28260,28261]	A
[28260,28261]	[28261,28519]	C
[28261,28519]	[28519,28571]	C
[28519,28571]	[28571,29061]	A
[28571,29061]	[29089,29705]	splice
[29089,29705]	[29705,29791]	G
[29705,29791]	[29791,end]	T
>Path_145:0.000567437770332221
[start,55]	[27876,27883]	splice
[27876,27883]	[27883,28249]	C
[27883,28249]	[28249,28260]	A
[28249,28260]	[28260,28261]	A
[28260,28261]	[28261,28519]	C
[28261,28519]	[28571,29061]	splice
[28571,29061]	[29089,29705]	splice
[29089,29705]	[29705,29791]	G
[29705,29791]	[29791,end]	T
>Path_146:0.000567437770332221
[start,55]	[28249,28260]	splice
[28249,28260]	[28260,28261]	A
[28260,28261]	[28261,28519]	C
[28261,28519]	[28571,29061]	splice
[28571,29061]	[29089,29705]	splice
[29089,29705]	[29705,29791]	G
[29705,29791]	[29791,end]	T
>Path_151:0.0002837188851661105
[start,55]	[55,61]	A
[55,61]	[28249,28260]	splice
[28249,28260]	[28260,28261]	A
[28260,28261]	[28261,28519]	C
[28261,28519]	[28571,29061]	splice
[28571,29061]	[29089,29705]	splice
[29089,29705]	[29705,29791]	G
[29705,29791]	[29791,end]	T
>Path_200:0.0019860321961627735
[start,55]	[55,61]	A
[55,61]	[28261,28519]	splice
[28261,28519]	[28519,28571]	C
[28519,28571]	[28571,29061]	A
[28571,29061]	[29061,29089]	C
[29061,29089]	[29089,29705]	A
[29089,29705]	[29791,end]	splice
>Path_292:0.0002837188851661105
[start,55]	[55,61]	A
[55,61]	[27037,27378]	splice
[27037,27378]	[27378,27754]	G
[27378,27754]	[27754,27876]	G
[27754,27876]	[27876,27883]	T
[27876,27883]	[27883,28249]	C
[27883,28249]	[28249,28260]	A
[28249,28260]	[28260,28261]	A
[28260,28261]	[28261,28519]	C
[28261,28519]	[28519,28571]	C
[28519,28571]	[28571,29061]	A
[28571,29061]	[29089,29705]	splice
[29089,29705]	[29791,end]	splice
>Path_298:0.002269751081328884
[start,55]	[55,61]	A
[55,61]	[61,66]	G
[61,66]	[28260,28261]	splice
[28260,28261]	[28261,28519]	C
[28261,28519]	[28519,28571]	C
[28519,28571]	[28571,29061]	A
[28571,29061]	[29089,29705]	splice
[29089,29705]	[29791,end]	splice
