>phasing0	69754
+	67	28261
-	55	27876
-	55	28249
-	61	26464
-	61	27037
-	61	27378
-	61	27883
-	61	28249
-	61	28261
-	66	27754
-	66	28260
>phasing1	19042
-	55	27876
-	55	28249
-	61	26464
-	61	27037
-	61	27378
-	61	27883
-	61	28249
-	61	28261
-	66	27754
-	66	28260
-	67	28261
>phasing2	153
+	61	26464
-	55	27876
-	55	28249
-	61	27037
-	61	27378
-	61	27883
-	61	28249
-	61	28261
-	66	27754
-	66	28260
-	67	28261
>phasing3	1940
-	55	27876
-	55	28249
-	61	27037
-	61	27378
-	61	27883
-	61	28249
-	61	28261
-	66	27754
-	66	28260
-	67	28261
>phasing4	900
-	55	27876
-	55	28249
-	61	27037
-	61	27378
-	61	27883
-	61	28249
-	61	28261
-	66	27754
-	66	28260
-	67	28261
-	26774	26811
>phasing5	105
+	26774	26811
-	55	27876
-	55	28249
-	61	27037
-	61	27378
-	61	27883
-	61	28249
-	61	28261
-	66	27754
-	66	28260
-	67	28261
>phasing6	613
+	61	27037
-	55	27876
-	55	28249
-	61	27378
-	61	27883
-	61	28249
-	61	28261
-	66	27754
-	66	28260
-	67	28261
>phasing7	5283
-	55	27876
-	55	28249
-	61	27378
-	61	27883
-	61	28249
-	61	28261
-	66	27754
-	66	28260
-	67	28261
>phasing8	1330
+	61	27378
-	55	27876
-	55	28249
-	61	27883
-	61	28249
-	61	28261
-	66	27754
-	66	28260
-	67	28261
>phasing9	14470
-	55	27876
-	55	28249
-	61	27883
-	61	28249
-	61	28261
-	66	27754
-	66	28260
-	67	28261
>phasing10	1614
+	66	27754
-	55	27876
-	55	28249
-	61	26464
-	61	27037
-	61	27378
-	61	27883
-	61	28249
-	61	28261
-	66	28260
-	67	28261
>phasing11	7701
-	55	27876
-	55	28249
-	61	27883
-	61	28249
-	61	28261
-	66	28260
-	67	28261
>phasing12	6561
+	61	27883
-	55	27876
-	55	28249
-	61	28249
-	61	28261
-	66	28260
-	67	28261
>phasing13	1885
+	55	27876
-	55	28249
-	61	27883
-	61	28249
-	61	28261
-	66	28260
-	67	28261
>phasing14	76331
-	55	28249
-	61	28249
-	61	28261
-	66	28260
-	67	28261
>phasing15	94
-	55	27876
-	55	28249
-	61	26464
-	61	27037
-	61	27378
-	61	27883
-	61	28249
-	61	28261
-	66	28260
-	67	28261
>phasing16	766
-	55	28249
-	61	27883
-	61	28249
-	61	28261
-	66	28260
-	67	28261
>phasing17	11929
+	55	28249
-	61	28261
-	66	28260
-	67	28261
>phasing18	7368
+	61	28249
-	55	27876
-	55	28249
-	61	28261
-	66	28260
-	67	28261
>phasing19	14929
+	61	28261
-	55	27876
-	55	28249
>phasing20	345
+	66	28260
-	55	27876
-	55	28249
-	61	26464
-	61	27037
-	61	27378
-	61	27883
-	61	28249
-	61	28261
-	67	28261
>phasing21	81
-	55	27876
-	55	28249
-	61	28261
-	67	28261
>phasing22	36
-	55	27876
-	55	28249
-	61	28249
-	61	28261
-	66	28260
-	67	28261
>phasing23	1701540
>phasing24	6124
-	61	28261
-	66	28260
-	67	28261
>phasing25	16
-	55	27876
-	55	28249
-	61	26464
-	61	27037
-	61	27378
-	61	27883
-	61	28249
-	61	28261
>phasing26	38
-	55	27876
-	55	28249
-	61	28261
-	66	28260
-	67	28261
>phasing27	482
-	61	28261
-	67	28261
>phasing28	425249
-	28519	28571
>phasing29	280
-	55	28249
-	61	28249
-	61	28261
-	66	28260
-	67	28261
-	28519	28571
>phasing30	847
-	61	28261
-	66	28260
-	67	28261
-	28519	28571
>phasing31	2
-	55	27876
-	55	28249
-	61	28249
-	61	28261
-	66	28260
-	67	28261
-	28519	28571
>phasing32	117
+	61	28249
-	55	27876
-	55	28249
-	61	28261
-	66	28260
-	67	28261
-	28519	28571
>phasing33	2459
+	67	28261
-	55	27876
-	55	28249
-	61	26464
-	61	27037
-	61	27378
-	61	27883
-	61	28249
-	61	28261
-	66	27754
-	66	28260
-	28519	28571
>phasing34	2879
-	55	27876
-	55	28249
-	61	26464
-	61	27037
-	61	27378
-	61	27883
-	61	28249
-	61	28261
-	66	27754
-	66	28260
-	67	28261
-	28519	28571
>phasing35	14
+	66	28260
-	55	27876
-	55	28249
-	61	26464
-	61	27037
-	61	27378
-	61	27883
-	61	28249
-	61	28261
-	67	28261
-	28519	28571
>phasing36	595
+	61	28261
-	55	27876
-	55	28249
-	28519	28571
>phasing37	255
+	55	28249
-	61	28261
-	66	28260
-	67	28261
-	28519	28571
>phasing38	97
-	61	28261
-	67	28261
-	28519	28571
>phasing39	1
-	55	27876
-	55	28249
-	61	26464
-	61	27037
-	61	27378
-	61	27883
-	61	28249
-	61	28261
-	66	28260
-	67	28261
-	28519	28571
>phasing40	39
+	28519	28571
-	61	28261
-	66	28260
-	67	28261
>phasing41	2419
+	28519	28571
>phasing42	27
+	28519	28571
-	55	27876
-	55	28249
-	61	26464
-	61	27037
-	61	27378
-	61	27883
-	61	28249
-	61	28261
-	66	27754
-	66	28260
-	67	28261
>phasing43	7
+	28519	28571
-	55	28249
-	61	28249
-	61	28261
-	66	28260
-	67	28261
>phasing44	5
+	61	28249
+	28519	28571
-	55	27876
-	55	28249
-	61	28261
-	66	28260
-	67	28261
>phasing45	4
+	28519	28571
-	61	28261
-	67	28261
>phasing46	97
+	67	28261
+	28519	28571
-	55	27876
-	55	28249
-	61	26464
-	61	27037
-	61	27378
-	61	27883
-	61	28249
-	61	28261
-	66	27754
-	66	28260
>phasing47	1
+	28519	28571
-	55	27876
-	55	28249
-	61	26464
-	61	27037
-	61	27378
-	61	27883
-	61	28249
-	61	28261
-	66	28260
-	67	28261
>phasing48	26
+	61	28261
+	28519	28571
-	55	27876
-	55	28249
>phasing49	14
+	55	28249
+	28519	28571
-	61	28261
-	66	28260
-	67	28261
>phasing50	4
-	55	27876
-	55	28249
-	61	28261
-	67	28261
-	28519	28571
>phasing51	2
-	55	27876
-	55	28249
-	61	28261
-	66	28260
-	67	28261
-	28519	28571
>phasing52	3
-	55	27876
-	55	28249
-	61	26464
-	61	27037
-	61	27378
-	61	27883
-	61	28249
-	61	28261
-	28519	28571
>phasing53	2
-	55	27876
-	55	28249
-	61	27037
-	61	27378
-	61	27883
-	61	28249
-	61	28261
-	66	27754
-	66	28260
-	67	28261
-	28519	28571
>phasing54	364832
-	29061	29089
>phasing55	6100
+	29061	29089
>phasing56	42
-	55	27876
-	55	28249
-	61	26464
-	61	27037
-	61	27378
-	61	27883
-	61	28249
-	61	28261
-	66	27754
-	66	28260
-	67	28261
-	29061	29089
>phasing57	1
+	29061	29089
-	55	27876
-	55	28249
-	61	26464
-	61	27037
-	61	27378
-	61	27883
-	61	28249
-	61	28261
-	66	27754
-	66	28260
-	67	28261
>phasing58	239578
-	29705	29791
>phasing59	1425
-	55	27876
-	55	28249
-	61	26464
-	61	27037
-	61	27378
-	61	27883
-	61	28249
-	61	28261
-	66	27754
-	66	28260
-	67	28261
-	29705	29791
>phasing60	509
+	29705	29791
>phasing61	7
+	29705	29791
-	55	27876
-	55	28249
-	61	26464
-	61	27037
-	61	27378
-	61	27883
-	61	28249
-	61	28261
-	66	27754
-	66	28260
-	67	28261
