55	27876	splice	1698
55	28249	splice	11326
61	26464	splice	123
61	27037	splice	581
61	27378	splice	1216
61	27883	splice	6198
61	28249	splice	7091
61	28261	splice	14519
66	27754	splice	1525
66	28260	splice	334
67	28261	splice	68569
68	28262	splice	103
26774	26811	splice	127
28519	28571	splice	1381
29061	29089	splice	7308
29705	29791	splice	797
66	66	C	0
67	67	T	0
68	68	A	0
29061	29061	C	0
29705	29705	G	0
26774	26774	G	0
28249	28249	A	0
28571	28571	A	0
27037	27037	C	0
29791	29791	T	0
26464	26464	C	0
29089	29089	A	0
27876	27876	T	0
28261	28261	C	0
28260	28260	A	0
28262	28262	G	0
28519	28519	C	0
27754	27754	G	0
27883	27883	C	0
27378	27378	G	0
55	55	A	0
26811	26811	A	0
61	61	G	0
