55	27876	splice	1774
55	28249	splice	11253
61	26464	splice	138
61	27037	splice	575
61	27378	splice	1249
61	27883	splice	6215
61	28249	splice	7107
61	28261	splice	14747
66	27754	splice	1504
66	28260	splice	349
67	28261	splice	70145
26774	26811	splice	132
28519	28571	splice	1472
29061	29089	splice	7360
29705	29791	splice	901
66	66	C	0
67	67	T	0
29061	29061	C	0
29705	29705	G	0
26774	26774	G	0
28249	28249	A	0
28571	28571	A	0
27037	27037	C	0
29791	29791	T	0
26464	26464	C	0
29089	29089	A	0
27876	27876	T	0
28261	28261	C	0
28260	28260	A	0
28519	28519	C	0
27754	27754	G	0
27883	27883	C	0
27378	27378	G	0
55	55	A	0
26811	26811	A	0
61	61	G	0
