>Path_0:0.0005673400679009117
[start,55]	[55,61]	A
[55,61]	[61,66]	G
[61,66]	[66,67]	C
[66,67]	[67,68]	T
[67,68]	[68,26464]	A
[68,26464]	[26464,26774]	C
[26464,26774]	[26774,26811]	G
[26774,26811]	[26811,27037]	A
[26811,27037]	[27037,27378]	C
[27037,27378]	[27378,27754]	G
[27378,27754]	[27754,27876]	G
[27754,27876]	[27876,27883]	T
[27876,27883]	[27883,28249]	C
[27883,28249]	[28249,28260]	A
[28249,28260]	[28260,28261]	A
[28260,28261]	[28261,28262]	C
[28261,28262]	[28262,28519]	G
[28262,28519]	[28519,28571]	C
[28519,28571]	[28571,29061]	A
[28571,29061]	[29061,29089]	C
[29061,29089]	[29089,29705]	A
[29089,29705]	[29705,29791]	G
[29705,29791]	[29791,end]	T
>Path_1:0.017587542104928265
[start,55]	[27876,27883]	splice
[27876,27883]	[27883,28249]	C
[27883,28249]	[28249,28260]	A
[28249,28260]	[28260,28261]	A
[28260,28261]	[28261,28262]	C
[28261,28262]	[28262,28519]	G
[28262,28519]	[28519,28571]	C
[28519,28571]	[28571,29061]	A
[28571,29061]	[29061,29089]	C
[29061,29089]	[29089,29705]	A
[29089,29705]	[29705,29791]	G
[29705,29791]	[29791,end]	T
>Path_2:0.07233585865736625
[start,55]	[28249,28260]	splice
[28249,28260]	[28260,28261]	A
[28260,28261]	[28261,28262]	C
[28261,28262]	[28262,28519]	G
[28262,28519]	[28519,28571]	C
[28519,28571]	[28571,29061]	A
[28571,29061]	[29061,29089]	C
[29061,29089]	[29089,29705]	A
[29089,29705]	[29705,29791]	G
[29705,29791]	[29791,end]	T
>Path_6:0.0726195286913167
[start,55]	[55,61]	A
[55,61]	[27883,28249]	splice
[27883,28249]	[28249,28260]	A
[28249,28260]	[28260,28261]	A
[28260,28261]	[28261,28262]	C
[28261,28262]	[28262,28519]	G
[28262,28519]	[28519,28571]	C
[28519,28571]	[28571,29061]	A
[28571,29061]	[29061,29089]	C
[29061,29089]	[29089,29705]	A
[29089,29705]	[29705,29791]	G
[29705,29791]	[29791,end]	T
>Path_7:0.0720521886234158
[start,55]	[55,61]	A
[55,61]	[28249,28260]	splice
[28249,28260]	[28260,28261]	A
[28260,28261]	[28261,28262]	C
[28261,28262]	[28262,28519]	G
[28262,28519]	[28519,28571]	C
[28519,28571]	[28571,29061]	A
[28571,29061]	[29061,29089]	C
[29061,29089]	[29089,29705]	A
[29089,29705]	[29705,29791]	G
[29705,29791]	[29791,end]	T
>Path_8:0.1431037449441605
[start,55]	[55,61]	A
[55,61]	[28261,28262]	splice
[28261,28262]	[28262,28519]	G
[28262,28519]	[28519,28571]	C
[28519,28571]	[28571,29061]	A
[28571,29061]	[29061,29089]	C
[29061,29089]	[29089,29705]	A
[29089,29705]	[29705,29791]	G
[29705,29791]	[29791,end]	T
>Path_9:0.018154882172829175
[start,55]	[55,61]	A
[55,61]	[61,66]	G
[61,66]	[27754,27876]	splice
[27754,27876]	[27876,27883]	T
[27876,27883]	[27883,28249]	C
[27883,28249]	[28249,28260]	A
[28249,28260]	[28260,28261]	A
[28260,28261]	[28261,28262]	C
[28261,28262]	[28262,28519]	G
[28262,28519]	[28519,28571]	C
[28519,28571]	[28571,29061]	A
[28571,29061]	[29061,29089]	C
[29061,29089]	[29089,29705]	A
[29089,29705]	[29705,29791]	G
[29705,29791]	[29791,end]	T
>Path_11:0.57868686925893
[start,55]	[55,61]	A
[55,61]	[61,66]	G
[61,66]	[66,67]	C
[66,67]	[28261,28262]	splice
[28261,28262]	[28262,28519]	G
[28262,28519]	[28519,28571]	C
[28519,28571]	[28571,29061]	A
[28571,29061]	[29061,29089]	C
[29061,29089]	[29089,29705]	A
[29089,29705]	[29705,29791]	G
[29705,29791]	[29791,end]	T
>Path_53:0.0005673400679009117
[start,55]	[27876,27883]	splice
[27876,27883]	[27883,28249]	C
[27883,28249]	[28249,28260]	A
[28249,28260]	[28260,28261]	A
[28260,28261]	[28261,28262]	C
[28261,28262]	[28262,28519]	G
[28262,28519]	[28571,29061]	splice
[28571,29061]	[29061,29089]	C
[29061,29089]	[29089,29705]	A
[29089,29705]	[29705,29791]	G
[29705,29791]	[29791,end]	T
>Path_54:0.00028367003395045586
[start,55]	[28249,28260]	splice
[28249,28260]	[28260,28261]	A
[28260,28261]	[28261,28262]	C
[28261,28262]	[28262,28519]	G
[28262,28519]	[28571,29061]	splice
[28571,29061]	[29061,29089]	C
[29061,29089]	[29089,29705]	A
[29089,29705]	[29705,29791]	G
[29705,29791]	[29791,end]	T
>Path_59:0.0005673400679009117
[start,55]	[55,61]	A
[55,61]	[28249,28260]	splice
[28249,28260]	[28260,28261]	A
[28260,28261]	[28261,28262]	C
[28261,28262]	[28262,28519]	G
[28262,28519]	[28571,29061]	splice
[28571,29061]	[29061,29089]	C
[29061,29089]	[29089,29705]	A
[29089,29705]	[29705,29791]	G
[29705,29791]	[29791,end]	T
>Path_60:0.0007800925933637537
[start,55]	[55,61]	A
[55,61]	[28261,28262]	splice
[28261,28262]	[28262,28519]	G
[28262,28519]	[28571,29061]	splice
[28571,29061]	[29061,29089]	C
[29061,29089]	[29089,29705]	A
[29089,29705]	[29705,29791]	G
[29705,29791]	[29791,end]	T
>Path_63:0.002269360271603647
[start,55]	[55,61]	A
[55,61]	[61,66]	G
[61,66]	[66,67]	C
[66,67]	[28261,28262]	splice
[28261,28262]	[28262,28519]	G
[28262,28519]	[28571,29061]	splice
[28571,29061]	[29061,29089]	C
[29061,29089]	[29089,29705]	A
[29089,29705]	[29705,29791]	G
[29705,29791]	[29791,end]	T
>Path_108:0.006524410780860485
[start,55]	[55,61]	A
[55,61]	[27037,27378]	splice
[27037,27378]	[27378,27754]	G
[27378,27754]	[27754,27876]	G
[27754,27876]	[27876,27883]	T
[27876,27883]	[27883,28249]	C
[27883,28249]	[28249,28260]	A
[28249,28260]	[28260,28261]	A
[28260,28261]	[28261,28262]	C
[28261,28262]	[28262,28519]	G
[28262,28519]	[28519,28571]	C
[28519,28571]	[28571,29061]	A
[28571,29061]	[29089,29705]	splice
[29089,29705]	[29705,29791]	G
[29705,29791]	[29791,end]	T
>Path_109:0.009077441086414588
[start,55]	[55,61]	A
[55,61]	[27378,27754]	splice
[27378,27754]	[27754,27876]	G
[27754,27876]	[27876,27883]	T
[27876,27883]	[27883,28249]	C
[27883,28249]	[28249,28260]	A
[28249,28260]	[28260,28261]	A
[28260,28261]	[28261,28262]	C
[28261,28262]	[28262,28519]	G
[28262,28519]	[28519,28571]	C
[28519,28571]	[28571,29061]	A
[28571,29061]	[29089,29705]	splice
[29089,29705]	[29705,29791]	G
[29705,29791]	[29791,end]	T
>Path_133:0.00028367003395045586
[start,55]	[55,61]	A
[55,61]	[26464,26774]	splice
[26464,26774]	[26811,27037]	splice
[26811,27037]	[27037,27378]	C
[27037,27378]	[27378,27754]	G
[27378,27754]	[27754,27876]	G
[27754,27876]	[27876,27883]	T
[27876,27883]	[27883,28249]	C
[27883,28249]	[28249,28260]	A
[28249,28260]	[28260,28261]	A
[28260,28261]	[28261,28262]	C
[28261,28262]	[28262,28519]	G
[28262,28519]	[28519,28571]	C
[28519,28571]	[28571,29061]	A
[28571,29061]	[29089,29705]	splice
[29089,29705]	[29705,29791]	G
[29705,29791]	[29791,end]	T
>Path_218:0.002198442763116033
[start,55]	[55,61]	A
[55,61]	[61,66]	G
[61,66]	[28260,28261]	splice
[28260,28261]	[28261,28262]	C
[28261,28262]	[28262,28519]	G
[28262,28519]	[28519,28571]	C
[28519,28571]	[28571,29061]	A
[28571,29061]	[29061,29089]	C
[29061,29089]	[29089,29705]	A
[29089,29705]	[29791,end]	splice
>Path_270:7.091750848761397e-05
[start,55]	[55,61]	A
[55,61]	[61,66]	G
[61,66]	[28260,28261]	splice
[28260,28261]	[28261,28262]	C
[28261,28262]	[28262,28519]	G
[28262,28519]	[28571,29061]	splice
[28571,29061]	[29061,29089]	C
[29061,29089]	[29089,29705]	A
[29089,29705]	[29791,end]	splice
>Path_315:0.0017020202037027353
[start,55]	[55,61]	A
[55,61]	[26464,26774]	splice
[26464,26774]	[26774,26811]	G
[26774,26811]	[26811,27037]	A
[26811,27037]	[27037,27378]	C
[27037,27378]	[27378,27754]	G
[27378,27754]	[27754,27876]	G
[27754,27876]	[27876,27883]	T
[27876,27883]	[27883,28249]	C
[27883,28249]	[28249,28260]	A
[28249,28260]	[28260,28261]	A
[28260,28261]	[28261,28262]	C
[28261,28262]	[28262,28519]	G
[28262,28519]	[28519,28571]	C
[28519,28571]	[28571,29061]	A
[28571,29061]	[29089,29705]	splice
[29089,29705]	[29791,end]	splice
>Path_324:0.0005673400679009117
[start,55]	[55,61]	A
[55,61]	[61,66]	G
[61,66]	[66,67]	C
[66,67]	[67,68]	T
[67,68]	[28262,28519]	splice
[28262,28519]	[28519,28571]	C
[28519,28571]	[28571,29061]	A
[28571,29061]	[29089,29705]	splice
[29089,29705]	[29791,end]	splice
