>Path_0:0.00014174216031671779
[start,55]	[55,61]	A
[55,61]	[61,65]	G
[61,65]	[65,66]	T
[65,66]	[66,67]	C
[66,67]	[67,2561]	T
[67,2561]	[2561,26464]	T
[2561,26464]	[26464,26774]	C
[26464,26774]	[26774,26811]	G
[26774,26811]	[26811,27037]	A
[26811,27037]	[27037,27378]	C
[27037,27378]	[27378,27754]	G
[27378,27754]	[27754,27876]	G
[27754,27876]	[27876,27883]	T
[27876,27883]	[27883,28249]	C
[27883,28249]	[28249,28260]	A
[28249,28260]	[28260,28261]	A
[28260,28261]	[28261,28519]	C
[28261,28519]	[28519,28571]	C
[28519,28571]	[28571,29061]	A
[28571,29061]	[29061,29089]	C
[29061,29089]	[29089,29705]	A
[29089,29705]	[29705,29791]	G
[29705,29791]	[29791,end]	T
>Path_1:0.01729254355863957
[start,55]	[27876,27883]	splice
[27876,27883]	[27883,28249]	C
[27883,28249]	[28249,28260]	A
[28249,28260]	[28260,28261]	A
[28260,28261]	[28261,28519]	C
[28261,28519]	[28519,28571]	C
[28519,28571]	[28571,29061]	A
[28571,29061]	[29061,29089]	C
[29061,29089]	[29089,29705]	A
[29089,29705]	[29705,29791]	G
[29705,29791]	[29791,end]	T
>Path_2:0.06803623695202453
[start,55]	[28249,28260]	splice
[28249,28260]	[28260,28261]	A
[28260,28261]	[28261,28519]	C
[28261,28519]	[28519,28571]	C
[28519,28571]	[28571,29061]	A
[28571,29061]	[29061,29089]	C
[29061,29089]	[29089,29705]	A
[29089,29705]	[29705,29791]	G
[29705,29791]	[29791,end]	T
>Path_6:0.07243930288739883
[start,55]	[55,61]	A
[55,61]	[27883,28249]	splice
[27883,28249]	[28249,28260]	A
[28249,28260]	[28260,28261]	A
[28260,28261]	[28261,28519]	C
[28261,28519]	[28519,28571]	C
[28519,28571]	[28571,29061]	A
[28571,29061]	[29061,29089]	C
[29061,29089]	[29089,29705]	A
[29089,29705]	[29705,29791]	G
[29705,29791]	[29791,end]	T
>Path_7:0.07228850176152607
[start,55]	[55,61]	A
[55,61]	[28249,28260]	splice
[28249,28260]	[28260,28261]	A
[28260,28261]	[28261,28519]	C
[28261,28519]	[28519,28571]	C
[28519,28571]	[28571,29061]	A
[28571,29061]	[29061,29089]	C
[29061,29089]	[29089,29705]	A
[29089,29705]	[29705,29791]	G
[29705,29791]	[29791,end]	T
>Path_8:0.14457700352305214
[start,55]	[55,61]	A
[55,61]	[28261,28519]	splice
[28261,28519]	[28519,28571]	C
[28519,28571]	[28571,29061]	A
[28571,29061]	[29061,29089]	C
[29061,29089]	[29089,29705]	A
[29089,29705]	[29705,29791]	G
[29705,29791]	[29791,end]	T
>Path_9:0.018142996520539877
[start,55]	[55,61]	A
[55,61]	[61,65]	G
[61,65]	[65,66]	T
[65,66]	[27754,27876]	splice
[27754,27876]	[27876,27883]	T
[27876,27883]	[27883,28249]	C
[27883,28249]	[28249,28260]	A
[28249,28260]	[28260,28261]	A
[28260,28261]	[28261,28519]	C
[28261,28519]	[28519,28571]	C
[28519,28571]	[28571,29061]	A
[28571,29061]	[29061,29089]	C
[29061,29089]	[29089,29705]	A
[29089,29705]	[29705,29791]	G
[29705,29791]	[29791,end]	T
>Path_10:0.0022678745650674846
[start,55]	[55,61]	A
[55,61]	[61,65]	G
[61,65]	[65,66]	T
[65,66]	[28260,28261]	splice
[28260,28261]	[28261,28519]	C
[28261,28519]	[28519,28571]	C
[28519,28571]	[28571,29061]	A
[28571,29061]	[29061,29089]	C
[29061,29089]	[29089,29705]	A
[29089,29705]	[29705,29791]	G
[29705,29791]	[29791,end]	T
>Path_11:0.5783080140922086
[start,55]	[55,61]	A
[55,61]	[61,65]	G
[61,65]	[65,66]	T
[65,66]	[66,67]	C
[66,67]	[28261,28519]	splice
[28261,28519]	[28519,28571]	C
[28519,28571]	[28571,29061]	A
[28571,29061]	[29061,29089]	C
[29061,29089]	[29089,29705]	A
[29089,29705]	[29705,29791]	G
[29705,29791]	[29791,end]	T
>Path_24:0.00042522648095015336
[start,55]	[55,61]	A
[55,61]	[61,65]	G
[61,65]	[2561,26464]	splice
[2561,26464]	[26464,26774]	C
[26464,26774]	[26774,26811]	G
[26774,26811]	[26811,27037]	A
[26811,27037]	[27037,27378]	C
[27037,27378]	[27378,27754]	G
[27378,27754]	[27754,27876]	G
[27754,27876]	[27876,27883]	T
[27876,27883]	[27883,28249]	C
[27883,28249]	[28249,28260]	A
[28249,28260]	[28260,28261]	A
[28260,28261]	[28261,28519]	C
[28261,28519]	[28519,28571]	C
[28519,28571]	[28571,29061]	A
[28571,29061]	[29061,29089]	C
[29061,29089]	[29089,29705]	A
[29089,29705]	[29705,29791]	G
[29705,29791]	[29791,end]	T
>Path_97:0.0008504529619003067
[start,55]	[27876,27883]	splice
[27876,27883]	[27883,28249]	C
[27883,28249]	[28249,28260]	A
[28249,28260]	[28260,28261]	A
[28260,28261]	[28261,28519]	C
[28261,28519]	[28571,29061]	splice
[28571,29061]	[29061,29089]	C
[29061,29089]	[29089,29705]	A
[29089,29705]	[29705,29791]	G
[29705,29791]	[29791,end]	T
>Path_98:0.0005669686412668711
[start,55]	[28249,28260]	splice
[28249,28260]	[28260,28261]	A
[28260,28261]	[28261,28519]	C
[28261,28519]	[28571,29061]	splice
[28571,29061]	[29061,29089]	C
[29061,29089]	[29089,29705]	A
[29089,29705]	[29705,29791]	G
[29705,29791]	[29791,end]	T
>Path_103:0.00028348432063343557
[start,55]	[55,61]	A
[55,61]	[28249,28260]	splice
[28249,28260]	[28260,28261]	A
[28260,28261]	[28261,28519]	C
[28261,28519]	[28571,29061]	splice
[28571,29061]	[29061,29089]	C
[29061,29089]	[29089,29705]	A
[29089,29705]	[29705,29791]	G
[29705,29791]	[29791,end]	T
>Path_107:0.0022678745650674846
[start,55]	[55,61]	A
[55,61]	[61,65]	G
[61,65]	[65,66]	T
[65,66]	[66,67]	C
[66,67]	[28261,28519]	splice
[28261,28519]	[28571,29061]	splice
[28571,29061]	[29061,29089]	C
[29061,29089]	[29089,29705]	A
[29089,29705]	[29705,29791]	G
[29705,29791]	[29791,end]	T
>Path_195:0.0017009059238006134
[start,55]	[55,61]	A
[55,61]	[26464,26774]	splice
[26464,26774]	[26774,26811]	G
[26774,26811]	[26811,27037]	A
[26811,27037]	[27037,27378]	C
[27037,27378]	[27378,27754]	G
[27378,27754]	[27754,27876]	G
[27754,27876]	[27876,27883]	T
[27876,27883]	[27883,28249]	C
[27883,28249]	[28249,28260]	A
[28249,28260]	[28260,28261]	A
[28260,28261]	[28261,28519]	C
[28261,28519]	[28519,28571]	C
[28519,28571]	[28571,29061]	A
[28571,29061]	[29089,29705]	splice
[29089,29705]	[29705,29791]	G
[29705,29791]	[29791,end]	T
>Path_196:0.006520139374569018
[start,55]	[55,61]	A
[55,61]	[27037,27378]	splice
[27037,27378]	[27378,27754]	G
[27378,27754]	[27754,27876]	G
[27754,27876]	[27876,27883]	T
[27876,27883]	[27883,28249]	C
[27883,28249]	[28249,28260]	A
[28249,28260]	[28260,28261]	A
[28260,28261]	[28261,28519]	C
[28261,28519]	[28519,28571]	C
[28519,28571]	[28571,29061]	A
[28571,29061]	[29089,29705]	splice
[29089,29705]	[29705,29791]	G
[29705,29791]	[29791,end]	T
>Path_197:0.009071498260269938
[start,55]	[55,61]	A
[55,61]	[27378,27754]	splice
[27378,27754]	[27754,27876]	G
[27754,27876]	[27876,27883]	T
[27876,27883]	[27883,28249]	C
[27883,28249]	[28249,28260]	A
[28249,28260]	[28260,28261]	A
[28260,28261]	[28261,28519]	C
[28261,28519]	[28519,28571]	C
[28519,28571]	[28571,29061]	A
[28571,29061]	[29089,29705]	splice
[29089,29705]	[29705,29791]	G
[29705,29791]	[29791,end]	T
>Path_243:0.00028348432063343557
[start,55]	[55,61]	A
[55,61]	[26464,26774]	splice
[26464,26774]	[26811,27037]	splice
[26811,27037]	[27037,27378]	C
[27037,27378]	[27378,27754]	G
[27378,27754]	[27754,27876]	G
[27754,27876]	[27876,27883]	T
[27876,27883]	[27883,28249]	C
[27883,28249]	[28249,28260]	A
[28249,28260]	[28260,28261]	A
[28260,28261]	[28261,28519]	C
[28261,28519]	[28519,28571]	C
[28519,28571]	[28571,29061]	A
[28571,29061]	[29089,29705]	splice
[29089,29705]	[29705,29791]	G
[29705,29791]	[29791,end]	T
>Path_386:0.003968780488868098
[start,55]	[28249,28260]	splice
[28249,28260]	[28260,28261]	A
[28260,28261]	[28261,28519]	C
[28261,28519]	[28519,28571]	C
[28519,28571]	[28571,29061]	A
[28571,29061]	[29061,29089]	C
[29061,29089]	[29089,29705]	A
[29089,29705]	[29791,end]	splice
>Path_680:0.0005669686412668711
[start,55]	[55,61]	A
[55,61]	[28261,28519]	splice
[28261,28519]	[28571,29061]	splice
[28571,29061]	[29089,29705]	splice
[29089,29705]	[29791,end]	splice
