[2021-02-06 09:19:24.785] [puff::index::jointLog] [info] Running fixFasta
[2021-02-06 09:19:24.798] [puff::index::jointLog] [info] Replaced 0 non-ATCG nucleotides
[2021-02-06 09:19:24.798] [puff::index::jointLog] [info] Clipped poly-A tails from 33 transcripts
[2021-02-06 09:19:24.799] [puff::index::jointLog] [info] Filter size not provided; estimating from number of distinct k-mers
[2021-02-06 09:19:24.802] [puff::index::jointLog] [info] ntHll estimated 60039 distinct k-mers, setting filter size to 2^20
[2021-02-06 09:19:24.914] [puff::index::jointLog] [info] Starting the Pufferfish indexing by reading the GFA binary file.
[2021-02-06 09:19:24.914] [puff::index::jointLog] [info] Setting the index/BinaryGfa directory salmon_output/cell_salmon_input.salmon.index
[2021-02-06 09:19:24.914] [puff::index::jointLog] [info] Done wrapping the rank vector with a rank9sel structure.
[2021-02-06 09:19:24.914] [puff::index::jointLog] [info] contig count for validation: 104
[2021-02-06 09:19:24.914] [puff::index::jointLog] [info] Total # of Contigs : 104
[2021-02-06 09:19:24.914] [puff::index::jointLog] [info] Total # of numerical Contigs : 104
[2021-02-06 09:19:24.914] [puff::index::jointLog] [info] Total # of contig vec entries: 1,244
[2021-02-06 09:19:24.914] [puff::index::jointLog] [info] bits per offset entry 11
[2021-02-06 09:19:24.914] [puff::index::jointLog] [info] Done constructing the contig vector. 105
[2021-02-06 09:19:24.915] [puff::index::jointLog] [info] # segments = 104
[2021-02-06 09:19:24.915] [puff::index::jointLog] [info] total length = 33,895
[2021-02-06 09:19:24.915] [puff::index::jointLog] [info] Reading the reference files ...
[2021-02-06 09:19:24.917] [puff::index::jointLog] [info] positional integer width = 16
[2021-02-06 09:19:24.917] [puff::index::jointLog] [info] seqSize = 33,895
[2021-02-06 09:19:24.917] [puff::index::jointLog] [info] rankSize = 33,895
[2021-02-06 09:19:24.917] [puff::index::jointLog] [info] edgeVecSize = 0
[2021-02-06 09:19:24.917] [puff::index::jointLog] [info] num keys = 30,775
[2021-02-06 09:19:24.967] [puff::index::jointLog] [info] mphf size = 0.0199432 MB
[2021-02-06 09:19:24.967] [puff::index::jointLog] [info] chunk size = 8,474
[2021-02-06 09:19:24.967] [puff::index::jointLog] [info] chunk 0 = [0, 8,474)
[2021-02-06 09:19:24.967] [puff::index::jointLog] [info] chunk 1 = [8,474, 16,948)
[2021-02-06 09:19:24.967] [puff::index::jointLog] [info] chunk 2 = [16,948, 25,422)
[2021-02-06 09:19:24.967] [puff::index::jointLog] [info] chunk 3 = [25,422, 33,865)
[2021-02-06 09:19:24.968] [puff::index::jointLog] [info] finished populating pos vector
[2021-02-06 09:19:24.968] [puff::index::jointLog] [info] writing index components
[2021-02-06 09:19:24.969] [puff::index::jointLog] [info] finished writing dense pufferfish index
