55	27876	splice	5974
55	28249	splice	7838
60	28260	splice	139
61	26234	splice	176
61	26464	splice	317
61	27037	splice	743
61	27378	splice	938
61	27883	splice	7045
61	28249	splice	17373
61	28261	splice	29401
66	27754	splice	5280
66	28260	splice	152
67	28261	splice	34241
26780	26817	splice	129
27260	27286	splice	315
28519	28571	splice	18022
29061	29089	splice	391
29705	29791	splice	7153
27260	27260	G	0
26817	26817	T	0
66	66	C	0
67	67	T	0
29061	29061	C	0
29705	29705	G	0
27286	27286	C	0
28249	28249	A	0
28571	28571	A	0
26780	26780	T	0
27037	27037	C	0
29791	29791	T	0
26464	26464	C	0
29089	29089	A	0
27876	27876	T	0
28260	28260	A	0
28261	28261	C	0
28519	28519	C	0
27754	27754	G	0
27883	27883	C	0
27378	27378	G	0
55	55	A	0
26234	26234	A	0
60	60	T	0
61	61	G	0
