>Path_1:0.01357691509810042
[start,55]	[27876,27883]	splice
[27876,27883]	[27883,28249]	C
[27883,28249]	[28249,28260]	A
[28249,28260]	[28260,28261]	A
[28260,28261]	[28261,28519]	C
[28261,28519]	[28519,28571]	C
[28519,28571]	[28571,29061]	A
[28571,29061]	[29061,29089]	C
[29061,29089]	[29089,29705]	A
[29089,29705]	[29705,29791]	G
[29705,29791]	[29791,end]	T
>Path_2:0.07112456027203695
[start,55]	[28249,28260]	splice
[28249,28260]	[28260,28261]	A
[28260,28261]	[28261,28519]	C
[28261,28519]	[28519,28571]	C
[28519,28571]	[28571,29061]	A
[28571,29061]	[29061,29089]	C
[29061,29089]	[29089,29705]	A
[29089,29705]	[29705,29791]	G
[29705,29791]	[29791,end]	T
>Path_3:0.001147170326968338
[start,55]	[55,60]	A
[55,60]	[28260,28261]	splice
[28260,28261]	[28261,28519]	C
[28261,28519]	[28519,28571]	C
[28519,28571]	[28571,29061]	A
[28571,29061]	[29061,29089]	C
[29061,29089]	[29089,29705]	A
[29089,29705]	[29705,29791]	G
[29705,29791]	[29791,end]	T
>Path_4:0.004301888726131267
[start,55]	[55,60]	A
[55,60]	[60,61]	T
[60,61]	[26234,26464]	splice
[26234,26464]	[26464,26780]	C
[26464,26780]	[26780,26817]	T
[26780,26817]	[26817,27037]	T
[26817,27037]	[27037,27260]	C
[27037,27260]	[27260,27286]	G
[27260,27286]	[27286,27378]	C
[27286,27378]	[27378,27754]	G
[27378,27754]	[27754,27876]	G
[27754,27876]	[27876,27883]	T
[27876,27883]	[27883,28249]	C
[27883,28249]	[28249,28260]	A
[28249,28260]	[28260,28261]	A
[28260,28261]	[28261,28519]	C
[28261,28519]	[28519,28571]	C
[28519,28571]	[28571,29061]	A
[28571,29061]	[29061,29089]	C
[29061,29089]	[29089,29705]	A
[29089,29705]	[29705,29791]	G
[29705,29791]	[29791,end]	T
>Path_6:0.003441510980905014
[start,55]	[55,60]	A
[55,60]	[60,61]	T
[60,61]	[27037,27260]	splice
[27037,27260]	[27260,27286]	G
[27260,27286]	[27286,27378]	C
[27286,27378]	[27378,27754]	G
[27378,27754]	[27754,27876]	G
[27754,27876]	[27876,27883]	T
[27876,27883]	[27883,28249]	C
[27883,28249]	[28249,28260]	A
[28249,28260]	[28260,28261]	A
[28260,28261]	[28261,28519]	C
[28261,28519]	[28519,28571]	C
[28519,28571]	[28571,29061]	A
[28571,29061]	[29061,29089]	C
[29061,29089]	[29089,29705]	A
[29089,29705]	[29705,29791]	G
[29705,29791]	[29791,end]	T
>Path_7:0.00831698487052045
[start,55]	[55,60]	A
[55,60]	[60,61]	T
[60,61]	[27378,27754]	splice
[27378,27754]	[27754,27876]	G
[27754,27876]	[27876,27883]	T
[27876,27883]	[27883,28249]	C
[27883,28249]	[28249,28260]	A
[28249,28260]	[28260,28261]	A
[28260,28261]	[28261,28519]	C
[28261,28519]	[28519,28571]	C
[28519,28571]	[28571,29061]	A
[28571,29061]	[29061,29089]	C
[29061,29089]	[29089,29705]	A
[29089,29705]	[29705,29791]	G
[29705,29791]	[29791,end]	T
>Path_8:0.07341890092597363
[start,55]	[55,60]	A
[55,60]	[60,61]	T
[60,61]	[27883,28249]	splice
[27883,28249]	[28249,28260]	A
[28249,28260]	[28260,28261]	A
[28260,28261]	[28261,28519]	C
[28261,28519]	[28519,28571]	C
[28519,28571]	[28571,29061]	A
[28571,29061]	[29061,29089]	C
[29061,29089]	[29089,29705]	A
[29089,29705]	[29705,29791]	G
[29705,29791]	[29791,end]	T
>Path_9:0.13995477989013724
[start,55]	[55,60]	A
[55,60]	[60,61]	T
[60,61]	[28249,28260]	splice
[28249,28260]	[28260,28261]	A
[28260,28261]	[28261,28519]	C
[28261,28519]	[28519,28571]	C
[28519,28571]	[28571,29061]	A
[28571,29061]	[29061,29089]	C
[29061,29089]	[29089,29705]	A
[29089,29705]	[29705,29791]	G
[29705,29791]	[29791,end]	T
>Path_10:0.2844982410881478
[start,55]	[55,60]	A
[55,60]	[60,61]	T
[60,61]	[28261,28519]	splice
[28261,28519]	[28519,28571]	C
[28519,28571]	[28571,29061]	A
[28571,29061]	[29061,29089]	C
[29061,29089]	[29089,29705]	A
[29089,29705]	[29705,29791]	G
[29705,29791]	[29791,end]	T
>Path_11:0.05506417569448022
[start,55]	[55,60]	A
[55,60]	[60,61]	T
[60,61]	[61,66]	G
[61,66]	[27754,27876]	splice
[27754,27876]	[27876,27883]	T
[27876,27883]	[27883,28249]	C
[27883,28249]	[28249,28260]	A
[28249,28260]	[28260,28261]	A
[28260,28261]	[28261,28519]	C
[28261,28519]	[28519,28571]	C
[28519,28571]	[28571,29061]	A
[28571,29061]	[29061,29089]	C
[29061,29089]	[29089,29705]	A
[29089,29705]	[29705,29791]	G
[29705,29791]	[29791,end]	T
>Path_12:0.001147170326968338
[start,55]	[55,60]	A
[55,60]	[60,61]	T
[60,61]	[61,66]	G
[61,66]	[28260,28261]	splice
[28260,28261]	[28261,28519]	C
[28261,28519]	[28519,28571]	C
[28519,28571]	[28571,29061]	A
[28571,29061]	[29061,29089]	C
[29061,29089]	[29089,29705]	A
[29089,29705]	[29705,29791]	G
[29705,29791]	[29791,end]	T
>Path_13:0.2844982410881478
[start,55]	[55,60]	A
[55,60]	[60,61]	T
[60,61]	[61,66]	G
[61,66]	[66,67]	C
[66,67]	[28261,28519]	splice
[28261,28519]	[28519,28571]	C
[28519,28571]	[28571,29061]	A
[28571,29061]	[29061,29089]	C
[29061,29089]	[29089,29705]	A
[29089,29705]	[29705,29791]	G
[29705,29791]	[29791,end]	T
>Path_28:0.0002867925817420845
[start,55]	[55,60]	A
[55,60]	[60,61]	T
[60,61]	[61,66]	G
[61,66]	[66,67]	C
[66,67]	[67,26234]	T
[67,26234]	[26234,26464]	A
[26234,26464]	[26464,26780]	C
[26464,26780]	[26817,27037]	splice
[26817,27037]	[27037,27260]	C
[27037,27260]	[27260,27286]	G
[27260,27286]	[27286,27378]	C
[27286,27378]	[27378,27754]	G
[27378,27754]	[27754,27876]	G
[27754,27876]	[27876,27883]	T
[27876,27883]	[27883,28249]	C
[27883,28249]	[28249,28260]	A
[28249,28260]	[28260,28261]	A
[28260,28261]	[28261,28519]	C
[28261,28519]	[28519,28571]	C
[28519,28571]	[28571,29061]	A
[28571,29061]	[29061,29089]	C
[29061,29089]	[29089,29705]	A
[29089,29705]	[29705,29791]	G
[29705,29791]	[29791,end]	T
>Path_33:0.00014339629087104224
[start,55]	[55,60]	A
[55,60]	[60,61]	T
[60,61]	[26464,26780]	splice
[26464,26780]	[26817,27037]	splice
[26817,27037]	[27037,27260]	C
[27037,27260]	[27260,27286]	G
[27260,27286]	[27286,27378]	C
[27286,27378]	[27378,27754]	G
[27378,27754]	[27754,27876]	G
[27754,27876]	[27876,27883]	T
[27876,27883]	[27883,28249]	C
[27883,28249]	[28249,28260]	A
[28249,28260]	[28260,28261]	A
[28260,28261]	[28261,28519]	C
[28261,28519]	[28519,28571]	C
[28519,28571]	[28571,29061]	A
[28571,29061]	[29061,29089]	C
[29061,29089]	[29089,29705]	A
[29089,29705]	[29705,29791]	G
[29705,29791]	[29791,end]	T
>Path_61:0.000573585163484169
[start,55]	[55,60]	A
[55,60]	[60,61]	T
[60,61]	[26464,26780]	splice
[26464,26780]	[26780,26817]	T
[26780,26817]	[26817,27037]	T
[26817,27037]	[27037,27260]	C
[27037,27260]	[27286,27378]	splice
[27286,27378]	[27378,27754]	G
[27378,27754]	[27754,27876]	G
[27754,27876]	[27876,27883]	T
[27876,27883]	[27883,28249]	C
[27883,28249]	[28249,28260]	A
[28249,28260]	[28260,28261]	A
[28260,28261]	[28261,28519]	C
[28261,28519]	[28519,28571]	C
[28519,28571]	[28571,29061]	A
[28571,29061]	[29061,29089]	C
[29061,29089]	[29089,29705]	A
[29089,29705]	[29705,29791]	G
[29705,29791]	[29791,end]	T
>Path_114:0.002294340653936676
[start,55]	[28249,28260]	splice
[28249,28260]	[28260,28261]	A
[28260,28261]	[28261,28519]	C
[28261,28519]	[28571,29061]	splice
[28571,29061]	[29061,29089]	C
[29061,29089]	[29089,29705]	A
[29089,29705]	[29705,29791]	G
[29705,29791]	[29791,end]	T
>Path_122:0.009177362615746703
[start,55]	[55,60]	A
[55,60]	[60,61]	T
[60,61]	[28261,28519]	splice
[28261,28519]	[28571,29061]	splice
[28571,29061]	[29061,29089]	C
[29061,29089]	[29089,29705]	A
[29089,29705]	[29705,29791]	G
[29705,29791]	[29791,end]	T
>Path_125:0.009177362615746703
[start,55]	[55,60]	A
[55,60]	[60,61]	T
[60,61]	[61,66]	G
[61,66]	[66,67]	C
[66,67]	[28261,28519]	splice
[28261,28519]	[28571,29061]	splice
[28571,29061]	[29061,29089]	C
[29061,29089]	[29089,29705]	A
[29089,29705]	[29705,29791]	G
[29705,29791]	[29791,end]	T
>Path_230:0.0008603777452262535
[start,55]	[55,60]	A
[55,60]	[60,61]	T
[60,61]	[27037,27260]	splice
[27037,27260]	[27260,27286]	G
[27260,27286]	[27286,27378]	C
[27286,27378]	[27378,27754]	G
[27378,27754]	[27754,27876]	G
[27754,27876]	[27876,27883]	T
[27876,27883]	[27883,28249]	C
[27883,28249]	[28249,28260]	A
[28249,28260]	[28260,28261]	A
[28260,28261]	[28261,28519]	C
[28261,28519]	[28519,28571]	C
[28519,28571]	[28571,29061]	A
[28571,29061]	[29089,29705]	splice
[29089,29705]	[29705,29791]	G
[29705,29791]	[29791,end]	T
>Path_286:0.0002867925817420845
[start,55]	[55,60]	A
[55,60]	[60,61]	T
[60,61]	[27037,27260]	splice
[27037,27260]	[27286,27378]	splice
[27286,27378]	[27378,27754]	G
[27378,27754]	[27754,27876]	G
[27754,27876]	[27876,27883]	T
[27876,27883]	[27883,28249]	C
[27883,28249]	[28249,28260]	A
[28249,28260]	[28260,28261]	A
[28260,28261]	[28261,28519]	C
[28261,28519]	[28519,28571]	C
[28519,28571]	[28571,29061]	A
[28571,29061]	[29089,29705]	splice
[29089,29705]	[29705,29791]	G
[29705,29791]	[29791,end]	T
>Path_449:0.02050566959455904
[start,55]	[27876,27883]	splice
[27876,27883]	[27883,28249]	C
[27883,28249]	[28249,28260]	A
[28249,28260]	[28260,28261]	A
[28260,28261]	[28261,28519]	C
[28261,28519]	[28519,28571]	C
[28519,28571]	[28571,29061]	A
[28571,29061]	[29061,29089]	C
[29061,29089]	[29089,29705]	A
[29089,29705]	[29791,end]	splice
>Path_480:0.00014339629087104224
[start,55]	[55,60]	A
[55,60]	[60,61]	T
[60,61]	[26234,26464]	splice
[26234,26464]	[26464,26780]	C
[26464,26780]	[26817,27037]	splice
[26817,27037]	[27037,27260]	C
[27037,27260]	[27260,27286]	G
[27260,27286]	[27286,27378]	C
[27286,27378]	[27378,27754]	G
[27378,27754]	[27754,27876]	G
[27754,27876]	[27876,27883]	T
[27876,27883]	[27883,28249]	C
[27883,28249]	[28249,28260]	A
[28249,28260]	[28260,28261]	A
[28260,28261]	[28261,28519]	C
[28261,28519]	[28519,28571]	C
[28519,28571]	[28571,29061]	A
[28571,29061]	[29061,29089]	C
[29061,29089]	[29089,29705]	A
[29089,29705]	[29791,end]	splice
>Path_561:0.009177362615746703
[start,55]	[27876,27883]	splice
[27876,27883]	[27883,28249]	C
[27883,28249]	[28249,28260]	A
[28249,28260]	[28260,28261]	A
[28260,28261]	[28261,28519]	C
[28261,28519]	[28571,29061]	splice
[28571,29061]	[29061,29089]	C
[29061,29089]	[29089,29705]	A
[29089,29705]	[29791,end]	splice
>Path_569:0.006883021961810028
[start,55]	[55,60]	A
[55,60]	[60,61]	T
[60,61]	[28249,28260]	splice
[28249,28260]	[28260,28261]	A
[28260,28261]	[28261,28519]	C
[28261,28519]	[28571,29061]	splice
[28571,29061]	[29061,29089]	C
[29061,29089]	[29089,29705]	A
[29089,29705]	[29791,end]	splice
