>Path_0:0.00028670980258336273
[start,55]	[55,60]	A
[55,60]	[60,61]	T
[60,61]	[61,66]	G
[61,66]	[66,67]	C
[66,67]	[67,26234]	T
[67,26234]	[26234,26464]	A
[26234,26464]	[26464,26780]	C
[26464,26780]	[26780,26817]	T
[26780,26817]	[26817,27037]	T
[26817,27037]	[27037,27260]	C
[27037,27260]	[27260,27286]	G
[27260,27286]	[27286,27378]	C
[27286,27378]	[27378,27754]	G
[27378,27754]	[27754,27876]	G
[27754,27876]	[27876,27883]	T
[27876,27883]	[27883,28249]	C
[27883,28249]	[28249,28260]	A
[28249,28260]	[28260,28261]	A
[28260,28261]	[28261,28519]	C
[28261,28519]	[28519,28571]	C
[28519,28571]	[28571,29061]	A
[28571,29061]	[29061,29089]	C
[29061,29089]	[29089,29705]	A
[29089,29705]	[29705,29791]	G
[29705,29791]	[29791,end]	T
>Path_2:0.07339770946134086
[start,55]	[28249,28260]	splice
[28249,28260]	[28260,28261]	A
[28260,28261]	[28261,28519]	C
[28261,28519]	[28519,28571]	C
[28519,28571]	[28571,29061]	A
[28571,29061]	[29061,29089]	C
[29061,29089]	[29089,29705]	A
[29089,29705]	[29705,29791]	G
[29705,29791]	[29791,end]	T
>Path_3:0.0008601294077500882
[start,55]	[55,60]	A
[55,60]	[28260,28261]	splice
[28260,28261]	[28261,28519]	C
[28261,28519]	[28519,28571]	C
[28519,28571]	[28571,29061]	A
[28571,29061]	[29061,29089]	C
[29061,29089]	[29089,29705]	A
[29089,29705]	[29705,29791]	G
[29705,29791]	[29791,end]	T
>Path_4:0.0043006470387504415
[start,55]	[55,60]	A
[55,60]	[60,61]	T
[60,61]	[26234,26464]	splice
[26234,26464]	[26464,26780]	C
[26464,26780]	[26780,26817]	T
[26780,26817]	[26817,27037]	T
[26817,27037]	[27037,27260]	C
[27037,27260]	[27260,27286]	G
[27260,27286]	[27286,27378]	C
[27286,27378]	[27378,27754]	G
[27378,27754]	[27754,27876]	G
[27754,27876]	[27876,27883]	T
[27876,27883]	[27883,28249]	C
[27883,28249]	[28249,28260]	A
[28249,28260]	[28260,28261]	A
[28260,28261]	[28261,28519]	C
[28261,28519]	[28519,28571]	C
[28519,28571]	[28571,29061]	A
[28571,29061]	[29061,29089]	C
[29061,29089]	[29089,29705]	A
[29089,29705]	[29705,29791]	G
[29705,29791]	[29791,end]	T
>Path_6:0.0043006470387504415
[start,55]	[55,60]	A
[55,60]	[60,61]	T
[60,61]	[27037,27260]	splice
[27037,27260]	[27260,27286]	G
[27260,27286]	[27286,27378]	C
[27286,27378]	[27378,27754]	G
[27378,27754]	[27754,27876]	G
[27754,27876]	[27876,27883]	T
[27876,27883]	[27883,28249]	C
[27883,28249]	[28249,28260]	A
[28249,28260]	[28260,28261]	A
[28260,28261]	[28261,28519]	C
[28261,28519]	[28519,28571]	C
[28519,28571]	[28571,29061]	A
[28571,29061]	[29061,29089]	C
[29061,29089]	[29089,29705]	A
[29089,29705]	[29705,29791]	G
[29705,29791]	[29791,end]	T
>Path_7:0.008027874472334157
[start,55]	[55,60]	A
[55,60]	[60,61]	T
[60,61]	[27378,27754]	splice
[27378,27754]	[27754,27876]	G
[27754,27876]	[27876,27883]	T
[27876,27883]	[27883,28249]	C
[27883,28249]	[28249,28260]	A
[28249,28260]	[28260,28261]	A
[28260,28261]	[28261,28519]	C
[28261,28519]	[28519,28571]	C
[28519,28571]	[28571,29061]	A
[28571,29061]	[29061,29089]	C
[29061,29089]	[29089,29705]	A
[29089,29705]	[29705,29791]	G
[29705,29791]	[29791,end]	T
>Path_8:0.07339770946134086
[start,55]	[55,60]	A
[55,60]	[60,61]	T
[60,61]	[27883,28249]	splice
[27883,28249]	[28249,28260]	A
[28249,28260]	[28260,28261]	A
[28260,28261]	[28261,28519]	C
[28261,28519]	[28519,28571]	C
[28519,28571]	[28571,29061]	A
[28571,29061]	[29061,29089]	C
[29061,29089]	[29089,29705]	A
[29089,29705]	[29705,29791]	G
[29705,29791]	[29791,end]	T
>Path_9:0.14034444836455606
[start,55]	[55,60]	A
[55,60]	[60,61]	T
[60,61]	[28249,28260]	splice
[28249,28260]	[28260,28261]	A
[28260,28261]	[28261,28519]	C
[28261,28519]	[28519,28571]	C
[28519,28571]	[28571,29061]	A
[28571,29061]	[29061,29089]	C
[29061,29089]	[29089,29705]	A
[29089,29705]	[29705,29791]	G
[29705,29791]	[29791,end]	T
>Path_10:0.28441612416269585
[start,55]	[55,60]	A
[55,60]	[60,61]	T
[60,61]	[28261,28519]	splice
[28261,28519]	[28519,28571]	C
[28519,28571]	[28571,29061]	A
[28571,29061]	[29061,29089]	C
[29061,29089]	[29089,29705]	A
[29089,29705]	[29705,29791]	G
[29705,29791]	[29791,end]	T
>Path_11:0.055048282096005645
[start,55]	[55,60]	A
[55,60]	[60,61]	T
[60,61]	[61,66]	G
[61,66]	[27754,27876]	splice
[27754,27876]	[27876,27883]	T
[27876,27883]	[27883,28249]	C
[27883,28249]	[28249,28260]	A
[28249,28260]	[28260,28261]	A
[28260,28261]	[28261,28519]	C
[28261,28519]	[28519,28571]	C
[28519,28571]	[28571,29061]	A
[28571,29061]	[29061,29089]	C
[29061,29089]	[29089,29705]	A
[29089,29705]	[29705,29791]	G
[29705,29791]	[29791,end]	T
>Path_13:0.28441612416269585
[start,55]	[55,60]	A
[55,60]	[60,61]	T
[60,61]	[61,66]	G
[61,66]	[66,67]	C
[66,67]	[28261,28519]	splice
[28261,28519]	[28519,28571]	C
[28519,28571]	[28571,29061]	A
[28571,29061]	[29061,29089]	C
[29061,29089]	[29089,29705]	A
[29089,29705]	[29705,29791]	G
[29705,29791]	[29791,end]	T
>Path_62:0.00028670980258336273
[start,55]	[55,60]	A
[55,60]	[60,61]	T
[60,61]	[27037,27260]	splice
[27037,27260]	[27286,27378]	splice
[27286,27378]	[27378,27754]	G
[27378,27754]	[27754,27876]	G
[27754,27876]	[27876,27883]	T
[27876,27883]	[27883,28249]	C
[27883,28249]	[28249,28260]	A
[28249,28260]	[28260,28261]	A
[28260,28261]	[28261,28519]	C
[28261,28519]	[28519,28571]	C
[28519,28571]	[28571,29061]	A
[28571,29061]	[29061,29089]	C
[29061,29089]	[29089,29705]	A
[29089,29705]	[29705,29791]	G
[29705,29791]	[29791,end]	T
>Path_113:0.006120469344773082
[start,55]	[27876,27883]	splice
[27876,27883]	[27883,28249]	C
[27883,28249]	[28249,28260]	A
[28249,28260]	[28260,28261]	A
[28260,28261]	[28261,28519]	C
[28261,28519]	[28571,29061]	splice
[28571,29061]	[29061,29089]	C
[29061,29089]	[29089,29705]	A
[29089,29705]	[29705,29791]	G
[29705,29791]	[29791,end]	T
>Path_114:0.002293678420666902
[start,55]	[28249,28260]	splice
[28249,28260]	[28260,28261]	A
[28260,28261]	[28261,28519]	C
[28261,28519]	[28571,29061]	splice
[28571,29061]	[29061,29089]	C
[29061,29089]	[29089,29705]	A
[29089,29705]	[29705,29791]	G
[29705,29791]	[29791,end]	T
>Path_121:0.006450970558125663
[start,55]	[55,60]	A
[55,60]	[60,61]	T
[60,61]	[28249,28260]	splice
[28249,28260]	[28260,28261]	A
[28260,28261]	[28261,28519]	C
[28261,28519]	[28571,29061]	splice
[28571,29061]	[29061,29089]	C
[29061,29089]	[29089,29705]	A
[29089,29705]	[29705,29791]	G
[29705,29791]	[29791,end]	T
>Path_122:0.009174713682667607
[start,55]	[55,60]	A
[55,60]	[60,61]	T
[60,61]	[28261,28519]	splice
[28261,28519]	[28571,29061]	splice
[28571,29061]	[29061,29089]	C
[29061,29089]	[29089,29705]	A
[29089,29705]	[29705,29791]	G
[29705,29791]	[29791,end]	T
>Path_125:0.009174713682667607
[start,55]	[55,60]	A
[55,60]	[60,61]	T
[60,61]	[61,66]	G
[61,66]	[66,67]	C
[66,67]	[28261,28519]	splice
[28261,28519]	[28571,29061]	splice
[28571,29061]	[29061,29089]	C
[29061,29089]	[29089,29705]	A
[29089,29705]	[29705,29791]	G
[29705,29791]	[29791,end]	T
>Path_257:0.00014335490129168137
[start,55]	[55,60]	A
[55,60]	[60,61]	T
[60,61]	[26464,26780]	splice
[26464,26780]	[26817,27037]	splice
[26817,27037]	[27037,27260]	C
[27037,27260]	[27260,27286]	G
[27260,27286]	[27286,27378]	C
[27286,27378]	[27378,27754]	G
[27378,27754]	[27754,27876]	G
[27754,27876]	[27876,27883]	T
[27876,27883]	[27883,28249]	C
[27883,28249]	[28249,28260]	A
[28249,28260]	[28260,28261]	A
[28260,28261]	[28261,28519]	C
[28261,28519]	[28519,28571]	C
[28519,28571]	[28571,29061]	A
[28571,29061]	[29089,29705]	splice
[29089,29705]	[29705,29791]	G
[29705,29791]	[29791,end]	T
>Path_285:0.0004300647038750441
[start,55]	[55,60]	A
[55,60]	[60,61]	T
[60,61]	[26464,26780]	splice
[26464,26780]	[26780,26817]	T
[26780,26817]	[26817,27037]	T
[26817,27037]	[27037,27260]	C
[27037,27260]	[27286,27378]	splice
[27286,27378]	[27378,27754]	G
[27378,27754]	[27754,27876]	G
[27754,27876]	[27876,27883]	T
[27876,27883]	[27883,28249]	C
[27883,28249]	[28249,28260]	A
[28249,28260]	[28260,28261]	A
[28260,28261]	[28261,28519]	C
[28261,28519]	[28519,28571]	C
[28519,28571]	[28571,29061]	A
[28571,29061]	[29089,29705]	splice
[29089,29705]	[29705,29791]	G
[29705,29791]	[29791,end]	T
>Path_313:0.0004300647038750441
[start,55]	[55,60]	A
[55,60]	[60,61]	T
[60,61]	[26464,26780]	splice
[26464,26780]	[26817,27037]	splice
[26817,27037]	[27037,27260]	C
[27037,27260]	[27286,27378]	splice
[27286,27378]	[27378,27754]	G
[27378,27754]	[27754,27876]	G
[27754,27876]	[27876,27883]	T
[27876,27883]	[27883,28249]	C
[27883,28249]	[28249,28260]	A
[28249,28260]	[28260,28261]	A
[28260,28261]	[28261,28519]	C
[28261,28519]	[28519,28571]	C
[28519,28571]	[28571,29061]	A
[28571,29061]	[29089,29705]	splice
[29089,29705]	[29705,29791]	G
[29705,29791]	[29791,end]	T
>Path_449:0.03206770647856741
[start,55]	[27876,27883]	splice
[27876,27883]	[27883,28249]	C
[27883,28249]	[28249,28260]	A
[28249,28260]	[28260,28261]	A
[28260,28261]	[28261,28519]	C
[28261,28519]	[28519,28571]	C
[28519,28571]	[28571,29061]	A
[28571,29061]	[29061,29089]	C
[29061,29089]	[29089,29705]	A
[29089,29705]	[29791,end]	splice
>Path_452:0.00014335490129168137
[start,55]	[55,60]	A
[55,60]	[60,61]	T
[60,61]	[26234,26464]	splice
[26234,26464]	[26464,26780]	C
[26464,26780]	[26780,26817]	T
[26780,26817]	[26817,27037]	T
[26817,27037]	[27037,27260]	C
[27037,27260]	[27260,27286]	G
[27260,27286]	[27286,27378]	C
[27286,27378]	[27378,27754]	G
[27378,27754]	[27754,27876]	G
[27754,27876]	[27876,27883]	T
[27876,27883]	[27883,28249]	C
[27883,28249]	[28249,28260]	A
[28249,28260]	[28260,28261]	A
[28260,28261]	[28261,28519]	C
[28261,28519]	[28519,28571]	C
[28519,28571]	[28571,29061]	A
[28571,29061]	[29061,29089]	C
[29061,29089]	[29089,29705]	A
[29089,29705]	[29791,end]	splice
>Path_460:0.0008601294077500882
[start,55]	[55,60]	A
[55,60]	[60,61]	T
[60,61]	[61,66]	G
[61,66]	[28260,28261]	splice
[28260,28261]	[28261,28519]	C
[28261,28519]	[28519,28571]	C
[28519,28571]	[28571,29061]	A
[28571,29061]	[29061,29089]	C
[29061,29089]	[29089,29705]	A
[29089,29705]	[29791,end]	splice
>Path_561:0.0030542443378945255
[start,55]	[27876,27883]	splice
[27876,27883]	[27883,28249]	C
[27883,28249]	[28249,28260]	A
[28249,28260]	[28260,28261]	A
[28260,28261]	[28261,28519]	C
[28261,28519]	[28571,29061]	splice
[28571,29061]	[29061,29089]	C
[29061,29089]	[29089,29705]	A
[29089,29705]	[29791,end]	splice
>Path_563:0.00014335490129168137
[start,55]	[55,60]	A
[55,60]	[28260,28261]	splice
[28260,28261]	[28261,28519]	C
[28261,28519]	[28571,29061]	splice
[28571,29061]	[29061,29089]	C
[29061,29089]	[29089,29705]	A
[29089,29705]	[29791,end]	splice
>Path_572:0.00028670980258336273
[start,55]	[55,60]	A
[55,60]	[60,61]	T
[60,61]	[61,66]	G
[61,66]	[28260,28261]	splice
[28260,28261]	[28261,28519]	C
[28261,28519]	[28571,29061]	splice
[28571,29061]	[29061,29089]	C
[29061,29089]	[29089,29705]	A
[29089,29705]	[29791,end]	splice
>Path_675:0.00014335490129168137
[start,55]	[55,60]	A
[55,60]	[28260,28261]	splice
[28260,28261]	[28261,28519]	C
[28261,28519]	[28519,28571]	C
[28519,28571]	[28571,29061]	A
[28571,29061]	[29089,29705]	splice
[29089,29705]	[29791,end]	splice
