>phasing0	29659
+	61	28261
-	55	27876
-	55	28249
-	60	28260
>phasing1	17943
+	61	28249
-	55	27876
-	55	28249
-	60	28260
-	61	28261
-	66	28260
-	67	28261
>phasing2	33999
+	67	28261
-	55	27876
-	55	28249
-	60	28260
-	61	26234
-	61	26464
-	61	27037
-	61	27378
-	61	27883
-	61	28249
-	61	28261
-	66	27754
-	66	28260
>phasing3	11345
-	55	27876
-	55	28249
-	60	28260
-	61	26234
-	61	26464
-	61	27037
-	61	27378
-	61	27883
-	61	28249
-	61	28261
-	66	27754
-	66	28260
-	67	28261
>phasing4	176
+	61	26234
-	55	27876
-	55	28249
-	60	28260
-	61	26464
-	61	27037
-	61	27378
-	61	27883
-	61	28249
-	61	28261
-	66	27754
-	66	28260
-	67	28261
>phasing5	4505
-	55	27876
-	55	28249
-	60	28260
-	61	26464
-	61	27037
-	61	27378
-	61	27883
-	61	28249
-	61	28261
-	66	27754
-	66	28260
-	67	28261
>phasing6	312
+	61	26464
-	55	27876
-	55	28249
-	60	28260
-	61	27037
-	61	27378
-	61	27883
-	61	28249
-	61	28261
-	66	27754
-	66	28260
-	67	28261
>phasing7	3771
-	55	27876
-	55	28249
-	60	28260
-	61	27037
-	61	27378
-	61	27883
-	61	28249
-	61	28261
-	66	27754
-	66	28260
-	67	28261
>phasing8	1901
-	55	27876
-	55	28249
-	60	28260
-	61	27037
-	61	27378
-	61	27883
-	61	28249
-	61	28261
-	66	27754
-	66	28260
-	67	28261
-	26780	26817
>phasing9	140
+	26780	26817
-	55	27876
-	55	28249
-	60	28260
-	61	27037
-	61	27378
-	61	27883
-	61	28249
-	61	28261
-	66	27754
-	66	28260
-	67	28261
>phasing10	647
+	61	27037
-	55	27876
-	55	28249
-	60	28260
-	61	27378
-	61	27883
-	61	28249
-	61	28261
-	66	27754
-	66	28260
-	67	28261
>phasing11	3868
-	55	27876
-	55	28249
-	60	28260
-	61	27378
-	61	27883
-	61	28249
-	61	28261
-	66	27754
-	66	28260
-	67	28261
>phasing12	3736
-	55	27876
-	55	28249
-	60	28260
-	61	27378
-	61	27883
-	61	28249
-	61	28261
-	66	27754
-	66	28260
-	67	28261
-	27260	27286
>phasing13	115
-	55	27876
-	55	28249
-	60	28260
-	61	27037
-	61	27378
-	61	27883
-	61	28249
-	61	28261
-	66	27754
-	66	28260
-	67	28261
-	27260	27286
>phasing14	147
+	61	27037
-	55	27876
-	55	28249
-	60	28260
-	61	27378
-	61	27883
-	61	28249
-	61	28261
-	66	27754
-	66	28260
-	67	28261
-	27260	27286
>phasing15	7
+	27260	27286
-	55	27876
-	55	28249
-	60	28260
-	61	27037
-	61	27378
-	61	27883
-	61	28249
-	61	28261
-	66	27754
-	66	28260
-	67	28261
>phasing16	15
+	61	27037
+	27260	27286
-	55	27876
-	55	28249
-	60	28260
-	61	27378
-	61	27883
-	61	28249
-	61	28261
-	66	27754
-	66	28260
-	67	28261
>phasing17	222
+	27260	27286
-	55	27876
-	55	28249
-	60	28260
-	61	27378
-	61	27883
-	61	28249
-	61	28261
-	66	27754
-	66	28260
-	67	28261
>phasing18	1
-	55	27876
-	55	28249
-	60	28260
-	61	26234
-	61	26464
-	61	27037
-	61	27378
-	61	27883
-	61	28249
-	61	28261
-	66	27754
-	66	28260
-	67	28261
-	27260	27286
>phasing19	963
+	61	27378
-	55	27876
-	55	28249
-	60	28260
-	61	27883
-	61	28249
-	61	28261
-	66	27754
-	66	28260
-	67	28261
>phasing20	14990
-	55	27876
-	55	28249
-	60	28260
-	61	27883
-	61	28249
-	61	28261
-	66	27754
-	66	28260
-	67	28261
>phasing21	5653
+	66	27754
-	55	27876
-	55	28249
-	60	28260
-	61	26234
-	61	26464
-	61	27037
-	61	27378
-	61	27883
-	61	28249
-	61	28261
-	66	28260
-	67	28261
>phasing22	15802
-	55	27876
-	55	28249
-	60	28260
-	61	27883
-	61	28249
-	61	28261
-	66	28260
-	67	28261
>phasing23	6481
+	55	27876
-	55	28249
-	60	28260
-	61	27883
-	61	28249
-	61	28261
-	66	28260
-	67	28261
>phasing24	7362
+	61	27883
-	55	27876
-	55	28249
-	60	28260
-	61	28249
-	61	28261
-	66	28260
-	67	28261
>phasing25	64
-	55	27876
-	55	28249
-	60	28260
-	61	26234
-	61	26464
-	61	27037
-	61	27378
-	61	27883
-	61	28249
-	61	28261
-	66	28260
-	67	28261
>phasing26	2006
-	55	28249
-	60	28260
-	61	27883
-	61	28249
-	61	28261
-	66	28260
-	67	28261
>phasing27	138007
-	55	28249
-	60	28260
-	61	28249
-	61	28261
-	66	28260
-	67	28261
>phasing28	8454
+	55	28249
-	60	28260
-	61	28261
-	66	28260
-	67	28261
>phasing29	128
+	60	28260
-	55	27876
-	55	28249
-	61	28261
-	67	28261
>phasing30	161
+	66	28260
-	55	27876
-	55	28249
-	60	28260
-	61	26234
-	61	26464
-	61	27037
-	61	27378
-	61	27883
-	61	28249
-	61	28261
-	67	28261
>phasing31	89
-	55	27876
-	55	28249
-	60	28260
-	61	28249
-	61	28261
-	66	28260
-	67	28261
>phasing32	54
-	55	27876
-	55	28249
-	60	28260
-	61	28261
-	66	28260
-	67	28261
>phasing33	35
-	55	27876
-	55	28249
-	60	28260
-	61	26234
-	61	26464
-	61	27037
-	61	27378
-	61	27883
-	61	28249
-	61	28261
>phasing34	1662079
>phasing35	9072
-	60	28260
-	61	28261
-	66	28260
-	67	28261
>phasing36	673
-	61	28261
-	67	28261
>phasing37	396179
-	28519	28571
>phasing38	491
-	55	28249
-	60	28260
-	61	28249
-	61	28261
-	66	28260
-	67	28261
-	28519	28571
>phasing39	1192
-	60	28260
-	61	28261
-	66	28260
-	67	28261
-	28519	28571
>phasing40	129
-	61	28261
-	67	28261
-	28519	28571
>phasing41	313
+	61	28249
-	55	27876
-	55	28249
-	60	28260
-	61	28261
-	66	28260
-	67	28261
-	28519	28571
>phasing42	2475
-	55	27876
-	55	28249
-	60	28260
-	61	26234
-	61	26464
-	61	27037
-	61	27378
-	61	27883
-	61	28249
-	61	28261
-	66	27754
-	66	28260
-	67	28261
-	28519	28571
>phasing43	1203
+	67	28261
-	55	27876
-	55	28249
-	60	28260
-	61	26234
-	61	26464
-	61	27037
-	61	27378
-	61	27883
-	61	28249
-	61	28261
-	66	27754
-	66	28260
-	28519	28571
>phasing44	1125
+	61	28261
-	55	27876
-	55	28249
-	60	28260
-	28519	28571
>phasing45	1
-	55	27876
-	55	28249
-	60	28260
-	61	28261
-	66	28260
-	67	28261
-	28519	28571
>phasing46	184
+	55	28249
-	60	28260
-	61	28261
-	66	28260
-	67	28261
-	28519	28571
>phasing47	92
+	28519	28571
-	60	28260
-	61	28261
-	66	28260
-	67	28261
>phasing48	15530
+	28519	28571
>phasing49	36
+	28519	28571
-	55	28249
-	60	28260
-	61	28249
-	61	28261
-	66	28260
-	67	28261
>phasing50	53
+	28519	28571
-	55	27876
-	55	28249
-	60	28260
-	61	26234
-	61	26464
-	61	27037
-	61	27378
-	61	27883
-	61	28249
-	61	28261
-	66	27754
-	66	28260
-	67	28261
>phasing51	31
+	61	28249
+	28519	28571
-	55	27876
-	55	28249
-	60	28260
-	61	28261
-	66	28260
-	67	28261
>phasing52	116
+	67	28261
+	28519	28571
-	55	27876
-	55	28249
-	60	28260
-	61	26234
-	61	26464
-	61	27037
-	61	27378
-	61	27883
-	61	28249
-	61	28261
-	66	27754
-	66	28260
>phasing53	4
+	28519	28571
-	61	28261
-	67	28261
>phasing54	105
+	61	28261
+	28519	28571
-	55	27876
-	55	28249
-	60	28260
>phasing55	16
+	55	28249
+	28519	28571
-	60	28260
-	61	28261
-	66	28260
-	67	28261
>phasing56	1
+	28519	28571
-	55	27876
-	55	28249
-	60	28260
-	61	28249
-	61	28261
-	66	28260
-	67	28261
>phasing57	2
+	60	28260
-	55	27876
-	55	28249
-	61	28261
-	67	28261
-	28519	28571
>phasing58	3
+	66	28260
-	55	27876
-	55	28249
-	60	28260
-	61	26234
-	61	26464
-	61	27037
-	61	27378
-	61	27883
-	61	28249
-	61	28261
-	67	28261
-	28519	28571
>phasing59	2
-	55	27876
-	55	28249
-	60	28260
-	61	27037
-	61	27378
-	61	27883
-	61	28249
-	61	28261
-	66	27754
-	66	28260
-	67	28261
-	28519	28571
>phasing60	2
-	55	27876
-	55	28249
-	60	28260
-	61	26234
-	61	26464
-	61	27037
-	61	27378
-	61	27883
-	61	28249
-	61	28261
-	66	28260
-	67	28261
-	28519	28571
>phasing61	364343
-	29061	29089
>phasing62	380
+	29061	29089
>phasing63	14
-	55	27876
-	55	28249
-	60	28260
-	61	27883
-	61	28249
-	61	28261
-	66	27754
-	66	28260
-	67	28261
-	29061	29089
>phasing64	63
-	55	27876
-	55	28249
-	60	28260
-	61	26234
-	61	26464
-	61	27037
-	61	27378
-	61	27883
-	61	28249
-	61	28261
-	66	27754
-	66	28260
-	67	28261
-	29061	29089
>phasing65	1
+	29061	29089
-	55	27876
-	55	28249
-	60	28260
-	61	26234
-	61	26464
-	61	27037
-	61	27378
-	61	27883
-	61	28249
-	61	28261
-	66	27754
-	66	28260
-	67	28261
>phasing66	225331
-	29705	29791
>phasing67	399
-	55	27876
-	55	28249
-	60	28260
-	61	26464
-	61	27037
-	61	27378
-	61	27883
-	61	28249
-	61	28261
-	66	27754
-	66	28260
-	67	28261
-	29705	29791
>phasing68	4028
+	29705	29791
>phasing69	17
+	29705	29791
-	55	27876
-	55	28249
-	60	28260
-	61	26464
-	61	27037
-	61	27378
-	61	27883
-	61	28249
-	61	28261
-	66	27754
-	66	28260
-	67	28261
>phasing70	939
-	55	27876
-	55	28249
-	60	28260
-	61	26234
-	61	26464
-	61	27037
-	61	27378
-	61	27883
-	61	28249
-	61	28261
-	66	27754
-	66	28260
-	67	28261
-	29705	29791
>phasing71	15
+	29705	29791
-	55	27876
-	55	28249
-	60	28260
-	61	26234
-	61	26464
-	61	27037
-	61	27378
-	61	27883
-	61	28249
-	61	28261
-	66	27754
-	66	28260
-	67	28261
