>phasing0	34153
+	67	28261
-	55	27876
-	55	28249
-	60	28260
-	61	26234
-	61	26464
-	61	27037
-	61	27378
-	61	27883
-	61	28249
-	61	28261
-	66	27754
-	66	28260
>phasing1	5632
+	66	27754
-	55	27876
-	55	28249
-	60	28260
-	61	26234
-	61	26464
-	61	27037
-	61	27378
-	61	27883
-	61	28249
-	61	28261
-	66	28260
-	67	28261
>phasing2	10988
-	55	27876
-	55	28249
-	60	28260
-	61	26234
-	61	26464
-	61	27037
-	61	27378
-	61	27883
-	61	28249
-	61	28261
-	66	27754
-	66	28260
-	67	28261
>phasing3	184
+	61	26234
-	55	27876
-	55	28249
-	60	28260
-	61	26464
-	61	27037
-	61	27378
-	61	27883
-	61	28249
-	61	28261
-	66	27754
-	66	28260
-	67	28261
>phasing4	4697
-	55	27876
-	55	28249
-	60	28260
-	61	26464
-	61	27037
-	61	27378
-	61	27883
-	61	28249
-	61	28261
-	66	27754
-	66	28260
-	67	28261
>phasing5	337
+	61	26464
-	55	27876
-	55	28249
-	60	28260
-	61	27037
-	61	27378
-	61	27883
-	61	28249
-	61	28261
-	66	27754
-	66	28260
-	67	28261
>phasing6	3668
-	55	27876
-	55	28249
-	60	28260
-	61	27037
-	61	27378
-	61	27883
-	61	28249
-	61	28261
-	66	27754
-	66	28260
-	67	28261
>phasing7	1876
-	55	27876
-	55	28249
-	60	28260
-	61	27037
-	61	27378
-	61	27883
-	61	28249
-	61	28261
-	66	27754
-	66	28260
-	67	28261
-	26780	26817
>phasing8	114
+	26780	26817
-	55	27876
-	55	28249
-	60	28260
-	61	27037
-	61	27378
-	61	27883
-	61	28249
-	61	28261
-	66	27754
-	66	28260
-	67	28261
>phasing9	637
+	61	27037
-	55	27876
-	55	28249
-	60	28260
-	61	27378
-	61	27883
-	61	28249
-	61	28261
-	66	27754
-	66	28260
-	67	28261
>phasing10	4022
-	55	27876
-	55	28249
-	60	28260
-	61	27378
-	61	27883
-	61	28249
-	61	28261
-	66	27754
-	66	28260
-	67	28261
>phasing11	130
-	55	27876
-	55	28249
-	60	28260
-	61	27037
-	61	27378
-	61	27883
-	61	28249
-	61	28261
-	66	27754
-	66	28260
-	67	28261
-	27260	27286
>phasing12	3700
-	55	27876
-	55	28249
-	60	28260
-	61	27378
-	61	27883
-	61	28249
-	61	28261
-	66	27754
-	66	28260
-	67	28261
-	27260	27286
>phasing13	136
+	61	27037
-	55	27876
-	55	28249
-	60	28260
-	61	27378
-	61	27883
-	61	28249
-	61	28261
-	66	27754
-	66	28260
-	67	28261
-	27260	27286
>phasing14	10
+	61	27037
+	27260	27286
-	55	27876
-	55	28249
-	60	28260
-	61	27378
-	61	27883
-	61	28249
-	61	28261
-	66	27754
-	66	28260
-	67	28261
>phasing15	13
+	27260	27286
-	55	27876
-	55	28249
-	60	28260
-	61	27037
-	61	27378
-	61	27883
-	61	28249
-	61	28261
-	66	27754
-	66	28260
-	67	28261
>phasing16	239
+	27260	27286
-	55	27876
-	55	28249
-	60	28260
-	61	27378
-	61	27883
-	61	28249
-	61	28261
-	66	27754
-	66	28260
-	67	28261
>phasing17	1
-	55	27876
-	55	28249
-	60	28260
-	61	26234
-	61	26464
-	61	27037
-	61	27378
-	61	27883
-	61	28249
-	61	28261
-	66	27754
-	66	28260
-	67	28261
-	27260	27286
>phasing18	1008
+	61	27378
-	55	27876
-	55	28249
-	60	28260
-	61	27883
-	61	28249
-	61	28261
-	66	27754
-	66	28260
-	67	28261
>phasing19	15240
-	55	27876
-	55	28249
-	60	28260
-	61	27883
-	61	28249
-	61	28261
-	66	27754
-	66	28260
-	67	28261
>phasing20	15815
-	55	27876
-	55	28249
-	60	28260
-	61	27883
-	61	28249
-	61	28261
-	66	28260
-	67	28261
>phasing21	6456
+	55	27876
-	55	28249
-	60	28260
-	61	27883
-	61	28249
-	61	28261
-	66	28260
-	67	28261
>phasing22	7402
+	61	27883
-	55	27876
-	55	28249
-	60	28260
-	61	28249
-	61	28261
-	66	28260
-	67	28261
>phasing23	2051
-	55	28249
-	60	28260
-	61	27883
-	61	28249
-	61	28261
-	66	28260
-	67	28261
>phasing24	135961
-	55	28249
-	60	28260
-	61	28249
-	61	28261
-	66	28260
-	67	28261
>phasing25	81
-	55	27876
-	55	28249
-	60	28260
-	61	26234
-	61	26464
-	61	27037
-	61	27378
-	61	27883
-	61	28249
-	61	28261
-	66	28260
-	67	28261
>phasing26	17942
+	61	28249
-	55	27876
-	55	28249
-	60	28260
-	61	28261
-	66	28260
-	67	28261
>phasing27	8160
+	55	28249
-	60	28260
-	61	28261
-	66	28260
-	67	28261
>phasing28	29714
+	61	28261
-	55	27876
-	55	28249
-	60	28260
>phasing29	124
-	55	27876
-	55	28249
-	60	28260
-	61	28249
-	61	28261
-	66	28260
-	67	28261
>phasing30	51
-	55	27876
-	55	28249
-	60	28260
-	61	28261
-	66	28260
-	67	28261
>phasing31	9148
-	60	28260
-	61	28261
-	66	28260
-	67	28261
>phasing32	141
+	60	28260
-	55	27876
-	55	28249
-	61	28261
-	67	28261
>phasing33	150
+	66	28260
-	55	27876
-	55	28249
-	60	28260
-	61	26234
-	61	26464
-	61	27037
-	61	27378
-	61	27883
-	61	28249
-	61	28261
-	67	28261
>phasing34	1665656
>phasing35	48
-	55	27876
-	55	28249
-	60	28260
-	61	26234
-	61	26464
-	61	27037
-	61	27378
-	61	27883
-	61	28249
-	61	28261
>phasing36	697
-	61	28261
-	67	28261
>phasing37	395394
-	28519	28571
>phasing38	1228
-	60	28260
-	61	28261
-	66	28260
-	67	28261
-	28519	28571
>phasing39	127
-	61	28261
-	67	28261
-	28519	28571
>phasing40	464
-	55	28249
-	60	28260
-	61	28249
-	61	28261
-	66	28260
-	67	28261
-	28519	28571
>phasing41	314
+	61	28249
-	55	27876
-	55	28249
-	60	28260
-	61	28261
-	66	28260
-	67	28261
-	28519	28571
>phasing42	2096
-	55	27876
-	55	28249
-	60	28260
-	61	26234
-	61	26464
-	61	27037
-	61	27378
-	61	27883
-	61	28249
-	61	28261
-	66	27754
-	66	28260
-	67	28261
-	28519	28571
>phasing43	1099
+	67	28261
-	55	27876
-	55	28249
-	60	28260
-	61	26234
-	61	26464
-	61	27037
-	61	27378
-	61	27883
-	61	28249
-	61	28261
-	66	27754
-	66	28260
-	28519	28571
>phasing44	1220
+	61	28261
-	55	27876
-	55	28249
-	60	28260
-	28519	28571
>phasing45	151
+	55	28249
-	60	28260
-	61	28261
-	66	28260
-	67	28261
-	28519	28571
>phasing46	13
-	55	27876
-	55	28249
-	60	28260
-	61	26464
-	61	27037
-	61	27378
-	61	27883
-	61	28249
-	61	28261
-	66	27754
-	66	28260
-	67	28261
-	28519	28571
>phasing47	15610
+	28519	28571
>phasing48	96
+	28519	28571
-	60	28260
-	61	28261
-	66	28260
-	67	28261
>phasing49	39
+	28519	28571
-	55	28249
-	60	28260
-	61	28249
-	61	28261
-	66	28260
-	67	28261
>phasing50	29
+	61	28249
+	28519	28571
-	55	27876
-	55	28249
-	60	28260
-	61	28261
-	66	28260
-	67	28261
>phasing51	8
+	28519	28571
-	61	28261
-	67	28261
>phasing52	85
+	67	28261
+	28519	28571
-	55	27876
-	55	28249
-	60	28260
-	61	26234
-	61	26464
-	61	27037
-	61	27378
-	61	27883
-	61	28249
-	61	28261
-	66	27754
-	66	28260
>phasing53	93
+	61	28261
+	28519	28571
-	55	27876
-	55	28249
-	60	28260
>phasing54	1
+	60	28260
+	28519	28571
-	55	27876
-	55	28249
-	61	28261
-	67	28261
>phasing55	12
+	55	28249
+	28519	28571
-	60	28260
-	61	28261
-	66	28260
-	67	28261
>phasing56	40
+	28519	28571
-	55	27876
-	55	28249
-	60	28260
-	61	26234
-	61	26464
-	61	27037
-	61	27378
-	61	27883
-	61	28249
-	61	28261
-	66	27754
-	66	28260
-	67	28261
>phasing57	2
+	66	28260
+	28519	28571
-	55	27876
-	55	28249
-	60	28260
-	61	26234
-	61	26464
-	61	27037
-	61	27378
-	61	27883
-	61	28249
-	61	28261
-	67	28261
>phasing58	2
-	55	27876
-	55	28249
-	60	28260
-	61	26234
-	61	26464
-	61	27037
-	61	27378
-	61	27883
-	61	28249
-	61	28261
-	66	28260
-	67	28261
-	28519	28571
>phasing59	2
+	60	28260
-	55	27876
-	55	28249
-	61	28261
-	67	28261
-	28519	28571
>phasing60	1
-	55	27876
-	55	28249
-	60	28260
-	61	26234
-	61	26464
-	61	27037
-	61	27378
-	61	27883
-	61	28249
-	61	28261
-	28519	28571
>phasing61	1
-	55	27876
-	55	28249
-	60	28260
-	61	28249
-	61	28261
-	66	28260
-	67	28261
-	28519	28571
>phasing62	1
-	55	27876
-	55	28249
-	60	28260
-	61	28261
-	66	28260
-	67	28261
-	28519	28571
>phasing63	1
+	66	28260
-	55	27876
-	55	28249
-	60	28260
-	61	26234
-	61	26464
-	61	27037
-	61	27378
-	61	27883
-	61	28249
-	61	28261
-	67	28261
-	28519	28571
>phasing64	363506
-	29061	29089
>phasing65	55
-	55	27876
-	55	28249
-	60	28260
-	61	26234
-	61	26464
-	61	27037
-	61	27378
-	61	27883
-	61	28249
-	61	28261
-	66	27754
-	66	28260
-	67	28261
-	29061	29089
>phasing66	337
+	29061	29089
>phasing67	225701
-	29705	29791
>phasing68	392
-	55	27876
-	55	28249
-	60	28260
-	61	26464
-	61	27037
-	61	27378
-	61	27883
-	61	28249
-	61	28261
-	66	27754
-	66	28260
-	67	28261
-	29705	29791
>phasing69	3908
+	29705	29791
>phasing70	14
+	29705	29791
-	55	27876
-	55	28249
-	60	28260
-	61	26464
-	61	27037
-	61	27378
-	61	27883
-	61	28249
-	61	28261
-	66	27754
-	66	28260
-	67	28261
>phasing71	949
-	55	27876
-	55	28249
-	60	28260
-	61	26234
-	61	26464
-	61	27037
-	61	27378
-	61	27883
-	61	28249
-	61	28261
-	66	27754
-	66	28260
-	67	28261
-	29705	29791
>phasing72	15
+	29705	29791
-	55	27876
-	55	28249
-	60	28260
-	61	26234
-	61	26464
-	61	27037
-	61	27378
-	61	27883
-	61	28249
-	61	28261
-	66	27754
-	66	28260
-	67	28261
