55	27876	splice	6039
55	28249	splice	7930
60	28260	splice	144
61	26234	splice	184
61	26464	splice	303
61	27037	splice	717
61	27378	splice	891
61	27883	splice	7096
61	28249	splice	17276
61	28261	splice	29198
66	27754	splice	5324
66	28260	splice	148
67	28261	splice	34234
26780	26817	splice	147
27260	27286	splice	362
28519	28571	splice	18029
29061	29089	splice	429
29705	29791	splice	7111
27260	27260	G	0
26817	26817	T	0
66	66	C	0
67	67	T	0
29061	29061	C	0
29705	29705	G	0
27286	27286	C	0
28249	28249	A	0
28571	28571	A	0
26780	26780	T	0
27037	27037	C	0
29791	29791	T	0
26464	26464	C	0
29089	29089	A	0
27876	27876	T	0
28260	28260	A	0
28261	28261	C	0
28519	28519	C	0
27754	27754	G	0
27883	27883	C	0
27378	27378	G	0
55	55	A	0
26234	26234	A	0
60	60	T	0
61	61	G	0
