>Path_0:0.00020674166396892198
[start,55]	[55,60]	A
[55,60]	[60,61]	T
[60,61]	[61,66]	G
[61,66]	[66,67]	C
[66,67]	[67,27037]	T
[67,27037]	[27037,27378]	C
[27037,27378]	[27378,27754]	G
[27378,27754]	[27754,27876]	G
[27754,27876]	[27876,27883]	T
[27876,27883]	[27883,28249]	C
[27883,28249]	[28249,28260]	A
[28249,28260]	[28260,28261]	A
[28260,28261]	[28261,28518]	C
[28261,28518]	[28518,28519]	A
[28518,28519]	[28519,28570]	C
[28519,28570]	[28570,28571]	T
[28570,28571]	[28571,29059]	A
[28571,29059]	[29059,29061]	T
[29059,29061]	[29061,29087]	C
[29061,29087]	[29087,29089]	C
[29087,29089]	[29089,29705]	A
[29089,29705]	[29705,29791]	G
[29705,29791]	[29791,end]	T
>Path_1:0.0044104888313370024
[start,55]	[27876,27883]	splice
[27876,27883]	[27883,28249]	C
[27883,28249]	[28249,28260]	A
[28249,28260]	[28260,28261]	A
[28260,28261]	[28261,28518]	C
[28261,28518]	[28518,28519]	A
[28518,28519]	[28519,28570]	C
[28519,28570]	[28570,28571]	T
[28570,28571]	[28571,29059]	A
[28571,29059]	[29059,29061]	T
[29059,29061]	[29061,29087]	C
[29061,29087]	[29087,29089]	C
[29087,29089]	[29089,29705]	A
[29089,29705]	[29705,29791]	G
[29705,29791]	[29791,end]	T
>Path_2:0.022672669148591777
[start,55]	[28249,28260]	splice
[28249,28260]	[28260,28261]	A
[28260,28261]	[28261,28518]	C
[28261,28518]	[28518,28519]	A
[28518,28519]	[28519,28570]	C
[28519,28570]	[28570,28571]	T
[28570,28571]	[28571,29059]	A
[28571,29059]	[29059,29061]	T
[29059,29061]	[29061,29087]	C
[29061,29087]	[29087,29089]	C
[29087,29089]	[29089,29705]	A
[29089,29705]	[29705,29791]	G
[29705,29791]	[29791,end]	T
>Path_3:0.0016539333117513758
[start,55]	[55,60]	A
[55,60]	[28260,28261]	splice
[28260,28261]	[28261,28518]	C
[28261,28518]	[28518,28519]	A
[28518,28519]	[28519,28570]	C
[28519,28570]	[28570,28571]	T
[28570,28571]	[28571,29059]	A
[28571,29059]	[29059,29061]	T
[29059,29061]	[29061,29087]	C
[29061,29087]	[29087,29089]	C
[29087,29089]	[29089,29705]	A
[29089,29705]	[29705,29791]	G
[29705,29791]	[29791,end]	T
>Path_6:0.04410488831337002
[start,55]	[55,60]	A
[55,60]	[60,61]	T
[60,61]	[27883,28249]	splice
[27883,28249]	[28249,28260]	A
[28249,28260]	[28260,28261]	A
[28260,28261]	[28261,28518]	C
[28261,28518]	[28518,28519]	A
[28518,28519]	[28519,28570]	C
[28519,28570]	[28570,28571]	T
[28570,28571]	[28571,29059]	A
[28571,29059]	[29059,29061]	T
[29059,29061]	[29061,29087]	C
[29061,29087]	[29087,29089]	C
[29087,29089]	[29089,29705]	A
[29089,29705]	[29705,29791]	G
[29705,29791]	[29791,end]	T
>Path_7:0.1320390093881515
[start,55]	[55,60]	A
[55,60]	[60,61]	T
[60,61]	[28249,28260]	splice
[28249,28260]	[28260,28261]	A
[28260,28261]	[28261,28518]	C
[28261,28518]	[28518,28519]	A
[28518,28519]	[28519,28570]	C
[28519,28570]	[28570,28571]	T
[28570,28571]	[28571,29059]	A
[28571,29059]	[29059,29061]	T
[29059,29061]	[29061,29087]	C
[29061,29087]	[29087,29089]	C
[29087,29089]	[29089,29705]	A
[29089,29705]	[29705,29791]	G
[29705,29791]	[29791,end]	T
>Path_8:0.33043266429265133
[start,55]	[55,60]	A
[55,60]	[60,61]	T
[60,61]	[28261,28518]	splice
[28261,28518]	[28518,28519]	A
[28518,28519]	[28519,28570]	C
[28519,28570]	[28570,28571]	T
[28570,28571]	[28571,29059]	A
[28571,29059]	[29059,29061]	T
[29059,29061]	[29061,29087]	C
[29061,29087]	[29087,29089]	C
[29087,29089]	[29089,29705]	A
[29089,29705]	[29705,29791]	G
[29705,29791]	[29791,end]	T
>Path_11:0.26435367432826157
[start,55]	[55,60]	A
[55,60]	[60,61]	T
[60,61]	[61,66]	G
[61,66]	[66,67]	C
[66,67]	[28261,28518]	splice
[28261,28518]	[28518,28519]	A
[28518,28519]	[28519,28570]	C
[28519,28570]	[28570,28571]	T
[28570,28571]	[28571,29059]	A
[28571,29059]	[29059,29061]	T
[29059,29061]	[29061,29087]	C
[29061,29087]	[29087,29089]	C
[29087,29089]	[29089,29705]	A
[29089,29705]	[29705,29791]	G
[29705,29791]	[29791,end]	T
>Path_49:0.0044104888313370024
[start,55]	[27876,27883]	splice
[27876,27883]	[27883,28249]	C
[27883,28249]	[28249,28260]	A
[28249,28260]	[28260,28261]	A
[28260,28261]	[28261,28518]	C
[28261,28518]	[28518,28519]	A
[28518,28519]	[28571,29059]	splice
[28571,29059]	[29059,29061]	T
[29059,29061]	[29061,29087]	C
[29061,29087]	[29087,29089]	C
[29087,29089]	[29089,29705]	A
[29089,29705]	[29705,29791]	G
[29705,29791]	[29791,end]	T
>Path_56:0.030046455163483327
[start,55]	[55,60]	A
[55,60]	[60,61]	T
[60,61]	[28261,28518]	splice
[28261,28518]	[28518,28519]	A
[28518,28519]	[28571,29059]	splice
[28571,29059]	[29059,29061]	T
[29059,29061]	[29061,29087]	C
[29061,29087]	[29087,29089]	C
[29087,29089]	[29089,29705]	A
[29089,29705]	[29705,29791]	G
[29705,29791]	[29791,end]	T
>Path_59:0.0016539333117513758
[start,55]	[55,60]	A
[55,60]	[60,61]	T
[60,61]	[61,66]	G
[61,66]	[66,67]	C
[66,67]	[28261,28518]	splice
[28261,28518]	[28518,28519]	A
[28518,28519]	[28571,29059]	splice
[28571,29059]	[29059,29061]	T
[29059,29061]	[29061,29087]	C
[29061,29087]	[29087,29089]	C
[29087,29089]	[29089,29705]	A
[29089,29705]	[29705,29791]	G
[29705,29791]	[29791,end]	T
>Path_147:0.0005513111039171253
[start,55]	[55,60]	A
[55,60]	[28260,28261]	splice
[28260,28261]	[28261,28518]	C
[28261,28518]	[28518,28519]	A
[28518,28519]	[28571,29059]	splice
[28571,29059]	[29087,29089]	splice
[29087,29089]	[29089,29705]	A
[29089,29705]	[29705,29791]	G
[29705,29791]	[29791,end]	T
>Path_154:0.00027565555195856265
[start,55]	[55,60]	A
[55,60]	[60,61]	T
[60,61]	[61,66]	G
[61,66]	[28260,28261]	splice
[28260,28261]	[28261,28518]	C
[28261,28518]	[28518,28519]	A
[28518,28519]	[28571,29059]	splice
[28571,29059]	[29087,29089]	splice
[29087,29089]	[29089,29705]	A
[29089,29705]	[29705,29791]	G
[29705,29791]	[29791,end]	T
>Path_192:6.891388798964066e-05
[start,55]	[55,60]	A
[55,60]	[60,61]	T
[60,61]	[61,66]	G
[61,66]	[66,67]	C
[66,67]	[67,27037]	T
[67,27037]	[27037,27378]	C
[27037,27378]	[27378,27754]	G
[27378,27754]	[27754,27876]	G
[27754,27876]	[27876,27883]	T
[27876,27883]	[27883,28249]	C
[27883,28249]	[28249,28260]	A
[28249,28260]	[28260,28261]	A
[28260,28261]	[28261,28518]	C
[28261,28518]	[28518,28519]	A
[28518,28519]	[28519,28570]	C
[28519,28570]	[28570,28571]	T
[28570,28571]	[28571,29059]	A
[28571,29059]	[29059,29061]	T
[29059,29061]	[29089,29705]	splice
[29089,29705]	[29705,29791]	G
[29705,29791]	[29791,end]	T
>Path_194:0.10964199579151829
[start,55]	[28249,28260]	splice
[28249,28260]	[28260,28261]	A
[28260,28261]	[28261,28518]	C
[28261,28518]	[28518,28519]	A
[28518,28519]	[28519,28570]	C
[28519,28570]	[28570,28571]	T
[28570,28571]	[28571,29059]	A
[28571,29059]	[29059,29061]	T
[29059,29061]	[29089,29705]	splice
[29089,29705]	[29705,29791]	G
[29705,29791]	[29791,end]	T
>Path_223:0.00027565555195856265
[start,55]	[55,60]	A
[55,60]	[60,61]	T
[60,61]	[28249,28260]	splice
[28249,28260]	[28260,28261]	A
[28260,28261]	[28261,28518]	C
[28261,28518]	[28570,28571]	splice
[28570,28571]	[28571,29059]	A
[28571,29059]	[29059,29061]	T
[29059,29061]	[29089,29705]	splice
[29089,29705]	[29705,29791]	G
[29705,29791]	[29791,end]	T
>Path_227:0.00027565555195856265
[start,55]	[55,60]	A
[55,60]	[60,61]	T
[60,61]	[61,66]	G
[61,66]	[66,67]	C
[66,67]	[28261,28518]	splice
[28261,28518]	[28570,28571]	splice
[28570,28571]	[28571,29059]	A
[28571,29059]	[29059,29061]	T
[29059,29061]	[29089,29705]	splice
[29089,29705]	[29705,29791]	G
[29705,29791]	[29791,end]	T
>Path_242:0.008820977662674005
[start,55]	[28249,28260]	splice
[28249,28260]	[28260,28261]	A
[28260,28261]	[28261,28518]	C
[28261,28518]	[28518,28519]	A
[28518,28519]	[28571,29059]	splice
[28571,29059]	[29059,29061]	T
[29059,29061]	[29089,29705]	splice
[29089,29705]	[29705,29791]	G
[29705,29791]	[29791,end]	T
>Path_247:0.008820977662674005
[start,55]	[55,60]	A
[55,60]	[60,61]	T
[60,61]	[28249,28260]	splice
[28249,28260]	[28260,28261]	A
[28260,28261]	[28261,28518]	C
[28261,28518]	[28518,28519]	A
[28518,28519]	[28571,29059]	splice
[28571,29059]	[29059,29061]	T
[29059,29061]	[29089,29705]	splice
[29089,29705]	[29705,29791]	G
[29705,29791]	[29791,end]	T
>Path_388:0.0019295888637099383
[start,55]	[55,60]	A
[55,60]	[60,61]	T
[60,61]	[27037,27378]	splice
[27037,27378]	[27378,27754]	G
[27378,27754]	[27754,27876]	G
[27754,27876]	[27876,27883]	T
[27876,27883]	[27883,28249]	C
[27883,28249]	[28249,28260]	A
[28249,28260]	[28260,28261]	A
[28260,28261]	[28261,28518]	C
[28261,28518]	[28518,28519]	A
[28518,28519]	[28519,28570]	C
[28519,28570]	[28570,28571]	T
[28570,28571]	[28571,29059]	A
[28571,29059]	[29059,29061]	T
[29059,29061]	[29061,29087]	C
[29061,29087]	[29087,29089]	C
[29087,29089]	[29089,29705]	A
[29089,29705]	[29791,end]	splice
>Path_389:0.0022052444156685012
[start,55]	[55,60]	A
[55,60]	[60,61]	T
[60,61]	[27378,27754]	splice
[27378,27754]	[27754,27876]	G
[27754,27876]	[27876,27883]	T
[27876,27883]	[27883,28249]	C
[27883,28249]	[28249,28260]	A
[28249,28260]	[28260,28261]	A
[28260,28261]	[28261,28518]	C
[28261,28518]	[28518,28519]	A
[28518,28519]	[28519,28570]	C
[28519,28570]	[28570,28571]	T
[28570,28571]	[28571,29059]	A
[28571,29059]	[29059,29061]	T
[29059,29061]	[29061,29087]	C
[29061,29087]	[29087,29089]	C
[29087,29089]	[29089,29705]	A
[29089,29705]	[29791,end]	splice
>Path_394:0.0016539333117513758
[start,55]	[55,60]	A
[55,60]	[60,61]	T
[60,61]	[61,66]	G
[61,66]	[28260,28261]	splice
[28260,28261]	[28261,28518]	C
[28261,28518]	[28518,28519]	A
[28518,28519]	[28519,28570]	C
[28519,28570]	[28570,28571]	T
[28570,28571]	[28571,29059]	A
[28571,29059]	[29059,29061]	T
[29059,29061]	[29061,29087]	C
[29061,29087]	[29087,29089]	C
[29087,29089]	[29089,29705]	A
[29089,29705]	[29791,end]	splice
>Path_443:0.015988022013596632
[start,55]	[55,60]	A
[55,60]	[60,61]	T
[60,61]	[61,66]	G
[61,66]	[66,67]	C
[66,67]	[28261,28518]	splice
[28261,28518]	[28518,28519]	A
[28518,28519]	[28571,29059]	splice
[28571,29059]	[29059,29061]	T
[29059,29061]	[29061,29087]	C
[29061,29087]	[29087,29089]	C
[29087,29089]	[29089,29705]	A
[29089,29705]	[29791,end]	splice
>Path_490:0.00027565555195856265
[start,55]	[55,60]	A
[55,60]	[60,61]	T
[60,61]	[61,66]	G
[61,66]	[28260,28261]	splice
[28260,28261]	[28261,28518]	C
[28261,28518]	[28518,28519]	A
[28518,28519]	[28519,28570]	C
[28519,28570]	[28570,28571]	T
[28570,28571]	[28571,29059]	A
[28571,29059]	[29087,29089]	splice
[29087,29089]	[29089,29705]	A
[29089,29705]	[29791,end]	splice
>Path_585:0.013231466494011006
[start,55]	[55,60]	A
[55,60]	[60,61]	T
[60,61]	[61,66]	G
[61,66]	[27754,27876]	splice
[27754,27876]	[27876,27883]	T
[27876,27883]	[27883,28249]	C
[27883,28249]	[28249,28260]	A
[28249,28260]	[28260,28261]	A
[28260,28261]	[28261,28518]	C
[28261,28518]	[28518,28519]	A
[28518,28519]	[28519,28570]	C
[28519,28570]	[28570,28571]	T
[28570,28571]	[28571,29059]	A
[28571,29059]	[29059,29061]	T
[29059,29061]	[29089,29705]	splice
[29089,29705]	[29791,end]	splice
