>phasing0	5533
-	55	27876
-	55	28249
-	60	28260
-	61	27037
-	61	27378
-	61	27883
-	61	28249
-	61	28261
-	66	27754
-	66	28260
-	67	28261
>phasing1	147
+	61	27037
-	55	27876
-	55	28249
-	60	28260
-	61	27378
-	61	27883
-	61	28249
-	61	28261
-	66	27754
-	66	28260
-	67	28261
>phasing2	1362
-	55	27876
-	55	28249
-	60	28260
-	61	27378
-	61	27883
-	61	28249
-	61	28261
-	66	27754
-	66	28260
-	67	28261
>phasing3	264
+	61	27378
-	55	27876
-	55	28249
-	60	28260
-	61	27883
-	61	28249
-	61	28261
-	66	27754
-	66	28260
-	67	28261
>phasing4	3092
-	55	27876
-	55	28249
-	60	28260
-	61	27883
-	61	28249
-	61	28261
-	66	27754
-	66	28260
-	67	28261
>phasing5	1408
+	66	27754
-	55	27876
-	55	28249
-	60	28260
-	61	27037
-	61	27378
-	61	27883
-	61	28249
-	61	28261
-	66	28260
-	67	28261
>phasing6	3952
-	55	27876
-	55	28249
-	60	28260
-	61	27883
-	61	28249
-	61	28261
-	66	28260
-	67	28261
>phasing7	7587
+	61	27883
-	55	27876
-	55	28249
-	60	28260
-	61	28249
-	61	28261
-	66	28260
-	67	28261
>phasing8	1303
+	55	27876
-	55	28249
-	60	28260
-	61	27883
-	61	28249
-	61	28261
-	66	28260
-	67	28261
>phasing9	413
-	55	28249
-	60	28260
-	61	27883
-	61	28249
-	61	28261
-	66	28260
-	67	28261
>phasing10	67692
-	55	28249
-	60	28260
-	61	28249
-	61	28261
-	66	28260
-	67	28261
>phasing11	81
-	55	27876
-	55	28249
-	60	28260
-	61	27037
-	61	27378
-	61	27883
-	61	28249
-	61	28261
-	66	28260
-	67	28261
>phasing12	13492
+	61	28249
-	55	27876
-	55	28249
-	60	28260
-	61	28261
-	66	28260
-	67	28261
>phasing13	37878
+	67	28261
-	55	27876
-	55	28249
-	60	28260
-	61	27037
-	61	27378
-	61	27883
-	61	28249
-	61	28261
-	66	27754
-	66	28260
>phasing14	39444
+	61	28261
-	55	27876
-	55	28249
-	60	28260
>phasing15	13957
+	55	28249
-	60	28260
-	61	28261
-	66	28260
-	67	28261
>phasing16	188
+	66	28260
-	55	27876
-	55	28249
-	60	28260
-	61	27037
-	61	27378
-	61	27883
-	61	28249
-	61	28261
-	67	28261
>phasing17	74
-	55	27876
-	55	28249
-	60	28260
-	61	28249
-	61	28261
-	66	28260
-	67	28261
>phasing18	206
+	60	28260
-	55	27876
-	55	28249
-	61	28261
-	67	28261
>phasing19	51
-	55	27876
-	55	28249
-	60	28260
-	61	27037
-	61	27378
-	61	27883
-	61	28249
-	61	28261
>phasing20	7498
-	60	28260
-	61	28261
-	66	28260
-	67	28261
>phasing21	72
-	55	27876
-	55	28249
-	60	28260
-	61	28261
-	66	28260
-	67	28261
>phasing22	1744469
>phasing23	581
-	61	28261
-	67	28261
>phasing24	50
-	60	28260
-	61	28261
-	66	28260
-	67	28261
-	28518	28570
>phasing25	2229
-	28518	28570
>phasing26	19
-	55	28249
-	60	28260
-	61	28249
-	61	28261
-	66	28260
-	67	28261
-	28518	28570
>phasing27	34
+	61	28249
-	55	27876
-	55	28249
-	60	28260
-	61	28261
-	66	28260
-	67	28261
-	28518	28570
>phasing28	4
-	61	28261
-	67	28261
-	28518	28570
>phasing29	93
+	67	28261
-	55	27876
-	55	28249
-	60	28260
-	61	27037
-	61	27378
-	61	27883
-	61	28249
-	61	28261
-	66	27754
-	66	28260
-	28518	28570
>phasing30	20
-	55	27876
-	55	28249
-	60	28260
-	61	27037
-	61	27378
-	61	27883
-	61	28249
-	61	28261
-	66	27754
-	66	28260
-	67	28261
-	28518	28570
>phasing31	119
+	61	28261
-	55	27876
-	55	28249
-	60	28260
-	28518	28570
>phasing32	1
+	66	28260
-	55	27876
-	55	28249
-	60	28260
-	61	27037
-	61	27378
-	61	27883
-	61	28249
-	61	28261
-	67	28261
-	28518	28570
>phasing33	23
+	55	28249
-	60	28260
-	61	28261
-	66	28260
-	67	28261
-	28518	28570
>phasing34	1
-	55	27876
-	55	28249
-	60	28260
-	61	27037
-	61	27378
-	61	27883
-	61	28249
-	61	28261
-	28518	28570
>phasing35	379805
-	28518	28570
-	28519	28571
>phasing36	221
-	55	28249
-	60	28260
-	61	28249
-	61	28261
-	66	28260
-	67	28261
-	28518	28570
-	28519	28571
>phasing37	887
-	60	28260
-	61	28261
-	66	28260
-	67	28261
-	28518	28570
-	28519	28571
>phasing38	108
-	61	28261
-	67	28261
-	28518	28570
-	28519	28571
>phasing39	200
+	61	28249
-	55	27876
-	55	28249
-	60	28260
-	61	28261
-	66	28260
-	67	28261
-	28518	28570
-	28519	28571
>phasing40	5772
-	55	27876
-	55	28249
-	60	28260
-	61	27037
-	61	27378
-	61	27883
-	61	28249
-	61	28261
-	66	27754
-	66	28260
-	67	28261
-	28518	28570
-	28519	28571
>phasing41	1222
+	67	28261
-	55	27876
-	55	28249
-	60	28260
-	61	27037
-	61	27378
-	61	27883
-	61	28249
-	61	28261
-	66	27754
-	66	28260
-	28518	28570
-	28519	28571
>phasing42	1515
+	61	28261
-	55	27876
-	55	28249
-	60	28260
-	28518	28570
-	28519	28571
>phasing43	251
+	55	28249
-	60	28260
-	61	28261
-	66	28260
-	67	28261
-	28518	28570
-	28519	28571
>phasing44	6
+	66	28260
-	55	27876
-	55	28249
-	60	28260
-	61	27037
-	61	27378
-	61	27883
-	61	28249
-	61	28261
-	67	28261
-	28518	28570
-	28519	28571
>phasing45	181
+	28518	28570
-	28519	28571
>phasing46	7
+	60	28260
-	55	27876
-	55	28249
-	61	28261
-	67	28261
-	28518	28570
-	28519	28571
>phasing47	34068
+	28519	28571
-	28518	28570
>phasing48	143
+	28519	28571
-	60	28260
-	61	28261
-	66	28260
-	67	28261
-	28518	28570
>phasing49	25
+	28519	28571
-	55	28249
-	60	28260
-	61	28249
-	61	28261
-	66	28260
-	67	28261
-	28518	28570
>phasing50	19
+	28519	28571
-	61	28261
-	67	28261
-	28518	28570
>phasing51	513
+	28519	28571
-	55	27876
-	55	28249
-	60	28260
-	61	27037
-	61	27378
-	61	27883
-	61	28249
-	61	28261
-	66	27754
-	66	28260
-	67	28261
-	28518	28570
>phasing52	32
+	61	28249
+	28519	28571
-	55	27876
-	55	28249
-	60	28260
-	61	28261
-	66	28260
-	67	28261
-	28518	28570
>phasing53	164
+	67	28261
+	28519	28571
-	55	27876
-	55	28249
-	60	28260
-	61	27037
-	61	27378
-	61	27883
-	61	28249
-	61	28261
-	66	27754
-	66	28260
-	28518	28570
>phasing54	232
+	61	28261
+	28519	28571
-	55	27876
-	55	28249
-	60	28260
-	28518	28570
>phasing55	47
+	55	28249
+	28519	28571
-	60	28260
-	61	28261
-	66	28260
-	67	28261
-	28518	28570
>phasing56	1
+	60	28260
+	28519	28571
-	55	27876
-	55	28249
-	61	28261
-	67	28261
-	28518	28570
>phasing57	1
+	61	28261
+	28518	28570
-	55	27876
-	55	28249
-	60	28260
-	28519	28571
>phasing58	3
-	55	27876
-	55	28249
-	60	28260
-	61	28261
-	66	28260
-	67	28261
-	28518	28570
-	28519	28571
>phasing59	3
+	28518	28570
-	55	27876
-	55	28249
-	60	28260
-	61	27037
-	61	27378
-	61	27883
-	61	28249
-	61	28261
-	66	27754
-	66	28260
-	67	28261
-	28519	28571
>phasing60	1
-	55	27876
-	55	28249
-	60	28260
-	61	27037
-	61	27378
-	61	27883
-	61	28249
-	61	28261
-	66	28260
-	67	28261
-	28518	28570
-	28519	28571
>phasing61	1
+	28518	28570
-	60	28260
-	61	28261
-	66	28260
-	67	28261
-	28519	28571
>phasing62	2169
-	28519	28571
>phasing63	5699
-	29059	29087
>phasing64	327267
-	29059	29087
-	29061	29089
>phasing65	302
+	29059	29087
-	29061	29089
>phasing66	37572
+	29061	29089
-	29059	29087
>phasing67	46
-	55	27876
-	55	28249
-	60	28260
-	61	27037
-	61	27378
-	61	27883
-	61	28249
-	61	28261
-	66	27754
-	66	28260
-	67	28261
-	29059	29087
-	29061	29089
>phasing68	4920
-	29061	29089
>phasing69	6
+	29061	29089
-	55	27876
-	55	28249
-	60	28260
-	61	27037
-	61	27378
-	61	27883
-	61	28249
-	61	28261
-	66	27754
-	66	28260
-	67	28261
-	29059	29087
>phasing70	237869
-	29705	29791
>phasing71	3733
+	29705	29791
>phasing72	1002
-	55	27876
-	55	28249
-	60	28260
-	61	27037
-	61	27378
-	61	27883
-	61	28249
-	61	28261
-	66	27754
-	66	28260
-	67	28261
-	29705	29791
>phasing73	11
+	29705	29791
-	55	27876
-	55	28249
-	60	28260
-	61	27037
-	61	27378
-	61	27883
-	61	28249
-	61	28261
-	66	27754
-	66	28260
-	67	28261
