>phasing0	39773
+	61	28261
-	55	27876
-	55	28249
-	60	28260
>phasing1	1589
+	66	27754
-	55	27876
-	55	28249
-	60	28260
-	61	27037
-	61	27378
-	61	27883
-	61	28249
-	61	28261
-	66	28260
-	67	28261
>phasing2	11151
-	55	27876
-	55	28249
-	60	28260
-	61	27037
-	61	27378
-	61	27883
-	61	28249
-	61	28261
-	66	27754
-	66	28260
-	67	28261
>phasing3	158
+	61	27037
-	55	27876
-	55	28249
-	60	28260
-	61	27378
-	61	27883
-	61	28249
-	61	28261
-	66	27754
-	66	28260
-	67	28261
>phasing4	1283
-	55	27876
-	55	28249
-	60	28260
-	61	27378
-	61	27883
-	61	28249
-	61	28261
-	66	27754
-	66	28260
-	67	28261
>phasing5	241
+	61	27378
-	55	27876
-	55	28249
-	60	28260
-	61	27883
-	61	28249
-	61	28261
-	66	27754
-	66	28260
-	67	28261
>phasing6	3048
-	55	27876
-	55	28249
-	60	28260
-	61	27883
-	61	28249
-	61	28261
-	66	27754
-	66	28260
-	67	28261
>phasing7	3953
-	55	27876
-	55	28249
-	60	28260
-	61	27883
-	61	28249
-	61	28261
-	66	28260
-	67	28261
>phasing8	1355
+	55	27876
-	55	28249
-	60	28260
-	61	27883
-	61	28249
-	61	28261
-	66	28260
-	67	28261
>phasing9	7550
+	61	27883
-	55	27876
-	55	28249
-	60	28260
-	61	28249
-	61	28261
-	66	28260
-	67	28261
>phasing10	67027
-	55	28249
-	60	28260
-	61	28249
-	61	28261
-	66	28260
-	67	28261
>phasing11	462
-	55	28249
-	60	28260
-	61	27883
-	61	28249
-	61	28261
-	66	28260
-	67	28261
>phasing12	65
-	55	27876
-	55	28249
-	60	28260
-	61	27037
-	61	27378
-	61	27883
-	61	28249
-	61	28261
-	66	28260
-	67	28261
>phasing13	13612
+	61	28249
-	55	27876
-	55	28249
-	60	28260
-	61	28261
-	66	28260
-	67	28261
>phasing14	14034
+	55	28249
-	60	28260
-	61	28261
-	66	28260
-	67	28261
>phasing15	37933
+	67	28261
-	55	27876
-	55	28249
-	60	28260
-	61	27037
-	61	27378
-	61	27883
-	61	28249
-	61	28261
-	66	27754
-	66	28260
>phasing16	169
+	66	28260
-	55	27876
-	55	28249
-	60	28260
-	61	27037
-	61	27378
-	61	27883
-	61	28249
-	61	28261
-	67	28261
>phasing17	7514
-	60	28260
-	61	28261
-	66	28260
-	67	28261
>phasing18	82
-	55	27876
-	55	28249
-	60	28260
-	61	28249
-	61	28261
-	66	28260
-	67	28261
>phasing19	203
+	60	28260
-	55	27876
-	55	28249
-	61	28261
-	67	28261
>phasing20	1738586
>phasing21	63
-	55	27876
-	55	28249
-	60	28260
-	61	28261
-	66	28260
-	67	28261
>phasing22	60
-	55	27876
-	55	28249
-	60	28260
-	61	27037
-	61	27378
-	61	27883
-	61	28249
-	61	28261
>phasing23	550
-	61	28261
-	67	28261
>phasing24	45
-	60	28260
-	61	28261
-	66	28260
-	67	28261
-	28518	28570
>phasing25	20
-	55	28249
-	60	28260
-	61	28249
-	61	28261
-	66	28260
-	67	28261
-	28518	28570
>phasing26	2263
-	28518	28570
>phasing27	6
-	61	28261
-	67	28261
-	28518	28570
>phasing28	22
+	61	28249
-	55	27876
-	55	28249
-	60	28260
-	61	28261
-	66	28260
-	67	28261
-	28518	28570
>phasing29	79
+	67	28261
-	55	27876
-	55	28249
-	60	28260
-	61	27037
-	61	27378
-	61	27883
-	61	28249
-	61	28261
-	66	27754
-	66	28260
-	28518	28570
>phasing30	28
-	55	27876
-	55	28249
-	60	28260
-	61	27037
-	61	27378
-	61	27883
-	61	28249
-	61	28261
-	66	27754
-	66	28260
-	67	28261
-	28518	28570
>phasing31	103
+	61	28261
-	55	27876
-	55	28249
-	60	28260
-	28518	28570
>phasing32	27
+	55	28249
-	60	28260
-	61	28261
-	66	28260
-	67	28261
-	28518	28570
>phasing33	1
-	55	27876
-	55	28249
-	60	28260
-	61	27037
-	61	27378
-	61	27883
-	61	28249
-	61	28261
-	28518	28570
>phasing34	383530
-	28518	28570
-	28519	28571
>phasing35	951
-	60	28260
-	61	28261
-	66	28260
-	67	28261
-	28518	28570
-	28519	28571
>phasing36	189
-	55	28249
-	60	28260
-	61	28249
-	61	28261
-	66	28260
-	67	28261
-	28518	28570
-	28519	28571
>phasing37	107
-	61	28261
-	67	28261
-	28518	28570
-	28519	28571
>phasing38	214
+	61	28249
-	55	27876
-	55	28249
-	60	28260
-	61	28261
-	66	28260
-	67	28261
-	28518	28570
-	28519	28571
>phasing39	2481
-	55	27876
-	55	28249
-	60	28260
-	61	27037
-	61	27378
-	61	27883
-	61	28249
-	61	28261
-	66	27754
-	66	28260
-	67	28261
-	28518	28570
-	28519	28571
>phasing40	1245
+	67	28261
-	55	27876
-	55	28249
-	60	28260
-	61	27037
-	61	27378
-	61	27883
-	61	28249
-	61	28261
-	66	27754
-	66	28260
-	28518	28570
-	28519	28571
>phasing41	1518
+	61	28261
-	55	27876
-	55	28249
-	60	28260
-	28518	28570
-	28519	28571
>phasing42	8
+	66	28260
-	55	27876
-	55	28249
-	60	28260
-	61	27037
-	61	27378
-	61	27883
-	61	28249
-	61	28261
-	67	28261
-	28518	28570
-	28519	28571
>phasing43	238
+	55	28249
-	60	28260
-	61	28261
-	66	28260
-	67	28261
-	28518	28570
-	28519	28571
>phasing44	3
-	55	27876
-	55	28249
-	60	28260
-	61	28261
-	66	28260
-	67	28261
-	28518	28570
-	28519	28571
>phasing45	186
+	28518	28570
-	28519	28571
>phasing46	141
+	28519	28571
-	60	28260
-	61	28261
-	66	28260
-	67	28261
-	28518	28570
>phasing47	30
+	28519	28571
-	55	28249
-	60	28260
-	61	28249
-	61	28261
-	66	28260
-	67	28261
-	28518	28570
>phasing48	34314
+	28519	28571
-	28518	28570
>phasing49	1
-	55	27876
-	55	28249
-	60	28260
-	61	27037
-	61	27378
-	61	27883
-	61	28249
-	61	28261
-	66	28260
-	67	28261
-	28518	28570
-	28519	28571
>phasing50	31
+	61	28249
+	28519	28571
-	55	27876
-	55	28249
-	60	28260
-	61	28261
-	66	28260
-	67	28261
-	28518	28570
>phasing51	167
+	67	28261
+	28519	28571
-	55	27876
-	55	28249
-	60	28260
-	61	27037
-	61	27378
-	61	27883
-	61	28249
-	61	28261
-	66	27754
-	66	28260
-	28518	28570
>phasing52	123
+	28519	28571
-	55	27876
-	55	28249
-	60	28260
-	61	27037
-	61	27378
-	61	27883
-	61	28249
-	61	28261
-	66	27754
-	66	28260
-	67	28261
-	28518	28570
>phasing53	223
+	61	28261
+	28519	28571
-	55	27876
-	55	28249
-	60	28260
-	28518	28570
>phasing54	8
+	60	28260
-	55	27876
-	55	28249
-	61	28261
-	67	28261
-	28518	28570
-	28519	28571
>phasing55	36
+	55	28249
+	28519	28571
-	60	28260
-	61	28261
-	66	28260
-	67	28261
-	28518	28570
>phasing56	10
+	28519	28571
-	61	28261
-	67	28261
-	28518	28570
>phasing57	1
+	28519	28571
-	55	27876
-	55	28249
-	60	28260
-	61	27037
-	61	27378
-	61	27883
-	61	28249
-	61	28261
-	66	28260
-	67	28261
-	28518	28570
>phasing58	1
+	28518	28570
-	55	28249
-	60	28260
-	61	28249
-	61	28261
-	66	28260
-	67	28261
-	28519	28571
>phasing59	1
+	60	28260
+	28519	28571
-	55	27876
-	55	28249
-	61	28261
-	67	28261
-	28518	28570
>phasing60	1
-	55	27876
-	55	28249
-	60	28260
-	61	27037
-	61	27378
-	61	27883
-	61	28249
-	61	28261
-	28518	28570
-	28519	28571
>phasing61	1
+	61	28261
+	28518	28570
-	55	27876
-	55	28249
-	60	28260
-	28519	28571
>phasing62	1
+	28519	28571
-	55	27876
-	55	28249
-	60	28260
-	61	28249
-	61	28261
-	66	28260
-	67	28261
-	28518	28570
>phasing63	1
+	28518	28570
-	61	28261
-	67	28261
-	28519	28571
>phasing64	2207
-	28519	28571
>phasing65	3
+	28518	28570
-	55	27876
-	55	28249
-	60	28260
-	61	27037
-	61	27378
-	61	27883
-	61	28249
-	61	28261
-	66	27754
-	66	28260
-	67	28261
-	28519	28571
>phasing66	5672
-	29059	29087
>phasing67	327050
-	29059	29087
-	29061	29089
>phasing68	247
+	29059	29087
-	29061	29089
>phasing69	37758
+	29061	29089
-	29059	29087
>phasing70	9
+	29061	29089
-	55	27876
-	55	28249
-	60	28260
-	61	27037
-	61	27378
-	61	27883
-	61	28249
-	61	28261
-	66	27754
-	66	28260
-	67	28261
-	29059	29087
>phasing71	33
-	55	27876
-	55	28249
-	60	28260
-	61	27037
-	61	27378
-	61	27883
-	61	28249
-	61	28261
-	66	27754
-	66	28260
-	67	28261
-	29059	29087
-	29061	29089
>phasing72	4954
-	29061	29089
>phasing73	237406
-	29705	29791
>phasing74	1377
-	55	27876
-	55	28249
-	60	28260
-	61	27037
-	61	27378
-	61	27883
-	61	28249
-	61	28261
-	66	27754
-	66	28260
-	67	28261
-	29705	29791
>phasing75	3845
+	29705	29791
>phasing76	26
+	29705	29791
-	55	27876
-	55	28249
-	60	28260
-	61	27037
-	61	27378
-	61	27883
-	61	28249
-	61	28261
-	66	27754
-	66	28260
-	67	28261
