>Path_0:0.00020674166396892198
[start,55]	[55,60]	A
[55,60]	[60,61]	T
[60,61]	[61,66]	G
[61,66]	[66,67]	C
[66,67]	[67,27037]	T
[67,27037]	[27037,27378]	C
[27037,27378]	[27378,27754]	G
[27378,27754]	[27754,27876]	G
[27754,27876]	[27876,27883]	T
[27876,27883]	[27883,28249]	C
[27883,28249]	[28249,28260]	A
[28249,28260]	[28260,28261]	A
[28260,28261]	[28261,28518]	C
[28261,28518]	[28518,28519]	A
[28518,28519]	[28519,28570]	C
[28519,28570]	[28570,28571]	T
[28570,28571]	[28571,29059]	A
[28571,29059]	[29059,29061]	T
[29059,29061]	[29061,29087]	C
[29061,29087]	[29087,29089]	C
[29087,29089]	[29089,29705]	A
[29089,29705]	[29705,29791]	G
[29705,29791]	[29791,end]	T
>Path_2:0.13231466494011007
[start,55]	[28249,28260]	splice
[28249,28260]	[28260,28261]	A
[28260,28261]	[28261,28518]	C
[28261,28518]	[28518,28519]	A
[28518,28519]	[28519,28570]	C
[28519,28570]	[28570,28571]	T
[28570,28571]	[28571,29059]	A
[28571,29059]	[29059,29061]	T
[29059,29061]	[29061,29087]	C
[29061,29087]	[29087,29089]	C
[29087,29089]	[29089,29705]	A
[29089,29705]	[29705,29791]	G
[29705,29791]	[29791,end]	T
>Path_3:0.00206741663968922
[start,55]	[55,60]	A
[55,60]	[28260,28261]	splice
[28260,28261]	[28261,28518]	C
[28261,28518]	[28518,28519]	A
[28518,28519]	[28519,28570]	C
[28519,28570]	[28570,28571]	T
[28570,28571]	[28571,29059]	A
[28571,29059]	[29059,29061]	T
[29059,29061]	[29061,29087]	C
[29061,29087]	[29087,29089]	C
[29087,29089]	[29089,29705]	A
[29089,29705]	[29705,29791]	G
[29705,29791]	[29791,end]	T
>Path_6:0.04410488831337002
[start,55]	[55,60]	A
[55,60]	[60,61]	T
[60,61]	[27883,28249]	splice
[27883,28249]	[28249,28260]	A
[28249,28260]	[28260,28261]	A
[28260,28261]	[28261,28518]	C
[28261,28518]	[28518,28519]	A
[28518,28519]	[28519,28570]	C
[28519,28570]	[28570,28571]	T
[28570,28571]	[28571,29059]	A
[28571,29059]	[29059,29061]	T
[29059,29061]	[29061,29087]	C
[29061,29087]	[29087,29089]	C
[29087,29089]	[29089,29705]	A
[29089,29705]	[29705,29791]	G
[29705,29791]	[29791,end]	T
>Path_7:6.891388798964066e-05
[start,55]	[55,60]	A
[55,60]	[60,61]	T
[60,61]	[28249,28260]	splice
[28249,28260]	[28260,28261]	A
[28260,28261]	[28261,28518]	C
[28261,28518]	[28518,28519]	A
[28518,28519]	[28519,28570]	C
[28519,28570]	[28570,28571]	T
[28570,28571]	[28571,29059]	A
[28571,29059]	[29059,29061]	T
[29059,29061]	[29061,29087]	C
[29061,29087]	[29087,29089]	C
[29087,29089]	[29089,29705]	A
[29089,29705]	[29705,29791]	G
[29705,29791]	[29791,end]	T
>Path_8:0.3044521285205568
[start,55]	[55,60]	A
[55,60]	[60,61]	T
[60,61]	[28261,28518]	splice
[28261,28518]	[28518,28519]	A
[28518,28519]	[28519,28570]	C
[28519,28570]	[28570,28571]	T
[28570,28571]	[28571,29059]	A
[28571,29059]	[29059,29061]	T
[29059,29061]	[29061,29087]	C
[29061,29087]	[29087,29089]	C
[29087,29089]	[29089,29705]	A
[29089,29705]	[29705,29791]	G
[29705,29791]	[29791,end]	T
>Path_9:0.013231466494011006
[start,55]	[55,60]	A
[55,60]	[60,61]	T
[60,61]	[61,66]	G
[61,66]	[27754,27876]	splice
[27754,27876]	[27876,27883]	T
[27876,27883]	[27883,28249]	C
[27883,28249]	[28249,28260]	A
[28249,28260]	[28260,28261]	A
[28260,28261]	[28261,28518]	C
[28261,28518]	[28518,28519]	A
[28518,28519]	[28519,28570]	C
[28519,28570]	[28570,28571]	T
[28570,28571]	[28571,29059]	A
[28571,29059]	[29059,29061]	T
[29059,29061]	[29061,29087]	C
[29061,29087]	[29087,29089]	C
[29087,29089]	[29089,29705]	A
[29089,29705]	[29705,29791]	G
[29705,29791]	[29791,end]	T
>Path_11:0.26462932988022014
[start,55]	[55,60]	A
[55,60]	[60,61]	T
[60,61]	[61,66]	G
[61,66]	[66,67]	C
[66,67]	[28261,28518]	splice
[28261,28518]	[28518,28519]	A
[28518,28519]	[28519,28570]	C
[28519,28570]	[28570,28571]	T
[28570,28571]	[28571,29059]	A
[28571,29059]	[29059,29061]	T
[29059,29061]	[29061,29087]	C
[29061,29087]	[29087,29089]	C
[29087,29089]	[29089,29705]	A
[29089,29705]	[29705,29791]	G
[29705,29791]	[29791,end]	T
>Path_49:0.004341574943347361
[start,55]	[27876,27883]	splice
[27876,27883]	[27883,28249]	C
[27883,28249]	[28249,28260]	A
[28249,28260]	[28260,28261]	A
[28260,28261]	[28261,28518]	C
[28261,28518]	[28518,28519]	A
[28518,28519]	[28571,29059]	splice
[28571,29059]	[29059,29061]	T
[29059,29061]	[29061,29087]	C
[29061,29087]	[29087,29089]	C
[29087,29089]	[29089,29705]	A
[29089,29705]	[29705,29791]	G
[29705,29791]	[29791,end]	T
>Path_50:0.008820977662674005
[start,55]	[28249,28260]	splice
[28249,28260]	[28260,28261]	A
[28260,28261]	[28261,28518]	C
[28261,28518]	[28518,28519]	A
[28518,28519]	[28571,29059]	splice
[28571,29059]	[29059,29061]	T
[29059,29061]	[29061,29087]	C
[29061,29087]	[29087,29089]	C
[29087,29089]	[29089,29705]	A
[29089,29705]	[29705,29791]	G
[29705,29791]	[29791,end]	T
>Path_51:0.00013782777597928133
[start,55]	[55,60]	A
[55,60]	[28260,28261]	splice
[28260,28261]	[28261,28518]	C
[28261,28518]	[28518,28519]	A
[28518,28519]	[28571,29059]	splice
[28571,29059]	[29059,29061]	T
[29059,29061]	[29061,29087]	C
[29061,29087]	[29087,29089]	C
[29087,29089]	[29089,29705]	A
[29089,29705]	[29705,29791]	G
[29705,29791]	[29791,end]	T
>Path_56:0.030735594043379732
[start,55]	[55,60]	A
[55,60]	[60,61]	T
[60,61]	[28261,28518]	splice
[28261,28518]	[28518,28519]	A
[28518,28519]	[28571,29059]	splice
[28571,29059]	[29059,29061]	T
[29059,29061]	[29061,29087]	C
[29061,29087]	[29087,29089]	C
[29087,29089]	[29089,29705]	A
[29089,29705]	[29705,29791]	G
[29705,29791]	[29791,end]	T
>Path_59:0.01764195532534801
[start,55]	[55,60]	A
[55,60]	[60,61]	T
[60,61]	[61,66]	G
[61,66]	[66,67]	C
[66,67]	[28261,28518]	splice
[28261,28518]	[28518,28519]	A
[28518,28519]	[28571,29059]	splice
[28571,29059]	[29059,29061]	T
[29059,29061]	[29061,29087]	C
[29061,29087]	[29087,29089]	C
[29087,29089]	[29089,29705]	A
[29089,29705]	[29705,29791]	G
[29705,29791]	[29791,end]	T
>Path_104:0.0008269666558756879
[start,55]	[55,60]	A
[55,60]	[60,61]	T
[60,61]	[28261,28518]	splice
[28261,28518]	[28518,28519]	A
[28518,28519]	[28519,28570]	C
[28519,28570]	[28570,28571]	T
[28570,28571]	[28571,29059]	A
[28571,29059]	[29087,29089]	splice
[29087,29089]	[29089,29705]	A
[29089,29705]	[29705,29791]	G
[29705,29791]	[29791,end]	T
>Path_199:0.13197009550016187
[start,55]	[55,60]	A
[55,60]	[60,61]	T
[60,61]	[28249,28260]	splice
[28249,28260]	[28260,28261]	A
[28260,28261]	[28261,28518]	C
[28261,28518]	[28518,28519]	A
[28518,28519]	[28519,28570]	C
[28519,28570]	[28570,28571]	T
[28570,28571]	[28571,29059]	A
[28571,29059]	[29059,29061]	T
[29059,29061]	[29089,29705]	splice
[29089,29705]	[29705,29791]	G
[29705,29791]	[29791,end]	T
>Path_223:0.00027565555195856265
[start,55]	[55,60]	A
[55,60]	[60,61]	T
[60,61]	[28249,28260]	splice
[28249,28260]	[28260,28261]	A
[28260,28261]	[28261,28518]	C
[28261,28518]	[28570,28571]	splice
[28570,28571]	[28571,29059]	A
[28571,29059]	[29059,29061]	T
[29059,29061]	[29089,29705]	splice
[29089,29705]	[29705,29791]	G
[29705,29791]	[29791,end]	T
>Path_240:6.891388798964066e-05
[start,55]	[55,60]	A
[55,60]	[60,61]	T
[60,61]	[61,66]	G
[61,66]	[66,67]	C
[66,67]	[67,27037]	T
[67,27037]	[27037,27378]	C
[27037,27378]	[27378,27754]	G
[27378,27754]	[27754,27876]	G
[27754,27876]	[27876,27883]	T
[27876,27883]	[27883,28249]	C
[27883,28249]	[28249,28260]	A
[28249,28260]	[28260,28261]	A
[28260,28261]	[28261,28518]	C
[28261,28518]	[28518,28519]	A
[28518,28519]	[28571,29059]	splice
[28571,29059]	[29059,29061]	T
[29059,29061]	[29089,29705]	splice
[29089,29705]	[29705,29791]	G
[29705,29791]	[29791,end]	T
>Path_247:0.008820977662674005
[start,55]	[55,60]	A
[55,60]	[60,61]	T
[60,61]	[28249,28260]	splice
[28249,28260]	[28260,28261]	A
[28260,28261]	[28261,28518]	C
[28261,28518]	[28518,28519]	A
[28518,28519]	[28571,29059]	splice
[28571,29059]	[29059,29061]	T
[29059,29061]	[29089,29705]	splice
[29089,29705]	[29705,29791]	G
[29705,29791]	[29791,end]	T
>Path_385:0.004479402719326643
[start,55]	[27876,27883]	splice
[27876,27883]	[27883,28249]	C
[27883,28249]	[28249,28260]	A
[28249,28260]	[28260,28261]	A
[28260,28261]	[28261,28518]	C
[28261,28518]	[28518,28519]	A
[28518,28519]	[28519,28570]	C
[28519,28570]	[28570,28571]	T
[28570,28571]	[28571,29059]	A
[28571,29059]	[29059,29061]	T
[29059,29061]	[29061,29087]	C
[29061,29087]	[29087,29089]	C
[29087,29089]	[29089,29705]	A
[29089,29705]	[29791,end]	splice
>Path_388:0.0019295888637099383
[start,55]	[55,60]	A
[55,60]	[60,61]	T
[60,61]	[27037,27378]	splice
[27037,27378]	[27378,27754]	G
[27378,27754]	[27754,27876]	G
[27754,27876]	[27876,27883]	T
[27876,27883]	[27883,28249]	C
[27883,28249]	[28249,28260]	A
[28249,28260]	[28260,28261]	A
[28260,28261]	[28261,28518]	C
[28261,28518]	[28518,28519]	A
[28518,28519]	[28519,28570]	C
[28519,28570]	[28570,28571]	T
[28570,28571]	[28571,29059]	A
[28571,29059]	[29059,29061]	T
[29059,29061]	[29061,29087]	C
[29061,29087]	[29087,29089]	C
[29087,29089]	[29089,29705]	A
[29089,29705]	[29791,end]	splice
>Path_389:0.0022052444156685012
[start,55]	[55,60]	A
[55,60]	[60,61]	T
[60,61]	[27378,27754]	splice
[27378,27754]	[27754,27876]	G
[27754,27876]	[27876,27883]	T
[27876,27883]	[27883,28249]	C
[27883,28249]	[28249,28260]	A
[28249,28260]	[28260,28261]	A
[28260,28261]	[28261,28518]	C
[28261,28518]	[28518,28519]	A
[28518,28519]	[28519,28570]	C
[28519,28570]	[28570,28571]	T
[28570,28571]	[28571,29059]	A
[28571,29059]	[29059,29061]	T
[29059,29061]	[29061,29087]	C
[29061,29087]	[29087,29089]	C
[29087,29089]	[29089,29705]	A
[29089,29705]	[29791,end]	splice
>Path_392:0.02418877468436387
[start,55]	[55,60]	A
[55,60]	[60,61]	T
[60,61]	[28261,28518]	splice
[28261,28518]	[28518,28519]	A
[28518,28519]	[28519,28570]	C
[28519,28570]	[28570,28571]	T
[28570,28571]	[28571,29059]	A
[28571,29059]	[29059,29061]	T
[29059,29061]	[29061,29087]	C
[29061,29087]	[29087,29089]	C
[29087,29089]	[29089,29705]	A
[29089,29705]	[29791,end]	splice
>Path_394:0.0022052444156685012
[start,55]	[55,60]	A
[55,60]	[60,61]	T
[60,61]	[61,66]	G
[61,66]	[28260,28261]	splice
[28260,28261]	[28261,28518]	C
[28261,28518]	[28518,28519]	A
[28518,28519]	[28519,28570]	C
[28519,28570]	[28570,28571]	T
[28570,28571]	[28571,29059]	A
[28571,29059]	[29059,29061]	T
[29059,29061]	[29061,29087]	C
[29061,29087]	[29087,29089]	C
[29087,29089]	[29089,29705]	A
[29089,29705]	[29791,end]	splice
>Path_512:0.00027565555195856265
[start,55]	[55,60]	A
[55,60]	[60,61]	T
[60,61]	[28261,28518]	splice
[28261,28518]	[28570,28571]	splice
[28570,28571]	[28571,29059]	A
[28571,29059]	[29087,29089]	splice
[29087,29089]	[29089,29705]	A
[29089,29705]	[29791,end]	splice
