55	27876	splice	1171
55	28249	splice	13212
60	28260	splice	189
61	27037	splice	155
61	27378	splice	259
61	27883	splice	7205
61	28249	splice	13184
61	28261	splice	39265
66	27754	splice	1407
66	28260	splice	163
67	28261	splice	38222
28518	28570	splice	181
28519	28571	splice	41713
29059	29087	splice	317
29061	29089	splice	45617
29705	29791	splice	6876
66	66	C	0
67	67	T	0
29059	29059	T	0
29061	29061	C	0
29705	29705	G	0
28249	28249	A	0
28570	28570	T	0
28571	28571	A	0
27037	27037	C	0
29087	29087	C	0
29791	29791	T	0
29089	29089	A	0
27876	27876	T	0
28260	28260	A	0
28261	28261	C	0
28518	28518	A	0
28519	28519	C	0
27754	27754	G	0
27883	27883	C	0
27378	27378	G	0
55	55	A	0
60	60	T	0
61	61	G	0
