>phasing0	37219
+	61	28261
-	55	27876
-	55	28249
-	60	28260
>phasing1	54745
+	67	28261
-	55	27876
-	55	28249
-	60	28260
-	61	27037
-	61	27378
-	61	27883
-	61	28249
-	61	28261
-	66	27754
-	66	28260
>phasing2	14451
-	55	27876
-	55	28249
-	60	28260
-	61	27037
-	61	27378
-	61	27883
-	61	28249
-	61	28261
-	66	27754
-	66	28260
-	67	28261
>phasing3	299
+	61	27037
-	55	27876
-	55	28249
-	60	28260
-	61	27378
-	61	27883
-	61	28249
-	61	28261
-	66	27754
-	66	28260
-	67	28261
>phasing4	2663
-	55	27876
-	55	28249
-	60	28260
-	61	27378
-	61	27883
-	61	28249
-	61	28261
-	66	27754
-	66	28260
-	67	28261
>phasing5	818
+	61	27378
-	55	27876
-	55	28249
-	60	28260
-	61	27883
-	61	28249
-	61	28261
-	66	27754
-	66	28260
-	67	28261
>phasing6	8253
-	55	27876
-	55	28249
-	60	28260
-	61	27883
-	61	28249
-	61	28261
-	66	27754
-	66	28260
-	67	28261
>phasing7	854
+	66	27754
-	55	27876
-	55	28249
-	60	28260
-	61	27037
-	61	27378
-	61	27883
-	61	28249
-	61	28261
-	66	28260
-	67	28261
>phasing8	4305
-	55	27876
-	55	28249
-	60	28260
-	61	27883
-	61	28249
-	61	28261
-	66	28260
-	67	28261
>phasing9	3390
+	61	27883
-	55	27876
-	55	28249
-	60	28260
-	61	28249
-	61	28261
-	66	28260
-	67	28261
>phasing10	3002
+	55	27876
-	55	28249
-	60	28260
-	61	27883
-	61	28249
-	61	28261
-	66	28260
-	67	28261
>phasing11	802
-	55	28249
-	60	28260
-	61	27883
-	61	28249
-	61	28261
-	66	28260
-	67	28261
>phasing12	53241
-	55	28249
-	60	28260
-	61	28249
-	61	28261
-	66	28260
-	67	28261
>phasing13	8531
+	61	28249
-	55	27876
-	55	28249
-	60	28260
-	61	28261
-	66	28260
-	67	28261
>phasing14	9393
+	55	28249
-	60	28260
-	61	28261
-	66	28260
-	67	28261
>phasing15	56
-	55	27876
-	55	28249
-	60	28260
-	61	27037
-	61	27378
-	61	27883
-	61	28249
-	61	28261
>phasing16	151
+	60	28260
-	55	27876
-	55	28249
-	61	28261
-	67	28261
>phasing17	50
-	55	27876
-	55	28249
-	60	28260
-	61	28261
-	66	28260
-	67	28261
>phasing18	250
+	66	28260
-	55	27876
-	55	28249
-	60	28260
-	61	27037
-	61	27378
-	61	27883
-	61	28249
-	61	28261
-	67	28261
>phasing19	1764703
>phasing20	65
-	55	27876
-	55	28249
-	60	28260
-	61	27037
-	61	27378
-	61	27883
-	61	28249
-	61	28261
-	66	28260
-	67	28261
>phasing21	5068
-	60	28260
-	61	28261
-	66	28260
-	67	28261
>phasing22	55
-	55	27876
-	55	28249
-	60	28260
-	61	28249
-	61	28261
-	66	28260
-	67	28261
>phasing23	404
-	61	28261
-	67	28261
>phasing24	2366
-	28518	28570
>phasing25	14
-	55	28249
-	60	28260
-	61	28249
-	61	28261
-	66	28260
-	67	28261
-	28518	28570
>phasing26	38
-	60	28260
-	61	28261
-	66	28260
-	67	28261
-	28518	28570
>phasing27	37
-	55	27876
-	55	28249
-	60	28260
-	61	27037
-	61	27378
-	61	27883
-	61	28249
-	61	28261
-	66	27754
-	66	28260
-	67	28261
-	28518	28570
>phasing28	8
+	61	28249
-	55	27876
-	55	28249
-	60	28260
-	61	28261
-	66	28260
-	67	28261
-	28518	28570
>phasing29	159
+	67	28261
-	55	27876
-	55	28249
-	60	28260
-	61	27037
-	61	27378
-	61	27883
-	61	28249
-	61	28261
-	66	27754
-	66	28260
-	28518	28570
>phasing30	98
+	61	28261
-	55	27876
-	55	28249
-	60	28260
-	28518	28570
>phasing31	2
-	61	28261
-	67	28261
-	28518	28570
>phasing32	15
+	55	28249
-	60	28260
-	61	28261
-	66	28260
-	67	28261
-	28518	28570
>phasing33	367766
-	28518	28570
-	28519	28571
>phasing34	174
-	55	28249
-	60	28260
-	61	28249
-	61	28261
-	66	28260
-	67	28261
-	28518	28570
-	28519	28571
>phasing35	614
-	60	28260
-	61	28261
-	66	28260
-	67	28261
-	28518	28570
-	28519	28571
>phasing36	2485
-	55	27876
-	55	28249
-	60	28260
-	61	27037
-	61	27378
-	61	27883
-	61	28249
-	61	28261
-	66	27754
-	66	28260
-	67	28261
-	28518	28570
-	28519	28571
>phasing37	119
+	61	28249
-	55	27876
-	55	28249
-	60	28260
-	61	28261
-	66	28260
-	67	28261
-	28518	28570
-	28519	28571
>phasing38	1654
+	67	28261
-	55	27876
-	55	28249
-	60	28260
-	61	27037
-	61	27378
-	61	27883
-	61	28249
-	61	28261
-	66	27754
-	66	28260
-	28518	28570
-	28519	28571
>phasing39	1327
+	61	28261
-	55	27876
-	55	28249
-	60	28260
-	28518	28570
-	28519	28571
>phasing40	187
+	55	28249
-	60	28260
-	61	28261
-	66	28260
-	67	28261
-	28518	28570
-	28519	28571
>phasing41	71
-	61	28261
-	67	28261
-	28518	28570
-	28519	28571
>phasing42	3
-	55	27876
-	55	28249
-	60	28260
-	61	27037
-	61	27378
-	61	27883
-	61	28249
-	61	28261
-	66	28260
-	67	28261
-	28518	28570
-	28519	28571
>phasing43	1
-	55	27876
-	55	28249
-	60	28260
-	61	28249
-	61	28261
-	66	28260
-	67	28261
-	28518	28570
-	28519	28571
>phasing44	216
+	28518	28570
-	28519	28571
>phasing45	5
+	66	28260
-	55	27876
-	55	28249
-	60	28260
-	61	27037
-	61	27378
-	61	27883
-	61	28249
-	61	28261
-	67	28261
-	28518	28570
-	28519	28571
>phasing46	49410
+	28519	28571
-	28518	28570
>phasing47	209
+	28519	28571
-	55	27876
-	55	28249
-	60	28260
-	61	27037
-	61	27378
-	61	27883
-	61	28249
-	61	28261
-	66	27754
-	66	28260
-	67	28261
-	28518	28570
>phasing48	112
+	28519	28571
-	60	28260
-	61	28261
-	66	28260
-	67	28261
-	28518	28570
>phasing49	319
+	67	28261
+	28519	28571
-	55	27876
-	55	28249
-	60	28260
-	61	27037
-	61	27378
-	61	27883
-	61	28249
-	61	28261
-	66	27754
-	66	28260
-	28518	28570
>phasing50	1
+	67	28261
+	28518	28570
-	55	27876
-	55	28249
-	60	28260
-	61	27037
-	61	27378
-	61	27883
-	61	28249
-	61	28261
-	66	27754
-	66	28260
-	28519	28571
>phasing51	266
+	61	28261
+	28519	28571
-	55	27876
-	55	28249
-	60	28260
-	28518	28570
>phasing52	37
+	55	28249
+	28519	28571
-	60	28260
-	61	28261
-	66	28260
-	67	28261
-	28518	28570
>phasing53	19
+	61	28249
+	28519	28571
-	55	27876
-	55	28249
-	60	28260
-	61	28261
-	66	28260
-	67	28261
-	28518	28570
>phasing54	35
+	28519	28571
-	55	28249
-	60	28260
-	61	28249
-	61	28261
-	66	28260
-	67	28261
-	28518	28570
>phasing55	15
+	28519	28571
-	61	28261
-	67	28261
-	28518	28570
>phasing56	3
-	55	27876
-	55	28249
-	60	28260
-	61	27037
-	61	27378
-	61	27883
-	61	28249
-	61	28261
-	28518	28570
-	28519	28571
>phasing57	5
+	60	28260
-	55	27876
-	55	28249
-	61	28261
-	67	28261
-	28518	28570
-	28519	28571
>phasing58	1
+	28519	28571
-	55	27876
-	55	28249
-	60	28260
-	61	28261
-	66	28260
-	67	28261
-	28518	28570
>phasing59	1
-	55	27876
-	55	28249
-	60	28260
-	61	28261
-	66	28260
-	67	28261
-	28518	28570
-	28519	28571
>phasing60	2
+	61	28261
+	28518	28570
-	55	27876
-	55	28249
-	60	28260
-	28519	28571
>phasing61	1
+	60	28260
+	28519	28571
-	55	27876
-	55	28249
-	61	28261
-	67	28261
-	28518	28570
>phasing62	3
+	66	28260
+	28519	28571
-	55	27876
-	55	28249
-	60	28260
-	61	27037
-	61	27378
-	61	27883
-	61	28249
-	61	28261
-	67	28261
-	28518	28570
>phasing63	2126
-	28519	28571
>phasing64	2
+	28518	28570
-	55	27876
-	55	28249
-	60	28260
-	61	27037
-	61	27378
-	61	27883
-	61	28249
-	61	28261
-	66	27754
-	66	28260
-	67	28261
-	28519	28571
>phasing65	5853
-	29059	29087
>phasing66	323640
-	29059	29087
-	29061	29089
>phasing67	340
+	29059	29087
-	29061	29089
>phasing68	44505
+	29061	29089
-	29059	29087
>phasing69	36
-	55	27876
-	55	28249
-	60	28260
-	61	27037
-	61	27378
-	61	27883
-	61	28249
-	61	28261
-	66	27754
-	66	28260
-	67	28261
-	29059	29087
-	29061	29089
>phasing70	4891
-	29061	29089
>phasing71	8
+	29061	29089
-	55	27876
-	55	28249
-	60	28260
-	61	27037
-	61	27378
-	61	27883
-	61	28249
-	61	28261
-	66	27754
-	66	28260
-	67	28261
-	29059	29087
>phasing72	1882
-	29704	29790
>phasing73	191556
-	29704	29790
-	29705	29791
>phasing74	23836
+	29705	29791
-	29704	29790
>phasing75	82
+	29704	29790
-	29705	29791
>phasing76	15
-	55	27876
-	55	28249
-	60	28260
-	61	27037
-	61	27378
-	61	27883
-	61	28249
-	61	28261
-	66	27754
-	66	28260
-	67	28261
-	29704	29790
-	29705	29791
>phasing77	4
+	29705	29791
-	55	27876
-	55	28249
-	60	28260
-	61	27037
-	61	27378
-	61	27883
-	61	28249
-	61	28261
-	66	27754
-	66	28260
-	67	28261
-	29704	29790
>phasing78	58
-	29705	29791
