>phasing0	55227
+	67	28261
-	55	27876
-	55	28249
-	60	28260
-	61	27037
-	61	27378
-	61	27883
-	61	28249
-	61	28261
-	66	27754
-	66	28260
>phasing1	14059
-	55	27876
-	55	28249
-	60	28260
-	61	27037
-	61	27378
-	61	27883
-	61	28249
-	61	28261
-	66	27754
-	66	28260
-	67	28261
>phasing2	263
+	61	27037
-	55	27876
-	55	28249
-	60	28260
-	61	27378
-	61	27883
-	61	28249
-	61	28261
-	66	27754
-	66	28260
-	67	28261
>phasing3	2614
-	55	27876
-	55	28249
-	60	28260
-	61	27378
-	61	27883
-	61	28249
-	61	28261
-	66	27754
-	66	28260
-	67	28261
>phasing4	850
+	61	27378
-	55	27876
-	55	28249
-	60	28260
-	61	27883
-	61	28249
-	61	28261
-	66	27754
-	66	28260
-	67	28261
>phasing5	8195
-	55	27876
-	55	28249
-	60	28260
-	61	27883
-	61	28249
-	61	28261
-	66	27754
-	66	28260
-	67	28261
>phasing6	841
+	66	27754
-	55	27876
-	55	28249
-	60	28260
-	61	27037
-	61	27378
-	61	27883
-	61	28249
-	61	28261
-	66	28260
-	67	28261
>phasing7	4262
-	55	27876
-	55	28249
-	60	28260
-	61	27883
-	61	28249
-	61	28261
-	66	28260
-	67	28261
>phasing8	3420
+	61	27883
-	55	27876
-	55	28249
-	60	28260
-	61	28249
-	61	28261
-	66	28260
-	67	28261
>phasing9	3000
+	55	27876
-	55	28249
-	60	28260
-	61	27883
-	61	28249
-	61	28261
-	66	28260
-	67	28261
>phasing10	53613
-	55	28249
-	60	28260
-	61	28249
-	61	28261
-	66	28260
-	67	28261
>phasing11	723
-	55	28249
-	60	28260
-	61	27883
-	61	28249
-	61	28261
-	66	28260
-	67	28261
>phasing12	83
-	55	27876
-	55	28249
-	60	28260
-	61	27037
-	61	27378
-	61	27883
-	61	28249
-	61	28261
-	66	28260
-	67	28261
>phasing13	9367
+	55	28249
-	60	28260
-	61	28261
-	66	28260
-	67	28261
>phasing14	8356
+	61	28249
-	55	27876
-	55	28249
-	60	28260
-	61	28261
-	66	28260
-	67	28261
>phasing15	36928
+	61	28261
-	55	27876
-	55	28249
-	60	28260
>phasing16	263
+	66	28260
-	55	27876
-	55	28249
-	60	28260
-	61	27037
-	61	27378
-	61	27883
-	61	28249
-	61	28261
-	67	28261
>phasing17	176
+	60	28260
-	55	27876
-	55	28249
-	61	28261
-	67	28261
>phasing18	57
-	55	27876
-	55	28249
-	60	28260
-	61	28261
-	66	28260
-	67	28261
>phasing19	43
-	55	27876
-	55	28249
-	60	28260
-	61	28249
-	61	28261
-	66	28260
-	67	28261
>phasing20	5115
-	60	28260
-	61	28261
-	66	28260
-	67	28261
>phasing21	62
-	55	27876
-	55	28249
-	60	28260
-	61	27037
-	61	27378
-	61	27883
-	61	28249
-	61	28261
>phasing22	1764871
>phasing23	388
-	61	28261
-	67	28261
>phasing24	2245
-	28518	28570
>phasing25	29
-	55	27876
-	55	28249
-	60	28260
-	61	27037
-	61	27378
-	61	27883
-	61	28249
-	61	28261
-	66	27754
-	66	28260
-	67	28261
-	28518	28570
>phasing26	14
-	55	28249
-	60	28260
-	61	28249
-	61	28261
-	66	28260
-	67	28261
-	28518	28570
>phasing27	16
+	61	28249
-	55	27876
-	55	28249
-	60	28260
-	61	28261
-	66	28260
-	67	28261
-	28518	28570
>phasing28	136
+	67	28261
-	55	27876
-	55	28249
-	60	28260
-	61	27037
-	61	27378
-	61	27883
-	61	28249
-	61	28261
-	66	27754
-	66	28260
-	28518	28570
>phasing29	4
-	61	28261
-	67	28261
-	28518	28570
>phasing30	100
+	61	28261
-	55	27876
-	55	28249
-	60	28260
-	28518	28570
>phasing31	1
-	55	27876
-	55	28249
-	60	28260
-	61	28261
-	66	28260
-	67	28261
-	28518	28570
>phasing32	32
-	60	28260
-	61	28261
-	66	28260
-	67	28261
-	28518	28570
>phasing33	19
+	55	28249
-	60	28260
-	61	28261
-	66	28260
-	67	28261
-	28518	28570
>phasing34	1
+	66	28260
-	55	27876
-	55	28249
-	60	28260
-	61	27037
-	61	27378
-	61	27883
-	61	28249
-	61	28261
-	67	28261
-	28518	28570
>phasing35	367414
-	28518	28570
-	28519	28571
>phasing36	165
-	55	28249
-	60	28260
-	61	28249
-	61	28261
-	66	28260
-	67	28261
-	28518	28570
-	28519	28571
>phasing37	132
+	61	28249
-	55	27876
-	55	28249
-	60	28260
-	61	28261
-	66	28260
-	67	28261
-	28518	28570
-	28519	28571
>phasing38	582
-	60	28260
-	61	28261
-	66	28260
-	67	28261
-	28518	28570
-	28519	28571
>phasing39	1790
+	67	28261
-	55	27876
-	55	28249
-	60	28260
-	61	27037
-	61	27378
-	61	27883
-	61	28249
-	61	28261
-	66	27754
-	66	28260
-	28518	28570
-	28519	28571
>phasing40	2415
-	55	27876
-	55	28249
-	60	28260
-	61	27037
-	61	27378
-	61	27883
-	61	28249
-	61	28261
-	66	27754
-	66	28260
-	67	28261
-	28518	28570
-	28519	28571
>phasing41	1366
+	61	28261
-	55	27876
-	55	28249
-	60	28260
-	28518	28570
-	28519	28571
>phasing42	5
+	60	28260
-	55	27876
-	55	28249
-	61	28261
-	67	28261
-	28518	28570
-	28519	28571
>phasing43	167
+	55	28249
-	60	28260
-	61	28261
-	66	28260
-	67	28261
-	28518	28570
-	28519	28571
>phasing44	58
-	61	28261
-	67	28261
-	28518	28570
-	28519	28571
>phasing45	9
+	66	28260
-	55	27876
-	55	28249
-	60	28260
-	61	27037
-	61	27378
-	61	27883
-	61	28249
-	61	28261
-	67	28261
-	28518	28570
-	28519	28571
>phasing46	3
-	55	27876
-	55	28249
-	60	28260
-	61	28261
-	66	28260
-	67	28261
-	28518	28570
-	28519	28571
>phasing47	48865
+	28519	28571
-	28518	28570
>phasing48	28
+	28519	28571
-	55	28249
-	60	28260
-	61	28249
-	61	28261
-	66	28260
-	67	28261
-	28518	28570
>phasing49	111
+	28519	28571
-	60	28260
-	61	28261
-	66	28260
-	67	28261
-	28518	28570
>phasing50	177
+	28519	28571
-	55	27876
-	55	28249
-	60	28260
-	61	27037
-	61	27378
-	61	27883
-	61	28249
-	61	28261
-	66	27754
-	66	28260
-	67	28261
-	28518	28570
>phasing51	326
+	67	28261
+	28519	28571
-	55	27876
-	55	28249
-	60	28260
-	61	27037
-	61	27378
-	61	27883
-	61	28249
-	61	28261
-	66	27754
-	66	28260
-	28518	28570
>phasing52	1
+	66	28260
+	28519	28571
-	55	27876
-	55	28249
-	60	28260
-	61	27037
-	61	27378
-	61	27883
-	61	28249
-	61	28261
-	67	28261
-	28518	28570
>phasing53	268
+	61	28261
+	28519	28571
-	55	27876
-	55	28249
-	60	28260
-	28518	28570
>phasing54	26
+	61	28249
+	28519	28571
-	55	27876
-	55	28249
-	60	28260
-	61	28261
-	66	28260
-	67	28261
-	28518	28570
>phasing55	225
+	28518	28570
-	28519	28571
>phasing56	23
+	55	28249
+	28519	28571
-	60	28260
-	61	28261
-	66	28260
-	67	28261
-	28518	28570
>phasing57	3
+	28518	28570
-	55	27876
-	55	28249
-	60	28260
-	61	27037
-	61	27378
-	61	27883
-	61	28249
-	61	28261
-	66	27754
-	66	28260
-	67	28261
-	28519	28571
>phasing58	25
+	28519	28571
-	61	28261
-	67	28261
-	28518	28570
>phasing59	1
+	28519	28571
-	55	27876
-	55	28249
-	60	28260
-	61	27037
-	61	27378
-	61	27883
-	61	28249
-	61	28261
-	66	28260
-	67	28261
-	28518	28570
>phasing60	2
-	55	27876
-	55	28249
-	60	28260
-	61	27037
-	61	27378
-	61	27883
-	61	28249
-	61	28261
-	66	28260
-	67	28261
-	28518	28570
-	28519	28571
>phasing61	3
+	61	28261
+	28518	28570
-	55	27876
-	55	28249
-	60	28260
-	28519	28571
>phasing62	2
+	61	28249
+	28518	28570
-	55	27876
-	55	28249
-	60	28260
-	61	28261
-	66	28260
-	67	28261
-	28519	28571
>phasing63	1
+	28518	28570
-	60	28260
-	61	28261
-	66	28260
-	67	28261
-	28519	28571
>phasing64	2050
-	28519	28571
>phasing65	1
-	55	27876
-	55	28249
-	60	28260
-	61	27037
-	61	27378
-	61	27883
-	61	28249
-	61	28261
-	66	27754
-	66	28260
-	67	28261
-	28519	28571
>phasing66	5870
-	29059	29087
>phasing67	324374
-	29059	29087
-	29061	29089
>phasing68	302
+	29059	29087
-	29061	29089
>phasing69	44325
+	29061	29089
-	29059	29087
>phasing70	54
-	55	27876
-	55	28249
-	60	28260
-	61	27037
-	61	27378
-	61	27883
-	61	28249
-	61	28261
-	66	27754
-	66	28260
-	67	28261
-	29059	29087
-	29061	29089
>phasing71	5008
-	29061	29089
>phasing72	10
+	29061	29089
-	55	27876
-	55	28249
-	60	28260
-	61	27037
-	61	27378
-	61	27883
-	61	28249
-	61	28261
-	66	27754
-	66	28260
-	67	28261
-	29059	29087
>phasing73	1864
-	29704	29790
>phasing74	191142
-	29704	29790
-	29705	29791
>phasing75	23695
+	29705	29791
-	29704	29790
>phasing76	881
-	55	27876
-	55	28249
-	60	28260
-	61	27037
-	61	27378
-	61	27883
-	61	28249
-	61	28261
-	66	27754
-	66	28260
-	67	28261
-	29704	29790
-	29705	29791
>phasing77	113
+	29704	29790
-	29705	29791
>phasing78	73
+	29705	29791
-	55	27876
-	55	28249
-	60	28260
-	61	27037
-	61	27378
-	61	27883
-	61	28249
-	61	28261
-	66	27754
-	66	28260
-	67	28261
-	29704	29790
>phasing79	1
+	29704	29790
-	55	27876
-	55	28249
-	60	28260
-	61	27037
-	61	27378
-	61	27883
-	61	28249
-	61	28261
-	66	27754
-	66	28260
-	67	28261
-	29705	29791
>phasing80	63
-	29705	29791
