55	27876	splice	2691
55	28249	splice	8933
60	28260	splice	202
61	27037	splice	262
61	27378	splice	874
61	27883	splice	3120
61	28249	splice	8152
61	28261	splice	37017
66	27754	splice	782
66	28260	splice	285
67	28261	splice	55974
28518	28570	splice	270
28519	28571	splice	60030
29059	29087	splice	396
29061	29089	splice	54404
29704	29790	splice	183
29705	29791	splice	41912
66	66	C	0
67	67	T	0
29059	29059	T	0
29061	29061	C	0
29704	29704	A	0
29705	29705	G	0
28249	28249	A	0
28570	28570	T	0
28571	28571	A	0
27037	27037	C	0
29790	29790	A	0
29087	29087	C	0
29791	29791	T	0
29089	29089	A	0
27876	27876	T	0
28260	28260	A	0
28261	28261	C	0
28518	28518	A	0
28519	28519	C	0
27754	27754	G	0
27883	27883	C	0
27378	27378	G	0
55	55	A	0
60	60	T	0
61	61	G	0
