>Path_0:0.00027235615324105414
[start,55]	[55,60]	A
[55,60]	[60,61]	T
[60,61]	[61,66]	G
[61,66]	[66,67]	C
[66,67]	[67,27037]	T
[67,27037]	[27037,27378]	C
[27037,27378]	[27378,27754]	G
[27378,27754]	[27754,27876]	G
[27754,27876]	[27876,27883]	T
[27876,27883]	[27883,28249]	C
[27883,28249]	[28249,28260]	A
[28249,28260]	[28260,28261]	A
[28260,28261]	[28261,28518]	C
[28261,28518]	[28518,28519]	A
[28518,28519]	[28519,28570]	C
[28519,28570]	[28570,28571]	T
[28570,28571]	[28571,29059]	A
[28571,29059]	[29059,29061]	T
[29059,29061]	[29061,29087]	C
[29061,29087]	[29087,29089]	C
[29087,29089]	[29089,29704]	A
[29089,29704]	[29704,29705]	A
[29704,29705]	[29705,29790]	G
[29705,29790]	[29790,29791]	A
[29790,29791]	[29791,end]	T
>Path_1:0.017430793807427465
[start,55]	[27876,27883]	splice
[27876,27883]	[27883,28249]	C
[27883,28249]	[28249,28260]	A
[28249,28260]	[28260,28261]	A
[28260,28261]	[28261,28518]	C
[28261,28518]	[28518,28519]	A
[28518,28519]	[28519,28570]	C
[28519,28570]	[28570,28571]	T
[28570,28571]	[28571,29059]	A
[28571,29059]	[29059,29061]	T
[29059,29061]	[29061,29087]	C
[29061,29087]	[29087,29089]	C
[29087,29089]	[29089,29704]	A
[29089,29704]	[29704,29705]	A
[29704,29705]	[29705,29790]	G
[29705,29790]	[29790,29791]	A
[29790,29791]	[29791,end]	T
>Path_6:0.031593313775962285
[start,55]	[55,60]	A
[55,60]	[60,61]	T
[60,61]	[27883,28249]	splice
[27883,28249]	[28249,28260]	A
[28249,28260]	[28260,28261]	A
[28260,28261]	[28261,28518]	C
[28261,28518]	[28518,28519]	A
[28518,28519]	[28519,28570]	C
[28519,28570]	[28570,28571]	T
[28570,28571]	[28571,29059]	A
[28571,29059]	[29059,29061]	T
[29059,29061]	[29061,29087]	C
[29061,29087]	[29087,29089]	C
[29087,29089]	[29089,29704]	A
[29089,29704]	[29704,29705]	A
[29704,29705]	[29705,29790]	G
[29705,29790]	[29790,29791]	A
[29790,29791]	[29791,end]	T
>Path_7:0.06100777832599613
[start,55]	[55,60]	A
[55,60]	[60,61]	T
[60,61]	[28249,28260]	splice
[28249,28260]	[28260,28261]	A
[28260,28261]	[28261,28518]	C
[28261,28518]	[28518,28519]	A
[28518,28519]	[28519,28570]	C
[28519,28570]	[28570,28571]	T
[28570,28571]	[28571,29059]	A
[28571,29059]	[29059,29061]	T
[29059,29061]	[29061,29087]	C
[29061,29087]	[29087,29089]	C
[29087,29089]	[29089,29704]	A
[29089,29704]	[29704,29705]	A
[29704,29705]	[29705,29790]	G
[29705,29790]	[29790,29791]	A
[29790,29791]	[29791,end]	T
>Path_8:0.1068317011088035
[start,55]	[55,60]	A
[55,60]	[60,61]	T
[60,61]	[28261,28518]	splice
[28261,28518]	[28518,28519]	A
[28518,28519]	[28519,28570]	C
[28519,28570]	[28570,28571]	T
[28570,28571]	[28571,29059]	A
[28571,29059]	[29059,29061]	T
[29059,29061]	[29061,29087]	C
[29061,29087]	[29087,29089]	C
[29087,29089]	[29089,29704]	A
[29089,29704]	[29704,29705]	A
[29704,29705]	[29705,29790]	G
[29705,29790]	[29790,29791]	A
[29790,29791]	[29791,end]	T
>Path_11:0.4375164545189129
[start,55]	[55,60]	A
[55,60]	[60,61]	T
[60,61]	[61,66]	G
[61,66]	[66,67]	C
[66,67]	[28261,28518]	splice
[28261,28518]	[28518,28519]	A
[28518,28519]	[28519,28570]	C
[28519,28570]	[28570,28571]	T
[28570,28571]	[28571,29059]	A
[28571,29059]	[29059,29061]	T
[29059,29061]	[29061,29087]	C
[29061,29087]	[29087,29089]	C
[29087,29089]	[29089,29704]	A
[29089,29704]	[29704,29705]	A
[29704,29705]	[29705,29790]	G
[29705,29790]	[29790,29791]	A
[29790,29791]	[29791,end]	T
>Path_32:6.808903831026354e-05
[start,55]	[55,60]	A
[55,60]	[60,61]	T
[60,61]	[28261,28518]	splice
[28261,28518]	[28570,28571]	splice
[28570,28571]	[28571,29059]	A
[28571,29059]	[29059,29061]	T
[29059,29061]	[29061,29087]	C
[29061,29087]	[29087,29089]	C
[29087,29089]	[29089,29704]	A
[29089,29704]	[29704,29705]	A
[29704,29705]	[29705,29790]	G
[29705,29790]	[29790,29791]	A
[29790,29791]	[29791,end]	T
>Path_35:0.0003404451915513177
[start,55]	[55,60]	A
[55,60]	[60,61]	T
[60,61]	[61,66]	G
[61,66]	[66,67]	C
[66,67]	[28261,28518]	splice
[28261,28518]	[28570,28571]	splice
[28570,28571]	[28571,29059]	A
[28571,29059]	[29059,29061]	T
[29059,29061]	[29061,29087]	C
[29061,29087]	[29087,29089]	C
[29087,29089]	[29089,29704]	A
[29089,29704]	[29704,29705]	A
[29704,29705]	[29705,29790]	G
[29705,29790]	[29790,29791]	A
[29790,29791]	[29791,end]	T
>Path_106:0.0009532465363436896
[start,55]	[55,60]	A
[55,60]	[60,61]	T
[60,61]	[61,66]	G
[61,66]	[28260,28261]	splice
[28260,28261]	[28261,28518]	C
[28261,28518]	[28518,28519]	A
[28518,28519]	[28519,28570]	C
[28519,28570]	[28570,28571]	T
[28570,28571]	[28571,29059]	A
[28571,29059]	[29087,29089]	splice
[29087,29089]	[29089,29704]	A
[29089,29704]	[29704,29705]	A
[29704,29705]	[29705,29790]	G
[29705,29790]	[29790,29791]	A
[29790,29791]	[29791,end]	T
>Path_242:0.017158437654186412
[start,55]	[28249,28260]	splice
[28249,28260]	[28260,28261]	A
[28260,28261]	[28261,28518]	C
[28261,28518]	[28518,28519]	A
[28518,28519]	[28571,29059]	splice
[28571,29059]	[29059,29061]	T
[29059,29061]	[29089,29704]	splice
[29089,29704]	[29704,29705]	A
[29704,29705]	[29705,29790]	G
[29705,29790]	[29790,29791]	A
[29790,29791]	[29791,end]	T
>Path_246:0.0032682738388926497
[start,55]	[55,60]	A
[55,60]	[60,61]	T
[60,61]	[27883,28249]	splice
[27883,28249]	[28249,28260]	A
[28249,28260]	[28260,28261]	A
[28260,28261]	[28261,28518]	C
[28261,28518]	[28518,28519]	A
[28518,28519]	[28571,29059]	splice
[28571,29059]	[29059,29061]	T
[29059,29061]	[29089,29704]	splice
[29089,29704]	[29704,29705]	A
[29704,29705]	[29705,29790]	G
[29705,29790]	[29790,29791]	A
[29790,29791]	[29791,end]	T
>Path_247:0.008715396903713733
[start,55]	[55,60]	A
[55,60]	[60,61]	T
[60,61]	[28249,28260]	splice
[28249,28260]	[28260,28261]	A
[28260,28261]	[28261,28518]	C
[28261,28518]	[28518,28519]	A
[28518,28519]	[28571,29059]	splice
[28571,29059]	[29059,29061]	T
[29059,29061]	[29089,29704]	splice
[29089,29704]	[29704,29705]	A
[29704,29705]	[29705,29790]	G
[29705,29790]	[29790,29791]	A
[29790,29791]	[29791,end]	T
>Path_248:0.03486158761485493
[start,55]	[55,60]	A
[55,60]	[60,61]	T
[60,61]	[28261,28518]	splice
[28261,28518]	[28518,28519]	A
[28518,28519]	[28571,29059]	splice
[28571,29059]	[29059,29061]	T
[29059,29061]	[29089,29704]	splice
[29089,29704]	[29704,29705]	A
[29704,29705]	[29705,29790]	G
[29705,29790]	[29790,29791]	A
[29790,29791]	[29791,end]	T
>Path_394:0.0009532465363436896
[start,55]	[55,60]	A
[55,60]	[60,61]	T
[60,61]	[61,66]	G
[61,66]	[28260,28261]	splice
[28260,28261]	[28261,28518]	C
[28261,28518]	[28518,28519]	A
[28518,28519]	[28519,28570]	C
[28519,28570]	[28570,28571]	T
[28570,28571]	[28571,29059]	A
[28571,29059]	[29059,29061]	T
[29059,29061]	[29061,29087]	C
[29061,29087]	[29087,29089]	C
[29087,29089]	[29089,29704]	A
[29089,29704]	[29790,29791]	splice
[29790,29791]	[29791,end]	T
>Path_514:0.00013617807662052707
[start,55]	[55,60]	A
[55,60]	[60,61]	T
[60,61]	[61,66]	G
[61,66]	[28260,28261]	splice
[28260,28261]	[28261,28518]	C
[28261,28518]	[28570,28571]	splice
[28570,28571]	[28571,29059]	A
[28571,29059]	[29087,29089]	splice
[29087,29089]	[29089,29704]	A
[29089,29704]	[29790,29791]	splice
[29790,29791]	[29791,end]	T
>Path_770:0.052564737575523456
[start,55]	[28249,28260]	splice
[28249,28260]	[28260,28261]	A
[28260,28261]	[28261,28518]	C
[28261,28518]	[28518,28519]	A
[28518,28519]	[28519,28570]	C
[28519,28570]	[28570,28571]	T
[28570,28571]	[28571,29059]	A
[28571,29059]	[29059,29061]	T
[29059,29061]	[29061,29087]	C
[29061,29087]	[29087,29089]	C
[29087,29089]	[29089,29704]	A
[29089,29704]	[29704,29705]	A
[29704,29705]	[29791,end]	splice
>Path_771:0.002042671149307906
[start,55]	[55,60]	A
[55,60]	[28260,28261]	splice
[28260,28261]	[28261,28518]	C
[28261,28518]	[28518,28519]	A
[28518,28519]	[28519,28570]	C
[28519,28570]	[28570,28571]	T
[28570,28571]	[28571,29059]	A
[28571,29059]	[29059,29061]	T
[29059,29061]	[29061,29087]	C
[29061,29087]	[29087,29089]	C
[29087,29089]	[29089,29704]	A
[29089,29704]	[29704,29705]	A
[29704,29705]	[29791,end]	splice
>Path_772:0.004017253260305549
[start,55]	[55,60]	A
[55,60]	[60,61]	T
[60,61]	[27037,27378]	splice
[27037,27378]	[27378,27754]	G
[27378,27754]	[27754,27876]	G
[27754,27876]	[27876,27883]	T
[27876,27883]	[27883,28249]	C
[27883,28249]	[28249,28260]	A
[28249,28260]	[28260,28261]	A
[28260,28261]	[28261,28518]	C
[28261,28518]	[28518,28519]	A
[28518,28519]	[28519,28570]	C
[28519,28570]	[28570,28571]	T
[28570,28571]	[28571,29059]	A
[28571,29059]	[29059,29061]	T
[29059,29061]	[29061,29087]	C
[29061,29087]	[29087,29089]	C
[29087,29089]	[29089,29704]	A
[29089,29704]	[29704,29705]	A
[29704,29705]	[29791,end]	splice
>Path_776:0.13713132315687077
[start,55]	[55,60]	A
[55,60]	[60,61]	T
[60,61]	[28261,28518]	splice
[28261,28518]	[28518,28519]	A
[28518,28519]	[28519,28570]	C
[28519,28570]	[28570,28571]	T
[28570,28571]	[28571,29059]	A
[28571,29059]	[29059,29061]	T
[29059,29061]	[29061,29087]	C
[29061,29087]	[29087,29089]	C
[29087,29089]	[29089,29704]	A
[29089,29704]	[29704,29705]	A
[29704,29705]	[29791,end]	splice
>Path_777:0.00769406132905978
[start,55]	[55,60]	A
[55,60]	[60,61]	T
[60,61]	[61,66]	G
[61,66]	[27754,27876]	splice
[27754,27876]	[27876,27883]	T
[27876,27883]	[27883,28249]	C
[27883,28249]	[28249,28260]	A
[28249,28260]	[28260,28261]	A
[28260,28261]	[28261,28518]	C
[28261,28518]	[28518,28519]	A
[28518,28519]	[28519,28570]	C
[28519,28570]	[28570,28571]	T
[28570,28571]	[28571,29059]	A
[28571,29059]	[29059,29061]	T
[29059,29061]	[29061,29087]	C
[29061,29087]	[29087,29089]	C
[29087,29089]	[29089,29704]	A
[29089,29704]	[29704,29705]	A
[29704,29705]	[29791,end]	splice
>Path_1008:6.808903831026354e-05
[start,55]	[55,60]	A
[55,60]	[60,61]	T
[60,61]	[61,66]	G
[61,66]	[66,67]	C
[66,67]	[67,27037]	T
[67,27037]	[27037,27378]	C
[27037,27378]	[27378,27754]	G
[27378,27754]	[27754,27876]	G
[27754,27876]	[27876,27883]	T
[27876,27883]	[27883,28249]	C
[27883,28249]	[28249,28260]	A
[28249,28260]	[28260,28261]	A
[28260,28261]	[28261,28518]	C
[28261,28518]	[28518,28519]	A
[28518,28519]	[28571,29059]	splice
[28571,29059]	[29059,29061]	T
[29059,29061]	[29089,29704]	splice
[29089,29704]	[29704,29705]	A
[29704,29705]	[29791,end]	splice
>Path_1011:0.00013617807662052707
[start,55]	[55,60]	A
[55,60]	[28260,28261]	splice
[28260,28261]	[28261,28518]	C
[28261,28518]	[28518,28519]	A
[28518,28519]	[28571,29059]	splice
[28571,29059]	[29059,29061]	T
[29059,29061]	[29089,29704]	splice
[29089,29704]	[29704,29705]	A
[29704,29705]	[29791,end]	splice
>Path_1013:0.004357698451856866
[start,55]	[55,60]	A
[55,60]	[60,61]	T
[60,61]	[27378,27754]	splice
[27378,27754]	[27754,27876]	G
[27754,27876]	[27876,27883]	T
[27876,27883]	[27883,28249]	C
[27883,28249]	[28249,28260]	A
[28249,28260]	[28260,28261]	A
[28260,28261]	[28261,28518]	C
[28261,28518]	[28518,28519]	A
[28518,28519]	[28571,29059]	splice
[28571,29059]	[29059,29061]	T
[29059,29061]	[29089,29704]	splice
[29089,29704]	[29704,29705]	A
[29704,29705]	[29791,end]	splice
>Path_1017:0.001021335574653953
[start,55]	[55,60]	A
[55,60]	[60,61]	T
[60,61]	[61,66]	G
[61,66]	[27754,27876]	splice
[27754,27876]	[27876,27883]	T
[27876,27883]	[27883,28249]	C
[27883,28249]	[28249,28260]	A
[28249,28260]	[28260,28261]	A
[28260,28261]	[28261,28518]	C
[28261,28518]	[28518,28519]	A
[28518,28519]	[28571,29059]	splice
[28571,29059]	[29059,29061]	T
[29059,29061]	[29089,29704]	splice
[29089,29704]	[29704,29705]	A
[29704,29705]	[29791,end]	splice
>Path_1018:0.00013617807662052707
[start,55]	[55,60]	A
[55,60]	[60,61]	T
[60,61]	[61,66]	G
[61,66]	[28260,28261]	splice
[28260,28261]	[28261,28518]	C
[28261,28518]	[28518,28519]	A
[28518,28519]	[28571,29059]	splice
[28571,29059]	[29059,29061]	T
[29059,29061]	[29089,29704]	splice
[29089,29704]	[29704,29705]	A
[29704,29705]	[29791,end]	splice
>Path_1019:0.06972317522970986
[start,55]	[55,60]	A
[55,60]	[60,61]	T
[60,61]	[61,66]	G
[61,66]	[66,67]	C
[66,67]	[28261,28518]	splice
[28261,28518]	[28518,28519]	A
[28518,28519]	[28571,29059]	splice
[28571,29059]	[29059,29061]	T
[29059,29061]	[29089,29704]	splice
[29089,29704]	[29704,29705]	A
[29704,29705]	[29791,end]	splice
