>Path_0:0.00020403741776420519
[start,55]	[55,60]	A
[55,60]	[60,61]	T
[60,61]	[61,66]	G
[61,66]	[66,67]	C
[66,67]	[67,27037]	T
[67,27037]	[27037,27378]	C
[27037,27378]	[27378,27754]	G
[27378,27754]	[27754,27876]	G
[27754,27876]	[27876,27883]	T
[27876,27883]	[27883,28249]	C
[27883,28249]	[28249,28260]	A
[28249,28260]	[28260,28261]	A
[28260,28261]	[28261,28518]	C
[28261,28518]	[28518,28519]	A
[28518,28519]	[28519,28570]	C
[28519,28570]	[28570,28571]	T
[28570,28571]	[28571,29059]	A
[28571,29059]	[29059,29061]	T
[29059,29061]	[29061,29087]	C
[29061,29087]	[29087,29089]	C
[29087,29089]	[29089,29704]	A
[29089,29704]	[29704,29705]	A
[29704,29705]	[29705,29790]	G
[29705,29790]	[29790,29791]	A
[29790,29791]	[29791,end]	T
>Path_1:0.010881995614090943
[start,55]	[27876,27883]	splice
[27876,27883]	[27883,28249]	C
[27883,28249]	[28249,28260]	A
[28249,28260]	[28260,28261]	A
[28260,28261]	[28261,28518]	C
[28261,28518]	[28518,28519]	A
[28518,28519]	[28519,28570]	C
[28519,28570]	[28570,28571]	T
[28570,28571]	[28571,29059]	A
[28571,29059]	[29059,29061]	T
[29059,29061]	[29061,29087]	C
[29061,29087]	[29087,29089]	C
[29087,29089]	[29089,29704]	A
[29089,29704]	[29704,29705]	A
[29704,29705]	[29705,29790]	G
[29705,29790]	[29790,29791]	A
[29790,29791]	[29791,end]	T
>Path_4:0.004080748355284104
[start,55]	[55,60]	A
[55,60]	[60,61]	T
[60,61]	[27037,27378]	splice
[27037,27378]	[27378,27754]	G
[27378,27754]	[27754,27876]	G
[27754,27876]	[27876,27883]	T
[27876,27883]	[27883,28249]	C
[27883,28249]	[28249,28260]	A
[28249,28260]	[28260,28261]	A
[28260,28261]	[28261,28518]	C
[28261,28518]	[28518,28519]	A
[28518,28519]	[28519,28570]	C
[28519,28570]	[28570,28571]	T
[28570,28571]	[28571,29059]	A
[28571,29059]	[29059,29061]	T
[29059,29061]	[29061,29087]	C
[29061,29087]	[29087,29089]	C
[29087,29089]	[29089,29704]	A
[29089,29704]	[29704,29705]	A
[29704,29705]	[29705,29790]	G
[29705,29790]	[29790,29791]	A
[29790,29791]	[29791,end]	T
>Path_5:0.004352798245636377
[start,55]	[55,60]	A
[55,60]	[60,61]	T
[60,61]	[27378,27754]	splice
[27378,27754]	[27754,27876]	G
[27754,27876]	[27876,27883]	T
[27876,27883]	[27883,28249]	C
[27883,28249]	[28249,28260]	A
[28249,28260]	[28260,28261]	A
[28260,28261]	[28261,28518]	C
[28261,28518]	[28518,28519]	A
[28518,28519]	[28519,28570]	C
[28519,28570]	[28570,28571]	T
[28570,28571]	[28571,29059]	A
[28571,29059]	[29059,29061]	T
[29059,29061]	[29061,29087]	C
[29061,29087]	[29087,29089]	C
[29087,29089]	[29089,29704]	A
[29089,29704]	[29704,29705]	A
[29704,29705]	[29705,29790]	G
[29705,29790]	[29790,29791]	A
[29790,29791]	[29791,end]	T
>Path_6:0.03482238596509102
[start,55]	[55,60]	A
[55,60]	[60,61]	T
[60,61]	[27883,28249]	splice
[27883,28249]	[28249,28260]	A
[28249,28260]	[28260,28261]	A
[28260,28261]	[28261,28518]	C
[28261,28518]	[28518,28519]	A
[28518,28519]	[28519,28570]	C
[28519,28570]	[28570,28571]	T
[28570,28571]	[28571,29059]	A
[28571,29059]	[29059,29061]	T
[29059,29061]	[29061,29087]	C
[29061,29087]	[29087,29089]	C
[29087,29089]	[29089,29704]	A
[29089,29704]	[29704,29705]	A
[29704,29705]	[29705,29790]	G
[29705,29790]	[29790,29791]	A
[29790,29791]	[29791,end]	T
>Path_7:0.05209755400246039
[start,55]	[55,60]	A
[55,60]	[60,61]	T
[60,61]	[28249,28260]	splice
[28249,28260]	[28260,28261]	A
[28260,28261]	[28261,28518]	C
[28261,28518]	[28518,28519]	A
[28518,28519]	[28519,28570]	C
[28519,28570]	[28570,28571]	T
[28570,28571]	[28571,29059]	A
[28571,29059]	[29059,29061]	T
[29059,29061]	[29061,29087]	C
[29061,29087]	[29087,29089]	C
[29087,29089]	[29089,29704]	A
[29089,29704]	[29704,29705]	A
[29704,29705]	[29705,29790]	G
[29705,29790]	[29790,29791]	A
[29790,29791]	[29791,end]	T
>Path_8:0.24280452713940417
[start,55]	[55,60]	A
[55,60]	[60,61]	T
[60,61]	[28261,28518]	splice
[28261,28518]	[28518,28519]	A
[28518,28519]	[28519,28570]	C
[28519,28570]	[28570,28571]	T
[28570,28571]	[28571,29059]	A
[28571,29059]	[29059,29061]	T
[29059,29061]	[29061,29087]	C
[29061,29087]	[29087,29089]	C
[29087,29089]	[29089,29704]	A
[29089,29704]	[29704,29705]	A
[29704,29705]	[29705,29790]	G
[29705,29790]	[29790,29791]	A
[29790,29791]	[29791,end]	T
>Path_11:0.36129486992544974
[start,55]	[55,60]	A
[55,60]	[60,61]	T
[60,61]	[61,66]	G
[61,66]	[66,67]	C
[66,67]	[28261,28518]	splice
[28261,28518]	[28518,28519]	A
[28518,28519]	[28519,28570]	C
[28519,28570]	[28570,28571]	T
[28570,28571]	[28571,29059]	A
[28571,29059]	[29059,29061]	T
[29059,29061]	[29061,29087]	C
[29061,29087]	[29087,29089]	C
[29087,29089]	[29089,29704]	A
[29089,29704]	[29704,29705]	A
[29704,29705]	[29705,29790]	G
[29705,29790]	[29790,29791]	A
[29790,29791]	[29791,end]	T
>Path_242:0.008705596491272755
[start,55]	[28249,28260]	splice
[28249,28260]	[28260,28261]	A
[28260,28261]	[28261,28518]	C
[28261,28518]	[28518,28519]	A
[28518,28519]	[28571,29059]	splice
[28571,29059]	[29059,29061]	T
[29059,29061]	[29089,29704]	splice
[29089,29704]	[29704,29705]	A
[29704,29705]	[29705,29790]	G
[29705,29790]	[29790,29791]	A
[29790,29791]	[29791,end]	T
>Path_387:0.0010881995614090943
[start,55]	[55,60]	A
[55,60]	[28260,28261]	splice
[28260,28261]	[28261,28518]	C
[28261,28518]	[28518,28519]	A
[28518,28519]	[28519,28570]	C
[28519,28570]	[28570,28571]	T
[28570,28571]	[28571,29059]	A
[28571,29059]	[29059,29061]	T
[29059,29061]	[29061,29087]	C
[29061,29087]	[29087,29089]	C
[29087,29089]	[29089,29704]	A
[29089,29704]	[29790,29791]	splice
[29790,29791]	[29791,end]	T
>Path_488:0.000680124725880684
[start,55]	[55,60]	A
[55,60]	[60,61]	T
[60,61]	[28261,28518]	splice
[28261,28518]	[28518,28519]	A
[28518,28519]	[28519,28570]	C
[28519,28570]	[28570,28571]	T
[28570,28571]	[28571,29059]	A
[28571,29059]	[29087,29089]	splice
[29087,29089]	[29089,29704]	A
[29089,29704]	[29790,29791]	splice
[29790,29791]	[29791,end]	T
>Path_512:0.0002720498903522736
[start,55]	[55,60]	A
[55,60]	[60,61]	T
[60,61]	[28261,28518]	splice
[28261,28518]	[28570,28571]	splice
[28570,28571]	[28571,29059]	A
[28571,29059]	[29087,29089]	splice
[29087,29089]	[29089,29704]	A
[29089,29704]	[29790,29791]	splice
[29790,29791]	[29791,end]	T
>Path_538:0.0001360249451761368
[start,55]	[55,60]	A
[55,60]	[60,61]	T
[60,61]	[61,66]	G
[61,66]	[28260,28261]	splice
[28260,28261]	[28261,28518]	C
[28261,28518]	[28518,28519]	A
[28518,28519]	[28571,29059]	splice
[28571,29059]	[29087,29089]	splice
[29087,29089]	[29089,29704]	A
[29089,29704]	[29790,29791]	splice
[29790,29791]	[29791,end]	T
>Path_770:0.06093917543890928
[start,55]	[28249,28260]	splice
[28249,28260]	[28260,28261]	A
[28260,28261]	[28261,28518]	C
[28261,28518]	[28518,28519]	A
[28518,28519]	[28519,28570]	C
[28519,28570]	[28570,28571]	T
[28570,28571]	[28571,29059]	A
[28571,29059]	[29059,29061]	T
[29059,29061]	[29061,29087]	C
[29061,29087]	[29087,29089]	C
[29087,29089]	[29089,29704]	A
[29089,29704]	[29704,29705]	A
[29704,29705]	[29791,end]	splice
>Path_777:0.004352798245636377
[start,55]	[55,60]	A
[55,60]	[60,61]	T
[60,61]	[61,66]	G
[61,66]	[27754,27876]	splice
[27754,27876]	[27876,27883]	T
[27876,27883]	[27883,28249]	C
[27883,28249]	[28249,28260]	A
[28249,28260]	[28260,28261]	A
[28260,28261]	[28261,28518]	C
[28261,28518]	[28518,28519]	A
[28518,28519]	[28519,28570]	C
[28519,28570]	[28570,28571]	T
[28570,28571]	[28571,29059]	A
[28571,29059]	[29059,29061]	T
[29059,29061]	[29061,29087]	C
[29061,29087]	[29087,29089]	C
[29087,29089]	[29089,29704]	A
[29089,29704]	[29704,29705]	A
[29704,29705]	[29791,end]	splice
>Path_778:0.002040374177642052
[start,55]	[55,60]	A
[55,60]	[60,61]	T
[60,61]	[61,66]	G
[61,66]	[28260,28261]	splice
[28260,28261]	[28261,28518]	C
[28261,28518]	[28518,28519]	A
[28518,28519]	[28519,28570]	C
[28519,28570]	[28570,28571]	T
[28570,28571]	[28571,29059]	A
[28571,29059]	[29059,29061]	T
[29059,29061]	[29061,29087]	C
[29061,29087]	[29087,29089]	C
[29087,29089]	[29089,29704]	A
[29089,29704]	[29704,29705]	A
[29704,29705]	[29791,end]	splice
>Path_779:0.07828235594886672
[start,55]	[55,60]	A
[55,60]	[60,61]	T
[60,61]	[61,66]	G
[61,66]	[66,67]	C
[66,67]	[28261,28518]	splice
[28261,28518]	[28518,28519]	A
[28518,28519]	[28519,28570]	C
[28519,28570]	[28570,28571]	T
[28570,28571]	[28571,29059]	A
[28571,29059]	[29059,29061]	T
[29059,29061]	[29061,29087]	C
[29061,29087]	[29087,29089]	C
[29087,29089]	[29089,29704]	A
[29089,29704]	[29704,29705]	A
[29704,29705]	[29791,end]	splice
>Path_799:0.0002720498903522736
[start,55]	[55,60]	A
[55,60]	[60,61]	T
[60,61]	[28249,28260]	splice
[28249,28260]	[28260,28261]	A
[28260,28261]	[28261,28518]	C
[28261,28518]	[28570,28571]	splice
[28570,28571]	[28571,29059]	A
[28571,29059]	[29059,29061]	T
[29059,29061]	[29061,29087]	C
[29061,29087]	[29087,29089]	C
[29087,29089]	[29089,29704]	A
[29089,29704]	[29704,29705]	A
[29704,29705]	[29791,end]	splice
>Path_825:0.0021083866502301205
[start,55]	[55,60]	A
[55,60]	[60,61]	T
[60,61]	[61,66]	G
[61,66]	[27754,27876]	splice
[27754,27876]	[27876,27883]	T
[27876,27883]	[27883,28249]	C
[27883,28249]	[28249,28260]	A
[28249,28260]	[28260,28261]	A
[28260,28261]	[28261,28518]	C
[28261,28518]	[28518,28519]	A
[28518,28519]	[28571,29059]	splice
[28571,29059]	[29059,29061]	T
[29059,29061]	[29061,29087]	C
[29061,29087]	[29087,29089]	C
[29087,29089]	[29089,29704]	A
[29089,29704]	[29704,29705]	A
[29704,29705]	[29791,end]	splice
>Path_969:0.0022444115954062573
[start,55]	[55,60]	A
[55,60]	[60,61]	T
[60,61]	[61,66]	G
[61,66]	[27754,27876]	splice
[27754,27876]	[27876,27883]	T
[27876,27883]	[27883,28249]	C
[27883,28249]	[28249,28260]	A
[28249,28260]	[28260,28261]	A
[28260,28261]	[28261,28518]	C
[28261,28518]	[28518,28519]	A
[28518,28519]	[28519,28570]	C
[28519,28570]	[28570,28571]	T
[28570,28571]	[28571,29059]	A
[28571,29059]	[29059,29061]	T
[29059,29061]	[29089,29704]	splice
[29089,29704]	[29704,29705]	A
[29704,29705]	[29791,end]	splice
>Path_1008:6.80124725880684e-05
[start,55]	[55,60]	A
[55,60]	[60,61]	T
[60,61]	[61,66]	G
[61,66]	[66,67]	C
[66,67]	[67,27037]	T
[67,27037]	[27037,27378]	C
[27037,27378]	[27378,27754]	G
[27378,27754]	[27754,27876]	G
[27754,27876]	[27876,27883]	T
[27876,27883]	[27883,28249]	C
[27883,28249]	[28249,28260]	A
[28249,28260]	[28260,28261]	A
[28260,28261]	[28261,28518]	C
[28261,28518]	[28518,28519]	A
[28518,28519]	[28571,29059]	splice
[28571,29059]	[29059,29061]	T
[29059,29061]	[29089,29704]	splice
[29089,29704]	[29704,29705]	A
[29704,29705]	[29791,end]	splice
>Path_1009:0.006529197368454566
[start,55]	[27876,27883]	splice
[27876,27883]	[27883,28249]	C
[27883,28249]	[28249,28260]	A
[28249,28260]	[28260,28261]	A
[28260,28261]	[28261,28518]	C
[28261,28518]	[28518,28519]	A
[28518,28519]	[28571,29059]	splice
[28571,29059]	[29059,29061]	T
[29059,29061]	[29089,29704]	splice
[29089,29704]	[29704,29705]	A
[29704,29705]	[29791,end]	splice
>Path_1015:0.017275168037369372
[start,55]	[55,60]	A
[55,60]	[60,61]	T
[60,61]	[28249,28260]	splice
[28249,28260]	[28260,28261]	A
[28260,28261]	[28261,28518]	C
[28261,28518]	[28518,28519]	A
[28518,28519]	[28571,29059]	splice
[28571,29059]	[29059,29061]	T
[29059,29061]	[29089,29704]	splice
[29089,29704]	[29704,29705]	A
[29704,29705]	[29791,end]	splice
>Path_1016:0.03482238596509102
[start,55]	[55,60]	A
[55,60]	[60,61]	T
[60,61]	[28261,28518]	splice
[28261,28518]	[28518,28519]	A
[28518,28519]	[28571,29059]	splice
[28571,29059]	[29059,29061]	T
[29059,29061]	[29089,29704]	splice
[29089,29704]	[29704,29705]	A
[29704,29705]	[29791,end]	splice
>Path_1019:0.06964477193018204
[start,55]	[55,60]	A
[55,60]	[60,61]	T
[60,61]	[61,66]	G
[61,66]	[66,67]	C
[66,67]	[28261,28518]	splice
[28261,28518]	[28518,28519]	A
[28518,28519]	[28571,29059]	splice
[28571,29059]	[29059,29061]	T
[29059,29061]	[29089,29704]	splice
[29089,29704]	[29704,29705]	A
[29704,29705]	[29791,end]	splice
