>phasing0	55469
+	67	28261
-	55	27876
-	55	28249
-	60	28260
-	61	27037
-	61	27378
-	61	27883
-	61	28249
-	61	28261
-	66	27754
-	66	28260
>phasing1	17761
-	55	27876
-	55	28249
-	60	28260
-	61	27037
-	61	27378
-	61	27883
-	61	28249
-	61	28261
-	66	27754
-	66	28260
-	67	28261
>phasing2	292
+	61	27037
-	55	27876
-	55	28249
-	60	28260
-	61	27378
-	61	27883
-	61	28249
-	61	28261
-	66	27754
-	66	28260
-	67	28261
>phasing3	2727
-	55	27876
-	55	28249
-	60	28260
-	61	27378
-	61	27883
-	61	28249
-	61	28261
-	66	27754
-	66	28260
-	67	28261
>phasing4	815
+	61	27378
-	55	27876
-	55	28249
-	60	28260
-	61	27883
-	61	28249
-	61	28261
-	66	27754
-	66	28260
-	67	28261
>phasing5	8216
-	55	27876
-	55	28249
-	60	28260
-	61	27883
-	61	28249
-	61	28261
-	66	27754
-	66	28260
-	67	28261
>phasing6	848
+	66	27754
-	55	27876
-	55	28249
-	60	28260
-	61	27037
-	61	27378
-	61	27883
-	61	28249
-	61	28261
-	66	28260
-	67	28261
>phasing7	4321
-	55	27876
-	55	28249
-	60	28260
-	61	27883
-	61	28249
-	61	28261
-	66	28260
-	67	28261
>phasing8	2998
+	55	27876
-	55	28249
-	60	28260
-	61	27883
-	61	28249
-	61	28261
-	66	28260
-	67	28261
>phasing9	3449
+	61	27883
-	55	27876
-	55	28249
-	60	28260
-	61	28249
-	61	28261
-	66	28260
-	67	28261
>phasing10	54839
-	55	28249
-	60	28260
-	61	28249
-	61	28261
-	66	28260
-	67	28261
>phasing11	741
-	55	28249
-	60	28260
-	61	27883
-	61	28249
-	61	28261
-	66	28260
-	67	28261
>phasing12	77
-	55	27876
-	55	28249
-	60	28260
-	61	27037
-	61	27378
-	61	27883
-	61	28249
-	61	28261
-	66	28260
-	67	28261
>phasing13	9469
+	55	28249
-	60	28260
-	61	28261
-	66	28260
-	67	28261
>phasing14	37147
+	61	28261
-	55	27876
-	55	28249
-	60	28260
>phasing15	8434
+	61	28249
-	55	27876
-	55	28249
-	60	28260
-	61	28261
-	66	28260
-	67	28261
>phasing16	282
+	66	28260
-	55	27876
-	55	28249
-	60	28260
-	61	27037
-	61	27378
-	61	27883
-	61	28249
-	61	28261
-	67	28261
>phasing17	1759748
>phasing18	5160
-	60	28260
-	61	28261
-	66	28260
-	67	28261
>phasing19	169
+	60	28260
-	55	27876
-	55	28249
-	61	28261
-	67	28261
>phasing20	54
-	55	27876
-	55	28249
-	60	28260
-	61	28249
-	61	28261
-	66	28260
-	67	28261
>phasing21	40
-	55	27876
-	55	28249
-	60	28260
-	61	27037
-	61	27378
-	61	27883
-	61	28249
-	61	28261
>phasing22	66
-	55	27876
-	55	28249
-	60	28260
-	61	28261
-	66	28260
-	67	28261
>phasing23	423
-	61	28261
-	67	28261
>phasing24	2222
-	28518	28570
>phasing25	12
-	55	28249
-	60	28260
-	61	28249
-	61	28261
-	66	28260
-	67	28261
-	28518	28570
>phasing26	35
-	55	27876
-	55	28249
-	60	28260
-	61	27037
-	61	27378
-	61	27883
-	61	28249
-	61	28261
-	66	27754
-	66	28260
-	67	28261
-	28518	28570
>phasing27	41
-	60	28260
-	61	28261
-	66	28260
-	67	28261
-	28518	28570
>phasing28	10
+	61	28249
-	55	27876
-	55	28249
-	60	28260
-	61	28261
-	66	28260
-	67	28261
-	28518	28570
>phasing29	132
+	67	28261
-	55	27876
-	55	28249
-	60	28260
-	61	27037
-	61	27378
-	61	27883
-	61	28249
-	61	28261
-	66	27754
-	66	28260
-	28518	28570
>phasing30	112
+	61	28261
-	55	27876
-	55	28249
-	60	28260
-	28518	28570
>phasing31	20
+	55	28249
-	60	28260
-	61	28261
-	66	28260
-	67	28261
-	28518	28570
>phasing32	6
-	61	28261
-	67	28261
-	28518	28570
>phasing33	1
+	66	28260
-	55	27876
-	55	28249
-	60	28260
-	61	27037
-	61	27378
-	61	27883
-	61	28249
-	61	28261
-	67	28261
-	28518	28570
>phasing34	1082
-	55	28249
-	60	28260
-	61	28249
-	61	28261
-	66	28260
-	67	28261
-	28518	28570
-	28519	28571
>phasing35	366696
-	28518	28570
-	28519	28571
>phasing36	612
-	60	28260
-	61	28261
-	66	28260
-	67	28261
-	28518	28570
-	28519	28571
>phasing37	2467
-	55	27876
-	55	28249
-	60	28260
-	61	27037
-	61	27378
-	61	27883
-	61	28249
-	61	28261
-	66	27754
-	66	28260
-	67	28261
-	28518	28570
-	28519	28571
>phasing38	147
+	61	28249
-	55	27876
-	55	28249
-	60	28260
-	61	28261
-	66	28260
-	67	28261
-	28518	28570
-	28519	28571
>phasing39	1786
+	67	28261
-	55	27876
-	55	28249
-	60	28260
-	61	27037
-	61	27378
-	61	27883
-	61	28249
-	61	28261
-	66	27754
-	66	28260
-	28518	28570
-	28519	28571
>phasing40	1351
+	61	28261
-	55	27876
-	55	28249
-	60	28260
-	28518	28570
-	28519	28571
>phasing41	174
+	55	28249
-	60	28260
-	61	28261
-	66	28260
-	67	28261
-	28518	28570
-	28519	28571
>phasing42	86
-	61	28261
-	67	28261
-	28518	28570
-	28519	28571
>phasing43	6
+	60	28260
-	55	27876
-	55	28249
-	61	28261
-	67	28261
-	28518	28570
-	28519	28571
>phasing44	3
-	55	27876
-	55	28249
-	60	28260
-	61	27037
-	61	27378
-	61	27883
-	61	28249
-	61	28261
-	28518	28570
-	28519	28571
>phasing45	221
+	28518	28570
-	28519	28571
>phasing46	48994
+	28519	28571
-	28518	28570
>phasing47	22
+	61	28249
+	28519	28571
-	55	27876
-	55	28249
-	60	28260
-	61	28261
-	66	28260
-	67	28261
-	28518	28570
>phasing48	134
+	28519	28571
-	60	28260
-	61	28261
-	66	28260
-	67	28261
-	28518	28570
>phasing49	182
+	28519	28571
-	55	27876
-	55	28249
-	60	28260
-	61	27037
-	61	27378
-	61	27883
-	61	28249
-	61	28261
-	66	27754
-	66	28260
-	67	28261
-	28518	28570
>phasing50	331
+	67	28261
+	28519	28571
-	55	27876
-	55	28249
-	60	28260
-	61	27037
-	61	27378
-	61	27883
-	61	28249
-	61	28261
-	66	27754
-	66	28260
-	28518	28570
>phasing51	261
+	61	28261
+	28519	28571
-	55	27876
-	55	28249
-	60	28260
-	28518	28570
>phasing52	3
-	55	27876
-	55	28249
-	60	28260
-	61	28261
-	66	28260
-	67	28261
-	28518	28570
-	28519	28571
>phasing53	182
+	28519	28571
-	55	28249
-	60	28260
-	61	28249
-	61	28261
-	66	28260
-	67	28261
-	28518	28570
>phasing54	16
+	28519	28571
-	61	28261
-	67	28261
-	28518	28570
>phasing55	36
+	55	28249
+	28519	28571
-	60	28260
-	61	28261
-	66	28260
-	67	28261
-	28518	28570
>phasing56	6
+	66	28260
-	55	27876
-	55	28249
-	60	28260
-	61	27037
-	61	27378
-	61	27883
-	61	28249
-	61	28261
-	67	28261
-	28518	28570
-	28519	28571
>phasing57	1
+	28519	28571
-	55	27876
-	55	28249
-	60	28260
-	61	28261
-	66	28260
-	67	28261
-	28518	28570
>phasing58	2
+	60	28260
+	28519	28571
-	55	27876
-	55	28249
-	61	28261
-	67	28261
-	28518	28570
>phasing59	3
+	67	28261
+	28518	28570
-	55	27876
-	55	28249
-	60	28260
-	61	27037
-	61	27378
-	61	27883
-	61	28249
-	61	28261
-	66	27754
-	66	28260
-	28519	28571
>phasing60	1
+	28518	28570
-	55	28249
-	60	28260
-	61	28249
-	61	28261
-	66	28260
-	67	28261
-	28519	28571
>phasing61	1
+	28518	28570
-	60	28260
-	61	28261
-	66	28260
-	67	28261
-	28519	28571
>phasing62	1
+	61	28261
+	28518	28570
-	55	27876
-	55	28249
-	60	28260
-	28519	28571
>phasing63	2
+	66	28260
+	28519	28571
-	55	27876
-	55	28249
-	60	28260
-	61	27037
-	61	27378
-	61	27883
-	61	28249
-	61	28261
-	67	28261
-	28518	28570
>phasing64	1
-	55	27876
-	55	28249
-	60	28260
-	61	27037
-	61	27378
-	61	27883
-	61	28249
-	61	28261
-	66	28260
-	67	28261
-	28518	28570
-	28519	28571
>phasing65	2137
-	28519	28571
>phasing66	5817
-	29059	29087
>phasing67	323449
-	29059	29087
-	29061	29089
>phasing68	342
+	29059	29087
-	29061	29089
>phasing69	44725
+	29061	29089
-	29059	29087
>phasing70	58
-	55	27876
-	55	28249
-	60	28260
-	61	27037
-	61	27378
-	61	27883
-	61	28249
-	61	28261
-	66	27754
-	66	28260
-	67	28261
-	29059	29087
-	29061	29089
>phasing71	6
+	29061	29089
-	55	27876
-	55	28249
-	60	28260
-	61	27037
-	61	27378
-	61	27883
-	61	28249
-	61	28261
-	66	27754
-	66	28260
-	67	28261
-	29059	29087
>phasing72	1
+	29061	29089
-	55	27876
-	55	28249
-	60	28260
-	61	27883
-	61	28249
-	61	28261
-	66	27754
-	66	28260
-	67	28261
-	29059	29087
>phasing73	15
-	55	27876
-	55	28249
-	60	28260
-	61	27883
-	61	28249
-	61	28261
-	66	27754
-	66	28260
-	67	28261
-	29059	29087
-	29061	29089
>phasing74	5021
-	29061	29089
>phasing75	1
-	55	27876
-	55	28249
-	60	28260
-	61	27883
-	61	28249
-	61	28261
-	66	27754
-	66	28260
-	67	28261
-	29061	29089
>phasing76	2
-	55	27876
-	55	28249
-	60	28260
-	61	27037
-	61	27378
-	61	27883
-	61	28249
-	61	28261
-	66	27754
-	66	28260
-	67	28261
-	29061	29089
>phasing77	1843
-	29704	29790
>phasing78	21
-	55	27876
-	55	28249
-	60	28260
-	61	27037
-	61	27378
-	61	27883
-	61	28249
-	61	28261
-	66	27754
-	66	28260
-	67	28261
-	29704	29790
>phasing79	190148
-	29704	29790
-	29705	29791
>phasing80	1168
-	55	27876
-	55	28249
-	60	28260
-	61	27037
-	61	27378
-	61	27883
-	61	28249
-	61	28261
-	66	27754
-	66	28260
-	67	28261
-	29704	29790
-	29705	29791
>phasing81	116
+	29704	29790
-	29705	29791
>phasing82	23342
+	29705	29791
-	29704	29790
>phasing83	185
+	29705	29791
-	55	27876
-	55	28249
-	60	28260
-	61	27037
-	61	27378
-	61	27883
-	61	28249
-	61	28261
-	66	27754
-	66	28260
-	67	28261
-	29704	29790
>phasing84	1
+	29704	29790
-	55	27876
-	55	28249
-	60	28260
-	61	27037
-	61	27378
-	61	27883
-	61	28249
-	61	28261
-	66	27754
-	66	28260
-	67	28261
-	29705	29791
>phasing85	63
-	29705	29791
