>Path_0:0.00020404859150355517
[start,55]	[55,60]	A
[55,60]	[60,61]	T
[60,61]	[61,66]	G
[61,66]	[66,67]	C
[66,67]	[67,27037]	T
[67,27037]	[27037,27378]	C
[27037,27378]	[27378,27754]	G
[27378,27754]	[27754,27876]	G
[27754,27876]	[27876,27883]	T
[27876,27883]	[27883,28249]	C
[27883,28249]	[28249,28260]	A
[28249,28260]	[28260,28261]	A
[28260,28261]	[28261,28518]	C
[28261,28518]	[28518,28519]	A
[28518,28519]	[28519,28570]	C
[28519,28570]	[28570,28571]	T
[28570,28571]	[28571,29059]	A
[28571,29059]	[29059,29061]	T
[29059,29061]	[29061,29087]	C
[29061,29087]	[29087,29089]	C
[29087,29089]	[29089,29704]	A
[29089,29704]	[29704,29705]	A
[29704,29705]	[29705,29790]	G
[29705,29790]	[29790,29791]	A
[29790,29791]	[29791,end]	T
>Path_2:0.06094251266239514
[start,55]	[28249,28260]	splice
[28249,28260]	[28260,28261]	A
[28260,28261]	[28261,28518]	C
[28261,28518]	[28518,28519]	A
[28518,28519]	[28519,28570]	C
[28519,28570]	[28570,28571]	T
[28570,28571]	[28571,29059]	A
[28571,29059]	[29059,29061]	T
[29059,29061]	[29061,29087]	C
[29061,29087]	[29087,29089]	C
[29087,29089]	[29089,29704]	A
[29089,29704]	[29704,29705]	A
[29704,29705]	[29705,29790]	G
[29705,29790]	[29790,29791]	A
[29790,29791]	[29791,end]	T
>Path_4:0.004080971830071103
[start,55]	[55,60]	A
[55,60]	[60,61]	T
[60,61]	[27037,27378]	splice
[27037,27378]	[27378,27754]	G
[27378,27754]	[27754,27876]	G
[27754,27876]	[27876,27883]	T
[27876,27883]	[27883,28249]	C
[27883,28249]	[28249,28260]	A
[28249,28260]	[28260,28261]	A
[28260,28261]	[28261,28518]	C
[28261,28518]	[28518,28519]	A
[28518,28519]	[28519,28570]	C
[28519,28570]	[28570,28571]	T
[28570,28571]	[28571,29059]	A
[28571,29059]	[29059,29061]	T
[29059,29061]	[29061,29087]	C
[29061,29087]	[29087,29089]	C
[29087,29089]	[29089,29704]	A
[29089,29704]	[29704,29705]	A
[29704,29705]	[29705,29790]	G
[29705,29790]	[29790,29791]	A
[29790,29791]	[29791,end]	T
>Path_6:0.022513361262558918
[start,55]	[55,60]	A
[55,60]	[60,61]	T
[60,61]	[27883,28249]	splice
[27883,28249]	[28249,28260]	A
[28249,28260]	[28260,28261]	A
[28260,28261]	[28261,28518]	C
[28261,28518]	[28518,28519]	A
[28518,28519]	[28519,28570]	C
[28519,28570]	[28570,28571]	T
[28570,28571]	[28571,29059]	A
[28571,29059]	[29059,29061]	T
[29059,29061]	[29061,29087]	C
[29061,29087]	[29087,29089]	C
[29087,29089]	[29089,29704]	A
[29089,29704]	[29704,29705]	A
[29704,29705]	[29705,29790]	G
[29705,29790]	[29790,29791]	A
[29790,29791]	[29791,end]	T
>Path_7:0.06094251266239514
[start,55]	[55,60]	A
[55,60]	[60,61]	T
[60,61]	[28249,28260]	splice
[28249,28260]	[28260,28261]	A
[28260,28261]	[28261,28518]	C
[28261,28518]	[28518,28519]	A
[28518,28519]	[28519,28570]	C
[28519,28570]	[28570,28571]	T
[28570,28571]	[28571,29059]	A
[28571,29059]	[29059,29061]	T
[29059,29061]	[29061,29087]	C
[29061,29087]	[29087,29089]	C
[29087,29089]	[29089,29704]	A
[29089,29704]	[29704,29705]	A
[29704,29705]	[29705,29790]	G
[29705,29790]	[29790,29791]	A
[29790,29791]	[29791,end]	T
>Path_8:0.03149149928871535
[start,55]	[55,60]	A
[55,60]	[60,61]	T
[60,61]	[28261,28518]	splice
[28261,28518]	[28518,28519]	A
[28518,28519]	[28519,28570]	C
[28519,28570]	[28570,28571]	T
[28570,28571]	[28571,29059]	A
[28571,29059]	[29059,29061]	T
[29059,29061]	[29061,29087]	C
[29061,29087]	[29087,29089]	C
[29087,29089]	[29089,29704]	A
[29089,29704]	[29704,29705]	A
[29704,29705]	[29705,29790]	G
[29705,29790]	[29790,29791]	A
[29790,29791]	[29791,end]	T
>Path_9:0.00870607323748502
[start,55]	[55,60]	A
[55,60]	[60,61]	T
[60,61]	[61,66]	G
[61,66]	[27754,27876]	splice
[27754,27876]	[27876,27883]	T
[27876,27883]	[27883,28249]	C
[27883,28249]	[28249,28260]	A
[28249,28260]	[28260,28261]	A
[28260,28261]	[28261,28518]	C
[28261,28518]	[28518,28519]	A
[28518,28519]	[28519,28570]	C
[28519,28570]	[28570,28571]	T
[28570,28571]	[28571,29059]	A
[28571,29059]	[29059,29061]	T
[29059,29061]	[29061,29087]	C
[29061,29087]	[29087,29089]	C
[29087,29089]	[29089,29704]	A
[29089,29704]	[29704,29705]	A
[29704,29705]	[29705,29790]	G
[29705,29790]	[29790,29791]	A
[29790,29791]	[29791,end]	T
>Path_11:0.4392744705482305
[start,55]	[55,60]	A
[55,60]	[60,61]	T
[60,61]	[61,66]	G
[61,66]	[66,67]	C
[66,67]	[28261,28518]	splice
[28261,28518]	[28518,28519]	A
[28518,28519]	[28519,28570]	C
[28519,28570]	[28570,28571]	T
[28570,28571]	[28571,29059]	A
[28571,29059]	[29059,29061]	T
[29059,29061]	[29061,29087]	C
[29061,29087]	[29087,29089]	C
[29087,29089]	[29089,29704]	A
[29089,29704]	[29704,29705]	A
[29704,29705]	[29705,29790]	G
[29705,29790]	[29790,29791]	A
[29790,29791]	[29791,end]	T
>Path_32:0.00027206478867140686
[start,55]	[55,60]	A
[55,60]	[60,61]	T
[60,61]	[28261,28518]	splice
[28261,28518]	[28570,28571]	splice
[28570,28571]	[28571,29059]	A
[28571,29059]	[29059,29061]	T
[29059,29061]	[29061,29087]	C
[29061,29087]	[29087,29089]	C
[29087,29089]	[29089,29704]	A
[29089,29704]	[29704,29705]	A
[29704,29705]	[29705,29790]	G
[29705,29790]	[29790,29791]	A
[29790,29791]	[29791,end]	T
>Path_35:0.00027206478867140686
[start,55]	[55,60]	A
[55,60]	[60,61]	T
[60,61]	[61,66]	G
[61,66]	[66,67]	C
[66,67]	[28261,28518]	splice
[28261,28518]	[28570,28571]	splice
[28570,28571]	[28571,29059]	A
[28571,29059]	[29059,29061]	T
[29059,29061]	[29061,29087]	C
[29061,29087]	[29087,29089]	C
[29087,29089]	[29089,29704]	A
[29089,29704]	[29704,29705]	A
[29704,29705]	[29705,29790]	G
[29705,29790]	[29790,29791]	A
[29790,29791]	[29791,end]	T
>Path_106:0.0009522267603499241
[start,55]	[55,60]	A
[55,60]	[60,61]	T
[60,61]	[61,66]	G
[61,66]	[28260,28261]	splice
[28260,28261]	[28261,28518]	C
[28261,28518]	[28518,28519]	A
[28518,28519]	[28519,28570]	C
[28519,28570]	[28570,28571]	T
[28570,28571]	[28571,29059]	A
[28571,29059]	[29087,29089]	splice
[29087,29089]	[29089,29704]	A
[29089,29704]	[29704,29705]	A
[29704,29705]	[29705,29790]	G
[29705,29790]	[29790,29791]	A
[29790,29791]	[29791,end]	T
>Path_246:0.012310931687381161
[start,55]	[55,60]	A
[55,60]	[60,61]	T
[60,61]	[27883,28249]	splice
[27883,28249]	[28249,28260]	A
[28249,28260]	[28260,28261]	A
[28260,28261]	[28261,28518]	C
[28261,28518]	[28518,28519]	A
[28518,28519]	[28571,29059]	splice
[28571,29059]	[29059,29061]	T
[29059,29061]	[29089,29704]	splice
[29089,29704]	[29704,29705]	A
[29704,29705]	[29705,29790]	G
[29705,29790]	[29790,29791]	A
[29790,29791]	[29791,end]	T
>Path_247:0.00870607323748502
[start,55]	[55,60]	A
[55,60]	[60,61]	T
[60,61]	[28249,28260]	splice
[28249,28260]	[28260,28261]	A
[28260,28261]	[28261,28518]	C
[28261,28518]	[28518,28519]	A
[28518,28519]	[28571,29059]	splice
[28571,29059]	[29059,29061]	T
[29059,29061]	[29089,29704]	splice
[29089,29704]	[29704,29705]	A
[29704,29705]	[29705,29790]	G
[29705,29790]	[29790,29791]	A
[29790,29791]	[29791,end]	T
>Path_251:0.06964858589988016
[start,55]	[55,60]	A
[55,60]	[60,61]	T
[60,61]	[61,66]	G
[61,66]	[66,67]	C
[66,67]	[28261,28518]	splice
[28261,28518]	[28518,28519]	A
[28518,28519]	[28571,29059]	splice
[28571,29059]	[29059,29061]	T
[29059,29061]	[29089,29704]	splice
[29089,29704]	[29704,29705]	A
[29704,29705]	[29705,29790]	G
[29705,29790]	[29790,29791]	A
[29790,29791]	[29791,end]	T
>Path_387:0.0008161943660142207
[start,55]	[55,60]	A
[55,60]	[28260,28261]	splice
[28260,28261]	[28261,28518]	C
[28261,28518]	[28518,28519]	A
[28518,28519]	[28519,28570]	C
[28519,28570]	[28570,28571]	T
[28570,28571]	[28571,29059]	A
[28571,29059]	[29059,29061]	T
[29059,29061]	[29061,29087]	C
[29061,29087]	[29087,29089]	C
[29087,29089]	[29089,29704]	A
[29089,29704]	[29790,29791]	splice
[29790,29791]	[29791,end]	T
>Path_435:0.00013603239433570343
[start,55]	[55,60]	A
[55,60]	[28260,28261]	splice
[28260,28261]	[28261,28518]	C
[28261,28518]	[28518,28519]	A
[28518,28519]	[28571,29059]	splice
[28571,29059]	[29059,29061]	T
[29059,29061]	[29061,29087]	C
[29061,29087]	[29087,29089]	C
[29087,29089]	[29089,29704]	A
[29089,29704]	[29790,29791]	splice
[29790,29791]	[29791,end]	T
>Path_483:0.00013603239433570343
[start,55]	[55,60]	A
[55,60]	[28260,28261]	splice
[28260,28261]	[28261,28518]	C
[28261,28518]	[28518,28519]	A
[28518,28519]	[28519,28570]	C
[28519,28570]	[28570,28571]	T
[28570,28571]	[28571,29059]	A
[28571,29059]	[29087,29089]	splice
[29087,29089]	[29089,29704]	A
[29089,29704]	[29790,29791]	splice
[29790,29791]	[29791,end]	T
>Path_769:0.01741214647497004
[start,55]	[27876,27883]	splice
[27876,27883]	[27883,28249]	C
[27883,28249]	[28249,28260]	A
[28249,28260]	[28260,28261]	A
[28260,28261]	[28261,28518]	C
[28261,28518]	[28518,28519]	A
[28518,28519]	[28519,28570]	C
[28519,28570]	[28570,28571]	T
[28570,28571]	[28571,29059]	A
[28571,29059]	[29059,29061]	T
[29059,29061]	[29061,29087]	C
[29061,29087]	[29087,29089]	C
[29087,29089]	[29089,29704]	A
[29089,29704]	[29704,29705]	A
[29704,29705]	[29791,end]	splice
>Path_776:0.21200648657219381
[start,55]	[55,60]	A
[55,60]	[60,61]	T
[60,61]	[28261,28518]	splice
[28261,28518]	[28518,28519]	A
[28518,28519]	[28519,28570]	C
[28519,28570]	[28570,28571]	T
[28570,28571]	[28571,29059]	A
[28571,29059]	[29059,29061]	T
[29059,29061]	[29061,29087]	C
[29061,29087]	[29087,29089]	C
[29087,29089]	[29089,29704]	A
[29089,29704]	[29704,29705]	A
[29704,29705]	[29791,end]	splice
>Path_826:0.0005441295773428137
[start,55]	[55,60]	A
[55,60]	[60,61]	T
[60,61]	[61,66]	G
[61,66]	[28260,28261]	splice
[28260,28261]	[28261,28518]	C
[28261,28518]	[28518,28519]	A
[28518,28519]	[28571,29059]	splice
[28571,29059]	[29059,29061]	T
[29059,29061]	[29061,29087]	C
[29061,29087]	[29087,29089]	C
[29087,29089]	[29089,29704]	A
[29089,29704]	[29704,29705]	A
[29704,29705]	[29791,end]	splice
>Path_970:0.0006801619716785173
[start,55]	[55,60]	A
[55,60]	[60,61]	T
[60,61]	[61,66]	G
[61,66]	[28260,28261]	splice
[28260,28261]	[28261,28518]	C
[28261,28518]	[28518,28519]	A
[28518,28519]	[28519,28570]	C
[28519,28570]	[28570,28571]	T
[28570,28571]	[28571,29059]	A
[28571,29059]	[29059,29061]	T
[29059,29061]	[29089,29704]	splice
[29089,29704]	[29704,29705]	A
[29704,29705]	[29791,end]	splice
>Path_1008:6.801619716785171e-05
[start,55]	[55,60]	A
[55,60]	[60,61]	T
[60,61]	[61,66]	G
[61,66]	[66,67]	C
[66,67]	[67,27037]	T
[67,27037]	[27037,27378]	C
[27037,27378]	[27378,27754]	G
[27378,27754]	[27754,27876]	G
[27754,27876]	[27876,27883]	T
[27876,27883]	[27883,28249]	C
[27883,28249]	[28249,28260]	A
[28249,28260]	[28260,28261]	A
[28260,28261]	[28261,28518]	C
[28261,28518]	[28518,28519]	A
[28518,28519]	[28571,29059]	splice
[28571,29059]	[29059,29061]	T
[29059,29061]	[29089,29704]	splice
[29089,29704]	[29704,29705]	A
[29704,29705]	[29791,end]	splice
>Path_1010:0.00870607323748502
[start,55]	[28249,28260]	splice
[28249,28260]	[28260,28261]	A
[28260,28261]	[28261,28518]	C
[28261,28518]	[28518,28519]	A
[28518,28519]	[28571,29059]	splice
[28571,29059]	[29059,29061]	T
[29059,29061]	[29089,29704]	splice
[29089,29704]	[29704,29705]	A
[29704,29705]	[29791,end]	splice
>Path_1013:0.00435303661874251
[start,55]	[55,60]	A
[55,60]	[60,61]	T
[60,61]	[27378,27754]	splice
[27378,27754]	[27754,27876]	G
[27754,27876]	[27876,27883]	T
[27876,27883]	[27883,28249]	C
[27883,28249]	[28249,28260]	A
[28249,28260]	[28260,28261]	A
[28260,28261]	[28261,28518]	C
[28261,28518]	[28518,28519]	A
[28518,28519]	[28571,29059]	splice
[28571,29059]	[29059,29061]	T
[29059,29061]	[29089,29704]	splice
[29089,29704]	[29704,29705]	A
[29704,29705]	[29791,end]	splice
>Path_1016:0.03482429294994008
[start,55]	[55,60]	A
[55,60]	[60,61]	T
[60,61]	[28261,28518]	splice
[28261,28518]	[28518,28519]	A
[28518,28519]	[28571,29059]	splice
[28571,29059]	[29059,29061]	T
[29059,29061]	[29089,29704]	splice
[29089,29704]	[29704,29705]	A
[29704,29705]	[29791,end]	splice
