[2021-02-06 10:12:21.349] [jointLog] [info] setting maxHashResizeThreads to 4
[2021-02-06 10:12:21.349] [jointLog] [info] Fragment incompatibility prior below threshold.  Incompatible fragments will be ignored.
[2021-02-06 10:12:21.349] [jointLog] [info] Usage of --validateMappings implies use of minScoreFraction. Since not explicitly specified, it is being set to 0.65
[2021-02-06 10:12:21.349] [jointLog] [info] Setting consensusSlack to selective-alignment default of 0.35.
[2021-02-06 10:12:21.349] [jointLog] [info] parsing read library format
[2021-02-06 10:12:21.349] [jointLog] [info] There is 1 library.
[2021-02-06 10:12:21.450] [jointLog] [info] Loading pufferfish index
[2021-02-06 10:12:21.450] [jointLog] [info] Loading dense pufferfish index.
[2021-02-06 10:12:21.451] [jointLog] [info] done
[2021-02-06 10:12:21.451] [jointLog] [info] Index contained 33 targets
[2021-02-06 10:12:21.451] [jointLog] [info] Number of decoys : 0
[2021-02-06 10:12:21.784] [jointLog] [info] Automatically detected most likely library type as IU

[2021-02-06 10:16:40.783] [jointLog] [info] Computed 1,917 rich equivalence classes for further processing
[2021-02-06 10:16:40.783] [jointLog] [info] Counted 20,856,602 total reads in the equivalence classes 
[2021-02-06 10:16:40.790] [jointLog] [info] Number of mappings discarded because of alignment score : 21,493,426
[2021-02-06 10:16:40.790] [jointLog] [info] Number of fragments entirely discarded because of alignment score : 1,116,826
[2021-02-06 10:16:40.790] [jointLog] [info] Number of fragments discarded because they are best-mapped to decoys : 0
[2021-02-06 10:16:40.790] [jointLog] [info] Number of fragments discarded because they have only dovetail (discordant) mappings to valid targets : 554,738
[2021-02-06 10:16:40.790] [jointLog] [info] Mapping rate = 74.4838%

[2021-02-06 10:16:40.790] [jointLog] [info] finished quantifyLibrary()
[2021-02-06 10:16:40.792] [jointLog] [info] Starting optimizer
[2021-02-06 10:16:40.794] [jointLog] [info] Marked 0 weighted equivalence classes as degenerate
[2021-02-06 10:16:40.796] [jointLog] [info] iteration = 0 | max rel diff. = 2.46368
[2021-02-06 10:16:40.889] [jointLog] [info] iteration = 100 | max rel diff. = 0.0131617
[2021-02-06 10:16:40.912] [jointLog] [info] iteration = 128 | max rel diff. = 0.00999496
[2021-02-06 10:16:40.913] [jointLog] [info] Finished optimizer
[2021-02-06 10:16:40.913] [jointLog] [info] writing output 

[2021-02-06 10:16:40.784] [fileLog] [info] 
At end of round 0
==================
Observed 28001520 total fragments (28001520 in most recent round)

