>Path_0:0.0004933762292545255
[start,55]	[55,61]	A
[55,61]	[61,66]	G
[61,66]	[66,67]	C
[66,67]	[67,26464]	T
[67,26464]	[26464,26774]	C
[26464,26774]	[26774,26811]	G
[26774,26811]	[26811,27037]	A
[26811,27037]	[27037,27260]	C
[27037,27260]	[27260,27286]	G
[27260,27286]	[27286,27378]	C
[27286,27378]	[27378,27754]	G
[27378,27754]	[27754,27876]	G
[27754,27876]	[27876,27883]	T
[27876,27883]	[27883,28249]	C
[27883,28249]	[28249,28260]	A
[28249,28260]	[28260,28261]	A
[28260,28261]	[28261,28518]	C
[28261,28518]	[28518,28519]	A
[28518,28519]	[28519,28524]	C
[28519,28524]	[28524,28570]	T
[28524,28570]	[28570,28571]	T
[28570,28571]	[28571,28576]	A
[28571,28576]	[28576,29059]	G
[28576,29059]	[29059,29061]	T
[29059,29061]	[29061,29087]	C
[29061,29087]	[29087,29089]	C
[29087,29089]	[29089,29705]	A
[29089,29705]	[29705,29791]	G
[29705,29791]	[29791,end]	T
>Path_2:0.10769698261441643
[start,55]	[28249,28260]	splice
[28249,28260]	[28260,28261]	A
[28260,28261]	[28261,28518]	C
[28261,28518]	[28518,28519]	A
[28518,28519]	[28519,28524]	C
[28519,28524]	[28524,28570]	T
[28524,28570]	[28570,28571]	T
[28570,28571]	[28571,28576]	A
[28571,28576]	[28576,29059]	G
[28576,29059]	[29059,29061]	T
[29059,29061]	[29061,29087]	C
[29061,29087]	[29087,29089]	C
[29087,29089]	[29089,29705]	A
[29089,29705]	[29705,29791]	G
[29705,29791]	[29791,end]	T
>Path_5:0.008457878215791866
[start,55]	[55,61]	A
[55,61]	[27378,27754]	splice
[27378,27754]	[27754,27876]	G
[27754,27876]	[27876,27883]	T
[27876,27883]	[27883,28249]	C
[27883,28249]	[28249,28260]	A
[28249,28260]	[28260,28261]	A
[28260,28261]	[28261,28518]	C
[28261,28518]	[28518,28519]	A
[28518,28519]	[28519,28524]	C
[28519,28524]	[28524,28570]	T
[28524,28570]	[28570,28571]	T
[28570,28571]	[28571,28576]	A
[28571,28576]	[28576,29059]	G
[28576,29059]	[29059,29061]	T
[29059,29061]	[29061,29087]	C
[29061,29087]	[29087,29089]	C
[29087,29089]	[29089,29705]	A
[29089,29705]	[29705,29791]	G
[29705,29791]	[29791,end]	T
>Path_6:0.0699153255367544
[start,55]	[55,61]	A
[55,61]	[27883,28249]	splice
[27883,28249]	[28249,28260]	A
[28249,28260]	[28260,28261]	A
[28260,28261]	[28261,28518]	C
[28261,28518]	[28518,28519]	A
[28518,28519]	[28519,28524]	C
[28519,28524]	[28524,28570]	T
[28524,28570]	[28570,28571]	T
[28570,28571]	[28571,28576]	A
[28571,28576]	[28576,29059]	G
[28576,29059]	[29059,29061]	T
[29059,29061]	[29061,29087]	C
[29061,29087]	[29087,29089]	C
[29087,29089]	[29089,29705]	A
[29089,29705]	[29705,29791]	G
[29705,29791]	[29791,end]	T
>Path_7:0.10826084116213588
[start,55]	[55,61]	A
[55,61]	[28249,28260]	splice
[28249,28260]	[28260,28261]	A
[28260,28261]	[28261,28518]	C
[28261,28518]	[28518,28519]	A
[28518,28519]	[28519,28524]	C
[28519,28524]	[28524,28570]	T
[28524,28570]	[28570,28571]	T
[28570,28571]	[28571,28576]	A
[28571,28576]	[28576,29059]	G
[28576,29059]	[29059,29061]	T
[29059,29061]	[29061,29087]	C
[29061,29087]	[29087,29089]	C
[29087,29089]	[29089,29705]	A
[29089,29705]	[29705,29791]	G
[29705,29791]	[29791,end]	T
>Path_8:0.09141870142947543
[start,55]	[55,61]	A
[55,61]	[28261,28518]	splice
[28261,28518]	[28518,28519]	A
[28518,28519]	[28519,28524]	C
[28519,28524]	[28524,28570]	T
[28524,28570]	[28570,28571]	T
[28570,28571]	[28571,28576]	A
[28571,28576]	[28576,29059]	G
[28576,29059]	[29059,29061]	T
[29059,29061]	[29061,29087]	C
[29061,29087]	[29087,29089]	C
[29087,29089]	[29089,29705]	A
[29089,29705]	[29705,29791]	G
[29705,29791]	[29791,end]	T
>Path_10:0.0011277170954389155
[start,55]	[55,61]	A
[55,61]	[61,66]	G
[61,66]	[28260,28261]	splice
[28260,28261]	[28261,28518]	C
[28261,28518]	[28518,28519]	A
[28518,28519]	[28519,28524]	C
[28519,28524]	[28524,28570]	T
[28524,28570]	[28570,28571]	T
[28570,28571]	[28571,28576]	A
[28571,28576]	[28576,29059]	G
[28576,29059]	[29059,29061]	T
[29059,29061]	[29061,29087]	C
[29061,29087]	[29087,29089]	C
[29087,29089]	[29089,29705]	A
[29089,29705]	[29705,29791]	G
[29705,29791]	[29791,end]	T
>Path_11:0.2886955764323624
[start,55]	[55,61]	A
[55,61]	[61,66]	G
[61,66]	[66,67]	C
[66,67]	[28261,28518]	splice
[28261,28518]	[28518,28519]	A
[28518,28519]	[28519,28524]	C
[28519,28524]	[28524,28570]	T
[28524,28570]	[28570,28571]	T
[28570,28571]	[28571,28576]	A
[28571,28576]	[28576,29059]	G
[28576,29059]	[29059,29061]	T
[29059,29061]	[29061,29087]	C
[29061,29087]	[29087,29089]	C
[29087,29089]	[29089,29705]	A
[29089,29705]	[29705,29791]	G
[29705,29791]	[29791,end]	T
>Path_27:0.0002819292738597289
[start,55]	[55,61]	A
[55,61]	[26464,26774]	splice
[26464,26774]	[26811,27037]	splice
[26811,27037]	[27037,27260]	C
[27037,27260]	[27260,27286]	G
[27260,27286]	[27286,27378]	C
[27286,27378]	[27378,27754]	G
[27378,27754]	[27754,27876]	G
[27754,27876]	[27876,27883]	T
[27876,27883]	[27883,28249]	C
[27883,28249]	[28249,28260]	A
[28249,28260]	[28260,28261]	A
[28260,28261]	[28261,28518]	C
[28261,28518]	[28518,28519]	A
[28518,28519]	[28519,28524]	C
[28519,28524]	[28524,28570]	T
[28524,28570]	[28570,28571]	T
[28570,28571]	[28571,28576]	A
[28571,28576]	[28576,29059]	G
[28576,29059]	[29059,29061]	T
[29059,29061]	[29061,29087]	C
[29061,29087]	[29087,29089]	C
[29087,29089]	[29089,29705]	A
[29089,29705]	[29705,29791]	G
[29705,29791]	[29791,end]	T
>Path_51:0.0002819292738597289
[start,55]	[55,61]	A
[55,61]	[26464,26774]	splice
[26464,26774]	[26774,26811]	G
[26774,26811]	[26811,27037]	A
[26811,27037]	[27037,27260]	C
[27037,27260]	[27286,27378]	splice
[27286,27378]	[27378,27754]	G
[27378,27754]	[27754,27876]	G
[27754,27876]	[27876,27883]	T
[27876,27883]	[27883,28249]	C
[27883,28249]	[28249,28260]	A
[28249,28260]	[28260,28261]	A
[28260,28261]	[28261,28518]	C
[28261,28518]	[28518,28519]	A
[28518,28519]	[28519,28524]	C
[28519,28524]	[28524,28570]	T
[28524,28570]	[28570,28571]	T
[28570,28571]	[28571,28576]	A
[28571,28576]	[28576,29059]	G
[28576,29059]	[29059,29061]	T
[29059,29061]	[29061,29087]	C
[29061,29087]	[29087,29089]	C
[29087,29089]	[29089,29705]	A
[29089,29705]	[29705,29791]	G
[29705,29791]	[29791,end]	T
>Path_107:0.0005638585477194578
[start,55]	[55,61]	A
[55,61]	[61,66]	G
[61,66]	[66,67]	C
[66,67]	[28261,28518]	splice
[28261,28518]	[28570,28571]	splice
[28570,28571]	[28571,28576]	A
[28571,28576]	[28576,29059]	G
[28576,29059]	[29059,29061]	T
[29059,29061]	[29061,29087]	C
[29061,29087]	[29087,29089]	C
[29087,29089]	[29089,29705]	A
[29089,29705]	[29705,29791]	G
[29705,29791]	[29791,end]	T
>Path_192:7.048231846493222e-05
[start,55]	[55,61]	A
[55,61]	[61,66]	G
[61,66]	[66,67]	C
[66,67]	[67,26464]	T
[67,26464]	[26464,26774]	C
[26464,26774]	[26774,26811]	G
[26774,26811]	[26811,27037]	A
[26811,27037]	[27037,27260]	C
[27037,27260]	[27260,27286]	G
[27260,27286]	[27286,27378]	C
[27286,27378]	[27378,27754]	G
[27378,27754]	[27754,27876]	G
[27754,27876]	[27876,27883]	T
[27876,27883]	[27883,28249]	C
[27883,28249]	[28249,28260]	A
[28249,28260]	[28260,28261]	A
[28260,28261]	[28261,28518]	C
[28261,28518]	[28518,28519]	A
[28518,28519]	[28571,28576]	splice
[28571,28576]	[28576,29059]	G
[28576,29059]	[29059,29061]	T
[29059,29061]	[29061,29087]	C
[29061,29087]	[29087,29089]	C
[29087,29089]	[29089,29705]	A
[29089,29705]	[29705,29791]	G
[29705,29791]	[29791,end]	T
>Path_193:0.0036650805601764753
[start,55]	[27876,27883]	splice
[27876,27883]	[27883,28249]	C
[27883,28249]	[28249,28260]	A
[28249,28260]	[28260,28261]	A
[28260,28261]	[28261,28518]	C
[28261,28518]	[28518,28519]	A
[28518,28519]	[28571,28576]	splice
[28571,28576]	[28576,29059]	G
[28576,29059]	[29059,29061]	T
[29059,29061]	[29061,29087]	C
[29061,29087]	[29087,29089]	C
[29087,29089]	[29089,29705]	A
[29089,29705]	[29705,29791]	G
[29705,29791]	[29791,end]	T
>Path_194:0.0360869470540453
[start,55]	[28249,28260]	splice
[28249,28260]	[28260,28261]	A
[28260,28261]	[28261,28518]	C
[28261,28518]	[28518,28519]	A
[28518,28519]	[28571,28576]	splice
[28571,28576]	[28576,29059]	G
[28576,29059]	[29059,29061]	T
[29059,29061]	[29061,29087]	C
[29061,29087]	[29087,29089]	C
[29087,29089]	[29089,29705]	A
[29089,29705]	[29705,29791]	G
[29705,29791]	[29791,end]	T
>Path_200:0.0360869470540453
[start,55]	[55,61]	A
[55,61]	[28261,28518]	splice
[28261,28518]	[28518,28519]	A
[28518,28519]	[28571,28576]	splice
[28571,28576]	[28576,29059]	G
[28576,29059]	[29059,29061]	T
[29059,29061]	[29061,29087]	C
[29061,29087]	[29087,29089]	C
[29087,29089]	[29089,29705]	A
[29089,29705]	[29705,29791]	G
[29705,29791]	[29791,end]	T
>Path_201:0.00951511299276585
[start,55]	[55,61]	A
[55,61]	[61,66]	G
[61,66]	[27754,27876]	splice
[27754,27876]	[27876,27883]	T
[27876,27883]	[27883,28249]	C
[27883,28249]	[28249,28260]	A
[28249,28260]	[28260,28261]	A
[28260,28261]	[28261,28518]	C
[28261,28518]	[28518,28519]	A
[28518,28519]	[28571,28576]	splice
[28571,28576]	[28576,29059]	G
[28576,29059]	[29059,29061]	T
[29059,29061]	[29061,29087]	C
[29061,29087]	[29087,29089]	C
[29087,29089]	[29089,29705]	A
[29089,29705]	[29705,29791]	G
[29705,29791]	[29791,end]	T
>Path_202:0.0011277170954389155
[start,55]	[55,61]	A
[55,61]	[61,66]	G
[61,66]	[28260,28261]	splice
[28260,28261]	[28261,28518]	C
[28261,28518]	[28518,28519]	A
[28518,28519]	[28571,28576]	splice
[28571,28576]	[28576,29059]	G
[28576,29059]	[29059,29061]	T
[29059,29061]	[29061,29087]	C
[29061,29087]	[29087,29089]	C
[29087,29089]	[29089,29705]	A
[29089,29705]	[29705,29791]	G
[29705,29791]	[29791,end]	T
>Path_203:0.13109397796431557
[start,55]	[55,61]	A
[55,61]	[61,66]	G
[61,66]	[66,67]	C
[66,67]	[28261,28518]	splice
[28261,28518]	[28518,28519]	A
[28518,28519]	[28571,28576]	splice
[28571,28576]	[28576,29059]	G
[28576,29059]	[29059,29061]	T
[29059,29061]	[29061,29087]	C
[29061,29087]	[29087,29089]	C
[29087,29089]	[29089,29705]	A
[29089,29705]	[29705,29791]	G
[29705,29791]	[29791,end]	T
>Path_1154:0.0005638585477194578
[start,55]	[28249,28260]	splice
[28249,28260]	[28260,28261]	A
[28260,28261]	[28261,28518]	C
[28261,28518]	[28518,28519]	A
[28518,28519]	[28519,28524]	C
[28519,28524]	[28576,29059]	splice
[28576,29059]	[29087,29089]	splice
[29087,29089]	[29089,29705]	A
[29089,29705]	[29705,29791]	G
[29705,29791]	[29791,end]	T
>Path_1540:0.004510868381755662
[start,55]	[55,61]	A
[55,61]	[27037,27260]	splice
[27037,27260]	[27260,27286]	G
[27260,27286]	[27286,27378]	C
[27286,27378]	[27378,27754]	G
[27378,27754]	[27754,27876]	G
[27754,27876]	[27876,27883]	T
[27876,27883]	[27883,28249]	C
[27883,28249]	[28249,28260]	A
[28249,28260]	[28260,28261]	A
[28260,28261]	[28261,28518]	C
[28261,28518]	[28518,28519]	A
[28518,28519]	[28519,28524]	C
[28519,28524]	[28524,28570]	T
[28524,28570]	[28570,28571]	T
[28570,28571]	[28571,28576]	A
[28571,28576]	[28576,29059]	G
[28576,29059]	[29059,29061]	T
[29059,29061]	[29089,29705]	splice
[29089,29705]	[29705,29791]	G
[29705,29791]	[29791,end]	T
>Path_1544:0.01627828118494099
[start,55]	[55,61]	A
[55,61]	[28261,28518]	splice
[28261,28518]	[28518,28519]	A
[28518,28519]	[28519,28524]	C
[28519,28524]	[28524,28570]	T
[28524,28570]	[28570,28571]	T
[28570,28571]	[28571,28576]	A
[28571,28576]	[28576,29059]	G
[28576,29059]	[29059,29061]	T
[29059,29061]	[29089,29705]	splice
[29089,29705]	[29705,29791]	G
[29705,29791]	[29791,end]	T
>Path_1545:0.008528360534256799
[start,55]	[55,61]	A
[55,61]	[61,66]	G
[61,66]	[27754,27876]	splice
[27754,27876]	[27876,27883]	T
[27876,27883]	[27883,28249]	C
[27883,28249]	[28249,28260]	A
[28249,28260]	[28260,28261]	A
[28260,28261]	[28261,28518]	C
[28261,28518]	[28518,28519]	A
[28518,28519]	[28519,28524]	C
[28519,28524]	[28524,28570]	T
[28524,28570]	[28570,28571]	T
[28570,28571]	[28571,28576]	A
[28571,28576]	[28576,29059]	G
[28576,29059]	[29059,29061]	T
[29059,29061]	[29089,29705]	splice
[29089,29705]	[29705,29791]	G
[29705,29791]	[29791,end]	T
>Path_1640:0.0005638585477194578
[start,55]	[55,61]	A
[55,61]	[28261,28518]	splice
[28261,28518]	[28570,28571]	splice
[28570,28571]	[28571,28576]	A
[28571,28576]	[28576,29059]	G
[28576,29059]	[29059,29061]	T
[29059,29061]	[29089,29705]	splice
[29089,29705]	[29705,29791]	G
[29705,29791]	[29791,end]	T
>Path_1734:0.0022585685713361835
[start,55]	[55,61]	A
[55,61]	[27883,28249]	splice
[27883,28249]	[28249,28260]	A
[28249,28260]	[28260,28261]	A
[28260,28261]	[28261,28518]	C
[28261,28518]	[28518,28519]	A
[28518,28519]	[28571,28576]	splice
[28571,28576]	[28576,29059]	G
[28576,29059]	[29059,29061]	T
[29059,29061]	[29089,29705]	splice
[29089,29705]	[29705,29791]	G
[29705,29791]	[29791,end]	T
>Path_1735:0.0360869470540453
[start,55]	[55,61]	A
[55,61]	[28249,28260]	splice
[28249,28260]	[28260,28261]	A
[28260,28261]	[28261,28518]	C
[28261,28518]	[28518,28519]	A
[28518,28519]	[28571,28576]	splice
[28571,28576]	[28576,29059]	G
[28576,29059]	[29059,29061]	T
[29059,29061]	[29089,29705]	splice
[29089,29705]	[29705,29791]	G
[29705,29791]	[29791,end]	T
>Path_1780:0.0002819292738597289
[start,55]	[55,61]	A
[55,61]	[27037,27260]	splice
[27037,27260]	[27286,27378]	splice
[27286,27378]	[27378,27754]	G
[27378,27754]	[27754,27876]	G
[27754,27876]	[27876,27883]	T
[27876,27883]	[27883,28249]	C
[27883,28249]	[28249,28260]	A
[28249,28260]	[28260,28261]	A
[28260,28261]	[28261,28518]	C
[28261,28518]	[28518,28519]	A
[28518,28519]	[28571,28576]	splice
[28571,28576]	[28576,29059]	G
[28576,29059]	[29059,29061]	T
[29059,29061]	[29089,29705]	splice
[29089,29705]	[29705,29791]	G
[29705,29791]	[29791,end]	T
>Path_3265:0.03242186649386882
[start,55]	[27876,27883]	splice
[27876,27883]	[27883,28249]	C
[27883,28249]	[28249,28260]	A
[28249,28260]	[28260,28261]	A
[28260,28261]	[28261,28518]	C
[28261,28518]	[28518,28519]	A
[28518,28519]	[28571,28576]	splice
[28571,28576]	[28576,29059]	G
[28576,29059]	[29059,29061]	T
[29059,29061]	[29061,29087]	C
[29061,29087]	[29087,29089]	C
[29087,29089]	[29089,29705]	A
[29089,29705]	[29791,end]	splice
>Path_4611:0.0036650805601764753
[start,55]	[55,61]	A
[55,61]	[26464,26774]	splice
[26464,26774]	[26774,26811]	G
[26774,26811]	[26811,27037]	A
[26811,27037]	[27037,27260]	C
[27037,27260]	[27260,27286]	G
[27260,27286]	[27286,27378]	C
[27286,27378]	[27378,27754]	G
[27378,27754]	[27754,27876]	G
[27754,27876]	[27876,27883]	T
[27876,27883]	[27883,28249]	C
[27883,28249]	[28249,28260]	A
[28249,28260]	[28260,28261]	A
[28260,28261]	[28261,28518]	C
[28261,28518]	[28518,28519]	A
[28518,28519]	[28519,28524]	C
[28519,28524]	[28524,28570]	T
[28524,28570]	[28570,28571]	T
[28570,28571]	[28571,28576]	A
[28571,28576]	[28576,29059]	G
[28576,29059]	[29059,29061]	T
[29059,29061]	[29089,29705]	splice
[29089,29705]	[29791,end]	splice
