55	27876	splice	2645
55	28249	splice	14383
61	26464	splice	283
61	27037	splice	586
61	27378	splice	1037
61	27883	splice	8749
61	28249	splice	12334
61	28261	splice	17267
66	27754	splice	980
66	28260	splice	264
67	28261	splice	54582
26774	26811	splice	146
27260	27286	splice	319
28518	28570	splice	506
28519	28571	splice	102696
28524	28576	splice	122
29059	29087	splice	250
29061	29089	splice	38356
29705	29791	splice	6797
66	66	C	0
67	67	T	0
29059	29059	T	0
29061	29061	C	0
29705	29705	G	0
26774	26774	G	0
27286	27286	C	0
28249	28249	A	0
28570	28570	T	0
28571	28571	A	0
27037	27037	C	0
29087	29087	C	0
26464	26464	C	0
28576	28576	G	0
29089	29089	A	0
29791	29791	T	0
27876	27876	T	0
28261	28261	C	0
28260	28260	A	0
28518	28518	A	0
28519	28519	C	0
27754	27754	G	0
27883	27883	C	0
28524	28524	T	0
27378	27378	G	0
55	55	A	0
26811	26811	A	0
27260	27260	G	0
61	61	G	0
