>Path_0:0.0002824825138530483
[start,55]	[55,61]	A
[55,61]	[61,66]	G
[61,66]	[66,67]	C
[66,67]	[67,26464]	T
[67,26464]	[26464,26774]	C
[26464,26774]	[26774,26811]	G
[26774,26811]	[26811,27037]	A
[26811,27037]	[27037,27260]	C
[27037,27260]	[27260,27286]	G
[27260,27286]	[27286,27378]	C
[27286,27378]	[27378,27754]	G
[27378,27754]	[27754,27876]	G
[27754,27876]	[27876,27883]	T
[27876,27883]	[27883,28249]	C
[27883,28249]	[28249,28260]	A
[28249,28260]	[28260,28261]	A
[28260,28261]	[28261,28518]	C
[28261,28518]	[28518,28519]	A
[28518,28519]	[28519,28524]	C
[28519,28524]	[28524,28570]	T
[28524,28570]	[28570,28571]	T
[28570,28571]	[28571,28576]	A
[28571,28576]	[28576,29059]	G
[28576,29059]	[29059,29061]	T
[29059,29061]	[29061,29087]	C
[29061,29087]	[29087,29089]	C
[29087,29089]	[29089,29705]	A
[29089,29705]	[29705,29791]	G
[29705,29791]	[29791,end]	T
>Path_1:0.008756957929444496
[start,55]	[27876,27883]	splice
[27876,27883]	[27883,28249]	C
[27883,28249]	[28249,28260]	A
[28249,28260]	[28260,28261]	A
[28260,28261]	[28261,28518]	C
[28261,28518]	[28518,28519]	A
[28518,28519]	[28519,28524]	C
[28519,28524]	[28524,28570]	T
[28524,28570]	[28570,28571]	T
[28570,28571]	[28571,28576]	A
[28571,28576]	[28576,29059]	G
[28576,29059]	[29059,29061]	T
[29059,29061]	[29061,29087]	C
[29061,29087]	[29087,29089]	C
[29087,29089]	[29089,29705]	A
[29089,29705]	[29705,29791]	G
[29705,29791]	[29791,end]	T
>Path_2:0.10833204406264402
[start,55]	[28249,28260]	splice
[28249,28260]	[28260,28261]	A
[28260,28261]	[28261,28518]	C
[28261,28518]	[28518,28519]	A
[28518,28519]	[28519,28524]	C
[28519,28524]	[28524,28570]	T
[28524,28570]	[28570,28571]	T
[28570,28571]	[28571,28576]	A
[28571,28576]	[28576,29059]	G
[28576,29059]	[29059,29061]	T
[29059,29061]	[29061,29087]	C
[29061,29087]	[29087,29089]	C
[29087,29089]	[29089,29705]	A
[29089,29705]	[29705,29791]	G
[29705,29791]	[29791,end]	T
>Path_5:0.017513915858888993
[start,55]	[55,61]	A
[55,61]	[27378,27754]	splice
[27378,27754]	[27754,27876]	G
[27754,27876]	[27876,27883]	T
[27876,27883]	[27883,28249]	C
[27883,28249]	[28249,28260]	A
[28249,28260]	[28260,28261]	A
[28260,28261]	[28261,28518]	C
[28261,28518]	[28518,28519]	A
[28518,28519]	[28519,28524]	C
[28519,28524]	[28524,28570]	T
[28524,28570]	[28570,28571]	T
[28570,28571]	[28571,28576]	A
[28571,28576]	[28576,29059]	G
[28576,29059]	[29059,29061]	T
[29059,29061]	[29061,29087]	C
[29061,29087]	[29087,29089]	C
[29087,29089]	[29089,29705]	A
[29089,29705]	[29705,29791]	G
[29705,29791]	[29791,end]	T
>Path_7:0.09337237178864159
[start,55]	[55,61]	A
[55,61]	[28249,28260]	splice
[28249,28260]	[28260,28261]	A
[28260,28261]	[28261,28518]	C
[28261,28518]	[28518,28519]	A
[28518,28519]	[28519,28524]	C
[28519,28524]	[28524,28570]	T
[28524,28570]	[28570,28571]	T
[28570,28571]	[28571,28576]	A
[28571,28576]	[28576,29059]	G
[28576,29059]	[29059,29061]	T
[29059,29061]	[29061,29087]	C
[29061,29087]	[29087,29089]	C
[29087,29089]	[29089,29705]	A
[29089,29705]	[29705,29791]	G
[29705,29791]	[29791,end]	T
>Path_8:0.10819080280571748
[start,55]	[55,61]	A
[55,61]	[28261,28518]	splice
[28261,28518]	[28518,28519]	A
[28518,28519]	[28519,28524]	C
[28519,28524]	[28524,28570]	T
[28524,28570]	[28570,28571]	T
[28570,28571]	[28571,28576]	A
[28571,28576]	[28576,29059]	G
[28576,29059]	[29059,29061]	T
[29059,29061]	[29061,29087]	C
[29061,29087]	[29087,29089]	C
[29087,29089]	[29089,29705]	A
[29089,29705]	[29705,29791]	G
[29705,29791]	[29791,end]	T
>Path_10:0.0016948950831182897
[start,55]	[55,61]	A
[55,61]	[61,66]	G
[61,66]	[28260,28261]	splice
[28260,28261]	[28261,28518]	C
[28261,28518]	[28518,28519]	A
[28518,28519]	[28519,28524]	C
[28519,28524]	[28524,28570]	T
[28524,28570]	[28570,28571]	T
[28570,28571]	[28571,28576]	A
[28571,28576]	[28576,29059]	G
[28576,29059]	[29059,29061]	T
[29059,29061]	[29061,29087]	C
[29061,29087]	[29087,29089]	C
[29087,29089]	[29089,29705]	A
[29089,29705]	[29705,29791]	G
[29705,29791]	[29791,end]	T
>Path_11:0.26263811725487163
[start,55]	[55,61]	A
[55,61]	[61,66]	G
[61,66]	[66,67]	C
[66,67]	[28261,28518]	splice
[28261,28518]	[28518,28519]	A
[28518,28519]	[28519,28524]	C
[28519,28524]	[28524,28570]	T
[28524,28570]	[28570,28571]	T
[28570,28571]	[28571,28576]	A
[28571,28576]	[28576,29059]	G
[28576,29059]	[29059,29061]	T
[29059,29061]	[29061,29087]	C
[29061,29087]	[29087,29089]	C
[29087,29089]	[29089,29705]	A
[29089,29705]	[29705,29791]	G
[29705,29791]	[29791,end]	T
>Path_48:0.0002118618853897862
[start,55]	[55,61]	A
[55,61]	[61,66]	G
[61,66]	[66,67]	C
[66,67]	[67,26464]	T
[67,26464]	[26464,26774]	C
[26464,26774]	[26774,26811]	G
[26774,26811]	[26811,27037]	A
[26811,27037]	[27037,27260]	C
[27037,27260]	[27286,27378]	splice
[27286,27378]	[27378,27754]	G
[27378,27754]	[27754,27876]	G
[27754,27876]	[27876,27883]	T
[27876,27883]	[27883,28249]	C
[27883,28249]	[28249,28260]	A
[28249,28260]	[28260,28261]	A
[28260,28261]	[28261,28518]	C
[28261,28518]	[28518,28519]	A
[28518,28519]	[28519,28524]	C
[28519,28524]	[28524,28570]	T
[28524,28570]	[28570,28571]	T
[28570,28571]	[28571,28576]	A
[28571,28576]	[28576,29059]	G
[28576,29059]	[29059,29061]	T
[29059,29061]	[29061,29087]	C
[29061,29087]	[29087,29089]	C
[29087,29089]	[29089,29705]	A
[29089,29705]	[29705,29791]	G
[29705,29791]	[29791,end]	T
>Path_97:0.0002824825138530483
[start,55]	[27876,27883]	splice
[27876,27883]	[27883,28249]	C
[27883,28249]	[28249,28260]	A
[28249,28260]	[28260,28261]	A
[28260,28261]	[28261,28518]	C
[28261,28518]	[28570,28571]	splice
[28570,28571]	[28571,28576]	A
[28571,28576]	[28576,29059]	G
[28576,29059]	[29059,29061]	T
[29059,29061]	[29061,29087]	C
[29061,29087]	[29087,29089]	C
[29087,29089]	[29089,29705]	A
[29089,29705]	[29705,29791]	G
[29705,29791]	[29791,end]	T
>Path_98:0.00014124125692652415
[start,55]	[28249,28260]	splice
[28249,28260]	[28260,28261]	A
[28260,28261]	[28261,28518]	C
[28261,28518]	[28570,28571]	splice
[28570,28571]	[28571,28576]	A
[28571,28576]	[28576,29059]	G
[28576,29059]	[29059,29061]	T
[29059,29061]	[29061,29087]	C
[29061,29087]	[29087,29089]	C
[29087,29089]	[29089,29705]	A
[29089,29705]	[29705,29791]	G
[29705,29791]	[29791,end]	T
>Path_104:0.0002824825138530483
[start,55]	[55,61]	A
[55,61]	[28261,28518]	splice
[28261,28518]	[28570,28571]	splice
[28570,28571]	[28571,28576]	A
[28571,28576]	[28576,29059]	G
[28576,29059]	[29059,29061]	T
[29059,29061]	[29061,29087]	C
[29061,29087]	[29087,29089]	C
[29087,29089]	[29089,29705]	A
[29089,29705]	[29705,29791]	G
[29705,29791]	[29791,end]	T
>Path_193:0.027118321329892635
[start,55]	[27876,27883]	splice
[27876,27883]	[27883,28249]	C
[27883,28249]	[28249,28260]	A
[28249,28260]	[28260,28261]	A
[28260,28261]	[28261,28518]	C
[28261,28518]	[28518,28519]	A
[28518,28519]	[28571,28576]	splice
[28571,28576]	[28576,29059]	G
[28576,29059]	[29059,29061]	T
[29059,29061]	[29061,29087]	C
[29061,29087]	[29087,29089]	C
[29087,29089]	[29089,29705]	A
[29089,29705]	[29705,29791]	G
[29705,29791]	[29791,end]	T
>Path_194:0.03615776177319018
[start,55]	[28249,28260]	splice
[28249,28260]	[28260,28261]	A
[28260,28261]	[28261,28518]	C
[28261,28518]	[28518,28519]	A
[28518,28519]	[28571,28576]	splice
[28571,28576]	[28576,29059]	G
[28576,29059]	[29059,29061]	T
[29059,29061]	[29061,29087]	C
[29061,29087]	[29087,29089]	C
[29087,29089]	[29089,29705]	A
[29089,29705]	[29705,29791]	G
[29705,29791]	[29791,end]	T
>Path_195:0.003954755193942676
[start,55]	[55,61]	A
[55,61]	[26464,26774]	splice
[26464,26774]	[26774,26811]	G
[26774,26811]	[26811,27037]	A
[26811,27037]	[27037,27260]	C
[27037,27260]	[27260,27286]	G
[27260,27286]	[27286,27378]	C
[27286,27378]	[27378,27754]	G
[27378,27754]	[27754,27876]	G
[27754,27876]	[27876,27883]	T
[27876,27883]	[27883,28249]	C
[27883,28249]	[28249,28260]	A
[28249,28260]	[28260,28261]	A
[28260,28261]	[28261,28518]	C
[28261,28518]	[28518,28519]	A
[28518,28519]	[28571,28576]	splice
[28571,28576]	[28576,29059]	G
[28576,29059]	[29059,29061]	T
[29059,29061]	[29061,29087]	C
[29061,29087]	[29087,29089]	C
[29087,29089]	[29089,29705]	A
[29089,29705]	[29705,29791]	G
[29705,29791]	[29791,end]	T
>Path_196:0.00444909959318551
[start,55]	[55,61]	A
[55,61]	[27037,27260]	splice
[27037,27260]	[27260,27286]	G
[27260,27286]	[27286,27378]	C
[27286,27378]	[27378,27754]	G
[27378,27754]	[27754,27876]	G
[27754,27876]	[27876,27883]	T
[27876,27883]	[27883,28249]	C
[27883,28249]	[28249,28260]	A
[28249,28260]	[28260,28261]	A
[28260,28261]	[28261,28518]	C
[28261,28518]	[28518,28519]	A
[28518,28519]	[28571,28576]	splice
[28571,28576]	[28576,29059]	G
[28576,29059]	[29059,29061]	T
[29059,29061]	[29061,29087]	C
[29061,29087]	[29087,29089]	C
[29087,29089]	[29089,29705]	A
[29089,29705]	[29705,29791]	G
[29705,29791]	[29791,end]	T
>Path_199:0.05069371027641303
[start,55]	[55,61]	A
[55,61]	[28249,28260]	splice
[28249,28260]	[28260,28261]	A
[28260,28261]	[28261,28518]	C
[28261,28518]	[28518,28519]	A
[28518,28519]	[28571,28576]	splice
[28571,28576]	[28576,29059]	G
[28576,29059]	[29059,29061]	T
[29059,29061]	[29061,29087]	C
[29061,29087]	[29087,29089]	C
[29087,29089]	[29089,29705]	A
[29089,29705]	[29705,29791]	G
[29705,29791]	[29791,end]	T
>Path_200:0.03615776177319018
[start,55]	[55,61]	A
[55,61]	[28261,28518]	splice
[28261,28518]	[28518,28519]	A
[28518,28519]	[28571,28576]	splice
[28571,28576]	[28576,29059]	G
[28576,29059]	[29059,29061]	T
[29059,29061]	[29061,29087]	C
[29061,29087]	[29087,29089]	C
[29087,29089]	[29089,29705]	A
[29089,29705]	[29705,29791]	G
[29705,29791]	[29791,end]	T
>Path_202:0.0005649650277060966
[start,55]	[55,61]	A
[55,61]	[61,66]	G
[61,66]	[28260,28261]	splice
[28260,28261]	[28261,28518]	C
[28261,28518]	[28518,28519]	A
[28518,28519]	[28571,28576]	splice
[28571,28576]	[28576,29059]	G
[28576,29059]	[29059,29061]	T
[29059,29061]	[29061,29087]	C
[29061,29087]	[29087,29089]	C
[29087,29089]	[29089,29705]	A
[29089,29705]	[29705,29791]	G
[29705,29791]	[29791,end]	T
>Path_203:0.12953013356183177
[start,55]	[55,61]	A
[55,61]	[61,66]	G
[61,66]	[66,67]	C
[66,67]	[28261,28518]	splice
[28261,28518]	[28518,28519]	A
[28518,28519]	[28571,28576]	splice
[28571,28576]	[28576,29059]	G
[28576,29059]	[29059,29061]	T
[29059,29061]	[29061,29087]	C
[29061,29087]	[29087,29089]	C
[29087,29089]	[29089,29705]	A
[29089,29705]	[29705,29791]	G
[29705,29791]	[29791,end]	T
>Path_240:7.062062846326207e-05
[start,55]	[55,61]	A
[55,61]	[61,66]	G
[61,66]	[66,67]	C
[66,67]	[67,26464]	T
[67,26464]	[26464,26774]	C
[26464,26774]	[26774,26811]	G
[26774,26811]	[26811,27037]	A
[26811,27037]	[27037,27260]	C
[27037,27260]	[27286,27378]	splice
[27286,27378]	[27378,27754]	G
[27378,27754]	[27754,27876]	G
[27754,27876]	[27876,27883]	T
[27876,27883]	[27883,28249]	C
[27883,28249]	[28249,28260]	A
[28249,28260]	[28260,28261]	A
[28260,28261]	[28261,28518]	C
[28261,28518]	[28518,28519]	A
[28518,28519]	[28571,28576]	splice
[28571,28576]	[28576,29059]	G
[28576,29059]	[29059,29061]	T
[29059,29061]	[29061,29087]	C
[29061,29087]	[29087,29089]	C
[29087,29089]	[29089,29705]	A
[29089,29705]	[29705,29791]	G
[29705,29791]	[29791,end]	T
>Path_244:0.0002824825138530483
[start,55]	[55,61]	A
[55,61]	[27037,27260]	splice
[27037,27260]	[27286,27378]	splice
[27286,27378]	[27378,27754]	G
[27378,27754]	[27754,27876]	G
[27754,27876]	[27876,27883]	T
[27876,27883]	[27883,28249]	C
[27883,28249]	[28249,28260]	A
[28249,28260]	[28260,28261]	A
[28260,28261]	[28261,28518]	C
[28261,28518]	[28518,28519]	A
[28518,28519]	[28571,28576]	splice
[28571,28576]	[28576,29059]	G
[28576,29059]	[29059,29061]	T
[29059,29061]	[29061,29087]	C
[29061,29087]	[29087,29089]	C
[29087,29089]	[29089,29705]	A
[29089,29705]	[29705,29791]	G
[29705,29791]	[29791,end]	T
>Path_391:0.0002824825138530483
[start,55]	[55,61]	A
[55,61]	[28249,28260]	splice
[28249,28260]	[28260,28261]	A
[28260,28261]	[28261,28518]	C
[28261,28518]	[28518,28519]	A
[28518,28519]	[28519,28524]	C
[28519,28524]	[28576,29059]	splice
[28576,29059]	[29059,29061]	T
[29059,29061]	[29061,29087]	C
[29061,29087]	[29087,29089]	C
[29087,29089]	[29089,29705]	A
[29089,29705]	[29705,29791]	G
[29705,29791]	[29791,end]	T
>Path_987:0.0002824825138530483
[start,55]	[55,61]	A
[55,61]	[26464,26774]	splice
[26464,26774]	[26811,27037]	splice
[26811,27037]	[27037,27260]	C
[27037,27260]	[27260,27286]	G
[27260,27286]	[27286,27378]	C
[27286,27378]	[27378,27754]	G
[27378,27754]	[27754,27876]	G
[27754,27876]	[27876,27883]	T
[27876,27883]	[27883,28249]	C
[27883,28249]	[28249,28260]	A
[28249,28260]	[28260,28261]	A
[28260,28261]	[28261,28518]	C
[28261,28518]	[28518,28519]	A
[28518,28519]	[28571,28576]	splice
[28571,28576]	[28576,29059]	G
[28576,29059]	[29087,29089]	splice
[29087,29089]	[29089,29705]	A
[29089,29705]	[29705,29791]	G
[29705,29791]	[29791,end]	T
>Path_1159:0.0002824825138530483
[start,55]	[55,61]	A
[55,61]	[28249,28260]	splice
[28249,28260]	[28260,28261]	A
[28260,28261]	[28261,28518]	C
[28261,28518]	[28518,28519]	A
[28518,28519]	[28519,28524]	C
[28519,28524]	[28576,29059]	splice
[28576,29059]	[29087,29089]	splice
[29087,29089]	[29089,29705]	A
[29089,29705]	[29705,29791]	G
[29705,29791]	[29791,end]	T
>Path_1542:0.07231552354638036
[start,55]	[55,61]	A
[55,61]	[27883,28249]	splice
[27883,28249]	[28249,28260]	A
[28249,28260]	[28260,28261]	A
[28260,28261]	[28261,28518]	C
[28261,28518]	[28518,28519]	A
[28518,28519]	[28519,28524]	C
[28519,28524]	[28524,28570]	T
[28524,28570]	[28570,28571]	T
[28570,28571]	[28571,28576]	A
[28571,28576]	[28576,29059]	G
[28576,29059]	[29059,29061]	T
[29059,29061]	[29089,29705]	splice
[29089,29705]	[29705,29791]	G
[29705,29791]	[29791,end]	T
>Path_3076:7.062062846326207e-05
[start,55]	[55,61]	A
[55,61]	[27037,27260]	splice
[27037,27260]	[27260,27286]	G
[27260,27286]	[27286,27378]	C
[27286,27378]	[27378,27754]	G
[27378,27754]	[27754,27876]	G
[27754,27876]	[27876,27883]	T
[27876,27883]	[27883,28249]	C
[27883,28249]	[28249,28260]	A
[28249,28260]	[28260,28261]	A
[28260,28261]	[28261,28518]	C
[28261,28518]	[28518,28519]	A
[28518,28519]	[28519,28524]	C
[28519,28524]	[28524,28570]	T
[28524,28570]	[28570,28571]	T
[28570,28571]	[28571,28576]	A
[28571,28576]	[28576,29059]	G
[28576,29059]	[29059,29061]	T
[29059,29061]	[29061,29087]	C
[29061,29087]	[29087,29089]	C
[29087,29089]	[29089,29705]	A
[29089,29705]	[29791,end]	splice
>Path_3081:0.009039440443297546
[start,55]	[55,61]	A
[55,61]	[61,66]	G
[61,66]	[27754,27876]	splice
[27754,27876]	[27876,27883]	T
[27876,27883]	[27883,28249]	C
[27883,28249]	[28249,28260]	A
[28249,28260]	[28260,28261]	A
[28260,28261]	[28261,28518]	C
[28261,28518]	[28518,28519]	A
[28518,28519]	[28519,28524]	C
[28519,28524]	[28524,28570]	T
[28524,28570]	[28570,28571]	T
[28570,28571]	[28571,28576]	A
[28571,28576]	[28576,29059]	G
[28576,29059]	[29059,29061]	T
[29059,29061]	[29061,29087]	C
[29061,29087]	[29087,29089]	C
[29087,29089]	[29089,29705]	A
[29089,29705]	[29791,end]	splice
>Path_3083:0.0266239769306498
[start,55]	[55,61]	A
[55,61]	[61,66]	G
[61,66]	[66,67]	C
[66,67]	[28261,28518]	splice
[28261,28518]	[28518,28519]	A
[28518,28519]	[28519,28524]	C
[28519,28524]	[28524,28570]	T
[28524,28570]	[28570,28571]	T
[28570,28571]	[28571,28576]	A
[28571,28576]	[28576,29059]	G
[28576,29059]	[29059,29061]	T
[29059,29061]	[29061,29087]	C
[29061,29087]	[29087,29089]	C
[29087,29089]	[29089,29705]	A
[29089,29705]	[29791,end]	splice
>Path_3179:0.0004237237707795724
[start,55]	[55,61]	A
[55,61]	[61,66]	G
[61,66]	[66,67]	C
[66,67]	[28261,28518]	splice
[28261,28518]	[28570,28571]	splice
[28570,28571]	[28571,28576]	A
[28571,28576]	[28576,29059]	G
[28576,29059]	[29059,29061]	T
[29059,29061]	[29061,29087]	C
[29061,29087]	[29087,29089]	C
[29087,29089]	[29089,29705]	A
[29089,29705]	[29791,end]	splice
