55	27876	splice	2588
55	28249	splice	14508
61	26464	splice	303
61	27037	splice	561
61	27378	splice	969
61	27883	splice	8743
61	28249	splice	12286
61	28261	splice	17328
62	25378	splice	100
66	27754	splice	941
66	28260	splice	249
67	28261	splice	53989
26774	26811	splice	156
26780	26817	splice	104
27260	27286	splice	310
28518	28570	splice	540
28519	28571	splice	103471
28524	28576	splice	114
29059	29087	splice	223
29061	29089	splice	38491
29705	29791	splice	6751
26817	26817	T	0
66	66	C	0
67	67	T	0
29059	29059	T	0
29061	29061	C	0
29705	29705	G	0
29791	29791	T	0
26774	26774	G	0
27286	27286	C	0
28249	28249	A	0
28570	28570	T	0
28571	28571	A	0
26780	26780	T	0
27037	27037	C	0
29087	29087	C	0
26464	26464	C	0
28576	28576	G	0
25378	25378	C	0
29089	29089	A	0
27876	27876	T	0
28261	28261	C	0
28260	28260	A	0
28518	28518	A	0
28519	28519	C	0
27754	27754	G	0
27883	27883	C	0
28524	28524	T	0
27378	27378	G	0
55	55	A	0
26811	26811	A	0
27260	27260	G	0
61	61	G	0
62	62	T	0
