>phasing0	17387
+	61	28261
-	55	27876
-	55	28249
>phasing1	12736
+	61	28249
-	55	27876
-	55	28249
-	61	28261
-	66	28260
-	67	28261
>phasing2	9209
+	61	27883
-	55	27876
-	55	28249
-	61	28249
-	61	28261
-	66	28260
-	67	28261
>phasing3	54144
+	67	28261
-	55	27876
-	55	28249
-	61	26464
-	61	27037
-	61	27378
-	61	27883
-	61	28249
-	61	28261
-	66	27754
-	66	28260
>phasing4	26614
-	55	27876
-	55	28249
-	61	26464
-	61	27037
-	61	27378
-	61	27883
-	61	28249
-	61	28261
-	66	27754
-	66	28260
-	67	28261
>phasing5	301
+	61	26464
-	55	27876
-	55	28249
-	61	27037
-	61	27378
-	61	27883
-	61	28249
-	61	28261
-	66	27754
-	66	28260
-	67	28261
>phasing6	3782
-	55	27876
-	55	28249
-	61	27037
-	61	27378
-	61	27883
-	61	28249
-	61	28261
-	66	27754
-	66	28260
-	67	28261
>phasing7	1873
-	55	27876
-	55	28249
-	61	27037
-	61	27378
-	61	27883
-	61	28249
-	61	28261
-	66	27754
-	66	28260
-	67	28261
-	26774	26811
>phasing8	119
+	26774	26811
-	55	27876
-	55	28249
-	61	27037
-	61	27378
-	61	27883
-	61	28249
-	61	28261
-	66	27754
-	66	28260
-	67	28261
>phasing9	1
-	55	27876
-	55	28249
-	61	26464
-	61	27037
-	61	27378
-	61	27883
-	61	28249
-	61	28261
-	66	27754
-	66	28260
-	67	28261
-	26774	26811
>phasing10	505
+	61	27037
-	55	27876
-	55	28249
-	61	27378
-	61	27883
-	61	28249
-	61	28261
-	66	27754
-	66	28260
-	67	28261
>phasing11	3454
-	55	27876
-	55	28249
-	61	27378
-	61	27883
-	61	28249
-	61	28261
-	66	27754
-	66	28260
-	67	28261
>phasing12	3268
-	55	27876
-	55	28249
-	61	27378
-	61	27883
-	61	28249
-	61	28261
-	66	27754
-	66	28260
-	67	28261
-	27260	27286
>phasing13	109
+	61	27037
-	55	27876
-	55	28249
-	61	27378
-	61	27883
-	61	28249
-	61	28261
-	66	27754
-	66	28260
-	67	28261
-	27260	27286
>phasing14	131
-	55	27876
-	55	28249
-	61	27037
-	61	27378
-	61	27883
-	61	28249
-	61	28261
-	66	27754
-	66	28260
-	67	28261
-	27260	27286
>phasing15	14
+	61	27037
+	27260	27286
-	55	27876
-	55	28249
-	61	27378
-	61	27883
-	61	28249
-	61	28261
-	66	27754
-	66	28260
-	67	28261
>phasing16	12
+	27260	27286
-	55	27876
-	55	28249
-	61	27037
-	61	27378
-	61	27883
-	61	28249
-	61	28261
-	66	27754
-	66	28260
-	67	28261
>phasing17	235
+	27260	27286
-	55	27876
-	55	28249
-	61	27378
-	61	27883
-	61	28249
-	61	28261
-	66	27754
-	66	28260
-	67	28261
>phasing18	1100
+	61	27378
-	55	27876
-	55	28249
-	61	27883
-	61	28249
-	61	28261
-	66	27754
-	66	28260
-	67	28261
>phasing19	18370
-	55	27876
-	55	28249
-	61	27883
-	61	28249
-	61	28261
-	66	27754
-	66	28260
-	67	28261
>phasing20	1043
+	66	27754
-	55	27876
-	55	28249
-	61	26464
-	61	27037
-	61	27378
-	61	27883
-	61	28249
-	61	28261
-	66	28260
-	67	28261
>phasing21	6703
-	55	27876
-	55	28249
-	61	27883
-	61	28249
-	61	28261
-	66	28260
-	67	28261
>phasing22	2833
+	55	27876
-	55	28249
-	61	27883
-	61	28249
-	61	28261
-	66	28260
-	67	28261
>phasing23	857
-	55	28249
-	61	27883
-	61	28249
-	61	28261
-	66	28260
-	67	28261
>phasing24	97805
-	55	28249
-	61	28249
-	61	28261
-	66	28260
-	67	28261
>phasing25	116
-	55	27876
-	55	28249
-	61	26464
-	61	27037
-	61	27378
-	61	27883
-	61	28249
-	61	28261
-	66	28260
-	67	28261
>phasing26	15197
+	55	28249
-	61	28261
-	66	28260
-	67	28261
>phasing27	77
-	55	27876
-	55	28249
-	61	28249
-	61	28261
-	66	28260
-	67	28261
>phasing28	263
+	66	28260
-	55	27876
-	55	28249
-	61	26464
-	61	27037
-	61	27378
-	61	27883
-	61	28249
-	61	28261
-	67	28261
>phasing29	8330
-	61	28261
-	66	28260
-	67	28261
>phasing30	76
-	55	27876
-	55	28249
-	61	28261
-	67	28261
>phasing31	1694460
>phasing32	664
-	61	28261
-	67	28261
>phasing33	43
-	55	27876
-	55	28249
-	61	28261
-	66	28260
-	67	28261
>phasing34	20
-	55	27876
-	55	28249
-	61	26464
-	61	27037
-	61	27378
-	61	27883
-	61	28249
-	61	28261
>phasing35	109
+	61	28249
-	55	27876
-	55	28249
-	61	28261
-	66	28260
-	67	28261
-	28518	28570
-	28519	28571
-	28524	28576
>phasing36	290180
-	28518	28570
-	28519	28571
-	28524	28576
>phasing37	1038
+	67	28261
-	55	27876
-	55	28249
-	61	26464
-	61	27037
-	61	27378
-	61	27883
-	61	28249
-	61	28261
-	66	27754
-	66	28260
-	28518	28570
-	28519	28571
-	28524	28576
>phasing38	2222
-	28518	28570
>phasing39	68
-	61	28261
-	66	28260
-	67	28261
-	28518	28570
>phasing40	29
-	55	28249
-	61	28249
-	61	28261
-	66	28260
-	67	28261
-	28518	28570
>phasing41	25
-	55	27876
-	55	28249
-	61	27883
-	61	28249
-	61	28261
-	66	27754
-	66	28260
-	67	28261
-	28518	28570
>phasing42	18
-	55	27876
-	55	28249
-	61	26464
-	61	27037
-	61	27378
-	61	27883
-	61	28249
-	61	28261
-	66	27754
-	66	28260
-	67	28261
-	28518	28570
>phasing43	17
+	61	28249
-	55	27876
-	55	28249
-	61	28261
-	66	28260
-	67	28261
-	28518	28570
>phasing44	136
+	67	28261
-	55	27876
-	55	28249
-	61	26464
-	61	27037
-	61	27378
-	61	27883
-	61	28249
-	61	28261
-	66	27754
-	66	28260
-	28518	28570
>phasing45	42
+	61	28261
-	55	27876
-	55	28249
-	28518	28570
>phasing46	23
+	55	28249
-	61	28261
-	66	28260
-	67	28261
-	28518	28570
>phasing47	6
-	61	28261
-	67	28261
-	28518	28570
>phasing48	9107
-	28518	28570
-	28519	28571
>phasing49	249
-	61	28261
-	66	28260
-	67	28261
-	28518	28570
-	28519	28571
>phasing50	127
-	55	27876
-	55	28249
-	61	27883
-	61	28249
-	61	28261
-	66	27754
-	66	28260
-	67	28261
-	28518	28570
-	28519	28571
>phasing51	78
-	55	28249
-	61	28249
-	61	28261
-	66	28260
-	67	28261
-	28518	28570
-	28519	28571
>phasing52	55
+	61	28249
-	55	27876
-	55	28249
-	61	28261
-	66	28260
-	67	28261
-	28518	28570
-	28519	28571
>phasing53	17
-	61	28261
-	67	28261
-	28518	28570
-	28519	28571
>phasing54	70
-	55	27876
-	55	28249
-	61	26464
-	61	27037
-	61	27378
-	61	27883
-	61	28249
-	61	28261
-	66	27754
-	66	28260
-	67	28261
-	28518	28570
-	28519	28571
>phasing55	426
+	67	28261
-	55	27876
-	55	28249
-	61	26464
-	61	27037
-	61	27378
-	61	27883
-	61	28249
-	61	28261
-	66	27754
-	66	28260
-	28518	28570
-	28519	28571
>phasing56	184
+	61	28261
-	55	27876
-	55	28249
-	28518	28570
-	28519	28571
>phasing57	94
+	55	28249
-	61	28261
-	66	28260
-	67	28261
-	28518	28570
-	28519	28571
>phasing58	406
+	28518	28570
-	28519	28571
-	28524	28576
>phasing59	343
+	28519	28571
-	61	28261
-	66	28260
-	67	28261
-	28518	28570
-	28524	28576
>phasing60	83166
+	28519	28571
-	28518	28570
-	28524	28576
>phasing61	93
+	28519	28571
-	55	28249
-	61	28249
-	61	28261
-	66	28260
-	67	28261
-	28518	28570
-	28524	28576
>phasing62	231
+	28519	28571
-	55	27876
-	55	28249
-	61	27883
-	61	28249
-	61	28261
-	66	27754
-	66	28260
-	67	28261
-	28518	28570
-	28524	28576
>phasing63	2
+	28518	28570
-	55	28249
-	61	28249
-	61	28261
-	66	28260
-	67	28261
-	28519	28571
-	28524	28576
>phasing64	60
+	61	28249
+	28519	28571
-	55	27876
-	55	28249
-	61	28261
-	66	28260
-	67	28261
-	28518	28570
-	28524	28576
>phasing65	512
+	67	28261
+	28519	28571
-	55	27876
-	55	28249
-	61	26464
-	61	27037
-	61	27378
-	61	27883
-	61	28249
-	61	28261
-	66	27754
-	66	28260
-	28518	28570
-	28524	28576
>phasing66	186
+	28519	28571
-	55	27876
-	55	28249
-	61	26464
-	61	27037
-	61	27378
-	61	27883
-	61	28249
-	61	28261
-	66	27754
-	66	28260
-	67	28261
-	28518	28570
-	28524	28576
>phasing67	185
+	61	28261
+	28519	28571
-	55	27876
-	55	28249
-	28518	28570
-	28524	28576
>phasing68	3
+	67	28261
+	28518	28570
-	55	27876
-	55	28249
-	61	26464
-	61	27037
-	61	27378
-	61	27883
-	61	28249
-	61	28261
-	66	27754
-	66	28260
-	28519	28571
-	28524	28576
>phasing69	1
+	28518	28570
-	61	28261
-	66	28260
-	67	28261
-	28519	28571
-	28524	28576
>phasing70	91
+	55	28249
+	28519	28571
-	61	28261
-	66	28260
-	67	28261
-	28518	28570
-	28524	28576
>phasing71	35
+	28519	28571
-	61	28261
-	67	28261
-	28518	28570
-	28524	28576
>phasing72	2
-	55	27876
-	55	28249
-	61	26464
-	61	27037
-	61	27378
-	61	27883
-	61	28249
-	61	28261
-	66	28260
-	67	28261
-	28518	28570
-	28519	28571
>phasing73	3
+	66	28260
+	28519	28571
-	55	27876
-	55	28249
-	61	26464
-	61	27037
-	61	27378
-	61	27883
-	61	28249
-	61	28261
-	67	28261
-	28518	28570
-	28524	28576
>phasing74	632
-	61	28261
-	66	28260
-	67	28261
-	28518	28570
-	28519	28571
-	28524	28576
>phasing75	64
-	61	28261
-	67	28261
-	28518	28570
-	28519	28571
-	28524	28576
>phasing76	154
-	55	28249
-	61	28249
-	61	28261
-	66	28260
-	67	28261
-	28518	28570
-	28519	28571
-	28524	28576
>phasing77	469
-	55	27876
-	55	28249
-	61	27883
-	61	28249
-	61	28261
-	66	27754
-	66	28260
-	67	28261
-	28518	28570
-	28519	28571
-	28524	28576
>phasing78	1631
-	55	27876
-	55	28249
-	61	26464
-	61	27037
-	61	27378
-	61	27883
-	61	28249
-	61	28261
-	66	27754
-	66	28260
-	67	28261
-	28518	28570
-	28519	28571
-	28524	28576
>phasing79	362
+	61	28261
-	55	27876
-	55	28249
-	28518	28570
-	28519	28571
-	28524	28576
>phasing80	5
+	66	28260
-	55	27876
-	55	28249
-	61	26464
-	61	27037
-	61	27378
-	61	27883
-	61	28249
-	61	28261
-	67	28261
-	28518	28570
-	28519	28571
-	28524	28576
>phasing81	172
+	55	28249
-	61	28261
-	66	28260
-	67	28261
-	28518	28570
-	28519	28571
-	28524	28576
>phasing82	2
-	55	27876
-	55	28249
-	61	26464
-	61	27037
-	61	27378
-	61	27883
-	61	28249
-	61	28261
-	66	28260
-	67	28261
-	28518	28570
-	28519	28571
-	28524	28576
>phasing83	1
-	55	27876
-	55	28249
-	61	26464
-	61	27037
-	61	27378
-	61	27883
-	61	28249
-	61	28261
-	28518	28570
-	28519	28571
-	28524	28576
>phasing84	122
+	28524	28576
-	28518	28570
-	28519	28571
>phasing85	1
+	28524	28576
-	61	28261
-	66	28260
-	67	28261
-	28518	28570
-	28519	28571
>phasing86	2
+	61	28261
+	28518	28570
-	55	27876
-	55	28249
-	28519	28571
-	28524	28576
>phasing87	1
+	28519	28571
-	55	27876
-	55	28249
-	61	26464
-	61	27037
-	61	27378
-	61	27883
-	61	28249
-	61	28261
-	28518	28570
-	28524	28576
>phasing88	1
-	55	27876
-	55	28249
-	61	28261
-	67	28261
-	28518	28570
-	28519	28571
-	28524	28576
>phasing89	1
+	28518	28570
-	55	27876
-	55	28249
-	61	26464
-	61	27037
-	61	27378
-	61	27883
-	61	28249
-	61	28261
-	66	27754
-	66	28260
-	67	28261
-	28519	28571
-	28524	28576
>phasing90	1
+	55	28249
+	28518	28570
-	61	28261
-	66	28260
-	67	28261
-	28519	28571
-	28524	28576
>phasing91	1678
-	28519	28571
-	28524	28576
>phasing92	14970
-	28524	28576
>phasing93	54
-	28518	28570
-	28524	28576
>phasing94	2
-	55	27876
-	55	28249
-	61	26464
-	61	27037
-	61	27378
-	61	27883
-	61	28249
-	61	28261
-	66	27754
-	66	28260
-	67	28261
-	28524	28576
>phasing95	5647
-	29059	29087
>phasing96	326390
-	29059	29087
-	29061	29089
>phasing97	244
+	29059	29087
-	29061	29089
>phasing98	31463
+	29061	29089
-	29059	29087
>phasing99	4771
-	29061	29089
>phasing100	1758
-	55	27876
-	55	28249
-	61	26464
-	61	27037
-	61	27378
-	61	27883
-	61	28249
-	61	28261
-	66	27754
-	66	28260
-	67	28261
-	29059	29087
-	29061	29089
>phasing101	26
+	29061	29089
-	55	27876
-	55	28249
-	61	26464
-	61	27037
-	61	27378
-	61	27883
-	61	28249
-	61	28261
-	66	27754
-	66	28260
-	67	28261
-	29059	29087
>phasing102	232172
-	29705	29791
>phasing103	1393
-	55	27876
-	55	28249
-	61	26464
-	61	27037
-	61	27378
-	61	27883
-	61	28249
-	61	28261
-	66	27754
-	66	28260
-	67	28261
-	29705	29791
>phasing104	3779
+	29705	29791
>phasing105	18
+	29705	29791
-	55	27876
-	55	28249
-	61	26464
-	61	27037
-	61	27378
-	61	27883
-	61	28249
-	61	28261
-	66	27754
-	66	28260
-	67	28261
