>Path_1:0.03612901350444759
[start,55]	[27876,27883]	splice
[27876,27883]	[27883,28249]	C
[27883,28249]	[28249,28260]	A
[28249,28260]	[28260,28261]	A
[28260,28261]	[28261,28518]	C
[28261,28518]	[28518,28519]	A
[28518,28519]	[28519,28524]	C
[28519,28524]	[28524,28570]	T
[28524,28570]	[28570,28571]	T
[28570,28571]	[28571,28576]	A
[28571,28576]	[28576,29059]	G
[28576,29059]	[29059,29061]	T
[29059,29061]	[29061,29087]	C
[29061,29087]	[29087,29089]	C
[29087,29089]	[29089,29705]	A
[29089,29705]	[29705,29791]	G
[29705,29791]	[29791,end]	T
>Path_2:0.07310480076290567
[start,55]	[28249,28260]	splice
[28249,28260]	[28260,28261]	A
[28260,28261]	[28261,28518]	C
[28261,28518]	[28518,28519]	A
[28518,28519]	[28519,28524]	C
[28519,28524]	[28524,28570]	T
[28524,28570]	[28570,28571]	T
[28570,28571]	[28571,28576]	A
[28571,28576]	[28576,29059]	G
[28576,29059]	[29059,29061]	T
[29059,29061]	[29061,29087]	C
[29061,29087]	[29087,29089]	C
[29087,29089]	[29089,29705]	A
[29089,29705]	[29705,29791]	G
[29705,29791]	[29791,end]	T
>Path_6:0.020957650411759635
[start,55]	[55,61]	A
[55,61]	[27883,28249]	splice
[27883,28249]	[28249,28260]	A
[28249,28260]	[28260,28261]	A
[28260,28261]	[28261,28518]	C
[28261,28518]	[28518,28519]	A
[28518,28519]	[28519,28524]	C
[28519,28524]	[28524,28570]	T
[28524,28570]	[28570,28571]	T
[28570,28571]	[28571,28576]	A
[28571,28576]	[28576,29059]	G
[28576,29059]	[29059,29061]	T
[29059,29061]	[29061,29087]	C
[29061,29087]	[29087,29089]	C
[29087,29089]	[29089,29705]	A
[29089,29705]	[29705,29791]	G
[29705,29791]	[29791,end]	T
>Path_7:0.09381095424977366
[start,55]	[55,61]	A
[55,61]	[28249,28260]	splice
[28249,28260]	[28260,28261]	A
[28260,28261]	[28261,28518]	C
[28261,28518]	[28518,28519]	A
[28518,28519]	[28519,28524]	C
[28519,28524]	[28524,28570]	T
[28524,28570]	[28570,28571]	T
[28570,28571]	[28571,28576]	A
[28571,28576]	[28576,29059]	G
[28576,29059]	[29059,29061]	T
[29059,29061]	[29061,29087]	C
[29061,29087]	[29087,29089]	C
[29087,29089]	[29089,29705]	A
[29089,29705]	[29705,29791]	G
[29705,29791]	[29791,end]	T
>Path_8:0.10782252467733577
[start,55]	[55,61]	A
[55,61]	[28261,28518]	splice
[28261,28518]	[28518,28519]	A
[28518,28519]	[28519,28524]	C
[28519,28524]	[28524,28570]	T
[28524,28570]	[28570,28571]	T
[28570,28571]	[28571,28576]	A
[28571,28576]	[28576,29059]	G
[28576,29059]	[29059,29061]	T
[29059,29061]	[29061,29087]	C
[29061,29087]	[29087,29089]	C
[29087,29089]	[29089,29705]	A
[29089,29705]	[29705,29791]	G
[29705,29791]	[29791,end]	T
>Path_9:0.0006350803155078678
[start,55]	[55,61]	A
[55,61]	[61,62]	G
[61,62]	[25378,26464]	splice
[25378,26464]	[26464,26774]	C
[26464,26774]	[26774,26780]	G
[26774,26780]	[26780,26811]	T
[26780,26811]	[26811,26817]	A
[26811,26817]	[26817,27037]	T
[26817,27037]	[27037,27260]	C
[27037,27260]	[27260,27286]	G
[27260,27286]	[27286,27378]	C
[27286,27378]	[27378,27754]	G
[27378,27754]	[27754,27876]	G
[27754,27876]	[27876,27883]	T
[27876,27883]	[27883,28249]	C
[27883,28249]	[28249,28260]	A
[28249,28260]	[28260,28261]	A
[28260,28261]	[28261,28518]	C
[28261,28518]	[28518,28519]	A
[28518,28519]	[28519,28524]	C
[28519,28524]	[28524,28570]	T
[28524,28570]	[28570,28571]	T
[28570,28571]	[28571,28576]	A
[28571,28576]	[28576,29059]	G
[28576,29059]	[29059,29061]	T
[29059,29061]	[29061,29087]	C
[29061,29087]	[29087,29089]	C
[29087,29089]	[29089,29705]	A
[29089,29705]	[29705,29791]	G
[29705,29791]	[29791,end]	T
>Path_11:0.0019758054260244776
[start,55]	[55,61]	A
[55,61]	[61,62]	G
[61,62]	[62,66]	T
[62,66]	[28260,28261]	splice
[28260,28261]	[28261,28518]	C
[28261,28518]	[28518,28519]	A
[28518,28519]	[28519,28524]	C
[28519,28524]	[28524,28570]	T
[28524,28570]	[28570,28571]	T
[28570,28571]	[28571,28576]	A
[28571,28576]	[28576,29059]	G
[28576,29059]	[29059,29061]	T
[29059,29061]	[29061,29087]	C
[29061,29087]	[29087,29089]	C
[29087,29089]	[29089,29705]	A
[29089,29705]	[29705,29791]	G
[29705,29791]	[29791,end]	T
>Path_12:0.2890321080355807
[start,55]	[55,61]	A
[55,61]	[61,62]	G
[61,62]	[62,66]	T
[62,66]	[66,67]	C
[66,67]	[28261,28518]	splice
[28261,28518]	[28518,28519]	A
[28518,28519]	[28519,28524]	C
[28519,28524]	[28524,28570]	T
[28524,28570]	[28570,28571]	T
[28570,28571]	[28571,28576]	A
[28571,28576]	[28576,29059]	G
[28576,29059]	[29059,29061]	T
[29059,29061]	[29061,29087]	C
[29061,29087]	[29087,29089]	C
[29087,29089]	[29089,29705]	A
[29089,29705]	[29705,29791]	G
[29705,29791]	[29791,end]	T
>Path_26:0.00021169343850262258
[start,55]	[55,61]	A
[55,61]	[61,62]	G
[61,62]	[62,66]	T
[62,66]	[66,67]	C
[66,67]	[67,25378]	T
[67,25378]	[25378,26464]	C
[25378,26464]	[26464,26774]	C
[26464,26774]	[26811,26817]	splice
[26811,26817]	[26817,27037]	T
[26817,27037]	[27037,27260]	C
[27037,27260]	[27260,27286]	G
[27260,27286]	[27286,27378]	C
[27286,27378]	[27378,27754]	G
[27378,27754]	[27754,27876]	G
[27754,27876]	[27876,27883]	T
[27876,27883]	[27883,28249]	C
[27883,28249]	[28249,28260]	A
[28249,28260]	[28260,28261]	A
[28260,28261]	[28261,28518]	C
[28261,28518]	[28518,28519]	A
[28518,28519]	[28519,28524]	C
[28519,28524]	[28524,28570]	T
[28524,28570]	[28570,28571]	T
[28570,28571]	[28571,28576]	A
[28571,28576]	[28576,29059]	G
[28576,29059]	[29059,29061]	T
[29059,29061]	[29061,29087]	C
[29061,29087]	[29087,29089]	C
[29087,29089]	[29089,29705]	A
[29089,29705]	[29705,29791]	G
[29705,29791]	[29791,end]	T
>Path_52:0.0002822579180034968
[start,55]	[55,61]	A
[55,61]	[61,62]	G
[61,62]	[62,66]	T
[62,66]	[66,67]	C
[66,67]	[67,25378]	T
[67,25378]	[25378,26464]	C
[25378,26464]	[26464,26774]	C
[26464,26774]	[26774,26780]	G
[26774,26780]	[26817,27037]	splice
[26817,27037]	[27037,27260]	C
[27037,27260]	[27260,27286]	G
[27260,27286]	[27286,27378]	C
[27286,27378]	[27378,27754]	G
[27378,27754]	[27754,27876]	G
[27754,27876]	[27876,27883]	T
[27876,27883]	[27883,28249]	C
[27883,28249]	[28249,28260]	A
[28249,28260]	[28260,28261]	A
[28260,28261]	[28261,28518]	C
[28261,28518]	[28518,28519]	A
[28518,28519]	[28519,28524]	C
[28519,28524]	[28524,28570]	T
[28524,28570]	[28570,28571]	T
[28570,28571]	[28571,28576]	A
[28571,28576]	[28576,29059]	G
[28576,29059]	[29059,29061]	T
[29059,29061]	[29061,29087]	C
[29061,29087]	[29087,29089]	C
[29087,29089]	[29089,29705]	A
[29089,29705]	[29705,29791]	G
[29705,29791]	[29791,end]	T
>Path_220:0.00042338687700524516
[start,55]	[55,61]	A
[55,61]	[61,62]	G
[61,62]	[62,66]	T
[62,66]	[66,67]	C
[66,67]	[28261,28518]	splice
[28261,28518]	[28570,28571]	splice
[28570,28571]	[28571,28576]	A
[28571,28576]	[28576,29059]	G
[28576,29059]	[29059,29061]	T
[29059,29061]	[29061,29087]	C
[29061,29087]	[29087,29089]	C
[29087,29089]	[29089,29705]	A
[29089,29705]	[29705,29791]	G
[29705,29791]	[29791,end]	T
>Path_418:0.03612901350444759
[start,55]	[28249,28260]	splice
[28249,28260]	[28260,28261]	A
[28260,28261]	[28261,28518]	C
[28261,28518]	[28518,28519]	A
[28518,28519]	[28571,28576]	splice
[28571,28576]	[28576,29059]	G
[28576,29059]	[29059,29061]	T
[29059,29061]	[29061,29087]	C
[29061,29087]	[29087,29089]	C
[29087,29089]	[29089,29705]	A
[29089,29705]	[29705,29791]	G
[29705,29791]	[29791,end]	T
>Path_420:0.0042338687700524515
[start,55]	[55,61]	A
[55,61]	[27037,27260]	splice
[27037,27260]	[27260,27286]	G
[27260,27286]	[27286,27378]	C
[27286,27378]	[27378,27754]	G
[27378,27754]	[27754,27876]	G
[27754,27876]	[27876,27883]	T
[27876,27883]	[27883,28249]	C
[27883,28249]	[28249,28260]	A
[28249,28260]	[28260,28261]	A
[28260,28261]	[28261,28518]	C
[28261,28518]	[28518,28519]	A
[28518,28519]	[28571,28576]	splice
[28571,28576]	[28576,29059]	G
[28576,29059]	[29059,29061]	T
[29059,29061]	[29061,29087]	C
[29061,29087]	[29087,29089]	C
[29087,29089]	[29089,29705]	A
[29089,29705]	[29705,29791]	G
[29705,29791]	[29791,end]	T
>Path_421:0.008467737540104903
[start,55]	[55,61]	A
[55,61]	[27378,27754]	splice
[27378,27754]	[27754,27876]	G
[27754,27876]	[27876,27883]	T
[27876,27883]	[27883,28249]	C
[27883,28249]	[28249,28260]	A
[28249,28260]	[28260,28261]	A
[28260,28261]	[28261,28518]	C
[28261,28518]	[28518,28519]	A
[28518,28519]	[28571,28576]	splice
[28571,28576]	[28576,29059]	G
[28576,29059]	[29059,29061]	T
[29059,29061]	[29061,29087]	C
[29061,29087]	[29087,29089]	C
[29087,29089]	[29089,29705]	A
[29089,29705]	[29705,29791]	G
[29705,29791]	[29791,end]	T
>Path_423:0.0501405839320097
[start,55]	[55,61]	A
[55,61]	[28249,28260]	splice
[28249,28260]	[28260,28261]	A
[28260,28261]	[28261,28518]	C
[28261,28518]	[28518,28519]	A
[28518,28519]	[28571,28576]	splice
[28571,28576]	[28576,29059]	G
[28576,29059]	[29059,29061]	T
[29059,29061]	[29061,29087]	C
[29061,29087]	[29087,29089]	C
[29087,29089]	[29089,29705]	A
[29089,29705]	[29705,29791]	G
[29705,29791]	[29791,end]	T
>Path_424:0.03612901350444759
[start,55]	[55,61]	A
[55,61]	[28261,28518]	splice
[28261,28518]	[28518,28519]	A
[28518,28519]	[28571,28576]	splice
[28571,28576]	[28576,29059]	G
[28576,29059]	[29059,29061]	T
[29059,29061]	[29061,29087]	C
[29061,29087]	[29087,29089]	C
[29087,29089]	[29089,29705]	A
[29089,29705]	[29705,29791]	G
[29705,29791]	[29791,end]	T
>Path_425:0.0010584671925131129
[start,55]	[55,61]	A
[55,61]	[61,62]	G
[61,62]	[25378,26464]	splice
[25378,26464]	[26464,26774]	C
[26464,26774]	[26774,26780]	G
[26774,26780]	[26780,26811]	T
[26780,26811]	[26811,26817]	A
[26811,26817]	[26817,27037]	T
[26817,27037]	[27037,27260]	C
[27037,27260]	[27260,27286]	G
[27260,27286]	[27286,27378]	C
[27286,27378]	[27378,27754]	G
[27378,27754]	[27754,27876]	G
[27754,27876]	[27876,27883]	T
[27876,27883]	[27883,28249]	C
[27883,28249]	[28249,28260]	A
[28249,28260]	[28260,28261]	A
[28260,28261]	[28261,28518]	C
[28261,28518]	[28518,28519]	A
[28518,28519]	[28571,28576]	splice
[28571,28576]	[28576,29059]	G
[28576,29059]	[29059,29061]	T
[29059,29061]	[29061,29087]	C
[29061,29087]	[29087,29089]	C
[29087,29089]	[29089,29705]	A
[29089,29705]	[29705,29791]	G
[29705,29791]	[29791,end]	T
>Path_428:0.13022222567222475
[start,55]	[55,61]	A
[55,61]	[61,62]	G
[61,62]	[62,66]	T
[62,66]	[66,67]	C
[66,67]	[28261,28518]	splice
[28261,28518]	[28518,28519]	A
[28518,28519]	[28571,28576]	splice
[28571,28576]	[28576,29059]	G
[28576,29059]	[29059,29061]	T
[29059,29061]	[29061,29087]	C
[29061,29087]	[29087,29089]	C
[29087,29089]	[29089,29705]	A
[29089,29705]	[29705,29791]	G
[29705,29791]	[29791,end]	T
>Path_524:0.0002822579180034968
[start,55]	[55,61]	A
[55,61]	[27037,27260]	splice
[27037,27260]	[27286,27378]	splice
[27286,27378]	[27378,27754]	G
[27378,27754]	[27754,27876]	G
[27754,27876]	[27876,27883]	T
[27876,27883]	[27883,28249]	C
[27883,28249]	[28249,28260]	A
[28249,28260]	[28260,28261]	A
[28260,28261]	[28261,28518]	C
[28261,28518]	[28518,28519]	A
[28518,28519]	[28571,28576]	splice
[28571,28576]	[28576,29059]	G
[28576,29059]	[29059,29061]	T
[29059,29061]	[29061,29087]	C
[29061,29087]	[29087,29089]	C
[29087,29089]	[29089,29705]	A
[29089,29705]	[29705,29791]	G
[29705,29791]	[29791,end]	T
>Path_1879:0.0005645158360069936
[start,55]	[55,61]	A
[55,61]	[28249,28260]	splice
[28249,28260]	[28260,28261]	A
[28260,28261]	[28261,28518]	C
[28261,28518]	[28570,28571]	splice
[28570,28571]	[28571,28576]	A
[28571,28576]	[28576,29059]	G
[28576,29059]	[29087,29089]	splice
[29087,29089]	[29089,29705]	A
[29089,29705]	[29705,29791]	G
[29705,29791]	[29791,end]	T
>Path_3334:0.050171344925121555
[start,55]	[55,61]	A
[55,61]	[27883,28249]	splice
[27883,28249]	[28249,28260]	A
[28249,28260]	[28260,28261]	A
[28260,28261]	[28261,28518]	C
[28261,28518]	[28518,28519]	A
[28518,28519]	[28519,28524]	C
[28519,28524]	[28524,28570]	T
[28524,28570]	[28570,28571]	T
[28570,28571]	[28571,28576]	A
[28571,28576]	[28576,29059]	G
[28576,29059]	[29059,29061]	T
[29059,29061]	[29089,29705]	splice
[29089,29705]	[29705,29791]	G
[29705,29791]	[29791,end]	T
>Path_3747:0.002540321262031471
[start,55]	[55,61]	A
[55,61]	[26464,26774]	splice
[26464,26774]	[26774,26780]	G
[26774,26780]	[26780,26811]	T
[26780,26811]	[26811,26817]	A
[26811,26817]	[26817,27037]	T
[26817,27037]	[27037,27260]	C
[27037,27260]	[27260,27286]	G
[27260,27286]	[27286,27378]	C
[27286,27378]	[27378,27754]	G
[27378,27754]	[27754,27876]	G
[27754,27876]	[27876,27883]	T
[27876,27883]	[27883,28249]	C
[27883,28249]	[28249,28260]	A
[28249,28260]	[28260,28261]	A
[28260,28261]	[28261,28518]	C
[28261,28518]	[28518,28519]	A
[28518,28519]	[28571,28576]	splice
[28571,28576]	[28576,29059]	G
[28576,29059]	[29059,29061]	T
[29059,29061]	[29089,29705]	splice
[29089,29705]	[29705,29791]	G
[29705,29791]	[29791,end]	T
>Path_3750:0.0011290316720139872
[start,55]	[55,61]	A
[55,61]	[27883,28249]	splice
[27883,28249]	[28249,28260]	A
[28249,28260]	[28260,28261]	A
[28260,28261]	[28261,28518]	C
[28261,28518]	[28518,28519]	A
[28518,28519]	[28571,28576]	splice
[28571,28576]	[28576,29059]	G
[28576,29059]	[29059,29061]	T
[29059,29061]	[29089,29705]	splice
[29089,29705]	[29705,29791]	G
[29705,29791]	[29791,end]	T
>Path_3754:0.018064506752223795
[start,55]	[55,61]	A
[55,61]	[61,62]	G
[61,62]	[62,66]	T
[62,66]	[27754,27876]	splice
[27754,27876]	[27876,27883]	T
[27876,27883]	[27883,28249]	C
[27883,28249]	[28249,28260]	A
[28249,28260]	[28260,28261]	A
[28260,28261]	[28261,28518]	C
[28261,28518]	[28518,28519]	A
[28518,28519]	[28571,28576]	splice
[28571,28576]	[28576,29059]	G
[28576,29059]	[29059,29061]	T
[29059,29061]	[29089,29705]	splice
[29089,29705]	[29705,29791]	G
[29705,29791]	[29791,end]	T
>Path_3770:7.05644795008742e-05
[start,55]	[55,61]	A
[55,61]	[61,62]	G
[61,62]	[62,66]	T
[62,66]	[66,67]	C
[66,67]	[67,25378]	T
[67,25378]	[25378,26464]	C
[25378,26464]	[26464,26774]	C
[26464,26774]	[26811,26817]	splice
[26811,26817]	[26817,27037]	T
[26817,27037]	[27037,27260]	C
[27037,27260]	[27260,27286]	G
[27260,27286]	[27286,27378]	C
[27286,27378]	[27378,27754]	G
[27378,27754]	[27754,27876]	G
[27754,27876]	[27876,27883]	T
[27876,27883]	[27883,28249]	C
[27883,28249]	[28249,28260]	A
[28249,28260]	[28260,28261]	A
[28260,28261]	[28261,28518]	C
[28261,28518]	[28518,28519]	A
[28518,28519]	[28571,28576]	splice
[28571,28576]	[28576,29059]	G
[28576,29059]	[29059,29061]	T
[29059,29061]	[29089,29705]	splice
[29089,29705]	[29705,29791]	G
[29705,29791]	[29791,end]	T
>Path_3851:0.0002822579180034968
[start,55]	[55,61]	A
[55,61]	[26464,26774]	splice
[26464,26774]	[26774,26780]	G
[26774,26780]	[26780,26811]	T
[26780,26811]	[26811,26817]	A
[26811,26817]	[26817,27037]	T
[26817,27037]	[27037,27260]	C
[27037,27260]	[27286,27378]	splice
[27286,27378]	[27378,27754]	G
[27378,27754]	[27754,27876]	G
[27754,27876]	[27876,27883]	T
[27876,27883]	[27883,28249]	C
[27883,28249]	[28249,28260]	A
[28249,28260]	[28260,28261]	A
[28260,28261]	[28261,28518]	C
[28261,28518]	[28518,28519]	A
[28518,28519]	[28571,28576]	splice
[28571,28576]	[28576,29059]	G
[28576,29059]	[29059,29061]	T
[29059,29061]	[29089,29705]	splice
[29089,29705]	[29705,29791]	G
[29705,29791]	[29791,end]	T
>Path_6658:0.03514111079143535
[start,55]	[28249,28260]	splice
[28249,28260]	[28260,28261]	A
[28260,28261]	[28261,28518]	C
[28261,28518]	[28518,28519]	A
[28518,28519]	[28519,28524]	C
[28519,28524]	[28524,28570]	T
[28524,28570]	[28570,28571]	T
[28570,28571]	[28571,28576]	A
[28571,28576]	[28576,29059]	G
[28576,29059]	[29059,29061]	T
[29059,29061]	[29061,29087]	C
[29061,29087]	[29087,29089]	C
[29087,29089]	[29089,29705]	A
[29089,29705]	[29791,end]	splice
>Path_6866:0.0001411289590017484
[start,55]	[28249,28260]	splice
[28249,28260]	[28260,28261]	A
[28260,28261]	[28261,28518]	C
[28261,28518]	[28570,28571]	splice
[28570,28571]	[28571,28576]	A
[28571,28576]	[28576,29059]	G
[28576,29059]	[29059,29061]	T
[29059,29061]	[29061,29087]	C
[29061,29087]	[29087,29089]	C
[29087,29089]	[29089,29705]	A
[29089,29705]	[29791,end]	splice
>Path_7083:0.0002822579180034968
[start,55]	[55,61]	A
[55,61]	[61,62]	G
[61,62]	[62,66]	T
[62,66]	[28260,28261]	splice
[28260,28261]	[28261,28518]	C
[28261,28518]	[28518,28519]	A
[28518,28519]	[28571,28576]	splice
[28571,28576]	[28576,29059]	G
[28576,29059]	[29059,29061]	T
[29059,29061]	[29061,29087]	C
[29061,29087]	[29087,29089]	C
[29087,29089]	[29089,29705]	A
[29089,29705]	[29791,end]	splice
>Path_7496:0.0005645158360069936
[start,55]	[55,61]	A
[55,61]	[28261,28518]	splice
[28261,28518]	[28518,28519]	A
[28518,28519]	[28519,28524]	C
[28519,28524]	[28576,29059]	splice
[28576,29059]	[29059,29061]	T
[29059,29061]	[29061,29087]	C
[29061,29087]	[29087,29089]	C
[29087,29089]	[29089,29705]	A
[29089,29705]	[29791,end]	splice
