>Path_0:0.0003524083367151336
[start,55]	[55,61]	A
[55,61]	[61,66]	G
[61,66]	[66,67]	C
[66,67]	[67,26464]	T
[67,26464]	[26464,26774]	C
[26464,26774]	[26774,26811]	G
[26774,26811]	[26811,27037]	A
[26811,27037]	[27037,27260]	C
[27037,27260]	[27260,27286]	G
[27260,27286]	[27286,27378]	C
[27286,27378]	[27378,27754]	G
[27378,27754]	[27754,27876]	G
[27754,27876]	[27876,27883]	T
[27876,27883]	[27883,28249]	C
[27883,28249]	[28249,28260]	A
[28249,28260]	[28260,28261]	A
[28260,28261]	[28261,28518]	C
[28261,28518]	[28518,28519]	A
[28518,28519]	[28519,28524]	C
[28519,28524]	[28524,28570]	T
[28524,28570]	[28570,28571]	T
[28570,28571]	[28571,28576]	A
[28571,28576]	[28576,29059]	G
[28576,29059]	[29059,29061]	T
[29059,29061]	[29061,29087]	C
[29061,29087]	[29087,29089]	C
[29087,29089]	[29089,29705]	A
[29089,29705]	[29705,29791]	G
[29705,29791]	[29791,end]	T
>Path_1:0.0005638533387442138
[start,55]	[27876,27883]	splice
[27876,27883]	[27883,28249]	C
[27883,28249]	[28249,28260]	A
[28249,28260]	[28260,28261]	A
[28260,28261]	[28261,28518]	C
[28261,28518]	[28518,28519]	A
[28518,28519]	[28519,28524]	C
[28519,28524]	[28524,28570]	T
[28524,28570]	[28570,28571]	T
[28570,28571]	[28571,28576]	A
[28571,28576]	[28576,29059]	G
[28576,29059]	[29059,29061]	T
[29059,29061]	[29061,29087]	C
[29061,29087]	[29087,29089]	C
[29087,29089]	[29089,29705]	A
[29089,29705]	[29705,29791]	G
[29705,29791]	[29791,end]	T
>Path_2:0.07273708069800358
[start,55]	[28249,28260]	splice
[28249,28260]	[28260,28261]	A
[28260,28261]	[28261,28518]	C
[28261,28518]	[28518,28519]	A
[28518,28519]	[28519,28524]	C
[28519,28524]	[28524,28570]	T
[28524,28570]	[28570,28571]	T
[28570,28571]	[28571,28576]	A
[28571,28576]	[28576,29059]	G
[28576,29059]	[29059,29061]	T
[29059,29061]	[29061,29087]	C
[29061,29087]	[29087,29089]	C
[29087,29089]	[29089,29705]	A
[29089,29705]	[29705,29791]	G
[29705,29791]	[29791,end]	T
>Path_3:0.0037355283691804164
[start,55]	[55,61]	A
[55,61]	[26464,26774]	splice
[26464,26774]	[26774,26811]	G
[26774,26811]	[26811,27037]	A
[26811,27037]	[27037,27260]	C
[27037,27260]	[27260,27286]	G
[27260,27286]	[27286,27378]	C
[27286,27378]	[27378,27754]	G
[27378,27754]	[27754,27876]	G
[27754,27876]	[27876,27883]	T
[27876,27883]	[27883,28249]	C
[27883,28249]	[28249,28260]	A
[28249,28260]	[28260,28261]	A
[28260,28261]	[28261,28518]	C
[28261,28518]	[28518,28519]	A
[28518,28519]	[28519,28524]	C
[28519,28524]	[28524,28570]	T
[28524,28570]	[28570,28571]	T
[28570,28571]	[28571,28576]	A
[28571,28576]	[28576,29059]	G
[28576,29059]	[29059,29061]	T
[29059,29061]	[29061,29087]	C
[29061,29087]	[29087,29089]	C
[29087,29089]	[29089,29705]	A
[29089,29705]	[29705,29791]	G
[29705,29791]	[29791,end]	T
>Path_5:0.008457800081163206
[start,55]	[55,61]	A
[55,61]	[27378,27754]	splice
[27378,27754]	[27754,27876]	G
[27754,27876]	[27876,27883]	T
[27876,27883]	[27883,28249]	C
[27883,28249]	[28249,28260]	A
[28249,28260]	[28260,28261]	A
[28260,28261]	[28261,28518]	C
[28261,28518]	[28518,28519]	A
[28518,28519]	[28519,28524]	C
[28519,28524]	[28524,28570]	T
[28524,28570]	[28570,28571]	T
[28570,28571]	[28571,28576]	A
[28571,28576]	[28576,29059]	G
[28576,29059]	[29059,29061]	T
[29059,29061]	[29061,29087]	C
[29061,29087]	[29087,29089]	C
[29087,29089]	[29089,29705]	A
[29089,29705]	[29705,29791]	G
[29705,29791]	[29791,end]	T
>Path_6:0.004863235046668844
[start,55]	[55,61]	A
[55,61]	[27883,28249]	splice
[27883,28249]	[28249,28260]	A
[28249,28260]	[28260,28261]	A
[28260,28261]	[28261,28518]	C
[28261,28518]	[28518,28519]	A
[28518,28519]	[28519,28524]	C
[28519,28524]	[28524,28570]	T
[28524,28570]	[28570,28571]	T
[28570,28571]	[28571,28576]	A
[28571,28576]	[28576,29059]	G
[28576,29059]	[29059,29061]	T
[29059,29061]	[29061,29087]	C
[29061,29087]	[29087,29089]	C
[29087,29089]	[29089,29705]	A
[29089,29705]	[29705,29791]	G
[29705,29791]	[29791,end]	T
>Path_7:0.09416961130742049
[start,55]	[55,61]	A
[55,61]	[28249,28260]	splice
[28249,28260]	[28260,28261]	A
[28260,28261]	[28261,28518]	C
[28261,28518]	[28518,28519]	A
[28518,28519]	[28519,28524]	C
[28519,28524]	[28524,28570]	T
[28524,28570]	[28570,28571]	T
[28570,28571]	[28571,28576]	A
[28571,28576]	[28576,29059]	G
[28576,29059]	[29059,29061]	T
[29059,29061]	[29061,29087]	C
[29061,29087]	[29087,29089]	C
[29087,29089]	[29089,29705]	A
[29089,29705]	[29705,29791]	G
[29705,29791]	[29791,end]	T
>Path_8:0.10825984103888904
[start,55]	[55,61]	A
[55,61]	[28261,28518]	splice
[28261,28518]	[28518,28519]	A
[28518,28519]	[28519,28524]	C
[28519,28524]	[28524,28570]	T
[28524,28570]	[28570,28571]	T
[28570,28571]	[28571,28576]	A
[28571,28576]	[28576,29059]	G
[28576,29059]	[29059,29061]	T
[29059,29061]	[29061,29087]	C
[29061,29087]	[29087,29089]	C
[29087,29089]	[29089,29705]	A
[29089,29705]	[29705,29791]	G
[29705,29791]	[29791,end]	T
>Path_9:0.01804330683981484
[start,55]	[55,61]	A
[55,61]	[61,66]	G
[61,66]	[27754,27876]	splice
[27754,27876]	[27876,27883]	T
[27876,27883]	[27883,28249]	C
[27883,28249]	[28249,28260]	A
[28249,28260]	[28260,28261]	A
[28260,28261]	[28261,28518]	C
[28261,28518]	[28518,28519]	A
[28518,28519]	[28519,28524]	C
[28519,28524]	[28524,28570]	T
[28524,28570]	[28570,28571]	T
[28570,28571]	[28571,28576]	A
[28571,28576]	[28576,29059]	G
[28576,29059]	[29059,29061]	T
[29059,29061]	[29061,29087]	C
[29061,29087]	[29087,29089]	C
[29087,29089]	[29089,29705]	A
[29089,29705]	[29705,29791]	G
[29705,29791]	[29791,end]	T
>Path_10:0.0019734866856047483
[start,55]	[55,61]	A
[55,61]	[61,66]	G
[61,66]	[28260,28261]	splice
[28260,28261]	[28261,28518]	C
[28261,28518]	[28518,28519]	A
[28518,28519]	[28519,28524]	C
[28519,28524]	[28524,28570]	T
[28524,28570]	[28570,28571]	T
[28570,28571]	[28571,28576]	A
[28571,28576]	[28576,29059]	G
[28576,29059]	[29059,29061]	T
[29059,29061]	[29061,29087]	C
[29061,29087]	[29087,29089]	C
[29087,29089]	[29089,29705]	A
[29089,29705]	[29705,29791]	G
[29705,29791]	[29791,end]	T
>Path_11:0.28869290943703746
[start,55]	[55,61]	A
[55,61]	[61,66]	G
[61,66]	[66,67]	C
[66,67]	[28261,28518]	splice
[28261,28518]	[28518,28519]	A
[28518,28519]	[28519,28524]	C
[28519,28524]	[28524,28570]	T
[28524,28570]	[28570,28571]	T
[28570,28571]	[28571,28576]	A
[28571,28576]	[28576,29059]	G
[28576,29059]	[29059,29061]	T
[29059,29061]	[29061,29087]	C
[29061,29087]	[29087,29089]	C
[29087,29089]	[29089,29705]	A
[29089,29705]	[29705,29791]	G
[29705,29791]	[29791,end]	T
>Path_72:0.00014096333468605345
[start,55]	[55,61]	A
[55,61]	[61,66]	G
[61,66]	[66,67]	C
[66,67]	[67,26464]	T
[67,26464]	[26464,26774]	C
[26464,26774]	[26811,27037]	splice
[26811,27037]	[27037,27260]	C
[27037,27260]	[27286,27378]	splice
[27286,27378]	[27378,27754]	G
[27378,27754]	[27754,27876]	G
[27754,27876]	[27876,27883]	T
[27876,27883]	[27883,28249]	C
[27883,28249]	[28249,28260]	A
[28249,28260]	[28260,28261]	A
[28260,28261]	[28261,28518]	C
[28261,28518]	[28518,28519]	A
[28518,28519]	[28519,28524]	C
[28519,28524]	[28524,28570]	T
[28524,28570]	[28570,28571]	T
[28570,28571]	[28571,28576]	A
[28571,28576]	[28576,29059]	G
[28576,29059]	[29059,29061]	T
[29059,29061]	[29061,29087]	C
[29061,29087]	[29087,29089]	C
[29087,29089]	[29089,29705]	A
[29089,29705]	[29705,29791]	G
[29705,29791]	[29791,end]	T
>Path_193:0.035522760340885466
[start,55]	[27876,27883]	splice
[27876,27883]	[27883,28249]	C
[27883,28249]	[28249,28260]	A
[28249,28260]	[28260,28261]	A
[28260,28261]	[28261,28518]	C
[28261,28518]	[28518,28519]	A
[28518,28519]	[28571,28576]	splice
[28571,28576]	[28576,29059]	G
[28576,29059]	[29059,29061]	T
[29059,29061]	[29061,29087]	C
[29061,29087]	[29087,29089]	C
[29087,29089]	[29089,29705]	A
[29089,29705]	[29705,29791]	G
[29705,29791]	[29791,end]	T
>Path_194:0.03608661367962968
[start,55]	[28249,28260]	splice
[28249,28260]	[28260,28261]	A
[28260,28261]	[28261,28518]	C
[28261,28518]	[28518,28519]	A
[28518,28519]	[28571,28576]	splice
[28571,28576]	[28576,29059]	G
[28576,29059]	[29059,29061]	T
[29059,29061]	[29061,29087]	C
[29061,29087]	[29087,29089]	C
[29087,29089]	[29089,29705]	A
[29089,29705]	[29705,29791]	G
[29705,29791]	[29791,end]	T
>Path_195:0.0003524083367151336
[start,55]	[55,61]	A
[55,61]	[26464,26774]	splice
[26464,26774]	[26774,26811]	G
[26774,26811]	[26811,27037]	A
[26811,27037]	[27037,27260]	C
[27037,27260]	[27260,27286]	G
[27260,27286]	[27286,27378]	C
[27286,27378]	[27378,27754]	G
[27378,27754]	[27754,27876]	G
[27754,27876]	[27876,27883]	T
[27876,27883]	[27883,28249]	C
[27883,28249]	[28249,28260]	A
[28249,28260]	[28260,28261]	A
[28260,28261]	[28261,28518]	C
[28261,28518]	[28518,28519]	A
[28518,28519]	[28571,28576]	splice
[28571,28576]	[28576,29059]	G
[28576,29059]	[29059,29061]	T
[29059,29061]	[29061,29087]	C
[29061,29087]	[29087,29089]	C
[29087,29089]	[29089,29705]	A
[29089,29705]	[29705,29791]	G
[29705,29791]	[29791,end]	T
>Path_199:0.04904913673360981
[start,55]	[55,61]	A
[55,61]	[28249,28260]	splice
[28249,28260]	[28260,28261]	A
[28260,28261]	[28261,28518]	C
[28261,28518]	[28518,28519]	A
[28518,28519]	[28571,28576]	splice
[28571,28576]	[28576,29059]	G
[28576,29059]	[29059,29061]	T
[29059,29061]	[29061,29087]	C
[29061,29087]	[29087,29089]	C
[29087,29089]	[29089,29705]	A
[29089,29705]	[29705,29791]	G
[29705,29791]	[29791,end]	T
>Path_200:0.03608661367962968
[start,55]	[55,61]	A
[55,61]	[28261,28518]	splice
[28261,28518]	[28518,28519]	A
[28518,28519]	[28571,28576]	splice
[28571,28576]	[28576,29059]	G
[28576,29059]	[29059,29061]	T
[29059,29061]	[29061,29087]	C
[29061,29087]	[29087,29089]	C
[29087,29089]	[29089,29705]	A
[29089,29705]	[29705,29791]	G
[29705,29791]	[29791,end]	T
>Path_202:0.0002819266693721069
[start,55]	[55,61]	A
[55,61]	[61,66]	G
[61,66]	[28260,28261]	splice
[28260,28261]	[28261,28518]	C
[28261,28518]	[28518,28519]	A
[28518,28519]	[28571,28576]	splice
[28571,28576]	[28576,29059]	G
[28576,29059]	[29059,29061]	T
[29059,29061]	[29061,29087]	C
[29061,29087]	[29087,29089]	C
[29087,29089]	[29089,29705]	A
[29089,29705]	[29705,29791]	G
[29705,29791]	[29791,end]	T
>Path_203:0.1311020049951665
[start,55]	[55,61]	A
[55,61]	[61,66]	G
[61,66]	[66,67]	C
[66,67]	[28261,28518]	splice
[28261,28518]	[28518,28519]	A
[28518,28519]	[28571,28576]	splice
[28571,28576]	[28576,29059]	G
[28576,29059]	[29059,29061]	T
[29059,29061]	[29061,29087]	C
[29061,29087]	[29087,29089]	C
[29087,29089]	[29089,29705]	A
[29089,29705]	[29705,29791]	G
[29705,29791]	[29791,end]	T
>Path_219:0.00014096333468605345
[start,55]	[55,61]	A
[55,61]	[26464,26774]	splice
[26464,26774]	[26811,27037]	splice
[26811,27037]	[27037,27260]	C
[27037,27260]	[27260,27286]	G
[27260,27286]	[27286,27378]	C
[27286,27378]	[27378,27754]	G
[27378,27754]	[27754,27876]	G
[27754,27876]	[27876,27883]	T
[27876,27883]	[27883,28249]	C
[27883,28249]	[28249,28260]	A
[28249,28260]	[28260,28261]	A
[28260,28261]	[28261,28518]	C
[28261,28518]	[28518,28519]	A
[28518,28519]	[28571,28576]	splice
[28571,28576]	[28576,29059]	G
[28576,29059]	[29059,29061]	T
[29059,29061]	[29061,29087]	C
[29061,29087]	[29087,29089]	C
[29087,29089]	[29089,29705]	A
[29089,29705]	[29705,29791]	G
[29705,29791]	[29791,end]	T
>Path_871:0.0011277066774884276
[start,55]	[55,61]	A
[55,61]	[28249,28260]	splice
[28249,28260]	[28260,28261]	A
[28260,28261]	[28261,28518]	C
[28261,28518]	[28570,28571]	splice
[28570,28571]	[28571,28576]	A
[28571,28576]	[28576,29059]	G
[28576,29059]	[29087,29089]	splice
[29087,29089]	[29089,29705]	A
[29089,29705]	[29705,29791]	G
[29705,29791]	[29791,end]	T
>Path_1540:0.004369863375267657
[start,55]	[55,61]	A
[55,61]	[27037,27260]	splice
[27037,27260]	[27260,27286]	G
[27260,27286]	[27286,27378]	C
[27286,27378]	[27378,27754]	G
[27378,27754]	[27754,27876]	G
[27754,27876]	[27876,27883]	T
[27876,27883]	[27883,28249]	C
[27883,28249]	[28249,28260]	A
[28249,28260]	[28260,28261]	A
[28260,28261]	[28261,28518]	C
[28261,28518]	[28518,28519]	A
[28518,28519]	[28519,28524]	C
[28519,28524]	[28524,28570]	T
[28524,28570]	[28570,28571]	T
[28570,28571]	[28571,28576]	A
[28571,28576]	[28576,29059]	G
[28576,29059]	[29059,29061]	T
[29059,29061]	[29089,29705]	splice
[29089,29705]	[29705,29791]	G
[29705,29791]	[29791,end]	T
>Path_1542:0.06730999231259052
[start,55]	[55,61]	A
[55,61]	[27883,28249]	splice
[27883,28249]	[28249,28260]	A
[28249,28260]	[28260,28261]	A
[28260,28261]	[28261,28518]	C
[28261,28518]	[28518,28519]	A
[28518,28519]	[28519,28524]	C
[28519,28524]	[28524,28570]	T
[28524,28570]	[28570,28571]	T
[28570,28571]	[28571,28576]	A
[28571,28576]	[28576,29059]	G
[28576,29059]	[29059,29061]	T
[29059,29061]	[29089,29705]	splice
[29089,29705]	[29705,29791]	G
[29705,29791]	[29791,end]	T
>Path_1588:0.0004228900040581603
[start,55]	[55,61]	A
[55,61]	[27037,27260]	splice
[27037,27260]	[27286,27378]	splice
[27286,27378]	[27378,27754]	G
[27378,27754]	[27754,27876]	G
[27754,27876]	[27876,27883]	T
[27876,27883]	[27883,28249]	C
[27883,28249]	[28249,28260]	A
[28249,28260]	[28260,28261]	A
[28260,28261]	[28261,28518]	C
[28261,28518]	[28518,28519]	A
[28518,28519]	[28519,28524]	C
[28519,28524]	[28524,28570]	T
[28524,28570]	[28570,28571]	T
[28570,28571]	[28571,28576]	A
[28571,28576]	[28576,29059]	G
[28576,29059]	[29059,29061]	T
[29059,29061]	[29089,29705]	splice
[29089,29705]	[29705,29791]	G
[29705,29791]	[29791,end]	T
>Path_1728:7.048166734302672e-05
[start,55]	[55,61]	A
[55,61]	[61,66]	G
[61,66]	[66,67]	C
[66,67]	[67,26464]	T
[67,26464]	[26464,26774]	C
[26464,26774]	[26774,26811]	G
[26774,26811]	[26811,27037]	A
[26811,27037]	[27037,27260]	C
[27037,27260]	[27260,27286]	G
[27260,27286]	[27286,27378]	C
[27286,27378]	[27378,27754]	G
[27378,27754]	[27754,27876]	G
[27754,27876]	[27876,27883]	T
[27876,27883]	[27883,28249]	C
[27883,28249]	[28249,28260]	A
[28249,28260]	[28260,28261]	A
[28260,28261]	[28261,28518]	C
[28261,28518]	[28518,28519]	A
[28518,28519]	[28571,28576]	splice
[28571,28576]	[28576,29059]	G
[28576,29059]	[29059,29061]	T
[29059,29061]	[29089,29705]	splice
[29089,29705]	[29705,29791]	G
[29705,29791]	[29791,end]	T
>Path_3074:0.035522760340885466
[start,55]	[28249,28260]	splice
[28249,28260]	[28260,28261]	A
[28260,28261]	[28261,28518]	C
[28261,28518]	[28518,28519]	A
[28518,28519]	[28519,28524]	C
[28519,28524]	[28524,28570]	T
[28524,28570]	[28570,28571]	T
[28570,28571]	[28571,28576]	A
[28571,28576]	[28576,29059]	G
[28576,29059]	[29059,29061]	T
[29059,29061]	[29061,29087]	C
[29061,29087]	[29087,29089]	C
[29087,29089]	[29089,29705]	A
[29089,29705]	[29791,end]	splice
>Path_3467:0.0005638533387442138
[start,55]	[55,61]	A
[55,61]	[61,66]	G
[61,66]	[66,67]	C
[66,67]	[28261,28518]	splice
[28261,28518]	[28518,28519]	A
[28518,28519]	[28519,28524]	C
[28519,28524]	[28576,29059]	splice
[28576,29059]	[29059,29061]	T
[29059,29061]	[29061,29087]	C
[29061,29087]	[29087,29089]	C
[29087,29089]	[29089,29705]	A
[29089,29705]	[29791,end]	splice
