>Path_0:0.011049612906017239
[start,59]	[59,60]	C
[59,60]	[60,62]	T
[60,62]	[62,63]	T
[62,63]	[63,64]	T
[63,64]	[64,65]	C
[64,65]	[65,67]	T
[65,67]	[67,68]	T
[67,68]	[68,69]	A
[68,69]	[69,70]	A
[69,70]	[70,75]	A
[70,75]	[75,15776]	C
[75,15776]	[15776,21549]	T
[15776,21549]	[21549,21551]	C
[21549,21551]	[21551,21739]	A
[21551,21739]	[21739,21779]	T
[21739,21779]	[21779,25380]	A
[21779,25380]	[25380,26236]	C
[25380,26236]	[26236,26248]	T
[26236,26248]	[26248,26255]	T
[26248,26255]	[26255,26276]	T
[26255,26276]	[26276,26283]	C
[26276,26283]	[26283,26467]	A
[26283,26467]	[26467,26773]	G
[26467,26773]	[26773,26778]	T
[26773,26778]	[26778,26783]	T
[26778,26783]	[26783,26785]	T
[26783,26785]	[26785,26816]	T
[26785,26816]	[26816,26820]	T
[26816,26820]	[26820,26830]	T
[26820,26830]	[26830,27040]	T
[26830,27040]	[27040,27262]	C
[27040,27262]	[27262,27290]	A
[27262,27290]	[27290,27378]	A
[27290,27378]	[27378,27383]	G
[27378,27383]	[27383,27384]	A
[27383,27384]	[27384,27673]	T
[27384,27673]	[27673,27681]	C
[27673,27681]	[27681,27754]	T
[27681,27754]	[27754,27760]	G
[27754,27760]	[27760,27761]	T
[27760,27761]	[27761,27881]	T
[27761,27881]	[27881,27883]	C
[27881,27883]	[27883,27885]	C
[27883,27885]	[27885,27908]	T
[27885,27908]	[27908,28250]	T
[27908,28250]	[28250,28251]	T
[28250,28251]	[28251,28253]	T
[28251,28253]	[28253,28254]	C
[28253,28254]	[28254,28262]	A
[28254,28262]	[28262,28266]	G
[28262,28266]	[28266,28524]	A
[28266,28524]	[28524,28576]	T
[28524,28576]	[28576,29068]	G
[28576,29068]	[29068,29093]	T
[29068,29093]	[29093,29709]	T
[29093,29709]	[29709,29790]	T
[29709,29790]	[29790,29792]	A
[29790,29792]	[29792,end]	A
>Path_1:0.49707031250000017
[start,59]	[59,60]	C
[59,60]	[60,62]	T
[60,62]	[62,63]	T
[62,63]	[28254,28262]	splice
[28254,28262]	[28262,28266]	G
[28262,28266]	[28266,28524]	A
[28266,28524]	[28524,28576]	T
[28524,28576]	[28576,29068]	G
[28576,29068]	[29068,29093]	T
[29068,29093]	[29093,29709]	T
[29093,29709]	[29709,29790]	T
[29709,29790]	[29790,29792]	A
[29790,29792]	[29792,end]	A
>Path_3:0.20507812499999994
[start,59]	[59,60]	C
[59,60]	[60,62]	T
[60,62]	[62,63]	T
[62,63]	[63,64]	T
[63,64]	[64,65]	C
[64,65]	[27384,27673]	splice
[27384,27673]	[27673,27681]	C
[27673,27681]	[27681,27754]	T
[27681,27754]	[27754,27760]	G
[27754,27760]	[27760,27761]	T
[27760,27761]	[27761,27881]	T
[27761,27881]	[27881,27883]	C
[27881,27883]	[27883,27885]	C
[27883,27885]	[27885,27908]	T
[27885,27908]	[27908,28250]	T
[27908,28250]	[28250,28251]	T
[28250,28251]	[28251,28253]	T
[28251,28253]	[28253,28254]	C
[28253,28254]	[28254,28262]	A
[28254,28262]	[28262,28266]	G
[28262,28266]	[28266,28524]	A
[28266,28524]	[28524,28576]	T
[28524,28576]	[28576,29068]	G
[28576,29068]	[29068,29093]	T
[29068,29093]	[29093,29709]	T
[29093,29709]	[29709,29790]	T
[29709,29790]	[29790,29792]	A
[29790,29792]	[29792,end]	A
>Path_4:0.04687499999999999
[start,59]	[59,60]	C
[59,60]	[60,62]	T
[60,62]	[62,63]	T
[62,63]	[63,64]	T
[63,64]	[25380,26236]	splice
[25380,26236]	[26236,26248]	T
[26236,26248]	[26248,26255]	T
[26248,26255]	[26255,26276]	T
[26255,26276]	[26276,26283]	C
[26276,26283]	[26283,26467]	A
[26283,26467]	[26467,26773]	G
[26467,26773]	[26773,26778]	T
[26773,26778]	[26778,26783]	T
[26778,26783]	[26783,26785]	T
[26783,26785]	[26785,26816]	T
[26785,26816]	[26816,26820]	T
[26816,26820]	[26820,26830]	T
[26820,26830]	[26830,27040]	T
[26830,27040]	[27040,27262]	C
[27040,27262]	[27262,27290]	A
[27262,27290]	[27290,27378]	A
[27290,27378]	[27378,27383]	G
[27378,27383]	[27383,27384]	A
[27383,27384]	[27384,27673]	T
[27384,27673]	[27673,27681]	C
[27673,27681]	[27681,27754]	T
[27681,27754]	[27754,27760]	G
[27754,27760]	[27760,27761]	T
[27760,27761]	[27761,27881]	T
[27761,27881]	[27881,27883]	C
[27881,27883]	[27883,27885]	C
[27883,27885]	[27885,27908]	T
[27885,27908]	[27908,28250]	T
[27908,28250]	[28250,28251]	T
[28250,28251]	[28251,28253]	T
[28251,28253]	[28253,28254]	C
[28253,28254]	[28254,28262]	A
[28254,28262]	[28262,28266]	G
[28262,28266]	[28266,28524]	A
[28266,28524]	[28524,28576]	T
[28524,28576]	[28576,29068]	G
[28576,29068]	[29068,29093]	T
[29068,29093]	[29093,29709]	T
[29093,29709]	[29709,29790]	T
[29709,29790]	[29790,29792]	A
[29790,29792]	[29792,end]	A
>Path_5:0.031249999999999993
[start,59]	[59,60]	C
[59,60]	[60,62]	T
[60,62]	[62,63]	T
[62,63]	[63,64]	T
[63,64]	[27883,27885]	splice
[27883,27885]	[27885,27908]	T
[27885,27908]	[27908,28250]	T
[27908,28250]	[28250,28251]	T
[28250,28251]	[28251,28253]	T
[28251,28253]	[28253,28254]	C
[28253,28254]	[28254,28262]	A
[28254,28262]	[28262,28266]	G
[28262,28266]	[28266,28524]	A
[28266,28524]	[28524,28576]	T
[28524,28576]	[28576,29068]	G
[28576,29068]	[29068,29093]	T
[29068,29093]	[29093,29709]	T
[29093,29709]	[29709,29790]	T
[29709,29790]	[29790,29792]	A
[29790,29792]	[29792,end]	A
>Path_6:0.11328124999999997
[start,59]	[59,60]	C
[59,60]	[60,62]	T
[60,62]	[62,63]	T
[62,63]	[26467,26773]	splice
[26467,26773]	[26773,26778]	T
[26773,26778]	[26778,26783]	T
[26778,26783]	[26783,26785]	T
[26783,26785]	[26785,26816]	T
[26785,26816]	[26816,26820]	T
[26816,26820]	[26820,26830]	T
[26820,26830]	[26830,27040]	T
[26830,27040]	[27040,27262]	C
[27040,27262]	[27262,27290]	A
[27262,27290]	[27290,27378]	A
[27290,27378]	[27378,27383]	G
[27378,27383]	[27383,27384]	A
[27383,27384]	[27384,27673]	T
[27384,27673]	[27673,27681]	C
[27673,27681]	[27681,27754]	T
[27681,27754]	[27754,27760]	G
[27754,27760]	[27760,27761]	T
[27760,27761]	[27761,27881]	T
[27761,27881]	[27881,27883]	C
[27881,27883]	[27883,27885]	C
[27883,27885]	[27885,27908]	T
[27885,27908]	[27908,28250]	T
[27908,28250]	[28250,28251]	T
[28250,28251]	[28251,28253]	T
[28251,28253]	[28253,28254]	C
[28253,28254]	[28254,28262]	A
[28254,28262]	[28262,28266]	G
[28262,28266]	[28266,28524]	A
[28266,28524]	[28524,28576]	T
[28524,28576]	[28576,29068]	G
[28576,29068]	[29068,29093]	T
[29068,29093]	[29093,29709]	T
[29093,29709]	[29709,29790]	T
[29709,29790]	[29790,29792]	A
[29790,29792]	[29792,end]	A
>Path_7:0.003906249999999999
[start,59]	[59,60]	C
[59,60]	[60,62]	T
[60,62]	[62,63]	T
[62,63]	[63,64]	T
[63,64]	[64,65]	C
[64,65]	[65,67]	T
[65,67]	[67,68]	T
[67,68]	[26236,26248]	splice
[26236,26248]	[26248,26255]	T
[26248,26255]	[26255,26276]	T
[26255,26276]	[26276,26283]	C
[26276,26283]	[26283,26467]	A
[26283,26467]	[26467,26773]	G
[26467,26773]	[26773,26778]	T
[26773,26778]	[26778,26783]	T
[26778,26783]	[26783,26785]	T
[26783,26785]	[26785,26816]	T
[26785,26816]	[26816,26820]	T
[26816,26820]	[26820,26830]	T
[26820,26830]	[26830,27040]	T
[26830,27040]	[27040,27262]	C
[27040,27262]	[27262,27290]	A
[27262,27290]	[27290,27378]	A
[27290,27378]	[27378,27383]	G
[27378,27383]	[27383,27384]	A
[27383,27384]	[27384,27673]	T
[27384,27673]	[27673,27681]	C
[27673,27681]	[27681,27754]	T
[27681,27754]	[27754,27760]	G
[27754,27760]	[27760,27761]	T
[27760,27761]	[27761,27881]	T
[27761,27881]	[27881,27883]	C
[27881,27883]	[27883,27885]	C
[27883,27885]	[27885,27908]	T
[27885,27908]	[27908,28250]	T
[27908,28250]	[28250,28251]	T
[28250,28251]	[28251,28253]	T
[28251,28253]	[28253,28254]	C
[28253,28254]	[28254,28262]	A
[28254,28262]	[28262,28266]	G
[28262,28266]	[28266,28524]	A
[28266,28524]	[28524,28576]	T
[28524,28576]	[28576,29068]	G
[28576,29068]	[29068,29093]	T
[29068,29093]	[29093,29709]	T
[29093,29709]	[29709,29790]	T
[29709,29790]	[29790,29792]	A
[29790,29792]	[29792,end]	A
>Path_9:0.0019531249999999996
[start,59]	[59,60]	C
[59,60]	[60,62]	T
[60,62]	[62,63]	T
[62,63]	[63,64]	T
[63,64]	[64,65]	C
[64,65]	[65,67]	T
[65,67]	[28262,28266]	splice
[28262,28266]	[28266,28524]	A
[28266,28524]	[28524,28576]	T
[28524,28576]	[28576,29068]	G
[28576,29068]	[29068,29093]	T
[29068,29093]	[29093,29709]	T
[29093,29709]	[29709,29790]	T
[29709,29790]	[29790,29792]	A
[29790,29792]	[29792,end]	A
>Path_11:0.00012207031249999997
[start,59]	[59,60]	C
[59,60]	[60,62]	T
[60,62]	[28253,28254]	splice
[28253,28254]	[28254,28262]	A
[28254,28262]	[28262,28266]	G
[28262,28266]	[28266,28524]	A
[28266,28524]	[28524,28576]	T
[28524,28576]	[28576,29068]	G
[28576,29068]	[29068,29093]	T
[29068,29093]	[29093,29709]	T
[29093,29709]	[29709,29790]	T
[29709,29790]	[29790,29792]	A
[29790,29792]	[29792,end]	A
>Path_12:0.00012207031249999997
[start,59]	[59,60]	C
[59,60]	[60,62]	T
[60,62]	[62,63]	T
[62,63]	[63,64]	T
[63,64]	[64,65]	C
[64,65]	[65,67]	T
[65,67]	[67,68]	T
[67,68]	[68,69]	A
[68,69]	[69,70]	A
[69,70]	[70,75]	A
[70,75]	[28266,28524]	splice
[28266,28524]	[28524,28576]	T
[28524,28576]	[28576,29068]	G
[28576,29068]	[29068,29093]	T
[29068,29093]	[29093,29709]	T
[29093,29709]	[29709,29790]	T
[29709,29790]	[29790,29792]	A
[29790,29792]	[29792,end]	A
>Path_13:0.00024414062499999995
[start,59]	[27378,27383]	splice
[27378,27383]	[27383,27384]	A
[27383,27384]	[27384,27673]	T
[27384,27673]	[27673,27681]	C
[27673,27681]	[27681,27754]	T
[27681,27754]	[27754,27760]	G
[27754,27760]	[27760,27761]	T
[27760,27761]	[27761,27881]	T
[27761,27881]	[27881,27883]	C
[27881,27883]	[27883,27885]	C
[27883,27885]	[27885,27908]	T
[27885,27908]	[27908,28250]	T
[27908,28250]	[28250,28251]	T
[28250,28251]	[28251,28253]	T
[28251,28253]	[28253,28254]	C
[28253,28254]	[28254,28262]	A
[28254,28262]	[28262,28266]	G
[28262,28266]	[28266,28524]	A
[28266,28524]	[28524,28576]	T
[28524,28576]	[28576,29068]	G
[28576,29068]	[29068,29093]	T
[29068,29093]	[29093,29709]	T
[29093,29709]	[29709,29790]	T
[29709,29790]	[29790,29792]	A
[29790,29792]	[29792,end]	A
>Path_14:0.0004882812499999999
[start,59]	[59,60]	C
[59,60]	[60,62]	T
[60,62]	[27881,27883]	splice
[27881,27883]	[27883,27885]	C
[27883,27885]	[27885,27908]	T
[27885,27908]	[27908,28250]	T
[27908,28250]	[28250,28251]	T
[28250,28251]	[28251,28253]	T
[28251,28253]	[28253,28254]	C
[28253,28254]	[28254,28262]	A
[28254,28262]	[28262,28266]	G
[28262,28266]	[28266,28524]	A
[28266,28524]	[28524,28576]	T
[28524,28576]	[28576,29068]	G
[28576,29068]	[29068,29093]	T
[29068,29093]	[29093,29709]	T
[29093,29709]	[29709,29790]	T
[29709,29790]	[29790,29792]	A
[29790,29792]	[29792,end]	A
>Path_15:0.00024414062499999995
[start,59]	[59,60]	C
[59,60]	[28250,28251]	splice
[28250,28251]	[28251,28253]	T
[28251,28253]	[28253,28254]	C
[28253,28254]	[28254,28262]	A
[28254,28262]	[28262,28266]	G
[28262,28266]	[28266,28524]	A
[28266,28524]	[28524,28576]	T
[28524,28576]	[28576,29068]	G
[28576,29068]	[29068,29093]	T
[29068,29093]	[29093,29709]	T
[29093,29709]	[29709,29790]	T
[29709,29790]	[29790,29792]	A
[29790,29792]	[29792,end]	A
>Path_16:0.006591796874999998
[start,59]	[59,60]	C
[59,60]	[60,62]	T
[60,62]	[62,63]	T
[62,63]	[63,64]	T
[63,64]	[64,65]	C
[64,65]	[65,67]	T
[65,67]	[67,68]	T
[67,68]	[27673,27681]	splice
[27673,27681]	[27681,27754]	T
[27681,27754]	[27754,27760]	G
[27754,27760]	[27760,27761]	T
[27760,27761]	[27761,27881]	T
[27761,27881]	[27881,27883]	C
[27881,27883]	[27883,27885]	C
[27883,27885]	[27885,27908]	T
[27885,27908]	[27908,28250]	T
[27908,28250]	[28250,28251]	T
[28250,28251]	[28251,28253]	T
[28251,28253]	[28253,28254]	C
[28253,28254]	[28254,28262]	A
[28254,28262]	[28262,28266]	G
[28262,28266]	[28266,28524]	A
[28266,28524]	[28524,28576]	T
[28524,28576]	[28576,29068]	G
[28576,29068]	[29068,29093]	T
[29068,29093]	[29093,29709]	T
[29093,29709]	[29709,29790]	T
[29709,29790]	[29790,29792]	A
[29790,29792]	[29792,end]	A
>Path_17:0.00012207031249999997
[start,59]	[59,60]	C
[59,60]	[28251,28253]	splice
[28251,28253]	[28253,28254]	C
[28253,28254]	[28254,28262]	A
[28254,28262]	[28262,28266]	G
[28262,28266]	[28266,28524]	A
[28266,28524]	[28524,28576]	T
[28524,28576]	[28576,29068]	G
[28576,29068]	[29068,29093]	T
[29068,29093]	[29093,29709]	T
[29093,29709]	[29709,29790]	T
[29709,29790]	[29790,29792]	A
[29790,29792]	[29792,end]	A
>Path_18:0.0004882812499999999
[start,59]	[59,60]	C
[59,60]	[60,62]	T
[60,62]	[62,63]	T
[62,63]	[63,64]	T
[63,64]	[27383,27384]	splice
[27383,27384]	[27384,27673]	T
[27384,27673]	[27673,27681]	C
[27673,27681]	[27681,27754]	T
[27681,27754]	[27754,27760]	G
[27754,27760]	[27760,27761]	T
[27760,27761]	[27761,27881]	T
[27761,27881]	[27881,27883]	C
[27881,27883]	[27883,27885]	C
[27883,27885]	[27885,27908]	T
[27885,27908]	[27908,28250]	T
[27908,28250]	[28250,28251]	T
[28250,28251]	[28251,28253]	T
[28251,28253]	[28253,28254]	C
[28253,28254]	[28254,28262]	A
[28254,28262]	[28262,28266]	G
[28262,28266]	[28266,28524]	A
[28266,28524]	[28524,28576]	T
[28524,28576]	[28576,29068]	G
[28576,29068]	[29068,29093]	T
[29068,29093]	[29093,29709]	T
[29093,29709]	[29709,29790]	T
[29709,29790]	[29790,29792]	A
[29790,29792]	[29792,end]	A
>Path_40:0.031005859374999993
[start,59]	[59,60]	C
[59,60]	[60,62]	T
[60,62]	[62,63]	T
[62,63]	[63,64]	T
[63,64]	[21551,21739]	splice
[21551,21739]	[21739,21779]	T
[21739,21779]	[21779,25380]	A
[21779,25380]	[25380,26236]	C
[25380,26236]	[26236,26248]	T
[26236,26248]	[26248,26255]	T
[26248,26255]	[26283,26467]	splice
[26283,26467]	[26467,26773]	G
[26467,26773]	[26773,26778]	T
[26773,26778]	[26778,26783]	T
[26778,26783]	[26783,26785]	T
[26783,26785]	[26785,26816]	T
[26785,26816]	[26816,26820]	T
[26816,26820]	[26820,26830]	T
[26820,26830]	[26830,27040]	T
[26830,27040]	[27040,27262]	C
[27040,27262]	[27262,27290]	A
[27262,27290]	[27290,27378]	A
[27290,27378]	[27378,27383]	G
[27378,27383]	[27383,27384]	A
[27383,27384]	[27384,27673]	T
[27384,27673]	[27673,27681]	C
[27673,27681]	[27681,27754]	T
[27681,27754]	[27754,27760]	G
[27754,27760]	[27760,27761]	T
[27760,27761]	[27761,27881]	T
[27761,27881]	[27881,27883]	C
[27881,27883]	[27883,27885]	C
[27883,27885]	[27885,27908]	T
[27885,27908]	[27908,28250]	T
[27908,28250]	[28250,28251]	T
[28250,28251]	[28251,28253]	T
[28251,28253]	[28253,28254]	C
[28253,28254]	[28254,28262]	A
[28254,28262]	[28262,28266]	G
[28262,28266]	[28266,28524]	A
[28266,28524]	[28524,28576]	T
[28524,28576]	[28576,29068]	G
[28576,29068]	[29068,29093]	T
[29068,29093]	[29093,29709]	T
[29093,29709]	[29709,29790]	T
[29709,29790]	[29790,29792]	A
[29790,29792]	[29792,end]	A
>Path_42:0.01562499999999999
[start,59]	[59,60]	C
[59,60]	[60,62]	T
[60,62]	[62,63]	T
[62,63]	[63,64]	T
[63,64]	[25380,26236]	splice
[25380,26236]	[26236,26248]	T
[26236,26248]	[26248,26255]	T
[26248,26255]	[26283,26467]	splice
[26283,26467]	[26467,26773]	G
[26467,26773]	[26773,26778]	T
[26773,26778]	[26778,26783]	T
[26778,26783]	[26783,26785]	T
[26783,26785]	[26785,26816]	T
[26785,26816]	[26816,26820]	T
[26816,26820]	[26820,26830]	T
[26820,26830]	[26830,27040]	T
[26830,27040]	[27040,27262]	C
[27040,27262]	[27262,27290]	A
[27262,27290]	[27290,27378]	A
[27290,27378]	[27378,27383]	G
[27378,27383]	[27383,27384]	A
[27383,27384]	[27384,27673]	T
[27384,27673]	[27673,27681]	C
[27673,27681]	[27681,27754]	T
[27681,27754]	[27754,27760]	G
[27754,27760]	[27760,27761]	T
[27760,27761]	[27761,27881]	T
[27761,27881]	[27881,27883]	C
[27881,27883]	[27883,27885]	C
[27883,27885]	[27885,27908]	T
[27885,27908]	[27908,28250]	T
[27908,28250]	[28250,28251]	T
[28250,28251]	[28251,28253]	T
[28251,28253]	[28253,28254]	C
[28253,28254]	[28254,28262]	A
[28254,28262]	[28262,28266]	G
[28262,28266]	[28266,28524]	A
[28266,28524]	[28524,28576]	T
[28524,28576]	[28576,29068]	G
[28576,29068]	[29068,29093]	T
[29068,29093]	[29093,29709]	T
[29093,29709]	[29709,29790]	T
[29709,29790]	[29790,29792]	A
[29790,29792]	[29792,end]	A
>Path_45:0.007812499999999998
[start,59]	[59,60]	C
[59,60]	[60,62]	T
[60,62]	[62,63]	T
[62,63]	[63,64]	T
[63,64]	[64,65]	C
[64,65]	[65,67]	T
[65,67]	[67,68]	T
[67,68]	[26236,26248]	splice
[26236,26248]	[26248,26255]	T
[26248,26255]	[26283,26467]	splice
[26283,26467]	[26467,26773]	G
[26467,26773]	[26773,26778]	T
[26773,26778]	[26778,26783]	T
[26778,26783]	[26783,26785]	T
[26783,26785]	[26785,26816]	T
[26785,26816]	[26816,26820]	T
[26816,26820]	[26820,26830]	T
[26820,26830]	[26830,27040]	T
[26830,27040]	[27040,27262]	C
[27040,27262]	[27262,27290]	A
[27262,27290]	[27290,27378]	A
[27290,27378]	[27378,27383]	G
[27378,27383]	[27383,27384]	A
[27383,27384]	[27384,27673]	T
[27384,27673]	[27673,27681]	C
[27673,27681]	[27681,27754]	T
[27681,27754]	[27754,27760]	G
[27754,27760]	[27760,27761]	T
[27760,27761]	[27761,27881]	T
[27761,27881]	[27881,27883]	C
[27881,27883]	[27883,27885]	C
[27883,27885]	[27885,27908]	T
[27885,27908]	[27908,28250]	T
[27908,28250]	[28250,28251]	T
[28250,28251]	[28251,28253]	T
[28251,28253]	[28253,28254]	C
[28253,28254]	[28254,28262]	A
[28254,28262]	[28262,28266]	G
[28262,28266]	[28266,28524]	A
[28266,28524]	[28524,28576]	T
[28524,28576]	[28576,29068]	G
[28576,29068]	[29068,29093]	T
[29068,29093]	[29093,29709]	T
[29093,29709]	[29709,29790]	T
[29709,29790]	[29790,29792]	A
[29790,29792]	[29792,end]	A
>Path_48:0.00012207031249999997
[start,59]	[59,60]	C
[59,60]	[60,62]	T
[60,62]	[21549,21551]	splice
[21549,21551]	[21551,21739]	A
[21551,21739]	[21739,21779]	T
[21739,21779]	[21779,25380]	A
[21779,25380]	[25380,26236]	C
[25380,26236]	[26236,26248]	T
[26236,26248]	[26248,26255]	T
[26248,26255]	[26283,26467]	splice
[26283,26467]	[26467,26773]	G
[26467,26773]	[26773,26778]	T
[26773,26778]	[26778,26783]	T
[26778,26783]	[26783,26785]	T
[26783,26785]	[26785,26816]	T
[26785,26816]	[26816,26820]	T
[26816,26820]	[26820,26830]	T
[26820,26830]	[26830,27040]	T
[26830,27040]	[27040,27262]	C
[27040,27262]	[27262,27290]	A
[27262,27290]	[27290,27378]	A
[27290,27378]	[27378,27383]	G
[27378,27383]	[27383,27384]	A
[27383,27384]	[27384,27673]	T
[27384,27673]	[27673,27681]	C
[27673,27681]	[27681,27754]	T
[27681,27754]	[27754,27760]	G
[27754,27760]	[27760,27761]	T
[27760,27761]	[27761,27881]	T
[27761,27881]	[27881,27883]	C
[27881,27883]	[27883,27885]	C
[27883,27885]	[27885,27908]	T
[27885,27908]	[27908,28250]	T
[27908,28250]	[28250,28251]	T
[28250,28251]	[28251,28253]	T
[28251,28253]	[28253,28254]	C
[28253,28254]	[28254,28262]	A
[28254,28262]	[28262,28266]	G
[28262,28266]	[28266,28524]	A
[28266,28524]	[28524,28576]	T
[28524,28576]	[28576,29068]	G
[28576,29068]	[29068,29093]	T
[29068,29093]	[29093,29709]	T
[29093,29709]	[29709,29790]	T
[29709,29790]	[29790,29792]	A
[29790,29792]	[29792,end]	A
>Path_84:0.0019531249999999996
[start,59]	[59,60]	C
[59,60]	[60,62]	T
[60,62]	[62,63]	T
[62,63]	[63,64]	T
[63,64]	[64,65]	C
[64,65]	[65,67]	T
[65,67]	[67,68]	T
[67,68]	[27040,27262]	splice
[27040,27262]	[27262,27290]	A
[27262,27290]	[27290,27378]	A
[27290,27378]	[27378,27383]	G
[27378,27383]	[27383,27384]	A
[27383,27384]	[27384,27673]	T
[27384,27673]	[27673,27681]	C
[27673,27681]	[27681,27754]	T
[27681,27754]	[27754,27760]	G
[27754,27760]	[27760,27761]	T
[27760,27761]	[27761,27881]	T
[27761,27881]	[27881,27883]	C
[27881,27883]	[27883,27885]	C
[27883,27885]	[27908,28250]	splice
[27908,28250]	[28250,28251]	T
[28250,28251]	[28251,28253]	T
[28251,28253]	[28253,28254]	C
[28253,28254]	[28254,28262]	A
[28254,28262]	[28262,28266]	G
[28262,28266]	[28266,28524]	A
[28266,28524]	[28524,28576]	T
[28524,28576]	[28576,29068]	G
[28576,29068]	[29068,29093]	T
[29068,29093]	[29093,29709]	T
[29093,29709]	[29709,29790]	T
[29709,29790]	[29790,29792]	A
[29790,29792]	[29792,end]	A
>Path_304:0.0019531249999999996
[start,59]	[59,60]	C
[59,60]	[60,62]	T
[60,62]	[62,63]	T
[62,63]	[63,64]	T
[63,64]	[64,65]	C
[64,65]	[65,67]	T
[65,67]	[67,68]	T
[67,68]	[68,69]	A
[68,69]	[69,70]	A
[69,70]	[27761,27881]	splice
[27761,27881]	[27881,27883]	C
[27881,27883]	[27883,27885]	C
[27883,27885]	[27885,27908]	T
[27885,27908]	[27908,28250]	T
[27908,28250]	[28250,28251]	T
[28250,28251]	[28251,28253]	T
[28251,28253]	[28253,28254]	C
[28253,28254]	[28254,28262]	A
[28254,28262]	[28262,28266]	G
[28262,28266]	[28266,28524]	A
[28266,28524]	[28524,28576]	T
[28524,28576]	[28576,29068]	G
[28576,29068]	[29068,29093]	T
[29068,29093]	[29093,29709]	T
[29093,29709]	[29709,29790]	T
[29709,29790]	[29790,29792]	A
[29790,29792]	[29792,end]	A
>Path_608:0.00012207031249999997
[start,59]	[59,60]	C
[59,60]	[60,62]	T
[60,62]	[62,63]	T
[62,63]	[63,64]	T
[63,64]	[64,65]	C
[64,65]	[65,67]	T
[65,67]	[67,68]	T
[67,68]	[68,69]	A
[68,69]	[69,70]	A
[69,70]	[70,75]	A
[70,75]	[75,15776]	C
[75,15776]	[15776,21549]	T
[15776,21549]	[21549,21551]	C
[21549,21551]	[21551,21739]	A
[21551,21739]	[21739,21779]	T
[21739,21779]	[21779,25380]	A
[21779,25380]	[25380,26236]	C
[25380,26236]	[26236,26248]	T
[26236,26248]	[26248,26255]	T
[26248,26255]	[26255,26276]	T
[26255,26276]	[26276,26283]	C
[26276,26283]	[26283,26467]	A
[26283,26467]	[26467,26773]	G
[26467,26773]	[26773,26778]	T
[26773,26778]	[26816,26820]	splice
[26816,26820]	[26820,26830]	T
[26820,26830]	[26830,27040]	T
[26830,27040]	[27040,27262]	C
[27040,27262]	[27262,27290]	A
[27262,27290]	[27290,27378]	A
[27290,27378]	[27378,27383]	G
[27378,27383]	[27383,27384]	A
[27383,27384]	[27384,27673]	T
[27384,27673]	[27673,27681]	C
[27673,27681]	[27681,27754]	T
[27681,27754]	[27754,27760]	G
[27754,27760]	[27760,27761]	T
[27760,27761]	[27761,27881]	T
[27761,27881]	[27881,27883]	C
[27881,27883]	[27883,27885]	C
[27883,27885]	[27885,27908]	T
[27885,27908]	[27908,28250]	T
[27908,28250]	[28250,28251]	T
[28250,28251]	[28251,28253]	T
[28251,28253]	[28253,28254]	C
[28253,28254]	[28254,28262]	A
[28254,28262]	[28262,28266]	G
[28262,28266]	[28266,28524]	A
[28266,28524]	[28524,28576]	T
[28524,28576]	[28576,29068]	G
[28576,29068]	[29068,29093]	T
[29068,29093]	[29093,29709]	T
[29093,29709]	[29709,29790]	T
[29709,29790]	[29790,29792]	A
[29790,29792]	[29792,end]	A
>Path_1216:0.00012207031249999997
[start,59]	[59,60]	C
[59,60]	[60,62]	T
[60,62]	[62,63]	T
[62,63]	[63,64]	T
[63,64]	[64,65]	C
[64,65]	[65,67]	T
[65,67]	[67,68]	T
[67,68]	[68,69]	A
[68,69]	[69,70]	A
[69,70]	[70,75]	A
[70,75]	[75,15776]	C
[75,15776]	[15776,21549]	T
[15776,21549]	[21549,21551]	C
[21549,21551]	[21551,21739]	A
[21551,21739]	[21739,21779]	T
[21739,21779]	[21779,25380]	A
[21779,25380]	[25380,26236]	C
[25380,26236]	[26236,26248]	T
[26236,26248]	[26248,26255]	T
[26248,26255]	[26255,26276]	T
[26255,26276]	[26276,26283]	C
[26276,26283]	[26283,26467]	A
[26283,26467]	[26467,26773]	G
[26467,26773]	[26773,26778]	T
[26773,26778]	[26778,26783]	T
[26778,26783]	[26783,26785]	T
[26783,26785]	[26820,26830]	splice
[26820,26830]	[26830,27040]	T
[26830,27040]	[27040,27262]	C
[27040,27262]	[27262,27290]	A
[27262,27290]	[27290,27378]	A
[27290,27378]	[27378,27383]	G
[27378,27383]	[27383,27384]	A
[27383,27384]	[27384,27673]	T
[27384,27673]	[27673,27681]	C
[27673,27681]	[27681,27754]	T
[27681,27754]	[27754,27760]	G
[27754,27760]	[27760,27761]	T
[27760,27761]	[27761,27881]	T
[27761,27881]	[27881,27883]	C
[27881,27883]	[27883,27885]	C
[27883,27885]	[27885,27908]	T
[27885,27908]	[27908,28250]	T
[27908,28250]	[28250,28251]	T
[28250,28251]	[28251,28253]	T
[28251,28253]	[28253,28254]	C
[28253,28254]	[28254,28262]	A
[28254,28262]	[28262,28266]	G
[28262,28266]	[28266,28524]	A
[28266,28524]	[28524,28576]	T
[28524,28576]	[28576,29068]	G
[28576,29068]	[29068,29093]	T
[29068,29093]	[29093,29709]	T
[29093,29709]	[29709,29790]	T
[29709,29790]	[29790,29792]	A
[29790,29792]	[29792,end]	A
>Path_2432:0.004209176156482758
[start,59]	[59,60]	C
[59,60]	[60,62]	T
[60,62]	[62,63]	T
[62,63]	[63,64]	T
[63,64]	[64,65]	C
[64,65]	[65,67]	T
[65,67]	[15776,21549]	splice
[15776,21549]	[21549,21551]	C
[21549,21551]	[21551,21739]	A
[21551,21739]	[21739,21779]	T
[21739,21779]	[21779,25380]	A
[21779,25380]	[25380,26236]	C
[25380,26236]	[26236,26248]	T
[26236,26248]	[26248,26255]	T
[26248,26255]	[26255,26276]	T
[26255,26276]	[26276,26283]	C
[26276,26283]	[26283,26467]	A
[26283,26467]	[26467,26773]	G
[26467,26773]	[26773,26778]	T
[26773,26778]	[26778,26783]	T
[26778,26783]	[26783,26785]	T
[26783,26785]	[26785,26816]	T
[26785,26816]	[26816,26820]	T
[26816,26820]	[26820,26830]	T
[26820,26830]	[26830,27040]	T
[26830,27040]	[27040,27262]	C
[27040,27262]	[27262,27290]	A
[27262,27290]	[27290,27378]	A
[27290,27378]	[27378,27383]	G
[27378,27383]	[27383,27384]	A
[27383,27384]	[27384,27673]	T
[27384,27673]	[27673,27681]	C
[27673,27681]	[27681,27754]	T
[27681,27754]	[27754,27760]	G
[27754,27760]	[27760,27761]	T
[27760,27761]	[27761,27881]	T
[27761,27881]	[27881,27883]	C
[27881,27883]	[27883,27885]	C
[27883,27885]	[27885,27908]	T
[27885,27908]	[27908,28250]	T
[27908,28250]	[28250,28251]	T
[28250,28251]	[28251,28253]	T
[28251,28253]	[28253,28254]	C
[28253,28254]	[28254,28262]	A
[28254,28262]	[28262,28266]	G
[28262,28266]	[28266,28524]	A
[28266,28524]	[28524,28576]	T
[28524,28576]	[28576,29068]	G
[28576,29068]	[29068,29093]	T
[29068,29093]	[29093,29709]	T
[29093,29709]	[29709,29790]	T
[29709,29790]	[29790,29792]	A
[29790,29792]	[29792,end]	A
>Path_2470:0.015380859375000002
[start,59]	[59,60]	C
[59,60]	[60,62]	T
[60,62]	[62,63]	T
[62,63]	[63,64]	T
[63,64]	[64,65]	C
[64,65]	[65,67]	T
[65,67]	[15776,21549]	splice
[15776,21549]	[21549,21551]	C
[21549,21551]	[21551,21739]	A
[21551,21739]	[21739,21779]	T
[21739,21779]	[21779,25380]	A
[21779,25380]	[25380,26236]	C
[25380,26236]	[26236,26248]	T
[26236,26248]	[26248,26255]	T
[26248,26255]	[26283,26467]	splice
[26283,26467]	[26467,26773]	G
[26467,26773]	[26773,26778]	T
[26773,26778]	[26778,26783]	T
[26778,26783]	[26783,26785]	T
[26783,26785]	[26785,26816]	T
[26785,26816]	[26816,26820]	T
[26816,26820]	[26820,26830]	T
[26820,26830]	[26830,27040]	T
[26830,27040]	[27040,27262]	C
[27040,27262]	[27262,27290]	A
[27262,27290]	[27290,27378]	A
[27290,27378]	[27378,27383]	G
[27378,27383]	[27383,27384]	A
[27383,27384]	[27384,27673]	T
[27384,27673]	[27673,27681]	C
[27673,27681]	[27681,27754]	T
[27681,27754]	[27754,27760]	G
[27754,27760]	[27760,27761]	T
[27760,27761]	[27761,27881]	T
[27761,27881]	[27881,27883]	C
[27881,27883]	[27883,27885]	C
[27883,27885]	[27885,27908]	T
[27885,27908]	[27908,28250]	T
[27908,28250]	[28250,28251]	T
[28250,28251]	[28251,28253]	T
[28251,28253]	[28253,28254]	C
[28253,28254]	[28254,28262]	A
[28254,28262]	[28262,28266]	G
[28262,28266]	[28266,28524]	A
[28266,28524]	[28524,28576]	T
[28524,28576]	[28576,29068]	G
[28576,29068]	[29068,29093]	T
[29068,29093]	[29093,29709]	T
[29093,29709]	[29709,29790]	T
[29709,29790]	[29790,29792]	A
[29790,29792]	[29792,end]	A
>Path_4864:0.0019531249999999996
[start,59]	[59,60]	C
[59,60]	[60,62]	T
[60,62]	[62,63]	T
[62,63]	[63,64]	T
[63,64]	[64,65]	C
[64,65]	[65,67]	T
[65,67]	[67,68]	T
[67,68]	[68,69]	A
[68,69]	[27760,27761]	splice
[27760,27761]	[27761,27881]	T
[27761,27881]	[27881,27883]	C
[27881,27883]	[27883,27885]	C
[27883,27885]	[27885,27908]	T
[27885,27908]	[27908,28250]	T
[27908,28250]	[28250,28251]	T
[28250,28251]	[28251,28253]	T
[28251,28253]	[28253,28254]	C
[28253,28254]	[28254,28262]	A
[28254,28262]	[28262,28266]	G
[28262,28266]	[28266,28524]	A
[28266,28524]	[28524,28576]	T
[28524,28576]	[28576,29068]	G
[28576,29068]	[29068,29093]	T
[29068,29093]	[29093,29709]	T
[29093,29709]	[29709,29790]	T
[29709,29790]	[29790,29792]	A
[29790,29792]	[29792,end]	A
>Path_38913:0.00024414062499999995
[start,59]	[59,60]	C
[59,60]	[60,62]	T
[60,62]	[62,63]	T
[62,63]	[28254,28262]	splice
[28254,28262]	[28262,28266]	G
[28262,28266]	[28266,28524]	A
[28266,28524]	[28576,29068]	splice
[28576,29068]	[29068,29093]	T
[29068,29093]	[29093,29709]	T
[29093,29709]	[29709,29790]	T
[29709,29790]	[29790,29792]	A
[29790,29792]	[29792,end]	A
>Path_311307:0.00012207031249999997
[start,59]	[59,60]	C
[59,60]	[60,62]	T
[60,62]	[28253,28254]	splice
[28253,28254]	[28254,28262]	A
[28254,28262]	[28262,28266]	G
[28262,28266]	[28266,28524]	A
[28266,28524]	[28524,28576]	T
[28524,28576]	[28576,29068]	G
[28576,29068]	[29068,29093]	T
[29068,29093]	[29093,29709]	T
[29093,29709]	[29792,end]	splice
>Path_311344:0.00012207031249999997
[start,59]	[59,60]	C
[59,60]	[60,62]	T
[60,62]	[21549,21551]	splice
[21549,21551]	[21551,21739]	A
[21551,21739]	[21739,21779]	T
[21739,21779]	[21779,25380]	A
[21779,25380]	[25380,26236]	C
[25380,26236]	[26236,26248]	T
[26236,26248]	[26248,26255]	T
[26248,26255]	[26283,26467]	splice
[26283,26467]	[26467,26773]	G
[26467,26773]	[26773,26778]	T
[26773,26778]	[26778,26783]	T
[26778,26783]	[26783,26785]	T
[26783,26785]	[26785,26816]	T
[26785,26816]	[26816,26820]	T
[26816,26820]	[26820,26830]	T
[26820,26830]	[26830,27040]	T
[26830,27040]	[27040,27262]	C
[27040,27262]	[27262,27290]	A
[27262,27290]	[27290,27378]	A
[27290,27378]	[27378,27383]	G
[27378,27383]	[27383,27384]	A
[27383,27384]	[27384,27673]	T
[27384,27673]	[27673,27681]	C
[27673,27681]	[27681,27754]	T
[27681,27754]	[27754,27760]	G
[27754,27760]	[27760,27761]	T
[27760,27761]	[27761,27881]	T
[27761,27881]	[27881,27883]	C
[27881,27883]	[27883,27885]	C
[27883,27885]	[27885,27908]	T
[27885,27908]	[27908,28250]	T
[27908,28250]	[28250,28251]	T
[28250,28251]	[28251,28253]	T
[28251,28253]	[28253,28254]	C
[28253,28254]	[28254,28262]	A
[28254,28262]	[28262,28266]	G
[28262,28266]	[28266,28524]	A
[28266,28524]	[28524,28576]	T
[28524,28576]	[28576,29068]	G
[28576,29068]	[29068,29093]	T
[29068,29093]	[29093,29709]	T
[29093,29709]	[29792,end]	splice
>Path_719910:0.00012207031249999997
[start,59]	[59,60]	C
[59,60]	[60,62]	T
[60,62]	[62,63]	T
[62,63]	[63,64]	T
[63,64]	[64,65]	C
[64,65]	[65,67]	T
[65,67]	[67,68]	T
[67,68]	[68,69]	A
[68,69]	[69,70]	A
[69,70]	[70,75]	A
[70,75]	[75,15776]	C
[75,15776]	[15776,21549]	T
[15776,21549]	[21549,21551]	C
[21549,21551]	[21551,21739]	A
[21551,21739]	[21779,25380]	splice
[21779,25380]	[25380,26236]	C
[25380,26236]	[26236,26248]	T
[26236,26248]	[26248,26255]	T
[26248,26255]	[26283,26467]	splice
[26283,26467]	[26467,26773]	G
[26467,26773]	[26773,26778]	T
[26773,26778]	[26778,26783]	T
[26778,26783]	[26820,26830]	splice
[26820,26830]	[26830,27040]	T
[26830,27040]	[27040,27262]	C
[27040,27262]	[27262,27290]	A
[27262,27290]	[27290,27378]	A
[27290,27378]	[27378,27383]	G
[27378,27383]	[27383,27384]	A
[27383,27384]	[27384,27673]	T
[27384,27673]	[27673,27681]	C
[27673,27681]	[27681,27754]	T
[27681,27754]	[27754,27760]	G
[27754,27760]	[27760,27761]	T
[27760,27761]	[27761,27881]	T
[27761,27881]	[27881,27883]	C
[27881,27883]	[27883,27885]	C
[27883,27885]	[27885,27908]	T
[27885,27908]	[27908,28250]	T
[27908,28250]	[28250,28251]	T
[28250,28251]	[28251,28253]	T
[28251,28253]	[28253,28254]	C
[28253,28254]	[28254,28262]	A
[28254,28262]	[28262,28266]	G
[28262,28266]	[28266,28524]	A
[28266,28524]	[28524,28576]	T
[28524,28576]	[28576,29068]	G
[28576,29068]	[29068,29093]	T
[29068,29093]	[29093,29709]	T
[29093,29709]	[29790,29792]	splice
[29790,29792]	[29792,end]	A
>Path_1245184:0.00012207031249999997
[start,59]	[59,60]	C
[59,60]	[60,62]	T
[60,62]	[62,63]	T
[62,63]	[63,64]	T
[63,64]	[64,65]	C
[64,65]	[65,67]	T
[65,67]	[67,68]	T
[67,68]	[68,69]	A
[68,69]	[69,70]	A
[69,70]	[70,75]	A
[70,75]	[75,15776]	C
[75,15776]	[15776,21549]	T
[15776,21549]	[21549,21551]	C
[21549,21551]	[21551,21739]	A
[21551,21739]	[21739,21779]	T
[21739,21779]	[21779,25380]	A
[21779,25380]	[25380,26236]	C
[25380,26236]	[26236,26248]	T
[26236,26248]	[26248,26255]	T
[26248,26255]	[26255,26276]	T
[26255,26276]	[26276,26283]	C
[26276,26283]	[26283,26467]	A
[26283,26467]	[26467,26773]	G
[26467,26773]	[26830,27040]	splice
[26830,27040]	[27040,27262]	C
[27040,27262]	[27262,27290]	A
[27262,27290]	[27290,27378]	A
[27290,27378]	[27378,27383]	G
[27378,27383]	[27383,27384]	A
[27383,27384]	[27384,27673]	T
[27384,27673]	[27673,27681]	C
[27673,27681]	[27681,27754]	T
[27681,27754]	[27754,27760]	G
[27754,27760]	[27760,27761]	T
[27760,27761]	[27761,27881]	T
[27761,27881]	[27881,27883]	C
[27881,27883]	[27883,27885]	C
[27883,27885]	[27885,27908]	T
[27885,27908]	[27908,28250]	T
[27908,28250]	[28250,28251]	T
[28250,28251]	[28251,28253]	T
[28251,28253]	[28253,28254]	C
[28253,28254]	[28254,28262]	A
[28254,28262]	[28262,28266]	G
[28262,28266]	[28266,28524]	A
[28266,28524]	[28524,28576]	T
[28524,28576]	[28576,29068]	G
[28576,29068]	[29068,29093]	T
[29068,29093]	[29093,29709]	T
[29093,29709]	[29709,29790]	T
[29709,29790]	[29790,29792]	A
[29790,29792]	[29792,end]	A
>Path_2736152:0.00012207031249999997
[start,59]	[59,60]	C
[59,60]	[60,62]	T
[60,62]	[62,63]	T
[62,63]	[63,64]	T
[63,64]	[64,65]	C
[64,65]	[65,67]	T
[65,67]	[15776,21549]	splice
[15776,21549]	[21549,21551]	C
[21549,21551]	[21551,21739]	A
[21551,21739]	[21779,25380]	splice
[21779,25380]	[25380,26236]	C
[25380,26236]	[26236,26248]	T
[26236,26248]	[26276,26283]	splice
[26276,26283]	[26283,26467]	A
[26283,26467]	[26467,26773]	G
[26467,26773]	[26773,26778]	T
[26773,26778]	[26778,26783]	T
[26778,26783]	[26783,26785]	T
[26783,26785]	[26785,26816]	T
[26785,26816]	[26816,26820]	T
[26816,26820]	[26820,26830]	T
[26820,26830]	[26830,27040]	T
[26830,27040]	[27040,27262]	C
[27040,27262]	[27290,27378]	splice
[27290,27378]	[27378,27383]	G
[27378,27383]	[27383,27384]	A
[27383,27384]	[27384,27673]	T
[27384,27673]	[27673,27681]	C
[27673,27681]	[27754,27760]	splice
[27754,27760]	[27760,27761]	T
[27760,27761]	[27761,27881]	T
[27761,27881]	[27881,27883]	C
[27881,27883]	[27883,27885]	C
[27883,27885]	[27885,27908]	T
[27885,27908]	[27908,28250]	T
[27908,28250]	[28250,28251]	T
[28250,28251]	[28251,28253]	T
[28251,28253]	[28253,28254]	C
[28253,28254]	[28254,28262]	A
[28254,28262]	[28262,28266]	G
[28262,28266]	[28266,28524]	A
[28266,28524]	[28524,28576]	T
[28524,28576]	[28576,29068]	G
[28576,29068]	[29093,29709]	splice
[29093,29709]	[29709,29790]	T
[29709,29790]	[29790,29792]	A
[29790,29792]	[29792,end]	A
