>Path_0:0.022545751625652363
[start,60]	[60,61]	T
[60,61]	[61,62]	C
[61,62]	[62,63]	T
[62,63]	[63,64]	C
[63,64]	[64,65]	T
[64,65]	[65,70]	A
[65,70]	[70,829]	A
[70,829]	[829,1908]	A
[829,1908]	[1908,21481]	T
[1908,21481]	[21481,21865]	A
[21481,21865]	[21865,22560]	T
[21865,22560]	[22560,22713]	A
[22560,22713]	[22713,22792]	T
[22713,22792]	[22792,25255]	G
[22792,25255]	[25255,25672]	C
[25255,25672]	[25672,26108]	C
[25672,26108]	[26108,26130]	T
[26108,26130]	[26130,26155]	T
[26130,26155]	[26155,26342]	A
[26155,26342]	[26342,26350]	G
[26342,26350]	[26350,26369]	G
[26350,26369]	[26369,26797]	T
[26369,26797]	[26797,26912]	G
[26797,26912]	[26912,26915]	C
[26912,26915]	[26915,27236]	G
[26915,27236]	[27236,27262]	G
[27236,27262]	[27262,27263]	A
[27262,27263]	[27263,27264]	T
[27263,27264]	[27264,27347]	A
[27264,27347]	[27347,27355]	A
[27347,27355]	[27355,27362]	C
[27355,27362]	[27362,27742]	A
[27362,27742]	[27742,27767]	G
[27742,27767]	[27767,28098]	G
[27767,28098]	[28098,28101]	T
[28098,28101]	[28101,28102]	A
[28101,28102]	[28102,28103]	A
[28102,28103]	[28103,28104]	T
[28103,28104]	[28104,28107]	A
[28104,28107]	[28107,28111]	C
[28107,28111]	[28111,28960]	C
[28111,28960]	[28960,29002]	G
[28960,29002]	[29002,29183]	C
[29002,29183]	[29183,29227]	A
[29183,29227]	[29227,29305]	A
[29227,29305]	[29305,29447]	C
[29305,29447]	[29447,29541]	T
[29447,29541]	[29541,29660]	A
[29541,29660]	[29660,end]	C
>Path_2:0.6247223277794638
[start,60]	[60,61]	T
[60,61]	[61,62]	C
[61,62]	[28102,28103]	splice
[28102,28103]	[28103,28104]	T
[28103,28104]	[28104,28107]	A
[28104,28107]	[28107,28111]	C
[28107,28111]	[28111,28960]	C
[28111,28960]	[28960,29002]	G
[28960,29002]	[29002,29183]	C
[29002,29183]	[29183,29227]	A
[29183,29227]	[29227,29305]	A
[29227,29305]	[29305,29447]	C
[29305,29447]	[29447,29541]	T
[29447,29541]	[29541,29660]	A
[29541,29660]	[29660,end]	C
>Path_4:0.0778192072240259
[start,60]	[26342,26350]	splice
[26342,26350]	[26350,26369]	G
[26350,26369]	[26369,26797]	T
[26369,26797]	[26797,26912]	G
[26797,26912]	[26912,26915]	C
[26912,26915]	[26915,27236]	G
[26915,27236]	[27236,27262]	G
[27236,27262]	[27262,27263]	A
[27262,27263]	[27263,27264]	T
[27263,27264]	[27264,27347]	A
[27264,27347]	[27347,27355]	A
[27347,27355]	[27355,27362]	C
[27355,27362]	[27362,27742]	A
[27362,27742]	[27742,27767]	G
[27742,27767]	[27767,28098]	G
[27767,28098]	[28098,28101]	T
[28098,28101]	[28101,28102]	A
[28101,28102]	[28102,28103]	A
[28102,28103]	[28103,28104]	T
[28103,28104]	[28104,28107]	A
[28104,28107]	[28107,28111]	C
[28107,28111]	[28111,28960]	C
[28111,28960]	[28960,29002]	G
[28960,29002]	[29002,29183]	C
[29002,29183]	[29183,29227]	A
[29183,29227]	[29227,29305]	A
[29227,29305]	[29305,29447]	C
[29305,29447]	[29447,29541]	T
[29447,29541]	[29541,29660]	A
[29541,29660]	[29660,end]	C
>Path_8:0.09818311191816352
[start,60]	[60,61]	T
[60,61]	[61,62]	C
[61,62]	[62,63]	T
[62,63]	[27264,27347]	splice
[27264,27347]	[27347,27355]	A
[27347,27355]	[27355,27362]	C
[27355,27362]	[27362,27742]	A
[27362,27742]	[27742,27767]	G
[27742,27767]	[27767,28098]	G
[27767,28098]	[28098,28101]	T
[28098,28101]	[28101,28102]	A
[28101,28102]	[28102,28103]	A
[28102,28103]	[28103,28104]	T
[28103,28104]	[28104,28107]	A
[28104,28107]	[28107,28111]	C
[28107,28111]	[28111,28960]	C
[28111,28960]	[28960,29002]	G
[28960,29002]	[29002,29183]	C
[29002,29183]	[29183,29227]	A
[29183,29227]	[29227,29305]	A
[29227,29305]	[29305,29447]	C
[29305,29447]	[29447,29541]	T
[29447,29541]	[29541,29660]	A
[29541,29660]	[29660,end]	C
>Path_16:0.04581878556180964
[start,60]	[60,61]	T
[60,61]	[25255,25672]	splice
[25255,25672]	[25672,26108]	C
[25672,26108]	[26108,26130]	T
[26108,26130]	[26130,26155]	T
[26130,26155]	[26155,26342]	A
[26155,26342]	[26342,26350]	G
[26342,26350]	[26350,26369]	G
[26350,26369]	[26369,26797]	T
[26369,26797]	[26797,26912]	G
[26797,26912]	[26912,26915]	C
[26912,26915]	[26915,27236]	G
[26915,27236]	[27236,27262]	G
[27236,27262]	[27262,27263]	A
[27262,27263]	[27263,27264]	T
[27263,27264]	[27264,27347]	A
[27264,27347]	[27347,27355]	A
[27347,27355]	[27355,27362]	C
[27355,27362]	[27362,27742]	A
[27362,27742]	[27742,27767]	G
[27742,27767]	[27767,28098]	G
[27767,28098]	[28098,28101]	T
[28098,28101]	[28101,28102]	A
[28101,28102]	[28102,28103]	A
[28102,28103]	[28103,28104]	T
[28103,28104]	[28104,28107]	A
[28104,28107]	[28107,28111]	C
[28107,28111]	[28111,28960]	C
[28111,28960]	[28960,29002]	G
[28960,29002]	[29002,29183]	C
[29002,29183]	[29183,29227]	A
[29183,29227]	[29227,29305]	A
[29227,29305]	[29305,29447]	C
[29305,29447]	[29447,29541]	T
[29447,29541]	[29541,29660]	A
[29541,29660]	[29660,end]	C
>Path_32:0.02327303393615728
[start,60]	[60,61]	T
[60,61]	[21481,21865]	splice
[21481,21865]	[21865,22560]	T
[21865,22560]	[22560,22713]	A
[22560,22713]	[22713,22792]	T
[22713,22792]	[22792,25255]	G
[22792,25255]	[25255,25672]	C
[25255,25672]	[25672,26108]	C
[25672,26108]	[26108,26130]	T
[26108,26130]	[26130,26155]	T
[26130,26155]	[26155,26342]	A
[26155,26342]	[26342,26350]	G
[26342,26350]	[26350,26369]	G
[26350,26369]	[26369,26797]	T
[26369,26797]	[26797,26912]	G
[26797,26912]	[26912,26915]	C
[26912,26915]	[26915,27236]	G
[26915,27236]	[27236,27262]	G
[27236,27262]	[27262,27263]	A
[27262,27263]	[27263,27264]	T
[27263,27264]	[27264,27347]	A
[27264,27347]	[27347,27355]	A
[27347,27355]	[27355,27362]	C
[27355,27362]	[27362,27742]	A
[27362,27742]	[27742,27767]	G
[27742,27767]	[27767,28098]	G
[27767,28098]	[28098,28101]	T
[28098,28101]	[28101,28102]	A
[28101,28102]	[28102,28103]	A
[28102,28103]	[28103,28104]	T
[28103,28104]	[28104,28107]	A
[28104,28107]	[28107,28111]	C
[28107,28111]	[28111,28960]	C
[28111,28960]	[28960,29002]	G
[28960,29002]	[29002,29183]	C
[29002,29183]	[29183,29227]	A
[29183,29227]	[29227,29305]	A
[29227,29305]	[29305,29447]	C
[29305,29447]	[29447,29541]	T
[29447,29541]	[29541,29660]	A
[29541,29660]	[29660,end]	C
>Path_64:0.02327303393615728
[start,60]	[27767,28098]	splice
[27767,28098]	[28098,28101]	T
[28098,28101]	[28101,28102]	A
[28101,28102]	[28102,28103]	A
[28102,28103]	[28103,28104]	T
[28103,28104]	[28104,28107]	A
[28104,28107]	[28107,28111]	C
[28107,28111]	[28111,28960]	C
[28111,28960]	[28960,29002]	G
[28960,29002]	[29002,29183]	C
[29002,29183]	[29183,29227]	A
[29183,29227]	[29227,29305]	A
[29227,29305]	[29305,29447]	C
[29305,29447]	[29447,29541]	T
[29447,29541]	[29541,29660]	A
[29541,29660]	[29660,end]	C
>Path_128:0.04654606787231456
[start,60]	[60,61]	T
[60,61]	[61,62]	C
[61,62]	[62,63]	T
[62,63]	[63,64]	C
[63,64]	[64,65]	T
[64,65]	[26912,26915]	splice
[26912,26915]	[26915,27236]	G
[26915,27236]	[27236,27262]	G
[27236,27262]	[27262,27263]	A
[27262,27263]	[27263,27264]	T
[27263,27264]	[27264,27347]	A
[27264,27347]	[27347,27355]	A
[27347,27355]	[27355,27362]	C
[27355,27362]	[27362,27742]	A
[27362,27742]	[27742,27767]	G
[27742,27767]	[27767,28098]	G
[27767,28098]	[28098,28101]	T
[28098,28101]	[28101,28102]	A
[28101,28102]	[28102,28103]	A
[28102,28103]	[28103,28104]	T
[28103,28104]	[28104,28107]	A
[28104,28107]	[28107,28111]	C
[28107,28111]	[28111,28960]	C
[28111,28960]	[28960,29002]	G
[28960,29002]	[29002,29183]	C
[29002,29183]	[29183,29227]	A
[29183,29227]	[29227,29305]	A
[29227,29305]	[29305,29447]	C
[29305,29447]	[29447,29541]	T
[29447,29541]	[29541,29660]	A
[29541,29660]	[29660,end]	C
>Path_256:0.01163651696807864
[start,60]	[60,61]	T
[60,61]	[61,62]	C
[61,62]	[62,63]	T
[62,63]	[63,64]	C
[63,64]	[64,65]	T
[64,65]	[26108,26130]	splice
[26108,26130]	[26130,26155]	T
[26130,26155]	[26155,26342]	A
[26155,26342]	[26342,26350]	G
[26342,26350]	[26350,26369]	G
[26350,26369]	[26369,26797]	T
[26369,26797]	[26797,26912]	G
[26797,26912]	[26912,26915]	C
[26912,26915]	[26915,27236]	G
[26915,27236]	[27236,27262]	G
[27236,27262]	[27262,27263]	A
[27262,27263]	[27263,27264]	T
[27263,27264]	[27264,27347]	A
[27264,27347]	[27347,27355]	A
[27347,27355]	[27355,27362]	C
[27355,27362]	[27362,27742]	A
[27362,27742]	[27742,27767]	G
[27742,27767]	[27767,28098]	G
[27767,28098]	[28098,28101]	T
[28098,28101]	[28101,28102]	A
[28101,28102]	[28102,28103]	A
[28102,28103]	[28103,28104]	T
[28103,28104]	[28104,28107]	A
[28104,28107]	[28107,28111]	C
[28107,28111]	[28111,28960]	C
[28111,28960]	[28960,29002]	G
[28960,29002]	[29002,29183]	C
[29002,29183]	[29183,29227]	A
[29183,29227]	[29227,29305]	A
[29227,29305]	[29305,29447]	C
[29305,29447]	[29447,29541]	T
[29447,29541]	[29541,29660]	A
[29541,29660]	[29660,end]	C
>Path_512:0.01163651696807864
[start,60]	[60,61]	T
[60,61]	[61,62]	C
[61,62]	[27262,27263]	splice
[27262,27263]	[27263,27264]	T
[27263,27264]	[27264,27347]	A
[27264,27347]	[27347,27355]	A
[27347,27355]	[27355,27362]	C
[27355,27362]	[27362,27742]	A
[27362,27742]	[27742,27767]	G
[27742,27767]	[27767,28098]	G
[27767,28098]	[28098,28101]	T
[28098,28101]	[28101,28102]	A
[28101,28102]	[28102,28103]	A
[28102,28103]	[28103,28104]	T
[28103,28104]	[28104,28107]	A
[28104,28107]	[28107,28111]	C
[28107,28111]	[28111,28960]	C
[28111,28960]	[28960,29002]	G
[28960,29002]	[29002,29183]	C
[29002,29183]	[29183,29227]	A
[29183,29227]	[29227,29305]	A
[29227,29305]	[29305,29447]	C
[29305,29447]	[29447,29541]	T
[29447,29541]	[29541,29660]	A
[29541,29660]	[29660,end]	C
>Path_1024:0.000727282310504915
[start,60]	[60,61]	T
[60,61]	[61,62]	C
[61,62]	[62,63]	T
[62,63]	[63,64]	C
[63,64]	[64,65]	T
[64,65]	[65,70]	A
[65,70]	[70,829]	A
[70,829]	[829,1908]	A
[829,1908]	[1908,21481]	T
[1908,21481]	[21481,21865]	A
[21481,21865]	[21865,22560]	T
[21865,22560]	[22560,22713]	A
[22560,22713]	[22713,22792]	T
[22713,22792]	[22792,25255]	G
[22792,25255]	[25255,25672]	C
[25255,25672]	[25672,26108]	C
[25672,26108]	[26108,26130]	T
[26108,26130]	[26155,26342]	splice
[26155,26342]	[26342,26350]	G
[26342,26350]	[26350,26369]	G
[26350,26369]	[26369,26797]	T
[26369,26797]	[26797,26912]	G
[26797,26912]	[26912,26915]	C
[26912,26915]	[26915,27236]	G
[26915,27236]	[27236,27262]	G
[27236,27262]	[27262,27263]	A
[27262,27263]	[27263,27264]	T
[27263,27264]	[27264,27347]	A
[27264,27347]	[27347,27355]	A
[27347,27355]	[27355,27362]	C
[27355,27362]	[27362,27742]	A
[27362,27742]	[27742,27767]	G
[27742,27767]	[27767,28098]	G
[27767,28098]	[28098,28101]	T
[28098,28101]	[28101,28102]	A
[28101,28102]	[28102,28103]	A
[28102,28103]	[28103,28104]	T
[28103,28104]	[28104,28107]	A
[28104,28107]	[28107,28111]	C
[28107,28111]	[28111,28960]	C
[28111,28960]	[28960,29002]	G
[28960,29002]	[29002,29183]	C
[29002,29183]	[29183,29227]	A
[29183,29227]	[29227,29305]	A
[29227,29305]	[29305,29447]	C
[29305,29447]	[29447,29541]	T
[29447,29541]	[29541,29660]	A
[29541,29660]	[29660,end]	C
>Path_1040:0.000727282310504915
[start,60]	[60,61]	T
[60,61]	[25255,25672]	splice
[25255,25672]	[25672,26108]	C
[25672,26108]	[26108,26130]	T
[26108,26130]	[26155,26342]	splice
[26155,26342]	[26342,26350]	G
[26342,26350]	[26350,26369]	G
[26350,26369]	[26369,26797]	T
[26369,26797]	[26797,26912]	G
[26797,26912]	[26912,26915]	C
[26912,26915]	[26915,27236]	G
[26915,27236]	[27236,27262]	G
[27236,27262]	[27262,27263]	A
[27262,27263]	[27263,27264]	T
[27263,27264]	[27264,27347]	A
[27264,27347]	[27347,27355]	A
[27347,27355]	[27355,27362]	C
[27355,27362]	[27362,27742]	A
[27362,27742]	[27742,27767]	G
[27742,27767]	[27767,28098]	G
[27767,28098]	[28098,28101]	T
[28098,28101]	[28101,28102]	A
[28101,28102]	[28102,28103]	A
[28102,28103]	[28103,28104]	T
[28103,28104]	[28104,28107]	A
[28104,28107]	[28107,28111]	C
[28107,28111]	[28111,28960]	C
[28111,28960]	[28960,29002]	G
[28960,29002]	[29002,29183]	C
[29002,29183]	[29183,29227]	A
[29183,29227]	[29227,29305]	A
[29227,29305]	[29305,29447]	C
[29305,29447]	[29447,29541]	T
[29447,29541]	[29541,29660]	A
[29541,29660]	[29660,end]	C
>Path_1280:0.000727282310504915
[start,60]	[60,61]	T
[60,61]	[61,62]	C
[61,62]	[62,63]	T
[62,63]	[63,64]	C
[63,64]	[64,65]	T
[64,65]	[26108,26130]	splice
[26108,26130]	[26155,26342]	splice
[26155,26342]	[26342,26350]	G
[26342,26350]	[26350,26369]	G
[26350,26369]	[26369,26797]	T
[26369,26797]	[26797,26912]	G
[26797,26912]	[26912,26915]	C
[26912,26915]	[26915,27236]	G
[26915,27236]	[27236,27262]	G
[27236,27262]	[27262,27263]	A
[27262,27263]	[27263,27264]	T
[27263,27264]	[27264,27347]	A
[27264,27347]	[27347,27355]	A
[27347,27355]	[27355,27362]	C
[27355,27362]	[27362,27742]	A
[27362,27742]	[27742,27767]	G
[27742,27767]	[27767,28098]	G
[27767,28098]	[28098,28101]	T
[28098,28101]	[28101,28102]	A
[28101,28102]	[28102,28103]	A
[28102,28103]	[28103,28104]	T
[28103,28104]	[28104,28107]	A
[28104,28107]	[28107,28111]	C
[28107,28111]	[28111,28960]	C
[28111,28960]	[28960,29002]	G
[28960,29002]	[29002,29183]	C
[29002,29183]	[29183,29227]	A
[29183,29227]	[29227,29305]	A
[29227,29305]	[29305,29447]	C
[29305,29447]	[29447,29541]	T
[29447,29541]	[29541,29660]	A
[29541,29660]	[29660,end]	C
>Path_2048:0.00145456462100983
[start,60]	[60,61]	T
[60,61]	[28101,28102]	splice
[28101,28102]	[28102,28103]	A
[28102,28103]	[28103,28104]	T
[28103,28104]	[28104,28107]	A
[28104,28107]	[28107,28111]	C
[28107,28111]	[28111,28960]	C
[28111,28960]	[28960,29002]	G
[28960,29002]	[29002,29183]	C
[29002,29183]	[29183,29227]	A
[29183,29227]	[29227,29305]	A
[29227,29305]	[29305,29447]	C
[29305,29447]	[29447,29541]	T
[29447,29541]	[29541,29660]	A
[29541,29660]	[29660,end]	C
>Path_8192:0.00290912924201966
[start,60]	[60,61]	T
[60,61]	[61,62]	C
[61,62]	[27263,27264]	splice
[27263,27264]	[27264,27347]	A
[27264,27347]	[27347,27355]	A
[27347,27355]	[27355,27362]	C
[27355,27362]	[27362,27742]	A
[27362,27742]	[27742,27767]	G
[27742,27767]	[27767,28098]	G
[27767,28098]	[28098,28101]	T
[28098,28101]	[28101,28102]	A
[28101,28102]	[28102,28103]	A
[28102,28103]	[28103,28104]	T
[28103,28104]	[28104,28107]	A
[28104,28107]	[28107,28111]	C
[28107,28111]	[28111,28960]	C
[28111,28960]	[28960,29002]	G
[28960,29002]	[29002,29183]	C
[29002,29183]	[29183,29227]	A
[29183,29227]	[29227,29305]	A
[29227,29305]	[29305,29447]	C
[29305,29447]	[29447,29541]	T
[29447,29541]	[29541,29660]	A
[29541,29660]	[29660,end]	C
>Path_16384:0.000727282310504915
[start,60]	[60,61]	T
[60,61]	[61,62]	C
[61,62]	[28098,28101]	splice
[28098,28101]	[28101,28102]	A
[28101,28102]	[28102,28103]	A
[28102,28103]	[28103,28104]	T
[28103,28104]	[28104,28107]	A
[28104,28107]	[28107,28111]	C
[28107,28111]	[28111,28960]	C
[28111,28960]	[28960,29002]	G
[28960,29002]	[29002,29183]	C
[29002,29183]	[29183,29227]	A
[29183,29227]	[29227,29305]	A
[29227,29305]	[29305,29447]	C
[29305,29447]	[29447,29541]	T
[29447,29541]	[29541,29660]	A
[29541,29660]	[29660,end]	C
>Path_32768:0.000727282310504915
[start,60]	[26369,26797]	splice
[26369,26797]	[26797,26912]	G
[26797,26912]	[26912,26915]	C
[26912,26915]	[26915,27236]	G
[26915,27236]	[27236,27262]	G
[27236,27262]	[27262,27263]	A
[27262,27263]	[27263,27264]	T
[27263,27264]	[27264,27347]	A
[27264,27347]	[27347,27355]	A
[27347,27355]	[27355,27362]	C
[27355,27362]	[27362,27742]	A
[27362,27742]	[27742,27767]	G
[27742,27767]	[27767,28098]	G
[27767,28098]	[28098,28101]	T
[28098,28101]	[28101,28102]	A
[28101,28102]	[28102,28103]	A
[28102,28103]	[28103,28104]	T
[28103,28104]	[28104,28107]	A
[28104,28107]	[28107,28111]	C
[28107,28111]	[28111,28960]	C
[28111,28960]	[28960,29002]	G
[28960,29002]	[29002,29183]	C
[29002,29183]	[29183,29227]	A
[29183,29227]	[29227,29305]	A
[29227,29305]	[29305,29447]	C
[29305,29447]	[29447,29541]	T
[29447,29541]	[29541,29660]	A
[29541,29660]	[29660,end]	C
>Path_65536:0.000727282310504915
[start,60]	[60,61]	T
[60,61]	[61,62]	C
[61,62]	[62,63]	T
[62,63]	[63,64]	C
[63,64]	[64,65]	T
[64,65]	[65,70]	A
[65,70]	[28111,28960]	splice
[28111,28960]	[28960,29002]	G
[28960,29002]	[29002,29183]	C
[29002,29183]	[29183,29227]	A
[29183,29227]	[29227,29305]	A
[29227,29305]	[29305,29447]	C
[29305,29447]	[29447,29541]	T
[29447,29541]	[29541,29660]	A
[29541,29660]	[29660,end]	C
>Path_131072:0.000727282310504915
[start,60]	[60,61]	T
[60,61]	[61,62]	C
[61,62]	[62,63]	T
[62,63]	[63,64]	C
[63,64]	[26915,27236]	splice
[26915,27236]	[27236,27262]	G
[27236,27262]	[27262,27263]	A
[27262,27263]	[27263,27264]	T
[27263,27264]	[27264,27347]	A
[27264,27347]	[27347,27355]	A
[27347,27355]	[27355,27362]	C
[27355,27362]	[27362,27742]	A
[27362,27742]	[27742,27767]	G
[27742,27767]	[27767,28098]	G
[27767,28098]	[28098,28101]	T
[28098,28101]	[28101,28102]	A
[28101,28102]	[28102,28103]	A
[28102,28103]	[28103,28104]	T
[28103,28104]	[28104,28107]	A
[28104,28107]	[28107,28111]	C
[28107,28111]	[28111,28960]	C
[28111,28960]	[28960,29002]	G
[28960,29002]	[29002,29183]	C
[29002,29183]	[29183,29227]	A
[29183,29227]	[29227,29305]	A
[29227,29305]	[29305,29447]	C
[29305,29447]	[29447,29541]	T
[29447,29541]	[29541,29660]	A
[29541,29660]	[29660,end]	C
>Path_262144:0.000727282310504915
[start,60]	[60,61]	T
[60,61]	[27362,27742]	splice
[27362,27742]	[27742,27767]	G
[27742,27767]	[27767,28098]	G
[27767,28098]	[28098,28101]	T
[28098,28101]	[28101,28102]	A
[28101,28102]	[28102,28103]	A
[28102,28103]	[28103,28104]	T
[28103,28104]	[28104,28107]	A
[28104,28107]	[28107,28111]	C
[28107,28111]	[28111,28960]	C
[28111,28960]	[28960,29002]	G
[28960,29002]	[29002,29183]	C
[29002,29183]	[29183,29227]	A
[29183,29227]	[29227,29305]	A
[29227,29305]	[29305,29447]	C
[29305,29447]	[29447,29541]	T
[29447,29541]	[29541,29660]	A
[29541,29660]	[29660,end]	C
>Path_1052672:0.000727282310504915
[start,60]	[60,61]	T
[60,61]	[61,62]	C
[61,62]	[62,63]	T
[62,63]	[63,64]	C
[63,64]	[26350,26369]	splice
[26350,26369]	[26369,26797]	T
[26369,26797]	[26797,26912]	G
[26797,26912]	[26912,26915]	C
[26912,26915]	[26915,27236]	G
[26915,27236]	[27236,27262]	G
[27236,27262]	[27262,27263]	A
[27262,27263]	[27263,27264]	T
[27263,27264]	[27264,27347]	A
[27264,27347]	[27347,27355]	A
[27347,27355]	[27355,27362]	C
[27355,27362]	[27362,27742]	A
[27362,27742]	[27742,27767]	G
[27742,27767]	[27767,28098]	G
[27767,28098]	[28098,28101]	T
[28098,28101]	[28101,28102]	A
[28101,28102]	[28102,28103]	A
[28102,28103]	[28103,28104]	T
[28103,28104]	[28104,28107]	A
[28104,28107]	[28107,28111]	C
[28107,28111]	[28111,28960]	C
[28111,28960]	[28960,29002]	G
[28960,29002]	[29002,29183]	C
[29002,29183]	[29183,29227]	A
[29183,29227]	[29227,29305]	A
[29227,29305]	[29305,29447]	C
[29305,29447]	[29447,29541]	T
[29447,29541]	[29660,end]	splice
>Path_4194304:0.00145456462100983
[start,60]	[60,61]	T
[60,61]	[61,62]	C
[61,62]	[62,63]	T
[62,63]	[63,64]	C
[63,64]	[64,65]	T
[64,65]	[25672,26108]	splice
[25672,26108]	[26108,26130]	T
[26108,26130]	[26130,26155]	T
[26130,26155]	[26155,26342]	A
[26155,26342]	[26342,26350]	G
[26342,26350]	[26350,26369]	G
[26350,26369]	[26369,26797]	T
[26369,26797]	[26797,26912]	G
[26797,26912]	[26912,26915]	C
[26912,26915]	[26915,27236]	G
[26915,27236]	[27236,27262]	G
[27236,27262]	[27262,27263]	A
[27262,27263]	[27263,27264]	T
[27263,27264]	[27264,27347]	A
[27264,27347]	[27347,27355]	A
[27347,27355]	[27355,27362]	C
[27355,27362]	[27362,27742]	A
[27362,27742]	[27742,27767]	G
[27742,27767]	[27767,28098]	G
[27767,28098]	[28098,28101]	T
[28098,28101]	[28101,28102]	A
[28101,28102]	[28102,28103]	A
[28102,28103]	[28103,28104]	T
[28103,28104]	[28104,28107]	A
[28104,28107]	[28107,28111]	C
[28107,28111]	[28111,28960]	C
[28111,28960]	[28960,29002]	G
[28960,29002]	[29002,29183]	C
[29002,29183]	[29183,29227]	A
[29183,29227]	[29227,29305]	A
[29227,29305]	[29305,29447]	C
[29305,29447]	[29447,29541]	T
[29447,29541]	[29541,29660]	A
[29541,29660]	[29660,end]	C
>Path_536870912:0.000727282310504915
[start,60]	[60,61]	T
[60,61]	[61,62]	C
[61,62]	[62,63]	T
[62,63]	[26797,26912]	splice
[26797,26912]	[26912,26915]	C
[26912,26915]	[26915,27236]	G
[26915,27236]	[27236,27262]	G
[27236,27262]	[27262,27263]	A
[27262,27263]	[27263,27264]	T
[27263,27264]	[27264,27347]	A
[27264,27347]	[27347,27355]	A
[27347,27355]	[27355,27362]	C
[27355,27362]	[27362,27742]	A
[27362,27742]	[27742,27767]	G
[27742,27767]	[27767,28098]	G
[27767,28098]	[28098,28101]	T
[28098,28101]	[28101,28102]	A
[28101,28102]	[28102,28103]	A
[28102,28103]	[28103,28104]	T
[28103,28104]	[28104,28107]	A
[28104,28107]	[28107,28111]	C
[28107,28111]	[28111,28960]	C
[28111,28960]	[28960,29002]	G
[28960,29002]	[29002,29183]	C
[29002,29183]	[29183,29227]	A
[29183,29227]	[29227,29305]	A
[29227,29305]	[29305,29447]	C
[29305,29447]	[29447,29541]	T
[29447,29541]	[29541,29660]	A
[29541,29660]	[29660,end]	C
>Path_1073741824:0.000727282310504915
[start,60]	[60,61]	T
[60,61]	[61,62]	C
[61,62]	[62,63]	T
[62,63]	[63,64]	C
[63,64]	[64,65]	T
[64,65]	[27236,27262]	splice
[27236,27262]	[27262,27263]	A
[27262,27263]	[27263,27264]	T
[27263,27264]	[27264,27347]	A
[27264,27347]	[27347,27355]	A
[27347,27355]	[27355,27362]	C
[27355,27362]	[27362,27742]	A
[27362,27742]	[27742,27767]	G
[27742,27767]	[27767,28098]	G
[27767,28098]	[28098,28101]	T
[28098,28101]	[28101,28102]	A
[28101,28102]	[28102,28103]	A
[28102,28103]	[28103,28104]	T
[28103,28104]	[28104,28107]	A
[28104,28107]	[28107,28111]	C
[28107,28111]	[28111,28960]	C
[28111,28960]	[28960,29002]	G
[28960,29002]	[29002,29183]	C
[29002,29183]	[29183,29227]	A
[29183,29227]	[29227,29305]	A
[29227,29305]	[29305,29447]	C
[29305,29447]	[29447,29541]	T
[29447,29541]	[29541,29660]	A
[29541,29660]	[29660,end]	C
>Path_2147483648:0.000727282310504915
[start,60]	[60,61]	T
[60,61]	[61,62]	C
[61,62]	[62,63]	T
[62,63]	[63,64]	C
[63,64]	[64,65]	T
[64,65]	[65,70]	A
[65,70]	[27355,27362]	splice
[27355,27362]	[27362,27742]	A
[27362,27742]	[27742,27767]	G
[27742,27767]	[27767,28098]	G
[27767,28098]	[28098,28101]	T
[28098,28101]	[28101,28102]	A
[28101,28102]	[28102,28103]	A
[28102,28103]	[28103,28104]	T
[28103,28104]	[28104,28107]	A
[28104,28107]	[28107,28111]	C
[28107,28111]	[28111,28960]	C
[28111,28960]	[28960,29002]	G
[28960,29002]	[29002,29183]	C
[29002,29183]	[29183,29227]	A
[29183,29227]	[29227,29305]	A
[29227,29305]	[29305,29447]	C
[29305,29447]	[29447,29541]	T
[29447,29541]	[29541,29660]	A
[29541,29660]	[29660,end]	C
