>Path_0:0.022620798715790633
[start,59]	[59,60]	T
[59,60]	[60,61]	T
[60,61]	[61,62]	C
[61,62]	[62,63]	T
[62,63]	[63,64]	C
[63,64]	[64,65]	T
[64,65]	[65,70]	A
[65,70]	[70,71]	A
[70,71]	[71,829]	A
[71,829]	[829,1291]	A
[829,1291]	[1291,21479]	C
[1291,21479]	[21479,21481]	C
[21479,21481]	[21481,22713]	A
[21481,22713]	[22713,22792]	T
[22713,22792]	[22792,25255]	G
[22792,25255]	[25255,25672]	C
[25255,25672]	[25672,26108]	C
[25672,26108]	[26108,26130]	T
[26108,26130]	[26130,26155]	T
[26130,26155]	[26155,26342]	A
[26155,26342]	[26342,26350]	G
[26342,26350]	[26350,26369]	G
[26350,26369]	[26369,26737]	T
[26369,26737]	[26737,26797]	G
[26737,26797]	[26797,26912]	G
[26797,26912]	[26912,26915]	C
[26912,26915]	[26915,27236]	G
[26915,27236]	[27236,27262]	G
[27236,27262]	[27262,27263]	A
[27262,27263]	[27263,27264]	T
[27263,27264]	[27264,27362]	A
[27264,27362]	[27362,27767]	A
[27362,27767]	[27767,27902]	G
[27767,27902]	[27902,28031]	T
[27902,28031]	[28031,28098]	T
[28031,28098]	[28098,28100]	T
[28098,28100]	[28100,28101]	A
[28100,28101]	[28101,28102]	A
[28101,28102]	[28102,28104]	A
[28102,28104]	[28104,28110]	A
[28104,28110]	[28110,28111]	A
[28110,28111]	[28111,28960]	C
[28111,28960]	[28960,29002]	G
[28960,29002]	[29002,29158]	C
[29002,29158]	[29158,29227]	T
[29158,29227]	[29227,29305]	A
[29227,29305]	[29305,29447]	C
[29305,29447]	[29447,29541]	T
[29447,29541]	[29541,29660]	A
[29541,29660]	[29660,end]	C
>Path_2:0.6227434536753627
[start,59]	[59,60]	T
[59,60]	[60,61]	T
[60,61]	[61,62]	C
[61,62]	[28102,28104]	splice
[28102,28104]	[28104,28110]	A
[28104,28110]	[28110,28111]	A
[28110,28111]	[28111,28960]	C
[28111,28960]	[28960,29002]	G
[28960,29002]	[29002,29158]	C
[29002,29158]	[29158,29227]	T
[29158,29227]	[29227,29305]	A
[29227,29305]	[29305,29447]	C
[29305,29447]	[29447,29541]	T
[29447,29541]	[29541,29660]	A
[29541,29660]	[29660,end]	C
>Path_4:0.07734853754431635
[start,59]	[59,60]	T
[59,60]	[26342,26350]	splice
[26342,26350]	[26350,26369]	G
[26350,26369]	[26369,26737]	T
[26369,26737]	[26737,26797]	G
[26737,26797]	[26797,26912]	G
[26797,26912]	[26912,26915]	C
[26912,26915]	[26915,27236]	G
[26915,27236]	[27236,27262]	G
[27236,27262]	[27262,27263]	A
[27262,27263]	[27263,27264]	T
[27263,27264]	[27264,27362]	A
[27264,27362]	[27362,27767]	A
[27362,27767]	[27767,27902]	G
[27767,27902]	[27902,28031]	T
[27902,28031]	[28031,28098]	T
[28031,28098]	[28098,28100]	T
[28098,28100]	[28100,28101]	A
[28100,28101]	[28101,28102]	A
[28101,28102]	[28102,28104]	A
[28102,28104]	[28104,28110]	A
[28104,28110]	[28110,28111]	A
[28110,28111]	[28111,28960]	C
[28111,28960]	[28960,29002]	G
[28960,29002]	[29002,29158]	C
[29002,29158]	[29158,29227]	T
[29158,29227]	[29227,29305]	A
[29227,29305]	[29305,29447]	C
[29305,29447]	[29447,29541]	T
[29447,29541]	[29541,29660]	A
[29541,29660]	[29660,end]	C
>Path_8:0.11018518084143178
[start,59]	[59,60]	T
[59,60]	[60,61]	T
[60,61]	[61,62]	C
[61,62]	[62,63]	T
[62,63]	[27264,27362]	splice
[27264,27362]	[27362,27767]	A
[27362,27767]	[27767,27902]	G
[27767,27902]	[27902,28031]	T
[27902,28031]	[28031,28098]	T
[28031,28098]	[28098,28100]	T
[28098,28100]	[28100,28101]	A
[28100,28101]	[28101,28102]	A
[28101,28102]	[28102,28104]	A
[28102,28104]	[28104,28110]	A
[28104,28110]	[28110,28111]	A
[28110,28111]	[28111,28960]	C
[28111,28960]	[28960,29002]	G
[28960,29002]	[29002,29158]	C
[29002,29158]	[29158,29227]	T
[29158,29227]	[29227,29305]	A
[29227,29305]	[29305,29447]	C
[29305,29447]	[29447,29541]	T
[29447,29541]	[29541,29660]	A
[29541,29660]	[29660,end]	C
>Path_16:0.04597130061596161
[start,59]	[59,60]	T
[59,60]	[60,61]	T
[60,61]	[25255,25672]	splice
[25255,25672]	[25672,26108]	C
[25672,26108]	[26108,26130]	T
[26108,26130]	[26130,26155]	T
[26130,26155]	[26155,26342]	A
[26155,26342]	[26342,26350]	G
[26342,26350]	[26350,26369]	G
[26350,26369]	[26369,26737]	T
[26369,26737]	[26737,26797]	G
[26737,26797]	[26797,26912]	G
[26797,26912]	[26912,26915]	C
[26912,26915]	[26915,27236]	G
[26915,27236]	[27236,27262]	G
[27236,27262]	[27262,27263]	A
[27262,27263]	[27263,27264]	T
[27263,27264]	[27264,27362]	A
[27264,27362]	[27362,27767]	A
[27362,27767]	[27767,27902]	G
[27767,27902]	[27902,28031]	T
[27902,28031]	[28031,28098]	T
[28031,28098]	[28098,28100]	T
[28098,28100]	[28100,28101]	A
[28100,28101]	[28101,28102]	A
[28101,28102]	[28102,28104]	A
[28102,28104]	[28104,28110]	A
[28104,28110]	[28110,28111]	A
[28110,28111]	[28111,28960]	C
[28111,28960]	[28960,29002]	G
[28960,29002]	[29002,29158]	C
[29002,29158]	[29158,29227]	T
[29158,29227]	[29227,29305]	A
[29227,29305]	[29305,29447]	C
[29305,29447]	[29447,29541]	T
[29447,29541]	[29541,29660]	A
[29541,29660]	[29660,end]	C
>Path_32:0.023350501900170975
[start,59]	[59,60]	T
[59,60]	[60,61]	T
[60,61]	[21481,22713]	splice
[21481,22713]	[22713,22792]	T
[22713,22792]	[22792,25255]	G
[22792,25255]	[25255,25672]	C
[25255,25672]	[25672,26108]	C
[25672,26108]	[26108,26130]	T
[26108,26130]	[26130,26155]	T
[26130,26155]	[26155,26342]	A
[26155,26342]	[26342,26350]	G
[26342,26350]	[26350,26369]	G
[26350,26369]	[26369,26737]	T
[26369,26737]	[26737,26797]	G
[26737,26797]	[26797,26912]	G
[26797,26912]	[26912,26915]	C
[26912,26915]	[26915,27236]	G
[26915,27236]	[27236,27262]	G
[27236,27262]	[27262,27263]	A
[27262,27263]	[27263,27264]	T
[27263,27264]	[27264,27362]	A
[27264,27362]	[27362,27767]	A
[27362,27767]	[27767,27902]	G
[27767,27902]	[27902,28031]	T
[27902,28031]	[28031,28098]	T
[28031,28098]	[28098,28100]	T
[28098,28100]	[28100,28101]	A
[28100,28101]	[28101,28102]	A
[28101,28102]	[28102,28104]	A
[28102,28104]	[28104,28110]	A
[28104,28110]	[28110,28111]	A
[28110,28111]	[28111,28960]	C
[28111,28960]	[28960,29002]	G
[28960,29002]	[29002,29158]	C
[29002,29158]	[29158,29227]	T
[29158,29227]	[29227,29305]	A
[29227,29305]	[29305,29447]	C
[29305,29447]	[29447,29541]	T
[29447,29541]	[29541,29660]	A
[29541,29660]	[29660,end]	C
>Path_64:0.04670100380034195
[start,59]	[59,60]	T
[59,60]	[60,61]	T
[60,61]	[61,62]	C
[61,62]	[62,63]	T
[62,63]	[63,64]	C
[63,64]	[64,65]	T
[64,65]	[26912,26915]	splice
[26912,26915]	[26915,27236]	G
[26915,27236]	[27236,27262]	G
[27236,27262]	[27262,27263]	A
[27262,27263]	[27263,27264]	T
[27263,27264]	[27264,27362]	A
[27264,27362]	[27362,27767]	A
[27362,27767]	[27767,27902]	G
[27767,27902]	[27902,28031]	T
[27902,28031]	[28031,28098]	T
[28031,28098]	[28098,28100]	T
[28098,28100]	[28100,28101]	A
[28100,28101]	[28101,28102]	A
[28101,28102]	[28102,28104]	A
[28102,28104]	[28104,28110]	A
[28104,28110]	[28110,28111]	A
[28110,28111]	[28111,28960]	C
[28111,28960]	[28960,29002]	G
[28960,29002]	[29002,29158]	C
[29002,29158]	[29158,29227]	T
[29158,29227]	[29227,29305]	A
[29227,29305]	[29305,29447]	C
[29305,29447]	[29447,29541]	T
[29447,29541]	[29541,29660]	A
[29541,29660]	[29660,end]	C
>Path_128:0.011675250950085488
[start,59]	[59,60]	T
[59,60]	[27767,27902]	splice
[27767,27902]	[27902,28031]	T
[27902,28031]	[28031,28098]	T
[28031,28098]	[28098,28100]	T
[28098,28100]	[28100,28101]	A
[28100,28101]	[28101,28102]	A
[28101,28102]	[28102,28104]	A
[28102,28104]	[28104,28110]	A
[28104,28110]	[28110,28111]	A
[28110,28111]	[28111,28960]	C
[28111,28960]	[28960,29002]	G
[28960,29002]	[29002,29158]	C
[29002,29158]	[29158,29227]	T
[29158,29227]	[29227,29305]	A
[29227,29305]	[29305,29447]	C
[29305,29447]	[29447,29541]	T
[29447,29541]	[29541,29660]	A
[29541,29660]	[29660,end]	C
>Path_256:0.011675250950085488
[start,59]	[59,60]	T
[59,60]	[60,61]	T
[60,61]	[61,62]	C
[61,62]	[62,63]	T
[62,63]	[63,64]	C
[63,64]	[64,65]	T
[64,65]	[26108,26130]	splice
[26108,26130]	[26130,26155]	T
[26130,26155]	[26155,26342]	A
[26155,26342]	[26342,26350]	G
[26342,26350]	[26350,26369]	G
[26350,26369]	[26369,26737]	T
[26369,26737]	[26737,26797]	G
[26737,26797]	[26797,26912]	G
[26797,26912]	[26912,26915]	C
[26912,26915]	[26915,27236]	G
[26915,27236]	[27236,27262]	G
[27236,27262]	[27262,27263]	A
[27262,27263]	[27263,27264]	T
[27263,27264]	[27264,27362]	A
[27264,27362]	[27362,27767]	A
[27362,27767]	[27767,27902]	G
[27767,27902]	[27902,28031]	T
[27902,28031]	[28031,28098]	T
[28031,28098]	[28098,28100]	T
[28098,28100]	[28100,28101]	A
[28100,28101]	[28101,28102]	A
[28101,28102]	[28102,28104]	A
[28102,28104]	[28104,28110]	A
[28104,28110]	[28110,28111]	A
[28110,28111]	[28111,28960]	C
[28111,28960]	[28960,29002]	G
[28960,29002]	[29002,29158]	C
[29002,29158]	[29158,29227]	T
[29158,29227]	[29227,29305]	A
[29227,29305]	[29305,29447]	C
[29305,29447]	[29447,29541]	T
[29447,29541]	[29541,29660]	A
[29541,29660]	[29660,end]	C
>Path_512:0.011675250950085488
[start,59]	[59,60]	T
[59,60]	[60,61]	T
[60,61]	[61,62]	C
[61,62]	[27262,27263]	splice
[27262,27263]	[27263,27264]	T
[27263,27264]	[27264,27362]	A
[27264,27362]	[27362,27767]	A
[27362,27767]	[27767,27902]	G
[27767,27902]	[27902,28031]	T
[27902,28031]	[28031,28098]	T
[28031,28098]	[28098,28100]	T
[28098,28100]	[28100,28101]	A
[28100,28101]	[28101,28102]	A
[28101,28102]	[28102,28104]	A
[28102,28104]	[28104,28110]	A
[28104,28110]	[28110,28111]	A
[28110,28111]	[28111,28960]	C
[28111,28960]	[28960,29002]	G
[28960,29002]	[29002,29158]	C
[29002,29158]	[29158,29227]	T
[29158,29227]	[29227,29305]	A
[29227,29305]	[29305,29447]	C
[29305,29447]	[29447,29541]	T
[29447,29541]	[29541,29660]	A
[29541,29660]	[29660,end]	C
>Path_1024:0.000729703184380343
[start,59]	[59,60]	T
[59,60]	[60,61]	T
[60,61]	[61,62]	C
[61,62]	[62,63]	T
[62,63]	[63,64]	C
[63,64]	[64,65]	T
[64,65]	[65,70]	A
[65,70]	[70,71]	A
[70,71]	[71,829]	A
[71,829]	[829,1291]	A
[829,1291]	[1291,21479]	C
[1291,21479]	[21479,21481]	C
[21479,21481]	[21481,22713]	A
[21481,22713]	[22713,22792]	T
[22713,22792]	[22792,25255]	G
[22792,25255]	[25255,25672]	C
[25255,25672]	[25672,26108]	C
[25672,26108]	[26108,26130]	T
[26108,26130]	[26155,26342]	splice
[26155,26342]	[26342,26350]	G
[26342,26350]	[26350,26369]	G
[26350,26369]	[26369,26737]	T
[26369,26737]	[26737,26797]	G
[26737,26797]	[26797,26912]	G
[26797,26912]	[26912,26915]	C
[26912,26915]	[26915,27236]	G
[26915,27236]	[27236,27262]	G
[27236,27262]	[27262,27263]	A
[27262,27263]	[27263,27264]	T
[27263,27264]	[27264,27362]	A
[27264,27362]	[27362,27767]	A
[27362,27767]	[27767,27902]	G
[27767,27902]	[27902,28031]	T
[27902,28031]	[28031,28098]	T
[28031,28098]	[28098,28100]	T
[28098,28100]	[28100,28101]	A
[28100,28101]	[28101,28102]	A
[28101,28102]	[28102,28104]	A
[28102,28104]	[28104,28110]	A
[28104,28110]	[28110,28111]	A
[28110,28111]	[28111,28960]	C
[28111,28960]	[28960,29002]	G
[28960,29002]	[29002,29158]	C
[29002,29158]	[29158,29227]	T
[29158,29227]	[29227,29305]	A
[29227,29305]	[29305,29447]	C
[29305,29447]	[29447,29541]	T
[29447,29541]	[29541,29660]	A
[29541,29660]	[29660,end]	C
>Path_1040:0.000729703184380343
[start,59]	[59,60]	T
[59,60]	[60,61]	T
[60,61]	[25255,25672]	splice
[25255,25672]	[25672,26108]	C
[25672,26108]	[26108,26130]	T
[26108,26130]	[26155,26342]	splice
[26155,26342]	[26342,26350]	G
[26342,26350]	[26350,26369]	G
[26350,26369]	[26369,26737]	T
[26369,26737]	[26737,26797]	G
[26737,26797]	[26797,26912]	G
[26797,26912]	[26912,26915]	C
[26912,26915]	[26915,27236]	G
[26915,27236]	[27236,27262]	G
[27236,27262]	[27262,27263]	A
[27262,27263]	[27263,27264]	T
[27263,27264]	[27264,27362]	A
[27264,27362]	[27362,27767]	A
[27362,27767]	[27767,27902]	G
[27767,27902]	[27902,28031]	T
[27902,28031]	[28031,28098]	T
[28031,28098]	[28098,28100]	T
[28098,28100]	[28100,28101]	A
[28100,28101]	[28101,28102]	A
[28101,28102]	[28102,28104]	A
[28102,28104]	[28104,28110]	A
[28104,28110]	[28110,28111]	A
[28110,28111]	[28111,28960]	C
[28111,28960]	[28960,29002]	G
[28960,29002]	[29002,29158]	C
[29002,29158]	[29158,29227]	T
[29158,29227]	[29227,29305]	A
[29227,29305]	[29305,29447]	C
[29305,29447]	[29447,29541]	T
[29447,29541]	[29541,29660]	A
[29541,29660]	[29660,end]	C
>Path_1280:0.000729703184380343
[start,59]	[59,60]	T
[59,60]	[60,61]	T
[60,61]	[61,62]	C
[61,62]	[62,63]	T
[62,63]	[63,64]	C
[63,64]	[64,65]	T
[64,65]	[26108,26130]	splice
[26108,26130]	[26155,26342]	splice
[26155,26342]	[26342,26350]	G
[26342,26350]	[26350,26369]	G
[26350,26369]	[26369,26737]	T
[26369,26737]	[26737,26797]	G
[26737,26797]	[26797,26912]	G
[26797,26912]	[26912,26915]	C
[26912,26915]	[26915,27236]	G
[26915,27236]	[27236,27262]	G
[27236,27262]	[27262,27263]	A
[27262,27263]	[27263,27264]	T
[27263,27264]	[27264,27362]	A
[27264,27362]	[27362,27767]	A
[27362,27767]	[27767,27902]	G
[27767,27902]	[27902,28031]	T
[27902,28031]	[28031,28098]	T
[28031,28098]	[28098,28100]	T
[28098,28100]	[28100,28101]	A
[28100,28101]	[28101,28102]	A
[28101,28102]	[28102,28104]	A
[28102,28104]	[28104,28110]	A
[28104,28110]	[28110,28111]	A
[28110,28111]	[28111,28960]	C
[28111,28960]	[28960,29002]	G
[28960,29002]	[29002,29158]	C
[29002,29158]	[29158,29227]	T
[29158,29227]	[29227,29305]	A
[29227,29305]	[29305,29447]	C
[29305,29447]	[29447,29541]	T
[29447,29541]	[29541,29660]	A
[29541,29660]	[29660,end]	C
>Path_2048:0.001459406368760686
[start,59]	[59,60]	T
[59,60]	[60,61]	T
[60,61]	[28101,28102]	splice
[28101,28102]	[28102,28104]	A
[28102,28104]	[28104,28110]	A
[28104,28110]	[28110,28111]	A
[28110,28111]	[28111,28960]	C
[28111,28960]	[28960,29002]	G
[28960,29002]	[29002,29158]	C
[29002,29158]	[29158,29227]	T
[29158,29227]	[29227,29305]	A
[29227,29305]	[29305,29447]	C
[29305,29447]	[29447,29541]	T
[29447,29541]	[29541,29660]	A
[29541,29660]	[29660,end]	C
>Path_4096:0.001459406368760686
[start,59]	[59,60]	T
[59,60]	[60,61]	T
[60,61]	[61,62]	C
[61,62]	[62,63]	T
[62,63]	[63,64]	C
[63,64]	[26350,26369]	splice
[26350,26369]	[26369,26737]	T
[26369,26737]	[26737,26797]	G
[26737,26797]	[26797,26912]	G
[26797,26912]	[26912,26915]	C
[26912,26915]	[26915,27236]	G
[26915,27236]	[27236,27262]	G
[27236,27262]	[27262,27263]	A
[27262,27263]	[27263,27264]	T
[27263,27264]	[27264,27362]	A
[27264,27362]	[27362,27767]	A
[27362,27767]	[27767,27902]	G
[27767,27902]	[27902,28031]	T
[27902,28031]	[28031,28098]	T
[28031,28098]	[28098,28100]	T
[28098,28100]	[28100,28101]	A
[28100,28101]	[28101,28102]	A
[28101,28102]	[28102,28104]	A
[28102,28104]	[28104,28110]	A
[28104,28110]	[28110,28111]	A
[28110,28111]	[28111,28960]	C
[28111,28960]	[28960,29002]	G
[28960,29002]	[29002,29158]	C
[29002,29158]	[29158,29227]	T
[29158,29227]	[29227,29305]	A
[29227,29305]	[29305,29447]	C
[29305,29447]	[29447,29541]	T
[29447,29541]	[29541,29660]	A
[29541,29660]	[29660,end]	C
>Path_8192:0.002918812737521372
[start,59]	[59,60]	T
[59,60]	[60,61]	T
[60,61]	[61,62]	C
[61,62]	[27263,27264]	splice
[27263,27264]	[27264,27362]	A
[27264,27362]	[27362,27767]	A
[27362,27767]	[27767,27902]	G
[27767,27902]	[27902,28031]	T
[27902,28031]	[28031,28098]	T
[28031,28098]	[28098,28100]	T
[28098,28100]	[28100,28101]	A
[28100,28101]	[28101,28102]	A
[28101,28102]	[28102,28104]	A
[28102,28104]	[28104,28110]	A
[28104,28110]	[28110,28111]	A
[28110,28111]	[28111,28960]	C
[28111,28960]	[28960,29002]	G
[28960,29002]	[29002,29158]	C
[29002,29158]	[29158,29227]	T
[29158,29227]	[29227,29305]	A
[29227,29305]	[29305,29447]	C
[29305,29447]	[29447,29541]	T
[29447,29541]	[29541,29660]	A
[29541,29660]	[29660,end]	C
>Path_32768:0.000729703184380343
[start,59]	[59,60]	T
[59,60]	[60,61]	T
[60,61]	[61,62]	C
[61,62]	[62,63]	T
[62,63]	[63,64]	C
[63,64]	[64,65]	T
[64,65]	[65,70]	A
[65,70]	[28111,28960]	splice
[28111,28960]	[28960,29002]	G
[28960,29002]	[29002,29158]	C
[29002,29158]	[29158,29227]	T
[29158,29227]	[29227,29305]	A
[29227,29305]	[29305,29447]	C
[29305,29447]	[29447,29541]	T
[29447,29541]	[29541,29660]	A
[29541,29660]	[29660,end]	C
>Path_65536:0.000729703184380343
[start,59]	[59,60]	T
[59,60]	[26369,26737]	splice
[26369,26737]	[26737,26797]	G
[26737,26797]	[26797,26912]	G
[26797,26912]	[26912,26915]	C
[26912,26915]	[26915,27236]	G
[26915,27236]	[27236,27262]	G
[27236,27262]	[27262,27263]	A
[27262,27263]	[27263,27264]	T
[27263,27264]	[27264,27362]	A
[27264,27362]	[27362,27767]	A
[27362,27767]	[27767,27902]	G
[27767,27902]	[27902,28031]	T
[27902,28031]	[28031,28098]	T
[28031,28098]	[28098,28100]	T
[28098,28100]	[28100,28101]	A
[28100,28101]	[28101,28102]	A
[28101,28102]	[28102,28104]	A
[28102,28104]	[28104,28110]	A
[28104,28110]	[28110,28111]	A
[28110,28111]	[28111,28960]	C
[28111,28960]	[28960,29002]	G
[28960,29002]	[29002,29158]	C
[29002,29158]	[29158,29227]	T
[29158,29227]	[29227,29305]	A
[29227,29305]	[29305,29447]	C
[29305,29447]	[29447,29541]	T
[29447,29541]	[29541,29660]	A
[29541,29660]	[29660,end]	C
>Path_131072:0.000729703184380343
[start,59]	[59,60]	T
[59,60]	[60,61]	T
[60,61]	[27362,27767]	splice
[27362,27767]	[27767,27902]	G
[27767,27902]	[27902,28031]	T
[27902,28031]	[28031,28098]	T
[28031,28098]	[28098,28100]	T
[28098,28100]	[28100,28101]	A
[28100,28101]	[28101,28102]	A
[28101,28102]	[28102,28104]	A
[28102,28104]	[28104,28110]	A
[28104,28110]	[28110,28111]	A
[28110,28111]	[28111,28960]	C
[28111,28960]	[28960,29002]	G
[28960,29002]	[29002,29158]	C
[29002,29158]	[29158,29227]	T
[29158,29227]	[29227,29305]	A
[29227,29305]	[29305,29447]	C
[29305,29447]	[29447,29541]	T
[29447,29541]	[29541,29660]	A
[29541,29660]	[29660,end]	C
>Path_262144:0.000729703184380343
[start,59]	[59,60]	T
[59,60]	[60,61]	T
[60,61]	[61,62]	C
[61,62]	[62,63]	T
[62,63]	[63,64]	C
[63,64]	[26915,27236]	splice
[26915,27236]	[27236,27262]	G
[27236,27262]	[27262,27263]	A
[27262,27263]	[27263,27264]	T
[27263,27264]	[27264,27362]	A
[27264,27362]	[27362,27767]	A
[27362,27767]	[27767,27902]	G
[27767,27902]	[27902,28031]	T
[27902,28031]	[28031,28098]	T
[28031,28098]	[28098,28100]	T
[28098,28100]	[28100,28101]	A
[28100,28101]	[28101,28102]	A
[28101,28102]	[28102,28104]	A
[28102,28104]	[28104,28110]	A
[28104,28110]	[28110,28111]	A
[28110,28111]	[28111,28960]	C
[28111,28960]	[28960,29002]	G
[28960,29002]	[29002,29158]	C
[29002,29158]	[29158,29227]	T
[29158,29227]	[29227,29305]	A
[29227,29305]	[29305,29447]	C
[29305,29447]	[29447,29541]	T
[29447,29541]	[29541,29660]	A
[29541,29660]	[29660,end]	C
>Path_524288:0.000729703184380343
[start,59]	[59,60]	T
[59,60]	[60,61]	T
[60,61]	[61,62]	C
[61,62]	[62,63]	T
[62,63]	[63,64]	C
[63,64]	[29002,29158]	splice
[29002,29158]	[29158,29227]	T
[29158,29227]	[29227,29305]	A
[29227,29305]	[29305,29447]	C
[29305,29447]	[29447,29541]	T
[29447,29541]	[29541,29660]	A
[29541,29660]	[29660,end]	C
>Path_16777216:0.001459406368760686
[start,59]	[59,60]	T
[59,60]	[60,61]	T
[60,61]	[61,62]	C
[61,62]	[62,63]	T
[62,63]	[63,64]	C
[63,64]	[64,65]	T
[64,65]	[25672,26108]	splice
[25672,26108]	[26108,26130]	T
[26108,26130]	[26130,26155]	T
[26130,26155]	[26155,26342]	A
[26155,26342]	[26342,26350]	G
[26342,26350]	[26350,26369]	G
[26350,26369]	[26369,26737]	T
[26369,26737]	[26737,26797]	G
[26737,26797]	[26797,26912]	G
[26797,26912]	[26912,26915]	C
[26912,26915]	[26915,27236]	G
[26915,27236]	[27236,27262]	G
[27236,27262]	[27262,27263]	A
[27262,27263]	[27263,27264]	T
[27263,27264]	[27264,27362]	A
[27264,27362]	[27362,27767]	A
[27362,27767]	[27767,27902]	G
[27767,27902]	[27902,28031]	T
[27902,28031]	[28031,28098]	T
[28031,28098]	[28098,28100]	T
[28098,28100]	[28100,28101]	A
[28100,28101]	[28101,28102]	A
[28101,28102]	[28102,28104]	A
[28102,28104]	[28104,28110]	A
[28104,28110]	[28110,28111]	A
[28110,28111]	[28111,28960]	C
[28111,28960]	[28960,29002]	G
[28960,29002]	[29002,29158]	C
[29002,29158]	[29158,29227]	T
[29158,29227]	[29227,29305]	A
[29227,29305]	[29305,29447]	C
[29305,29447]	[29447,29541]	T
[29447,29541]	[29541,29660]	A
[29541,29660]	[29660,end]	C
>Path_134217728:0.000729703184380343
[start,59]	[59,60]	T
[59,60]	[60,61]	T
[60,61]	[61,62]	C
[61,62]	[62,63]	T
[62,63]	[26797,26912]	splice
[26797,26912]	[26912,26915]	C
[26912,26915]	[26915,27236]	G
[26915,27236]	[27236,27262]	G
[27236,27262]	[27262,27263]	A
[27262,27263]	[27263,27264]	T
[27263,27264]	[27264,27362]	A
[27264,27362]	[27362,27767]	A
[27362,27767]	[27767,27902]	G
[27767,27902]	[27902,28031]	T
[27902,28031]	[28031,28098]	T
[28031,28098]	[28098,28100]	T
[28098,28100]	[28100,28101]	A
[28100,28101]	[28101,28102]	A
[28101,28102]	[28102,28104]	A
[28102,28104]	[28104,28110]	A
[28104,28110]	[28110,28111]	A
[28110,28111]	[28111,28960]	C
[28111,28960]	[28960,29002]	G
[28960,29002]	[29002,29158]	C
[29002,29158]	[29158,29227]	T
[29158,29227]	[29227,29305]	A
[29227,29305]	[29305,29447]	C
[29305,29447]	[29447,29541]	T
[29447,29541]	[29541,29660]	A
[29541,29660]	[29660,end]	C
>Path_2147483648:0.000729703184380343
[start,59]	[59,60]	T
[59,60]	[60,61]	T
[60,61]	[61,62]	C
[61,62]	[62,63]	T
[62,63]	[63,64]	C
[63,64]	[64,65]	T
[64,65]	[27236,27262]	splice
[27236,27262]	[27262,27263]	A
[27262,27263]	[27263,27264]	T
[27263,27264]	[27264,27362]	A
[27264,27362]	[27362,27767]	A
[27362,27767]	[27767,27902]	G
[27767,27902]	[27902,28031]	T
[27902,28031]	[28031,28098]	T
[28031,28098]	[28098,28100]	T
[28098,28100]	[28100,28101]	A
[28100,28101]	[28101,28102]	A
[28101,28102]	[28102,28104]	A
[28102,28104]	[28104,28110]	A
[28104,28110]	[28110,28111]	A
[28110,28111]	[28111,28960]	C
[28111,28960]	[28960,29002]	G
[28960,29002]	[29002,29158]	C
[29002,29158]	[29158,29227]	T
[29158,29227]	[29227,29305]	A
[29227,29305]	[29305,29447]	C
[29305,29447]	[29447,29541]	T
[29447,29541]	[29541,29660]	A
[29541,29660]	[29660,end]	C
>Path_4294983680:0.000729703184380343
[start,59]	[59,60]	T
[59,60]	[60,61]	T
[60,61]	[61,62]	C
[61,62]	[28098,28100]	splice
[28098,28100]	[28100,28101]	A
[28100,28101]	[28101,28102]	A
[28101,28102]	[28102,28104]	A
[28102,28104]	[28104,28110]	A
[28104,28110]	[28110,28111]	A
[28110,28111]	[28111,28960]	C
[28111,28960]	[28960,29002]	G
[28960,29002]	[29002,29158]	C
[29002,29158]	[29158,29227]	T
[29158,29227]	[29227,29305]	A
[29227,29305]	[29305,29447]	C
[29305,29447]	[29447,29541]	T
[29447,29541]	[29660,end]	splice
>Path_17179869184:0.000729703184380343
[start,59]	[59,60]	T
[59,60]	[60,61]	T
[60,61]	[61,62]	C
[61,62]	[62,63]	T
[62,63]	[26737,26797]	splice
[26737,26797]	[26797,26912]	G
[26797,26912]	[26912,26915]	C
[26912,26915]	[26915,27236]	G
[26915,27236]	[27236,27262]	G
[27236,27262]	[27262,27263]	A
[27262,27263]	[27263,27264]	T
[27263,27264]	[27264,27362]	A
[27264,27362]	[27362,27767]	A
[27362,27767]	[27767,27902]	G
[27767,27902]	[27902,28031]	T
[27902,28031]	[28031,28098]	T
[28031,28098]	[28098,28100]	T
[28098,28100]	[28100,28101]	A
[28100,28101]	[28101,28102]	A
[28101,28102]	[28102,28104]	A
[28102,28104]	[28104,28110]	A
[28104,28110]	[28110,28111]	A
[28110,28111]	[28111,28960]	C
[28111,28960]	[28960,29002]	G
[28960,29002]	[29002,29158]	C
[29002,29158]	[29158,29227]	T
[29158,29227]	[29227,29305]	A
[29227,29305]	[29305,29447]	C
[29305,29447]	[29447,29541]	T
[29447,29541]	[29541,29660]	A
[29541,29660]	[29660,end]	C
