[2021-02-06 10:12:21.344] [jointLog] [info] setting maxHashResizeThreads to 4
[2021-02-06 10:12:21.344] [jointLog] [info] Fragment incompatibility prior below threshold.  Incompatible fragments will be ignored.
[2021-02-06 10:12:21.344] [jointLog] [info] Usage of --validateMappings implies use of minScoreFraction. Since not explicitly specified, it is being set to 0.65
[2021-02-06 10:12:21.344] [jointLog] [info] Setting consensusSlack to selective-alignment default of 0.35.
[2021-02-06 10:12:21.344] [jointLog] [info] parsing read library format
[2021-02-06 10:12:21.344] [jointLog] [info] There is 1 library.
[2021-02-06 10:12:21.444] [jointLog] [info] Loading pufferfish index
[2021-02-06 10:12:21.444] [jointLog] [info] Loading dense pufferfish index.
[2021-02-06 10:12:21.445] [jointLog] [info] done
[2021-02-06 10:12:21.445] [jointLog] [info] Index contained 33 targets
[2021-02-06 10:12:21.445] [jointLog] [info] Number of decoys : 0
[2021-02-06 10:12:21.872] [jointLog] [info] Automatically detected most likely library type as IU

[2021-02-06 10:16:06.888] [jointLog] [info] Computed 2,030 rich equivalence classes for further processing
[2021-02-06 10:16:06.888] [jointLog] [info] Counted 18,673,626 total reads in the equivalence classes 
[2021-02-06 10:16:06.893] [jointLog] [info] Number of mappings discarded because of alignment score : 20,735,699
[2021-02-06 10:16:06.893] [jointLog] [info] Number of fragments entirely discarded because of alignment score : 984,451
[2021-02-06 10:16:06.893] [jointLog] [info] Number of fragments discarded because they are best-mapped to decoys : 0
[2021-02-06 10:16:06.893] [jointLog] [info] Number of fragments discarded because they have only dovetail (discordant) mappings to valid targets : 718,012
[2021-02-06 10:16:06.893] [jointLog] [info] Mapping rate = 75.2942%

[2021-02-06 10:16:06.893] [jointLog] [info] finished quantifyLibrary()
[2021-02-06 10:16:06.893] [jointLog] [info] Starting optimizer
[2021-02-06 10:16:06.896] [jointLog] [info] Marked 0 weighted equivalence classes as degenerate
[2021-02-06 10:16:06.897] [jointLog] [info] iteration = 0 | max rel diff. = 2.33442
[2021-02-06 10:16:07.003] [jointLog] [info] iteration = 100 | max rel diff. = 0.0139884
[2021-02-06 10:16:07.035] [jointLog] [info] iteration = 133 | max rel diff. = 0.00987954
[2021-02-06 10:16:07.035] [jointLog] [info] Finished optimizer
[2021-02-06 10:16:07.035] [jointLog] [info] writing output 

[2021-02-06 10:16:06.888] [fileLog] [info] 
At end of round 0
==================
Observed 24800897 total fragments (24800897 in most recent round)

